#
# There is insufficient memory for the Java Runtime Environment to continue.
# Native memory allocation (malloc) failed to allocate 1041936 bytes for Chunk::new
# Possible reasons:
#   The system is out of physical RAM or swap space
#   In 32 bit mode, the process size limit was hit
# Possible solutions:
#   Reduce memory load on the system
#   Increase physical memory or swap space
#   Check if swap backing store is full
#   Use 64 bit Java on a 64 bit OS
#   Decrease Java heap size (-Xmx/-Xms)
#   Decrease number of Java threads
#   Decrease Java thread stack sizes (-Xss)
#   Set larger code cache with -XX:ReservedCodeCacheSize=
# This output file may be truncated or incomplete.
#
#  Out of Memory Error (allocation.cpp:390), pid=3664, tid=0x0000000000000e84
#
# JRE version: Java(TM) SE Runtime Environment (8.0_92-b14) (build 1.8.0_92-b14)
# Java VM: Java HotSpot(TM) 64-Bit Server VM (25.92-b14 mixed mode windows-amd64 compressed oops)
# Failed to write core dump. Minidumps are not enabled by default on client versions of Windows
#

---------------  T H R E A D  ---------------

Current thread (0x000000005527e000):  JavaThread "C2 CompilerThread1" daemon [_thread_in_native, id=3716, stack(0x0000000057020000,0x0000000057120000)]

Stack: [0x0000000057020000,0x0000000057120000]
[error occurred during error reporting (printing stack bounds), id 0xc0000005]

Native frames: (J=compiled Java code, j=interpreted, Vv=VM code, C=native code)


Current CompileTask:
C2:4037458 15982       4       org.gradle.api.internal.changedetection.state.CachingFileSnapshotter::snapshot (100 bytes)


---------------  P R O C E S S  ---------------

Java Threads: ( => current thread )
  0x000000005d842000 JavaThread "Forward streams with process: command 'C:\Program Files\Java\jdk1.8.0_92\bin\java.exe' Thread 3" [_thread_in_native, id=7296, stack(0x0000000062970000,0x0000000062a70000)]
  0x000000005d841000 JavaThread "Forward streams with process: command 'C:\Program Files\Java\jdk1.8.0_92\bin\java.exe' Thread 2" [_thread_in_native, id=7292, stack(0x0000000062740000,0x0000000062840000)]
  0x000000005d840800 JavaThread "Forward streams with process: command 'C:\Program Files\Java\jdk1.8.0_92\bin\java.exe'" [_thread_blocked, id=7288, stack(0x0000000061ce0000,0x0000000061de0000)]
  0x000000005a607000 JavaThread "Forward streams with process: command 'C:\Program Files\Java\jdk1.8.0_92\bin\java.exe' Thread 3" [_thread_in_native, id=7280, stack(0x0000000062320000,0x0000000062420000)]
  0x000000005a606800 JavaThread "Forward streams with process: command 'C:\Program Files\Java\jdk1.8.0_92\bin\java.exe' Thread 2" [_thread_in_native, id=7268, stack(0x00000000620f0000,0x00000000621f0000)]
  0x000000005a605800 JavaThread "Forward streams with process: command 'C:\Program Files\Java\jdk1.8.0_92\bin\java.exe'" [_thread_blocked, id=7264, stack(0x0000000061900000,0x0000000061a00000)]
  0x000000005a604000 JavaThread "Forward streams with process: command 'C:\Program Files\Java\jdk1.8.0_92\bin\java.exe' Thread 3" [_thread_in_native, id=7256, stack(0x0000000061de0000,0x0000000061ee0000)]
  0x000000005a603800 JavaThread "Forward streams with process: command 'C:\Program Files\Java\jdk1.8.0_92\bin\java.exe' Thread 2" [_thread_in_native, id=7244, stack(0x0000000061bb0000,0x0000000061cb0000)]
  0x000000005a602800 JavaThread "Forward streams with process: command 'C:\Program Files\Java\jdk1.8.0_92\bin\java.exe'" [_thread_blocked, id=7240, stack(0x0000000061a40000,0x0000000061b40000)]
  0x000000005a601000 JavaThread "Run command 'C:\Program Files\Java\jdk1.8.0_92\bin\java.exe'" [_thread_in_native, id=7224, stack(0x00000000617a0000,0x00000000618a0000)]
  0x000000005a1cb000 JavaThread "Run command 'C:\Program Files\Java\jdk1.8.0_92\bin\java.exe'" [_thread_in_native, id=7220, stack(0x0000000061660000,0x0000000061760000)]
  0x000000005a1c9000 JavaThread "Run command 'C:\Program Files\Java\jdk1.8.0_92\bin\java.exe'" [_thread_in_native, id=7216, stack(0x00000000614e0000,0x00000000615e0000)]
  0x000000005a1c5800 JavaThread "pool-9-thread-4" [_thread_blocked, id=7212, stack(0x0000000060410000,0x0000000060510000)]
  0x000000005a1ca800 JavaThread "pool-9-thread-3" [_thread_blocked, id=7208, stack(0x000000005ff30000,0x0000000060030000)]
  0x000000005a1c7000 JavaThread "pool-9-thread-2" [_thread_blocked, id=5404, stack(0x0000000061360000,0x0000000061460000)]
  0x000000005a1cc000 JavaThread "pool-9-thread-1" [_thread_blocked, id=6792, stack(0x0000000060310000,0x0000000060410000)]
  0x000000005a1c4000 JavaThread "Stdin handler" [_thread_blocked, id=6832, stack(0x000000005d6f0000,0x000000005d7f0000)]
  0x000000005a1c3800 JavaThread "Daemon worker Thread 8" [_thread_blocked, id=6812, stack(0x0000000057290000,0x0000000057390000)]
  0x000000005a1c2800 JavaThread "Cancel handler" [_thread_blocked, id=6232, stack(0x000000005fe10000,0x000000005ff10000)]
  0x000000005a1c2000 JavaThread "Handler for socket connection from /127.0.0.1:49394 to /127.0.0.1:49849" [_thread_in_native, id=6932, stack(0x000000005d1c0000,0x000000005d2c0000)]
  0x000000005a1c1000 JavaThread "Daemon Thread 8" [_thread_blocked, id=4368, stack(0x00000000592c0000,0x00000000593c0000)]
  0x000000005a1c9800 JavaThread "pool-2-thread-4" [_thread_blocked, id=4716, stack(0x0000000060e30000,0x0000000060f30000)]
  0x000000005a1cd800 JavaThread "pool-2-thread-3" [_thread_blocked, id=4712, stack(0x00000000594c0000,0x00000000595c0000)]
  0x000000005a1cf000 JavaThread "pool-2-thread-1" [_thread_blocked, id=4708, stack(0x0000000060ba0000,0x0000000060ca0000)]
  0x000000005a1cc800 JavaThread "pool-2-thread-2" [_thread_blocked, id=4704, stack(0x0000000060d00000,0x0000000060e00000)]
  0x0000000059d69800 JavaThread "File lock request listener" [_thread_in_native, id=3744, stack(0x000000005ac70000,0x000000005ad70000)]
  0x000000005810f000 JavaThread "Incoming local TCP Connector on port 49394" [_thread_in_native, id=3548, stack(0x0000000058f00000,0x0000000059000000)]
  0x00000000566cb000 JavaThread "Service Thread" daemon [_thread_blocked, id=3728, stack(0x0000000057130000,0x0000000057230000)]
  0x000000005527f000 JavaThread "C1 CompilerThread2" daemon [_thread_blocked, id=3604, stack(0x0000000056f20000,0x0000000057020000)]
=>0x000000005527e000 JavaThread "C2 CompilerThread1" daemon [_thread_in_native, id=3716, stack(0x0000000057020000,0x0000000057120000)]
  0x000000005663d000 JavaThread "C2 CompilerThread0" daemon [_thread_blocked, id=1704, stack(0x0000000056d90000,0x0000000056e90000)]
  0x000000005663b800 JavaThread "Attach Listener" daemon [_thread_blocked, id=3712, stack(0x0000000056ac0000,0x0000000056bc0000)]
  0x000000005527a000 JavaThread "Signal Dispatcher" daemon [_thread_blocked, id=1440, stack(0x0000000056bc0000,0x0000000056cc0000)]
  0x000000005525a000 JavaThread "Finalizer" daemon [_thread_blocked, id=3708, stack(0x00000000563b0000,0x00000000564b0000)]
  0x0000000055212800 JavaThread "Reference Handler" daemon [_thread_blocked, id=3704, stack(0x0000000056530000,0x0000000056630000)]
  0x00000000026fe800 JavaThread "main" [_thread_blocked, id=3684, stack(0x00000000029b0000,0x0000000002ab0000)]

Other Threads:
  0x000000005520b000 VMThread [stack: 0x00000000562b0000,0x00000000563b0000] [id=3700]
  0x00000000566f5000 WatcherThread [stack: 0x0000000057400000,0x0000000057500000] [id=2640]

VM state:not at safepoint (normal execution)

VM Mutex/Monitor currently owned by a thread: None

Heap:
 PSYoungGen      total 328192K, used 186022K [0x00000000eab00000, 0x0000000100000000, 0x0000000100000000)
  eden space 307200K, 60% used [0x00000000eab00000,0x00000000f60a98b8,0x00000000fd700000)
  from space 20992K, 0% used [0x00000000feb80000,0x00000000feb80000,0x0000000100000000)
  to   space 20992K, 0% used [0x00000000fd700000,0x00000000fd700000,0x00000000feb80000)
 ParOldGen       total 114176K, used 36798K [0x00000000c0000000, 0x00000000c6f80000, 0x00000000eab00000)
  object space 114176K, 32% used [0x00000000c0000000,0x00000000c23ef8d8,0x00000000c6f80000)
 Metaspace       used 63568K, capacity 65286K, committed 67200K, reserved 1107968K
  class space    used 8168K, capacity 8470K, committed 9088K, reserved 1048576K

Card table byte_map: [0x0000000011e70000,0x0000000012080000] byte_map_base: 0x0000000011870000

Marking Bits: (ParMarkBitMap*) 0x000000006f6664f0
 Begin Bits: [0x0000000012680000, 0x0000000013680000)
 End Bits:   [0x0000000013680000, 0x0000000014680000)

Polling page: 0x0000000000160000

CodeCache: size=245760Kb used=42977Kb max_used=42993Kb free=202782Kb
 bounds [0x0000000002ab0000, 0x00000000054f0000, 0x0000000011ab0000]
 total_blobs=13007 nmethods=12248 adapters=669
 compilation: enabled

Compilation events (10 events):
Event: 4035.961 Thread 0x000000005527f000 nmethod 15981 0x00000000054d8210 code [0x00000000054d8360, 0x00000000054d84b0]
Event: 4035.968 Thread 0x000000005527e000 15982       4       org.gradle.api.internal.changedetection.state.CachingFileSnapshotter::snapshot (100 bytes)
Event: 4035.998 Thread 0x000000005663d000 15983   !   4       java.nio.CharBuffer::wrap (20 bytes)
Event: 4036.000 Thread 0x000000005663d000 nmethod 15983 0x00000000054d5210 code [0x00000000054d5360, 0x00000000054d5598]
Event: 4036.001 Thread 0x000000005527f000 15984       3       com.android.utils.FileUtils::deleteFolder (77 bytes)
Event: 4036.003 Thread 0x000000005527f000 nmethod 15984 0x00000000054dd310 code [0x00000000054dd620, 0x00000000054dedf8]
Event: 4036.007 Thread 0x000000005663d000 15985       4       java.lang.ProcessEnvironment$EntryComparator::compare (13 bytes)
Event: 4036.014 Thread 0x000000005527f000 15986       3       java.util.concurrent.SynchronousQueue$TransferStack::awaitFulfill (166 bytes)
Event: 4036.016 Thread 0x000000005527f000 nmethod 15986 0x00000000054dfd90 code [0x00000000054e0000, 0x00000000054e14a8]
Event: 4036.018 Thread 0x000000005663d000 nmethod 15985 0x00000000054e4f10 code [0x00000000054e50a0, 0x00000000054e57d8]

GC Heap History (10 events):
Event: 3162.886 GC heap before
{Heap before GC invocations=30 (full 8):
 PSYoungGen      total 329216K, used 306473K [0x00000000eab00000, 0x0000000100000000, 0x0000000100000000)
  eden space 309248K, 99% used [0x00000000eab00000,0x00000000fd64a5f0,0x00000000fd900000)
  from space 19968K, 0% used [0x00000000fd900000,0x00000000fd900000,0x00000000fec80000)
  to   space 19968K, 0% used [0x00000000fec80000,0x00000000fec80000,0x0000000100000000)
 ParOldGen       total 114176K, used 38025K [0x00000000c0000000, 0x00000000c6f80000, 0x00000000eab00000)
  object space 114176K, 33% used [0x00000000c0000000,0x00000000c2522468,0x00000000c6f80000)
 Metaspace       used 63376K, capacity 65332K, committed 66944K, reserved 1107968K
  class space    used 8194K, capacity 8527K, committed 9088K, reserved 1048576K
Event: 3162.903 GC heap after
Heap after GC invocations=30 (full 8):
 PSYoungGen      total 329728K, used 3359K [0x00000000eab00000, 0x0000000100000000, 0x0000000100000000)
  eden space 309760K, 0% used [0x00000000eab00000,0x00000000eab00000,0x00000000fd980000)
  from space 19968K, 16% used [0x00000000fec80000,0x00000000fefc7f38,0x0000000100000000)
  to   space 19456K, 0% used [0x00000000fd980000,0x00000000fd980000,0x00000000fec80000)
 ParOldGen       total 114176K, used 38033K [0x00000000c0000000, 0x00000000c6f80000, 0x00000000eab00000)
  object space 114176K, 33% used [0x00000000c0000000,0x00000000c2524468,0x00000000c6f80000)
 Metaspace       used 63376K, capacity 65332K, committed 66944K, reserved 1107968K
  class space    used 8194K, capacity 8527K, committed 9088K, reserved 1048576K
}
Event: 3162.903 GC heap before
{Heap before GC invocations=31 (full 9):
 PSYoungGen      total 329728K, used 3359K [0x00000000eab00000, 0x0000000100000000, 0x0000000100000000)
  eden space 309760K, 0% used [0x00000000eab00000,0x00000000eab00000,0x00000000fd980000)
  from space 19968K, 16% used [0x00000000fec80000,0x00000000fefc7f38,0x0000000100000000)
  to   space 19456K, 0% used [0x00000000fd980000,0x00000000fd980000,0x00000000fec80000)
 ParOldGen       total 114176K, used 38033K [0x00000000c0000000, 0x00000000c6f80000, 0x00000000eab00000)
  object space 114176K, 33% used [0x00000000c0000000,0x00000000c2524468,0x00000000c6f80000)
 Metaspace       used 63376K, capacity 65332K, committed 66944K, reserved 1107968K
  class space    used 8194K, capacity 8527K, committed 9088K, reserved 1048576K
Event: 3163.177 GC heap after
Heap after GC invocations=31 (full 9):
 PSYoungGen      total 329728K, used 0K [0x00000000eab00000, 0x0000000100000000, 0x0000000100000000)
  eden space 309760K, 0% used [0x00000000eab00000,0x00000000eab00000,0x00000000fd980000)
  from space 19968K, 0% used [0x00000000fec80000,0x00000000fec80000,0x0000000100000000)
  to   space 19456K, 0% used [0x00000000fd980000,0x00000000fd980000,0x00000000fec80000)
 ParOldGen       total 114176K, used 28372K [0x00000000c0000000, 0x00000000c6f80000, 0x00000000eab00000)
  object space 114176K, 24% used [0x00000000c0000000,0x00000000c1bb51a0,0x00000000c6f80000)
 Metaspace       used 62646K, capacity 63820K, committed 66944K, reserved 1107968K
  class space    used 8011K, capacity 8185K, committed 9088K, reserved 1048576K
}
Event: 3517.148 GC heap before
{Heap before GC invocations=32 (full 9):
 PSYoungGen      total 329728K, used 309760K [0x00000000eab00000, 0x0000000100000000, 0x0000000100000000)
  eden space 309760K, 100% used [0x00000000eab00000,0x00000000fd980000,0x00000000fd980000)
  from space 19968K, 0% used [0x00000000fec80000,0x00000000fec80000,0x0000000100000000)
  to   space 19456K, 0% used [0x00000000fd980000,0x00000000fd980000,0x00000000fec80000)
 ParOldGen       total 114176K, used 28372K [0x00000000c0000000, 0x00000000c6f80000, 0x00000000eab00000)
  object space 114176K, 24% used [0x00000000c0000000,0x00000000c1bb51a0,0x00000000c6f80000)
 Metaspace       used 63228K, capacity 64744K, committed 66944K, reserved 1107968K
  class space    used 8124K, capacity 8355K, committed 9088K, reserved 1048576K
Event: 3517.170 GC heap after
Heap after GC invocations=32 (full 9):
 PSYoungGen      total 325120K, used 14939K [0x00000000eab00000, 0x0000000100000000, 0x0000000100000000)
  eden space 309760K, 0% used [0x00000000eab00000,0x00000000eab00000,0x00000000fd980000)
  from space 15360K, 97% used [0x00000000fd980000,0x00000000fe816cc0,0x00000000fe880000)
  to   space 20992K, 0% used [0x00000000feb80000,0x00000000feb80000,0x0000000100000000)
 ParOldGen       total 114176K, used 28380K [0x00000000c0000000, 0x00000000c6f80000, 0x00000000eab00000)
  object space 114176K, 24% used [0x00000000c0000000,0x00000000c1bb71a0,0x00000000c6f80000)
 Metaspace       used 63228K, capacity 64744K, committed 66944K, reserved 1107968K
  class space    used 8124K, capacity 8355K, committed 9088K, reserved 1048576K
}
Event: 3517.174 GC heap before
{Heap before GC invocations=33 (full 9):
 PSYoungGen      total 325120K, used 18765K [0x00000000eab00000, 0x0000000100000000, 0x0000000100000000)
  eden space 309760K, 1% used [0x00000000eab00000,0x00000000eaebc8e8,0x00000000fd980000)
  from space 15360K, 97% used [0x00000000fd980000,0x00000000fe816cc0,0x00000000fe880000)
  to   space 20992K, 0% used [0x00000000feb80000,0x00000000feb80000,0x0000000100000000)
 ParOldGen       total 114176K, used 28380K [0x00000000c0000000, 0x00000000c6f80000, 0x00000000eab00000)
  object space 114176K, 24% used [0x00000000c0000000,0x00000000c1bb71a0,0x00000000c6f80000)
 Metaspace       used 63228K, capacity 64744K, committed 66944K, reserved 1107968K
  class space    used 8124K, capacity 8355K, committed 9088K, reserved 1048576K
Event: 3517.191 GC heap after
Heap after GC invocations=33 (full 9):
 PSYoungGen      total 328192K, used 10912K [0x00000000eab00000, 0x0000000100000000, 0x0000000100000000)
  eden space 307200K, 0% used [0x00000000eab00000,0x00000000eab00000,0x00000000fd700000)
  from space 20992K, 51% used [0x00000000feb80000,0x00000000ff628020,0x0000000100000000)
  to   space 20992K, 0% used [0x00000000fd700000,0x00000000fd700000,0x00000000feb80000)
 ParOldGen       total 114176K, used 28380K [0x00000000c0000000, 0x00000000c6f80000, 0x00000000eab00000)
  object space 114176K, 24% used [0x00000000c0000000,0x00000000c1bb71a0,0x00000000c6f80000)
 Metaspace       used 63228K, capacity 64744K, committed 66944K, reserved 1107968K
  class space    used 8124K, capacity 8355K, committed 9088K, reserved 1048576K
}
Event: 3517.191 GC heap before
{Heap before GC invocations=34 (full 10):
 PSYoungGen      total 328192K, used 10912K [0x00000000eab00000, 0x0000000100000000, 0x0000000100000000)
  eden space 307200K, 0% used [0x00000000eab00000,0x00000000eab00000,0x00000000fd700000)
  from space 20992K, 51% used [0x00000000feb80000,0x00000000ff628020,0x0000000100000000)
  to   space 20992K, 0% used [0x00000000fd700000,0x00000000fd700000,0x00000000feb80000)
 ParOldGen       total 114176K, used 28380K [0x00000000c0000000, 0x00000000c6f80000, 0x00000000eab00000)
  object space 114176K, 24% used [0x00000000c0000000,0x00000000c1bb71a0,0x00000000c6f80000)
 Metaspace       used 63228K, capacity 64744K, committed 66944K, reserved 1107968K
  class space    used 8124K, capacity 8355K, committed 9088K, reserved 1048576K
Event: 3517.432 GC heap after
Heap after GC invocations=34 (full 10):
 PSYoungGen      total 328192K, used 0K [0x00000000eab00000, 0x0000000100000000, 0x0000000100000000)
  eden space 307200K, 0% used [0x00000000eab00000,0x00000000eab00000,0x00000000fd700000)
  from space 20992K, 0% used [0x00000000feb80000,0x00000000feb80000,0x0000000100000000)
  to   space 20992K, 0% used [0x00000000fd700000,0x00000000fd700000,0x00000000feb80000)
 ParOldGen       total 114176K, used 36798K [0x00000000c0000000, 0x00000000c6f80000, 0x00000000eab00000)
  object space 114176K, 32% used [0x00000000c0000000,0x00000000c23ef8d8,0x00000000c6f80000)
 Metaspace       used 63202K, capacity 64656K, committed 66944K, reserved 1107968K
  class space    used 8116K, capacity 8347K, committed 9088K, reserved 1048576K
}

Deoptimization events (10 events):
Event: 3163.184 Thread 0x000000005a1c1000 Uncommon trap: reason=null_check action=make_not_entrant pc=0x0000000003e469dc method=sun.util.locale.provider.LocaleResources.getDecimalFormatSymbolsData()[Ljava/lang/Object; @ 15
Event: 3163.185 Thread 0x000000005a1c1000 Uncommon trap: reason=class_check action=maybe_recompile pc=0x0000000002c6dad8 method=java.lang.String.equals(Ljava/lang/Object;)Z @ 8
Event: 3163.194 Thread 0x000000005a1c1000 Uncommon trap: reason=unstable_if action=reinterpret pc=0x000000000518208c method=java.lang.Class.arrayContentsEq([Ljava/lang/Object;[Ljava/lang/Object;)Z @ 10
Event: 4034.589 Thread 0x000000005a1c3800 Uncommon trap: reason=class_check action=maybe_recompile pc=0x0000000003199940 method=com.sun.org.apache.xerces.internal.impl.dtd.XMLDTDValidator.comment(Lcom/sun/org/apache/xerces/internal/xni/XMLString;Lcom/sun/org/apache/xerces/internal/xni/Augmentationz®ı‹0ÖØ@
Event: 4034.595 Thread 0x000000005a1c3800 Uncommon trap: reason=class_check action=maybe_recompile pc=0x0000000003199940 method=com.sun.org.apache.xerces.internal.impl.dtd.XMLDTDValidator.comment(Lcom/sun/org/apache/xerces/internal/xni/XMLString;Lcom/sun/org/apache/xerces/internal/xni/Augmentation`Û“¥1ÖØ@
Event: 4034.597 Thread 0x000000005a1c3800 Uncommon trap: reason=class_check action=maybe_recompile pc=0x0000000003199940 method=com.sun.org.apache.xerces.internal.impl.dtd.XMLDTDValidator.comment(Lcom/sun/org/apache/xerces/internal/xni/XMLString;Lcom/sun/org/apache/xerces/internal/xni/Augmentation
Event: 4034.600 Thread 0x000000005a1c3800 Uncommon trap: reason=class_check action=maybe_recompile pc=0x0000000003199940 method=com.sun.org.apache.xerces.internal.impl.dtd.XMLDTDValidator.comment(Lcom/sun/org/apache/xerces/internal/xni/XMLString;Lcom/sun/org/apache/xerces/internal/xni/Augmentationﬁµiê4ÖØ@
Event: 4034.603 Thread 0x000000005a1c3800 Uncommon trap: reason=null_check action=make_not_entrant pc=0x000000000517ecd8 method=com.sun.org.apache.xerces.internal.dom.NamedNodeMapImpl.findNamePoint(Ljava/lang/String;Ljava/lang/String;)I @ 105
Event: 4034.603 Thread 0x000000005a1c3800 Uncommon trap: reason=null_check action=make_not_entrant pc=0x000000000517bb6c method=com.sun.org.apache.xerces.internal.dom.NamedNodeMapImpl.findNamePoint(Ljava/lang/String;Ljava/lang/String;)I @ 105
Event: 4035.712 Thread 0x000000005a1c3800 Uncommon trap: reason=bimorphic action=maybe_recompile pc=0x0000000004347f20 method=com.sun.org.apache.xerces.internal.dom.ElementImpl.getAttributes()Lorg/w3c/dom/NamedNodeMap; @ 8

Internal exceptions (10 events):
Event: 3511.940 Thread 0x000000005a1c2000 Exception <a 'java/lang/NoSuchMethodError': <clinit>> (0x00000000eb2e89e0) thrown at [D:\re\workspace\8-2-build-windows-amd64-cygwin\jdk8u92\6642\hotspot\src\share\vm\prims\jni.cpp, line 1613]
Event: 3512.008 Thread 0x000000005a1c2000 Exception <a 'java/lang/ClassNotFoundException': asLocalRepo8_7k5zmhcka2gzzbxgg63ozmbqgBeanInfo> (0x00000000ebfd5a90) thrown at [D:\re\workspace\8-2-build-windows-amd64-cygwin\jdk8u92\6642\hotspot\src\share\vm\classfile\systemDictionary.cpp, line 210]
Event: 3512.008 Thread 0x000000005a1c2000 Exception <a 'java/lang/ClassNotFoundException': asLocalRepo8_7k5zmhcka2gzzbxgg63ozmbqgCustomizer> (0x00000000ebfdef70) thrown at [D:\re\workspace\8-2-build-windows-amd64-cygwin\jdk8u92\6642\hotspot\src\share\vm\classfile\systemDictionary.cpp, line 210]
Event: 3513.261 Thread 0x000000005a1c2000 Exception <a 'java/lang/SecurityException'> (0x00000000fa373740) thrown at [D:\re\workspace\8-2-build-windows-amd64-cygwin\jdk8u92\6642\hotspot\src\share\vm\prims\jvm.cpp, line 1390]
Event: 3513.853 Thread 0x000000005a1c2000 Exception <a 'java/lang/NoSuchMethodError': <clinit>> (0x00000000fc9eacb0) thrown at [D:\re\workspace\8-2-build-windows-amd64-cygwin\jdk8u92\6642\hotspot\src\share\vm\prims\jni.cpp, line 1613]
Event: 3517.143 Thread 0x000000005a1c2000 Exception <a 'java/io/FileNotFoundException'> (0x00000000fd94d6e0) thrown at [D:\re\workspace\8-2-build-windows-amd64-cygwin\jdk8u92\6642\hotspot\src\share\vm\prims\jni.cpp, line 709]
Event: 4033.499 Thread 0x000000005a1c3800 Exception <a 'java/lang/ClassNotFoundException': asLocalRepo9_56kglno8l6lpe54usq5z4x8pBeanInfo> (0x00000000ebe68a98) thrown at [D:\re\workspace\8-2-build-windows-amd64-cygwin\jdk8u92\6642\hotspot\src\share\vm\classfile\systemDictionary.cpp, line 210]
Event: 4033.499 Thread 0x000000005a1c3800 Exception <a 'java/lang/ClassNotFoundException': asLocalRepo9_56kglno8l6lpe54usq5z4x8pCustomizer> (0x00000000ebe71da0) thrown at [D:\re\workspace\8-2-build-windows-amd64-cygwin\jdk8u92\6642\hotspot\src\share\vm\classfile\systemDictionary.cpp, line 210]
Event: 4034.603 Thread 0x000000005a1c3800 Implicit null exception at 0x000000000517e930 to 0x000000000517ecbf
Event: 4034.603 Thread 0x000000005a1c3800 Implicit null exception at 0x000000000517b80c to 0x000000000517bb57

Events (10 events):
Event: 4036.010 Thread 0x000000005a606800 Thread added: 0x000000005a606800
Event: 4036.010 Thread 0x000000005a607000 Thread added: 0x000000005a607000
Event: 4036.011 Thread 0x000000005a608000 Thread added: 0x000000005a608000
Event: 4036.011 Thread 0x000000005d840800 Thread added: 0x000000005d840800
Event: 4036.011 Thread 0x000000005d841000 Thread added: 0x000000005d841000
Event: 4036.011 Thread 0x000000005d842000 Thread added: 0x000000005d842000
Event: 4036.013 Thread 0x000000005a602000 Thread exited: 0x000000005a602000
Event: 4036.013 Thread 0x000000005a605000 Thread exited: 0x000000005a605000
Event: 4036.014 Thread 0x000000005a608000 Thread exited: 0x000000005a608000
Event: 4036.018 Thread 0x000000005663d000 flushing nmethod 0x0000000002f44950


Dynamic libraries:
0x000000013f140000 - 0x000000013f177000 	C:\Program Files\Java\jdk1.8.0_92\bin\java.exe
0x0000000077310000 - 0x00000000774ba000 	C:\windows\SYSTEM32\ntdll.dll
0x00000000771f0000 - 0x000000007730f000 	C:\windows\system32\kernel32.dll
0x000007fefd0d0000 - 0x000007fefd13b000 	C:\windows\system32\KERNELBASE.dll
0x000007feff250000 - 0x000007feff32b000 	C:\windows\system32\ADVAPI32.dll
0x000007fefe5f0000 - 0x000007fefe68f000 	C:\windows\system32\msvcrt.dll
0x000007fefe310000 - 0x000007fefe32f000 	C:\windows\SYSTEM32\sechost.dll
0x000007feff3b0000 - 0x000007feff4dd000 	C:\windows\system32\RPCRT4.dll
0x0000000076fb0000 - 0x00000000770aa000 	C:\windows\system32\USER32.dll
0x000007feff0d0000 - 0x000007feff137000 	C:\windows\system32\GDI32.dll
0x000007fefe330000 - 0x000007fefe33e000 	C:\windows\system32\LPK.dll
0x000007fefedf0000 - 0x000007fefeeba000 	C:\windows\system32\USP10.dll
0x000007fefb800000 - 0x000007fefb9f4000 	C:\windows\WinSxS\amd64_microsoft.windows.common-controls_6595b64144ccf1df_6.0.7601.18837_none_fa3b1e3d17594757\COMCTL32.dll
0x000007fefec40000 - 0x000007fefecb1000 	C:\windows\system32\SHLWAPI.dll
0x000007fefeec0000 - 0x000007fefeeee000 	C:\windows\system32\IMM32.DLL
0x000007feff140000 - 0x000007feff249000 	C:\windows\system32\MSCTF.dll
0x0000000072500000 - 0x00000000725d2000 	C:\Program Files\Java\jdk1.8.0_92\jre\bin\msvcr100.dll
0x000000006ee50000 - 0x000000006f6e6000 	C:\Program Files\Java\jdk1.8.0_92\jre\bin\server\jvm.dll
0x000007fef3b20000 - 0x000007fef3b29000 	C:\windows\system32\WSOCK32.dll
0x000007fefe2c0000 - 0x000007fefe30d000 	C:\windows\system32\WS2_32.dll
0x000007fefea80000 - 0x000007fefea88000 	C:\windows\system32\NSI.dll
0x000007fefd450000 - 0x000007fefd48b000 	C:\windows\system32\WINMM.dll
0x000007fefc140000 - 0x000007fefc14c000 	C:\windows\system32\VERSION.dll
0x00000000774e0000 - 0x00000000774e7000 	C:\windows\system32\PSAPI.DLL
0x00000000741e0000 - 0x00000000741ef000 	C:\Program Files\Java\jdk1.8.0_92\jre\bin\verify.dll
0x00000000741b0000 - 0x00000000741d9000 	C:\Program Files\Java\jdk1.8.0_92\jre\bin\java.dll
0x0000000073fe0000 - 0x0000000073ff6000 	C:\Program Files\Java\jdk1.8.0_92\jre\bin\zip.dll
0x000007fefd530000 - 0x000007fefe2b9000 	C:\windows\system32\SHELL32.dll
0x000007fefe3e0000 - 0x000007fefe5e3000 	C:\windows\system32\ole32.dll
0x000007fefcfe0000 - 0x000007fefcfef000 	C:\windows\system32\profapi.dll
0x0000000073560000 - 0x000000007357a000 	C:\Program Files\Java\jdk1.8.0_92\jre\bin\net.dll
0x000007fefc7d0000 - 0x000007fefc825000 	C:\windows\system32\mswsock.dll
0x000007fefc930000 - 0x000007fefc937000 	C:\windows\System32\wship6.dll
0x0000000073540000 - 0x0000000073551000 	C:\Program Files\Java\jdk1.8.0_92\jre\bin\nio.dll
0x000007fef48f0000 - 0x000007fef4902000 	C:\Users\Administrator\.gradle\native\19\windows-amd64\native-platform.dll
0x000007fefaba0000 - 0x000007fefabc7000 	C:\windows\system32\IPHLPAPI.DLL
0x000007fefab80000 - 0x000007fefab8b000 	C:\windows\system32\WINNSI.DLL
0x000007fefaa10000 - 0x000007fefaa21000 	C:\windows\system32\dhcpcsvc6.DLL
0x000007fefa990000 - 0x000007fefa9a8000 	C:\windows\system32\dhcpcsvc.DLL
0x000007fefc9a0000 - 0x000007fefc9b8000 	C:\windows\system32\CRYPTSP.dll
0x000007fefc5a0000 - 0x000007fefc5e7000 	C:\windows\system32\rsaenh.dll
0x000007fefc390000 - 0x000007fefc3ae000 	C:\windows\system32\USERENV.dll
0x000007fefcf10000 - 0x000007fefcf1f000 	C:\windows\system32\CRYPTBASE.dll
0x000007fefce70000 - 0x000007fefcec7000 	C:\windows\system32\apphelp.dll
0x00000000741a0000 - 0x00000000741ad000 	C:\Program Files\Java\jdk1.8.0_92\jre\bin\management.dll

VM Arguments:
jvm_args: -XX:MaxPermSize=256m -XX:+HeapDumpOnOutOfMemoryError -Xmx1024m -Dfile.encoding=GBK -Duser.country=CN -Duser.language=zh -Duser.variant 
java_command: org.gradle.launcher.daemon.bootstrap.GradleDaemon 2.10
java_class_path (initial): D:\Android Studio\gradle\gradle-2.10\lib\gradle-launcher-2.10.jar
Launcher Type: SUN_STANDARD

Environment Variables:
PATH=C:\Program Files\Java\jdk1.8.0_92\bin;
USERNAME=Administrator
OS=Windows_NT
PROCESSOR_IDENTIFIER=Intel64 Family 6 Model 42 Stepping 7, GenuineIntel



---------------  S Y S T E M  ---------------

OS: Windows 7 , 64 bit Build 7601 (6.1.7601.19135)

CPU:total 4 (2 cores per cpu, 2 threads per core) family 6 model 42 stepping 7, cmov, cx8, fxsr, mmx, sse, sse2, sse3, ssse3, sse4.1, sse4.2, popcnt, avx, clmul, ht, tsc, tscinvbit

Memory: 4k page, physical 4133888k(403912k free), swap 5180628k(5156k free)

vm_info: Java HotSpot(TM) 64-Bit Server VM (25.92-b14) for windows-amd64 JRE (1.8.0_92-b14), built on Mar 31 2016 21:03:04 by "java_re" with MS VC++ 10.0 (VS2010)

time: Thu Aug 04 16:19:23 2016
elapsed time: 4036 seconds (0d 1h 7m 16s)

