#
# There is insufficient memory for the Java Runtime Environment to continue.
# Native memory allocation (malloc) failed to allocate 32744 bytes for ChunkPool::allocate
# Possible reasons:
#   The system is out of physical RAM or swap space
#   In 32 bit mode, the process size limit was hit
# Possible solutions:
#   Reduce memory load on the system
#   Increase physical memory or swap space
#   Check if swap backing store is full
#   Use 64 bit Java on a 64 bit OS
#   Decrease Java heap size (-Xmx/-Xms)
#   Decrease number of Java threads
#   Decrease Java thread stack sizes (-Xss)
#   Set larger code cache with -XX:ReservedCodeCacheSize=
# This output file may be truncated or incomplete.
#
#  Out of Memory Error (allocation.cpp:273), pid=12092, tid=0x0000000000002e24
#
# JRE version: Java(TM) SE Runtime Environment (8.0_92-b14) (build 1.8.0_92-b14)
# Java VM: Java HotSpot(TM) 64-Bit Server VM (25.92-b14 mixed mode windows-amd64 compressed oops)
# Failed to write core dump. Minidumps are not enabled by default on client versions of Windows
#

---------------  T H R E A D  ---------------

Current thread (0x0000000056544800):  JavaThread "C1 CompilerThread2" daemon [_thread_in_native, id=11812, stack(0x0000000056c90000,0x0000000056d90000)]

Stack: [0x0000000056c90000,0x0000000056d90000]
[error occurred during error reporting (printing stack bounds), id 0xc0000005]

Native frames: (J=compiled Java code, j=interpreted, Vv=VM code, C=native code)


Current CompileTask:
C1:    797  671   !   3      
[error occurred during error reporting (printing current compile task), id 0xe0000001]


---------------  P R O C E S S  ---------------

Java Threads: ( => current thread )
  0x00000000568d1000 JavaThread "pool-2-thread-4" [_thread_blocked, id=12184, stack(0x0000000058160000,0x0000000058260000)]
  0x00000000568cb000 JavaThread "pool-2-thread-3" [_thread_blocked, id=12172, stack(0x0000000058010000,0x0000000058110000)]
  0x00000000568c9000 JavaThread "pool-2-thread-2" [_thread_blocked, id=12188, stack(0x0000000057f00000,0x0000000058000000)]
  0x00000000567f7800 JavaThread "pool-3-thread-1" [_thread_blocked, id=12052, stack(0x0000000057d40000,0x0000000057e40000)]
  0x00000000567f6800 JavaThread "pool-2-thread-1" [_thread_in_Java, id=12036, stack(0x0000000057b40000,0x0000000057c40000)]
  0x00000000565d8000 JavaThread "Service Thread" daemon [_thread_blocked, id=11856, stack(0x0000000056f30000,0x0000000057030000)]
=>0x0000000056544800 JavaThread "C1 CompilerThread2" daemon [_thread_in_native, id=11812, stack(0x0000000056c90000,0x0000000056d90000)]
  0x000000005515f000 JavaThread "C2 CompilerThread1" daemon [_thread_blocked, id=11808, stack(0x0000000056d90000,0x0000000056e90000)]
  0x000000005515b000 JavaThread "C2 CompilerThread0" daemon [_thread_blocked, id=11424, stack(0x0000000056b50000,0x0000000056c50000)]
  0x000000005515a000 JavaThread "Attach Listener" daemon [_thread_blocked, id=11784, stack(0x0000000056a00000,0x0000000056b00000)]
  0x0000000055157000 JavaThread "Signal Dispatcher" daemon [_thread_blocked, id=12176, stack(0x00000000561e0000,0x00000000562e0000)]
  0x0000000055139000 JavaThread "Finalizer" daemon [_thread_blocked, id=11676, stack(0x0000000056430000,0x0000000056530000)]
  0x00000000550f1800 JavaThread "Reference Handler" daemon [_thread_blocked, id=10776, stack(0x0000000056320000,0x0000000056420000)]
  0x00000000002cd800 JavaThread "main" [_thread_in_Java, id=11328, stack(0x0000000002890000,0x0000000002990000)]

Other Threads:
  0x00000000550ea000 VMThread [stack: 0x00000000560c0000,0x00000000561c0000] [id=11500]
  0x000000005660a800 WatcherThread [stack: 0x0000000057060000,0x0000000057160000] [id=11820]

VM state:not at safepoint (normal execution)

VM Mutex/Monitor currently owned by a thread: None

Heap:
 PSYoungGen      total 18944K, used 4962K [0x00000000eab00000, 0x00000000ed000000, 0x0000000100000000)
  eden space 16384K, 14% used [0x00000000eab00000,0x00000000ead5fec8,0x00000000ebb00000)
  from space 2560K, 98% used [0x00000000ebb00000,0x00000000ebd78950,0x00000000ebd80000)
  to   space 2560K, 0% used [0x00000000ecd80000,0x00000000ecd80000,0x00000000ed000000)
 ParOldGen       total 44032K, used 1219K [0x00000000c0000000, 0x00000000c2b00000, 0x00000000eab00000)
  object space 44032K, 2% used [0x00000000c0000000,0x00000000c0130fa8,0x00000000c2b00000)
 Metaspace       used 5736K, capacity 6642K, committed 6784K, reserved 1056768K
  class space    used 603K, capacity 618K, committed 640K, reserved 1048576K

Card table byte_map: [0x0000000011d50000,0x0000000011f60000] byte_map_base: 0x0000000011750000

Marking Bits: (ParMarkBitMap*) 0x00000000722a64f0
 Begin Bits: [0x0000000012560000, 0x0000000013560000)
 End Bits:   [0x0000000013560000, 0x0000000014560000)

Polling page: 0x0000000000260000

CodeCache: size=245760Kb used=2502Kb max_used=2502Kb free=243257Kb
 bounds [0x0000000002990000, 0x0000000002c10000, 0x0000000011990000]
 total_blobs=928 nmethods=655 adapters=182
 compilation: enabled

Compilation events (10 events):
Event: 0.772 Thread 0x0000000056544800 nmethod 668 0x0000000002bfa4d0 code [0x0000000002bfa660, 0x0000000002bfabe8]
Event: 0.772 Thread 0x0000000056544800  666       3       com.android.dx.ssa.SsaMethod::blockIndexToRopLabel (21 bytes)
Event: 0.772 Thread 0x000000005515f000  655       4       java.util.ArrayList$Itr::<init> (6 bytes)
Event: 0.772 Thread 0x000000005515b000  657       4       com.android.dx.ssa.NormalSsaInsn::isNormalMoveInsn (20 bytes)
Event: 0.772 Thread 0x0000000056544800 nmethod 666 0x0000000002bfadd0 code [0x0000000002bfaf80, 0x0000000002bfb538]
Event: 0.778 Thread 0x0000000056544800  673       3       com.android.dx.util.LabeledList::set (45 bytes)
Event: 0.779 Thread 0x0000000056544800 nmethod 673 0x0000000002c011d0 code [0x0000000002c01400, 0x0000000002c02128]
Event: 0.779 Thread 0x0000000056544800  670       3       com.android.dx.rop.code.RopMethod::labelToPredecessors (54 bytes)
Event: 0.779 Thread 0x0000000056544800 nmethod 670 0x0000000002c02910 code [0x0000000002c02b00, 0x0000000002c033f8]
Event: 0.779 Thread 0x0000000056544800  671   !   3       com.android.dx.cf.code.BytecodeArray::parseInstruction (2764 bytes)

GC Heap History (2 events):
Event: 0.687 GC heap before
{Heap before GC invocations=1 (full 0):
 PSYoungGen      total 18944K, used 16384K [0x00000000eab00000, 0x00000000ec000000, 0x0000000100000000)
  eden space 16384K, 100% used [0x00000000eab00000,0x00000000ebb00000,0x00000000ebb00000)
  from space 2560K, 0% used [0x00000000ebd80000,0x00000000ebd80000,0x00000000ec000000)
  to   space 2560K, 0% used [0x00000000ebb00000,0x00000000ebb00000,0x00000000ebd80000)
 ParOldGen       total 44032K, used 0K [0x00000000c0000000, 0x00000000c2b00000, 0x00000000eab00000)
  object space 44032K, 0% used [0x00000000c0000000,0x00000000c0000000,0x00000000c2b00000)
 Metaspace       used 5606K, capacity 6512K, committed 6784K, reserved 1056768K
  class space    used 600K, capacity 616K, committed 640K, reserved 1048576K
Event: 0.733 GC heap after
Heap after GC invocations=1 (full 0):
 PSYoungGen      total 18944K, used 2530K [0x00000000eab00000, 0x00000000ed000000, 0x0000000100000000)
  eden space 16384K, 0% used [0x00000000eab00000,0x00000000eab00000,0x00000000ebb00000)
  from space 2560K, 98% used [0x00000000ebb00000,0x00000000ebd78950,0x00000000ebd80000)
  to   space 2560K, 0% used [0x00000000ecd80000,0x00000000ecd80000,0x00000000ed000000)
 ParOldGen       total 44032K, used 1219K [0x00000000c0000000, 0x00000000c2b00000, 0x00000000eab00000)
  object space 44032K, 2% used [0x00000000c0000000,0x00000000c0130fa8,0x00000000c2b00000)
 Metaspace       used 5606K, capacity 6512K, committed 6784K, reserved 1056768K
  class space    used 600K, capacity 616K, committed 640K, reserved 1048576K
}

Deoptimization events (2 events):
Event: 0.295 Thread 0x00000000002cd800 Uncommon trap: reason=unstable_if action=reinterpret pc=0x0000000002ae77c4 method=java.lang.String.compareTo(Ljava/lang/String;)I @ 38
Event: 0.681 Thread 0x00000000568d1000 Uncommon trap: reason=unstable_if action=reinterpret pc=0x0000000002bb51ac method=java.util.HashMap.getNode(ILjava/lang/Object;)Ljava/util/HashMap$Node; @ 62

Internal exceptions (2 events):
Event: 0.040 Thread 0x00000000002cd800 Exception <a 'java/lang/NoSuchMethodError': Method sun.misc.Unsafe.defineClass(Ljava/lang/String;[BII)Ljava/lang/Class; name or signature does not match> (0x00000000eab07cc0) thrown at [D:\re\workspace\8-2-build-windows-amd64-cygwin\jdk8u92\6642\hotspot\sr¹e¸9óŒ¤?
Event: 0.040 Thread 0x00000000002cd800 Exception <a 'java/lang/NoSuchMethodError': Method sun.misc.Unsafe.prefetchRead(Ljava/lang/Object;J)V name or signature does not match> (0x00000000eab07fa8) thrown at [D:\re\workspace\8-2-build-windows-amd64-cygwin\jdk8u92\6642\hotspot\src\share\vm\prims\j

Events (10 events):
Event: 0.685 Executing VM operation: ParallelGCFailedAllocation
Event: 0.734 Executing VM operation: ParallelGCFailedAllocation done
Event: 0.769 loading class java/util/ArrayList$1
Event: 0.769 loading class java/util/ArrayList$1 done
Event: 0.785 loading class com/android/dx/cf/code/Ropper$ExceptionHandlerSetup
Event: 0.785 loading class com/android/dx/cf/code/Ropper$ExceptionHandlerSetup done
Event: 0.789 loading class java/util/HashMap$Values
Event: 0.790 loading class java/util/HashMap$Values done
Event: 0.790 loading class java/util/HashMap$ValueIterator
Event: 0.790 loading class java/util/HashMap$ValueIterator done


Dynamic libraries:
0x000000013f6b0000 - 0x000000013f6e7000 	C:\Program Files\Java\jdk1.8.0_92\bin\java.exe
0x0000000077680000 - 0x000000007782a000 	C:\windows\SYSTEM32\ntdll.dll
0x0000000077460000 - 0x000000007757f000 	C:\windows\system32\kernel32.dll
0x000007fefd750000 - 0x000007fefd7bb000 	C:\windows\system32\KERNELBASE.dll
0x000007fefd800000 - 0x000007fefd8db000 	C:\windows\system32\ADVAPI32.dll
0x000007fefd960000 - 0x000007fefd9ff000 	C:\windows\system32\msvcrt.dll
0x000007feff970000 - 0x000007feff98f000 	C:\windows\SYSTEM32\sechost.dll
0x000007feff6f0000 - 0x000007feff81d000 	C:\windows\system32\RPCRT4.dll
0x0000000077580000 - 0x000000007767a000 	C:\windows\system32\USER32.dll
0x000007fefe2e0000 - 0x000007fefe347000 	C:\windows\system32\GDI32.dll
0x000007feff820000 - 0x000007feff82e000 	C:\windows\system32\LPK.dll
0x000007fefe120000 - 0x000007fefe1ea000 	C:\windows\system32\USP10.dll
0x000007fefbcf0000 - 0x000007fefbee4000 	C:\windows\WinSxS\amd64_microsoft.windows.common-controls_6595b64144ccf1df_6.0.7601.18837_none_fa3b1e3d17594757\COMCTL32.dll
0x000007fefe870000 - 0x000007fefe8e1000 	C:\windows\system32\SHLWAPI.dll
0x000007feff830000 - 0x000007feff85e000 	C:\windows\system32\IMM32.DLL
0x000007feff860000 - 0x000007feff969000 	C:\windows\system32\MSCTF.dll
0x0000000071540000 - 0x0000000071612000 	C:\Program Files\Java\jdk1.8.0_92\jre\bin\msvcr100.dll
0x0000000071a90000 - 0x0000000072326000 	C:\Program Files\Java\jdk1.8.0_92\jre\bin\server\jvm.dll
0x000007fefb560000 - 0x000007fefb569000 	C:\windows\system32\WSOCK32.dll
0x000007fefe290000 - 0x000007fefe2dd000 	C:\windows\system32\WS2_32.dll
0x000007fefe8f0000 - 0x000007fefe8f8000 	C:\windows\system32\NSI.dll
0x000007fefd400000 - 0x000007fefd43b000 	C:\windows\system32\WINMM.dll
0x000007fefc4b0000 - 0x000007fefc4bc000 	C:\windows\system32\VERSION.dll
0x0000000077850000 - 0x0000000077857000 	C:\windows\system32\PSAPI.DLL
0x0000000074b00000 - 0x0000000074b0f000 	C:\Program Files\Java\jdk1.8.0_92\jre\bin\verify.dll
0x0000000074ad0000 - 0x0000000074af9000 	C:\Program Files\Java\jdk1.8.0_92\jre\bin\java.dll
0x0000000074a50000 - 0x0000000074a66000 	C:\Program Files\Java\jdk1.8.0_92\jre\bin\zip.dll
0x000007fefe960000 - 0x000007feff6e9000 	C:\windows\system32\SHELL32.dll
0x000007fefda00000 - 0x000007fefdc03000 	C:\windows\system32\ole32.dll
0x000007fefd350000 - 0x000007fefd35f000 	C:\windows\system32\profapi.dll

VM Arguments:
jvm_args: -Djava.awt.headless=true -Xmx1024M -Dfile.encoding=GBK -Duser.country=CN -Duser.language=zh -Duser.variant 
java_command: com.android.dx.command.Main --dex --force-jumbo --num-threads=4 --multi-dex --output D:\HouseKeeperApplication\singledemo\build\intermediates\transforms\dex\debug\folders\1000\10\com.android.support-appcompat-v7-23.4.0_000d3d49987b74a7702d16bbd58295b0485ff841 D:\HouseKeeperApplication\singledemo\build\intermediates\exploded-aar\com.android.support\appcompat-v7\23.4.0\jars\classes.jar
java_class_path (initial): D:\sdk\build-tools\24.0.1\lib\dx.jar
Launcher Type: SUN_STANDARD

Environment Variables:
PATH=C:\Program Files\Java\jdk1.8.0_92\bin;
USERNAME=Administrator
OS=Windows_NT
PROCESSOR_IDENTIFIER=Intel64 Family 6 Model 42 Stepping 7, GenuineIntel



---------------  S Y S T E M  ---------------

OS: Windows 7 , 64 bit Build 7601 (6.1.7601.19135)

CPU:total 4 (2 cores per cpu, 2 threads per core) family 6 model 42 stepping 7, cmov, cx8, fxsr, mmx, sse, sse2, sse3, ssse3, sse4.1, sse4.2, popcnt, avx, clmul, ht, tsc, tscinvbit

Memory: 4k page, physical 4133888k(170652k free), swap 5180628k(5120k free)

vm_info: Java HotSpot(TM) 64-Bit Server VM (25.92-b14) for windows-amd64 JRE (1.8.0_92-b14), built on Mar 31 2016 21:03:04 by "java_re" with MS VC++ 10.0 (VS2010)

time: Wed Aug 24 16:50:39 2016
elapsed time: 0 seconds (0d 0h 0m 0s)

