#
# There is insufficient memory for the Java Runtime Environment to continue.
# Native memory allocation (malloc) failed to allocate 1435376 bytes for Chunk::new
# Possible reasons:
#   The system is out of physical RAM or swap space
#   In 32 bit mode, the process size limit was hit
# Possible solutions:
#   Reduce memory load on the system
#   Increase physical memory or swap space
#   Check if swap backing store is full
#   Use 64 bit Java on a 64 bit OS
#   Decrease Java heap size (-Xmx/-Xms)
#   Decrease number of Java threads
#   Decrease Java thread stack sizes (-Xss)
#   Set larger code cache with -XX:ReservedCodeCacheSize=
# This output file may be truncated or incomplete.
#
#  Out of Memory Error (allocation.cpp:390), pid=2364, tid=0x0000000000001560
#
# JRE version: Java(TM) SE Runtime Environment (8.0_92-b14) (build 1.8.0_92-b14)
# Java VM: Java HotSpot(TM) 64-Bit Server VM (25.92-b14 mixed mode windows-amd64 compressed oops)
# Failed to write core dump. Minidumps are not enabled by default on client versions of Windows
#

---------------  T H R E A D  ---------------

Current thread (0x000000005521b000):  JavaThread "C2 CompilerThread0" daemon [_thread_in_native, id=5472, stack(0x0000000056ce0000,0x0000000056de0000)]

Stack: [0x0000000056ce0000,0x0000000056de0000]
[error occurred during error reporting (printing stack bounds), id 0xc0000005]

Native frames: (J=compiled Java code, j=interpreted, Vv=VM code, C=native code)


Current CompileTask:
C2:   7503 1693   !   4       com.android.dx.cf.code.Ropper::processBlock (1101 bytes)


---------------  P R O C E S S  ---------------

Java Threads: ( => current thread )
  0x00000000569cd800 JavaThread "pool-2-thread-4" [_thread_in_Java, id=4120, stack(0x00000000581f0000,0x00000000582f0000)]
  0x00000000568d1000 JavaThread "pool-2-thread-3" [_thread_blocked, id=5592, stack(0x0000000057fa0000,0x00000000580a0000)]
  0x00000000568d0800 JavaThread "pool-2-thread-2" [_thread_blocked, id=5564, stack(0x0000000057de0000,0x0000000057ee0000)]
  0x00000000568ce800 JavaThread "pool-3-thread-1" [_thread_blocked, id=5580, stack(0x0000000057c20000,0x0000000057d20000)]
  0x0000000056912000 JavaThread "pool-2-thread-1" [_thread_in_vm, id=5600, stack(0x00000000579a0000,0x0000000057aa0000)]
  0x0000000056695800 JavaThread "Service Thread" daemon [_thread_blocked, id=5588, stack(0x0000000057070000,0x0000000057170000)]
  0x0000000056608000 JavaThread "C1 CompilerThread2" daemon [_thread_in_native, id=5572, stack(0x0000000056f20000,0x0000000057020000)]
  0x0000000056607000 JavaThread "C2 CompilerThread1" daemon [_thread_in_native, id=5348, stack(0x0000000056e20000,0x0000000056f20000)]
=>0x000000005521b000 JavaThread "C2 CompilerThread0" daemon [_thread_in_native, id=5472, stack(0x0000000056ce0000,0x0000000056de0000)]
  0x000000005521a000 JavaThread "Attach Listener" daemon [_thread_blocked, id=5136, stack(0x0000000056bb0000,0x0000000056cb0000)]
  0x0000000055217800 JavaThread "Signal Dispatcher" daemon [_thread_blocked, id=3804, stack(0x00000000563c0000,0x00000000564c0000)]
  0x00000000551f3000 JavaThread "Finalizer" daemon [_thread_blocked, id=5152, stack(0x00000000564f0000,0x00000000565f0000)]
  0x00000000551b1800 JavaThread "Reference Handler" daemon [_thread_blocked, id=4248, stack(0x0000000056110000,0x0000000056210000)]
  0x0000000001d0d800 JavaThread "main" [_thread_blocked, id=5244, stack(0x0000000002590000,0x0000000002690000)]

Other Threads:
  0x00000000551aa000 VMThread [stack: 0x0000000056240000,0x0000000056340000] [id=5644]
  0x00000000566b0800 WatcherThread [stack: 0x0000000056a10000,0x0000000056b10000] [id=5584]

VM state:not at safepoint (normal execution)

VM Mutex/Monitor currently owned by a thread: None

Heap:
 PSYoungGen      total 35328K, used 18140K [0x00000000eab00000, 0x00000000ef000000, 0x0000000100000000)
  eden space 32768K, 47% used [0x00000000eab00000,0x00000000eba3d260,0x00000000ecb00000)
  from space 2560K, 99% used [0x00000000ecb00000,0x00000000ecd7a038,0x00000000ecd80000)
  to   space 2560K, 0% used [0x00000000eed80000,0x00000000eed80000,0x00000000ef000000)
 ParOldGen       total 44032K, used 7976K [0x00000000c0000000, 0x00000000c2b00000, 0x00000000eab00000)
  object space 44032K, 18% used [0x00000000c0000000,0x00000000c07ca210,0x00000000c2b00000)
 Metaspace       used 6312K, capacity 7092K, committed 7296K, reserved 1056768K
  class space    used 605K, capacity 620K, committed 640K, reserved 1048576K

Card table byte_map: [0x0000000011b30000,0x0000000011d40000] byte_map_base: 0x0000000011530000

Marking Bits: (ParMarkBitMap*) 0x0000000071a764f0
 Begin Bits: [0x0000000012620000, 0x0000000013620000)
 End Bits:   [0x0000000013620000, 0x0000000014620000)

Polling page: 0x0000000000460000

CodeCache: size=245760Kb used=7485Kb max_used=7485Kb free=238274Kb
 bounds [0x0000000002770000, 0x0000000002ed0000, 0x0000000011770000]
 total_blobs=2054 nmethods=1784 adapters=182
 compilation: enabled

Compilation events (10 events):
Event: 7.434 Thread 0x0000000056608000 nmethod 1725 0x0000000002e7a750 code [0x0000000002e7a8c0, 0x0000000002e7ab68]
Event: 7.434 Thread 0x0000000056608000 1726       3       com.android.dx.dex.code.RopTranslator::translateAndGetResult (48 bytes)
Event: 7.435 Thread 0x0000000056608000 nmethod 1726 0x0000000002e79cd0 code [0x0000000002e79ea0, 0x0000000002e7a3d8]
Event: 7.441 Thread 0x0000000056607000 1727       4       com.android.dx.ssa.InterferenceRegisterMapper::addInterfence (62 bytes)
Event: 7.442 Thread 0x0000000056608000 1729       3       com.android.dx.cf.code.LocalVariableList::get (9 bytes)
Event: 7.443 Thread 0x0000000056608000 nmethod 1729 0x0000000002e81b50 code [0x0000000002e81cc0, 0x0000000002e81fa8]
Event: 7.443 Thread 0x0000000056608000 1730       3       com.android.dx.cf.code.LocalVariableList::set (21 bytes)
Event: 7.443 Thread 0x0000000056608000 nmethod 1730 0x0000000002e82050 code [0x0000000002e82240, 0x0000000002e82af8]
Event: 7.444 Thread 0x0000000056608000 1731       3       com.android.dx.ssa.back.FirstFitLocalCombiningAllocator::getLocalItemForReg (97 bytes)
Event: 7.444 Thread 0x0000000056608000 nmethod 1731 0x0000000002e83110 code [0x0000000002e83360, 0x0000000002e84298]

GC Heap History (6 events):
Event: 1.172 GC heap before
{Heap before GC invocations=1 (full 0):
 PSYoungGen      total 18944K, used 16384K [0x00000000eab00000, 0x00000000ec000000, 0x0000000100000000)
  eden space 16384K, 100% used [0x00000000eab00000,0x00000000ebb00000,0x00000000ebb00000)
  from space 2560K, 0% used [0x00000000ebd80000,0x00000000ebd80000,0x00000000ec000000)
  to   space 2560K, 0% used [0x00000000ebb00000,0x00000000ebb00000,0x00000000ebd80000)
 ParOldGen       total 44032K, used 0K [0x00000000c0000000, 0x00000000c2b00000, 0x00000000eab00000)
  object space 44032K, 0% used [0x00000000c0000000,0x00000000c0000000,0x00000000c2b00000)
 Metaspace       used 5489K, capacity 6448K, committed 6528K, reserved 1056768K
  class space    used 594K, capacity 616K, committed 640K, reserved 1048576K
Event: 1.274 GC heap after
Heap after GC invocations=1 (full 0):
 PSYoungGen      total 18944K, used 2536K [0x00000000eab00000, 0x00000000ed000000, 0x0000000100000000)
  eden space 16384K, 0% used [0x00000000eab00000,0x00000000eab00000,0x00000000ebb00000)
  from space 2560K, 99% used [0x00000000ebb00000,0x00000000ebd7a098,0x00000000ebd80000)
  to   space 2560K, 0% used [0x00000000ecd80000,0x00000000ecd80000,0x00000000ed000000)
 ParOldGen       total 44032K, used 927K [0x00000000c0000000, 0x00000000c2b00000, 0x00000000eab00000)
  object space 44032K, 2% used [0x00000000c0000000,0x00000000c00e7fd8,0x00000000c2b00000)
 Metaspace       used 5489K, capacity 6448K, committed 6528K, reserved 1056768K
  class space    used 594K, capacity 616K, committed 640K, reserved 1048576K
}
Event: 3.236 GC heap before
{Heap before GC invocations=2 (full 0):
 PSYoungGen      total 18944K, used 18920K [0x00000000eab00000, 0x00000000ed000000, 0x0000000100000000)
  eden space 16384K, 100% used [0x00000000eab00000,0x00000000ebb00000,0x00000000ebb00000)
  from space 2560K, 99% used [0x00000000ebb00000,0x00000000ebd7a098,0x00000000ebd80000)
  to   space 2560K, 0% used [0x00000000ecd80000,0x00000000ecd80000,0x00000000ed000000)
 ParOldGen       total 44032K, used 927K [0x00000000c0000000, 0x00000000c2b00000, 0x00000000eab00000)
  object space 44032K, 2% used [0x00000000c0000000,0x00000000c00e7fd8,0x00000000c2b00000)
 Metaspace       used 6009K, capacity 6900K, committed 7040K, reserved 1056768K
  class space    used 598K, capacity 620K, committed 640K, reserved 1048576K
Event: 3.397 GC heap after
Heap after GC invocations=2 (full 0):
 PSYoungGen      total 35328K, used 2543K [0x00000000eab00000, 0x00000000ed000000, 0x0000000100000000)
  eden space 32768K, 0% used [0x00000000eab00000,0x00000000eab00000,0x00000000ecb00000)
  from space 2560K, 99% used [0x00000000ecd80000,0x00000000ecffbca8,0x00000000ed000000)
  to   space 2560K, 0% used [0x00000000ecb00000,0x00000000ecb00000,0x00000000ecd80000)
 ParOldGen       total 44032K, used 2759K [0x00000000c0000000, 0x00000000c2b00000, 0x00000000eab00000)
  object space 44032K, 6% used [0x00000000c0000000,0x00000000c02b1d40,0x00000000c2b00000)
 Metaspace       used 6009K, capacity 6900K, committed 7040K, reserved 1056768K
  class space    used 598K, capacity 620K, committed 640K, reserved 1048576K
}
Event: 6.698 GC heap before
{Heap before GC invocations=3 (full 0):
 PSYoungGen      total 35328K, used 35311K [0x00000000eab00000, 0x00000000ed000000, 0x0000000100000000)
  eden space 32768K, 100% used [0x00000000eab00000,0x00000000ecb00000,0x00000000ecb00000)
  from space 2560K, 99% used [0x00000000ecd80000,0x00000000ecffbca8,0x00000000ed000000)
  to   space 2560K, 0% used [0x00000000ecb00000,0x00000000ecb00000,0x00000000ecd80000)
 ParOldGen       total 44032K, used 2759K [0x00000000c0000000, 0x00000000c2b00000, 0x00000000eab00000)
  object space 44032K, 6% used [0x00000000c0000000,0x00000000c02b1d40,0x00000000c2b00000)
 Metaspace       used 6266K, capacity 7092K, committed 7296K, reserved 1056768K
  class space    used 604K, capacity 620K, committed 640K, reserved 1048576K
Event: 6.714 GC heap after
Heap after GC invocations=3 (full 0):
 PSYoungGen      total 35328K, used 2536K [0x00000000eab00000, 0x00000000ef000000, 0x0000000100000000)
  eden space 32768K, 0% used [0x00000000eab00000,0x00000000eab00000,0x00000000ecb00000)
  from space 2560K, 99% used [0x00000000ecb00000,0x00000000ecd7a038,0x00000000ecd80000)
  to   space 2560K, 0% used [0x00000000eed80000,0x00000000eed80000,0x00000000ef000000)
 ParOldGen       total 44032K, used 7976K [0x00000000c0000000, 0x00000000c2b00000, 0x00000000eab00000)
  object space 44032K, 18% used [0x00000000c0000000,0x00000000c07ca210,0x00000000c2b00000)
 Metaspace       used 6266K, capacity 7092K, committed 7296K, reserved 1056768K
  class space    used 604K, capacity 620K, committed 640K, reserved 1048576K
}

Deoptimization events (10 events):
Event: 1.403 Thread 0x00000000568d0800 Uncommon trap: reason=class_check action=maybe_recompile pc=0x00000000029b80a0 method=com.android.dx.ssa.NormalSsaInsn.accept(Lcom/android/dx/ssa/SsaInsn$Visitor;)V @ 9
Event: 1.414 Thread 0x00000000568d0800 Uncommon trap: reason=class_check action=maybe_recompile pc=0x00000000029b9640 method=com.android.dx.ssa.NormalSsaInsn.accept(Lcom/android/dx/ssa/SsaInsn$Visitor;)V @ 9
Event: 1.563 Thread 0x0000000056912000 Uncommon trap: reason=class_check action=maybe_recompile pc=0x00000000029b9640 method=com.android.dx.ssa.NormalSsaInsn.accept(Lcom/android/dx/ssa/SsaInsn$Visitor;)V @ 9
Event: 1.564 Thread 0x0000000056912000 Uncommon trap: reason=class_check action=maybe_recompile pc=0x00000000029b9640 method=com.android.dx.ssa.NormalSsaInsn.accept(Lcom/android/dx/ssa/SsaInsn$Visitor;)V @ 9
Event: 1.564 Thread 0x0000000056912000 Uncommon trap: reason=class_check action=maybe_recompile pc=0x00000000029b80a0 method=com.android.dx.ssa.NormalSsaInsn.accept(Lcom/android/dx/ssa/SsaInsn$Visitor;)V @ 9
Event: 2.555 Thread 0x00000000568d1000 Uncommon trap: reason=unstable_if action=reinterpret pc=0x0000000002a702c4 method=com.android.dx.rop.cst.Constant.compareTo(Lcom/android/dx/rop/cst/Constant;)I @ 12
Event: 3.940 Thread 0x00000000569cd800 Uncommon trap: reason=null_check action=make_not_entrant pc=0x0000000002a4b404 method=com.android.dx.ssa.SsaRenamer.getLocalForNewReg(I)Lcom/android/dx/rop/code/LocalItem; @ 19
Event: 6.012 Thread 0x0000000056912000 Uncommon trap: reason=unstable_if action=reinterpret pc=0x0000000002c4efec method=com.android.dx.ssa.SCCP.simulateStmt(Lcom/android/dx/ssa/SsaInsn;)V @ 53
Event: 6.716 Thread 0x00000000568d0800 Uncommon trap: reason=bimorphic action=maybe_recompile pc=0x0000000002d0aeb0 method=com.android.dx.ssa.SCCP.simulatePhi(Lcom/android/dx/ssa/PhiInsn;)V @ 124
Event: 6.847 Thread 0x00000000568d0800 Uncommon trap: reason=bimorphic action=maybe_recompile pc=0x0000000002d35248 method=com.android.dx.rop.code.RegisterSpec.withSimpleType()Lcom/android/dx/rop/code/RegisterSpec; @ 21

Internal exceptions (3 events):
Event: 0.046 Thread 0x0000000001d0d800 Exception <a 'java/lang/NoSuchMethodError': Method sun.misc.Unsafe.defineClass(Ljava/lang/String;[BII)Ljava/lang/Class; name or signature does not match> (0x00000000eab07cc0) thrown at [D:\re\workspace\8-2-build-windows-amd64-cygwin\jdk8u92\6642\hotspot\srK
Event: 0.046 Thread 0x0000000001d0d800 Exception <a 'java/lang/NoSuchMethodError': Method sun.misc.Unsafe.prefetchRead(Ljava/lang/Object;J)V name or signature does not match> (0x00000000eab07fa8) thrown at [D:\re\workspace\8-2-build-windows-amd64-cygwin\jdk8u92\6642\hotspot\src\share\vm\prims\j©Ø•ýŽ„@
Event: 3.940 Thread 0x00000000569cd800 Implicit null exception at 0x0000000002a49ede to 0x0000000002a4b3e5

Events (10 events):
Event: 6.209 Thread 0x0000000056912000 DEOPT PACKING pc=0x0000000002b9e9bd sp=0x0000000057a9eb20
Event: 6.209 Thread 0x0000000056912000 DEOPT UNPACKING pc=0x00000000027b787f sp=0x0000000057a9e800 mode 0
Event: 6.698 Executing VM operation: ParallelGCFailedAllocation
Event: 6.714 Executing VM operation: ParallelGCFailedAllocation done
Event: 6.716 Thread 0x00000000568d0800 Uncommon trap: trap_request=0xffffffc6 fr.pc=0x0000000002d0aeb0
Event: 6.717 Thread 0x00000000568d0800 DEOPT PACKING pc=0x0000000002d0aeb0 sp=0x0000000057ede930
Event: 6.717 Thread 0x00000000568d0800 DEOPT UNPACKING pc=0x00000000027b582a sp=0x0000000057ede908 mode 2
Event: 6.847 Thread 0x00000000568d0800 Uncommon trap: trap_request=0xffffffc6 fr.pc=0x0000000002d35248
Event: 6.847 Thread 0x00000000568d0800 DEOPT PACKING pc=0x0000000002d35248 sp=0x0000000057edea00
Event: 6.847 Thread 0x00000000568d0800 DEOPT UNPACKING pc=0x00000000027b582a sp=0x0000000057ede958 mode 2


Dynamic libraries:
0x000000013f4d0000 - 0x000000013f507000 	C:\Program Files\Java\jdk1.8.0_92\bin\java.exe
0x0000000076eb0000 - 0x000000007705a000 	C:\windows\SYSTEM32\ntdll.dll
0x0000000076b50000 - 0x0000000076c6f000 	C:\windows\system32\kernel32.dll
0x000007fefcc50000 - 0x000007fefccbb000 	C:\windows\system32\KERNELBASE.dll
0x000007fefe090000 - 0x000007fefe16b000 	C:\windows\system32\ADVAPI32.dll
0x000007fefd030000 - 0x000007fefd0cf000 	C:\windows\system32\msvcrt.dll
0x000007fefdb90000 - 0x000007fefdbaf000 	C:\windows\SYSTEM32\sechost.dll
0x000007fefd260000 - 0x000007fefd38d000 	C:\windows\system32\RPCRT4.dll
0x0000000076c70000 - 0x0000000076d6a000 	C:\windows\system32\USER32.dll
0x000007fefd4a0000 - 0x000007fefd507000 	C:\windows\system32\GDI32.dll
0x000007fefdb80000 - 0x000007fefdb8e000 	C:\windows\system32\LPK.dll
0x000007fefdcb0000 - 0x000007fefdd7a000 	C:\windows\system32\USP10.dll
0x000007fefb550000 - 0x000007fefb744000 	C:\windows\WinSxS\amd64_microsoft.windows.common-controls_6595b64144ccf1df_6.0.7601.18837_none_fa3b1e3d17594757\COMCTL32.dll
0x000007fefdb00000 - 0x000007fefdb71000 	C:\windows\system32\SHLWAPI.dll
0x000007fefe320000 - 0x000007fefe34e000 	C:\windows\system32\IMM32.DLL
0x000007fefd390000 - 0x000007fefd499000 	C:\windows\system32\MSCTF.dll
0x0000000073e40000 - 0x0000000073f12000 	C:\Program Files\Java\jdk1.8.0_92\jre\bin\msvcr100.dll
0x0000000071260000 - 0x0000000071af6000 	C:\Program Files\Java\jdk1.8.0_92\jre\bin\server\jvm.dll
0x000007fef5b10000 - 0x000007fef5b19000 	C:\windows\system32\WSOCK32.dll
0x000007fefdab0000 - 0x000007fefdafd000 	C:\windows\system32\WS2_32.dll
0x000007fefde40000 - 0x000007fefde48000 	C:\windows\system32\NSI.dll
0x000007fefcf80000 - 0x000007fefcfbb000 	C:\windows\system32\WINMM.dll
0x000007fefbce0000 - 0x000007fefbcec000 	C:\windows\system32\VERSION.dll
0x0000000077080000 - 0x0000000077087000 	C:\windows\system32\PSAPI.DLL
0x00000000743c0000 - 0x00000000743cf000 	C:\Program Files\Java\jdk1.8.0_92\jre\bin\verify.dll
0x0000000074390000 - 0x00000000743b9000 	C:\Program Files\Java\jdk1.8.0_92\jre\bin\java.dll
0x0000000074260000 - 0x0000000074276000 	C:\Program Files\Java\jdk1.8.0_92\jre\bin\zip.dll
0x000007fefe430000 - 0x000007feff1b9000 	C:\windows\system32\SHELL32.dll
0x000007fefd640000 - 0x000007fefd843000 	C:\windows\system32\ole32.dll
0x000007fefcb80000 - 0x000007fefcb8f000 	C:\windows\system32\profapi.dll

VM Arguments:
jvm_args: -Djava.awt.headless=true -Xmx1024M -Dfile.encoding=GBK -Duser.country=CN -Duser.language=zh -Duser.variant 
java_command: com.android.dx.command.Main --dex --force-jumbo --num-threads=4 --multi-dex --output D:\HouseKeeperApplication\common_dialog\build\intermediates\transforms\dex\debug\folders\1000\10\internal_impl-23.4.0_c5b4a186be407e5994fc54bd299c723942cbb159 D:\HouseKeeperApplication\common_dialog\build\intermediates\exploded-aar\com.android.support\support-v4\23.4.0\jars\libs\internal_impl-23.4.0.jar
java_class_path (initial): D:\sdk\build-tools\24.0.1\lib\dx.jar
Launcher Type: SUN_STANDARD

Environment Variables:
PATH=C:\Program Files\Java\jdk1.8.0_92\bin;
USERNAME=Administrator
OS=Windows_NT
PROCESSOR_IDENTIFIER=Intel64 Family 6 Model 42 Stepping 7, GenuineIntel



---------------  S Y S T E M  ---------------

OS: Windows 7 , 64 bit Build 7601 (6.1.7601.19135)

CPU:total 4 (2 cores per cpu, 2 threads per core) family 6 model 42 stepping 7, cmov, cx8, fxsr, mmx, sse, sse2, sse3, ssse3, sse4.1, sse4.2, popcnt, avx, clmul, ht, tsc, tscinvbit

Memory: 4k page, physical 4133888k(292784k free), swap 5180628k(5180k free)

vm_info: Java HotSpot(TM) 64-Bit Server VM (25.92-b14) for windows-amd64 JRE (1.8.0_92-b14), built on Mar 31 2016 21:03:04 by "java_re" with MS VC++ 10.0 (VS2010)

time: Mon Aug 22 11:58:33 2016
elapsed time: 7 seconds (0d 0h 0m 7s)

