#
# There is insufficient memory for the Java Runtime Environment to continue.
# Native memory allocation (malloc) failed to allocate 1076656 bytes for Chunk::new
# Possible reasons:
#   The system is out of physical RAM or swap space
#   In 32 bit mode, the process size limit was hit
# Possible solutions:
#   Reduce memory load on the system
#   Increase physical memory or swap space
#   Check if swap backing store is full
#   Use 64 bit Java on a 64 bit OS
#   Decrease Java heap size (-Xmx/-Xms)
#   Decrease number of Java threads
#   Decrease Java thread stack sizes (-Xss)
#   Set larger code cache with -XX:ReservedCodeCacheSize=
# This output file may be truncated or incomplete.
#
#  Out of Memory Error (allocation.cpp:390), pid=5856, tid=0x000000000000150c
#
# JRE version: Java(TM) SE Runtime Environment (8.0_92-b14) (build 1.8.0_92-b14)
# Java VM: Java HotSpot(TM) 64-Bit Server VM (25.92-b14 mixed mode windows-amd64 compressed oops)
# Failed to write core dump. Minidumps are not enabled by default on client versions of Windows
#

---------------  T H R E A D  ---------------

Current thread (0x0000000056497000):  JavaThread "C2 CompilerThread1" daemon [_thread_in_native, id=5388, stack(0x0000000056e90000,0x0000000056f90000)]

Stack: [0x0000000056e90000,0x0000000056f90000]
[error occurred during error reporting (printing stack bounds), id 0xc0000005]

Native frames: (J=compiled Java code, j=interpreted, Vv=VM code, C=native code)


Current CompileTask:
C2:  35862 2604       4       com.android.dx.dex.file.CodeItem::addContents (174 bytes)


---------------  P R O C E S S  ---------------

Java Threads: ( => current thread )
  0x00000000564fc000 JavaThread "Service Thread" daemon [_thread_blocked, id=2708, stack(0x0000000056fb0000,0x00000000570b0000)]
  0x00000000564f0800 JavaThread "C1 CompilerThread2" daemon [_thread_blocked, id=5452, stack(0x0000000057110000,0x0000000057210000)]
=>0x0000000056497000 JavaThread "C2 CompilerThread1" daemon [_thread_in_native, id=5388, stack(0x0000000056e90000,0x0000000056f90000)]
  0x000000005518b000 JavaThread "C2 CompilerThread0" daemon [_thread_in_native, id=5940, stack(0x0000000056ce0000,0x0000000056de0000)]
  0x000000005518a000 JavaThread "Attach Listener" daemon [_thread_blocked, id=5304, stack(0x0000000056af0000,0x0000000056bf0000)]
  0x0000000055169000 JavaThread "Finalizer" daemon [_thread_blocked, id=5900, stack(0x0000000056380000,0x0000000056480000)]
  0x0000000055121800 JavaThread "Reference Handler" daemon [_thread_blocked, id=5884, stack(0x0000000056110000,0x0000000056210000)]
  0x00000000001cd800 JavaThread "main" [_thread_blocked, id=3312, stack(0x00000000026f0000,0x00000000027f0000)]

Other Threads:
  0x000000005511a000 VMThread [stack: 0x0000000056250000,0x0000000056350000] [id=5628]

VM state:at safepoint (normal execution)

VM Mutex/Monitor currently owned by a thread:  ([mutex/lock_event])
[0x00000000001cc010] Threads_lock - owner thread: 0x000000005511a000

Heap:
 PSYoungGen      total 125952K, used 60177K [0x00000000eab00000, 0x00000000fbe00000, 0x0000000100000000)
  eden space 111104K, 40% used [0x00000000eab00000,0x00000000ed747fa0,0x00000000f1780000)
  from space 14848K, 99% used [0x00000000f3980000,0x00000000f47fc580,0x00000000f4800000)
  to   space 34816K, 0% used [0x00000000f1780000,0x00000000f1780000,0x00000000f3980000)
 ParOldGen       total 81920K, used 58807K [0x00000000c0000000, 0x00000000c5000000, 0x00000000eab00000)
  object space 81920K, 71% used [0x00000000c0000000,0x00000000c396ddf8,0x00000000c5000000)
 Metaspace       used 7384K, capacity 7768K, committed 7936K, reserved 1056768K
  class space    used 683K, capacity 720K, committed 768K, reserved 1048576K

Card table byte_map: [0x0000000011bb0000,0x0000000011dc0000] byte_map_base: 0x00000000115b0000

Marking Bits: (ParMarkBitMap*) 0x0000000071a764f0
 Begin Bits: [0x0000000012590000, 0x0000000013590000)
 End Bits:   [0x0000000013590000, 0x0000000014590000)

Polling page: 0x0000000000160000

CodeCache: size=245760Kb used=11736Kb max_used=12634Kb free=234023Kb
 bounds [0x00000000027f0000, 0x0000000003460000, 0x00000000117f0000]
 total_blobs=2843 nmethods=2564 adapters=191
 compilation: enabled

Compilation events (10 events):
Event: 35.821 Thread 0x00000000564f0800 3114       2       sun.security.provider.SHA::implCompress (491 bytes)
Event: 35.822 Thread 0x00000000564f0800 nmethod 3114 0x000000000299b690 code [0x000000000299b860, 0x000000000299bfc8]
Event: 35.822 Thread 0x00000000564f0800 3115 %     3       sun.security.provider.SHA::implCompress @ 12 (491 bytes)
Event: 35.823 Thread 0x00000000564f0800 nmethod 3115% 0x000000000299a190 code [0x000000000299a380, 0x000000000299ad08]
Event: 35.823 Thread 0x00000000564f0800 3116       3       sun.security.provider.SHA::implCompress (491 bytes)
Event: 35.824 Thread 0x00000000564f0800 nmethod 3116 0x0000000002998e50 code [0x0000000002999040, 0x0000000002999928]
Event: 35.825 Thread 0x00000000564f0800 3118       2       sun.security.provider.ByteArrayAccess::b2iBig64 (614 bytes)
Event: 35.826 Thread 0x00000000564f0800 nmethod 3118 0x0000000002998250 code [0x00000000029983e0, 0x0000000002998b28]
Event: 35.851 Thread 0x00000000564f0800 3120       1       java.nio.Buffer::position (5 bytes)
Event: 35.852 Thread 0x00000000564f0800 nmethod 3120 0x0000000002c73790 code [0x0000000002c738e0, 0x0000000002c739f0]

GC Heap History (10 events):
Event: 15.857 GC heap before
{Heap before GC invocations=5 (full 0):
 PSYoungGen      total 68096K, used 68069K [0x00000000eab00000, 0x00000000ef000000, 0x0000000100000000)
  eden space 65536K, 100% used [0x00000000eab00000,0x00000000eeb00000,0x00000000eeb00000)
  from space 2560K, 98% used [0x00000000eed80000,0x00000000eeff9670,0x00000000ef000000)
  to   space 2560K, 0% used [0x00000000eeb00000,0x00000000eeb00000,0x00000000eed80000)
 ParOldGen       total 44032K, used 12200K [0x00000000c0000000, 0x00000000c2b00000, 0x00000000eab00000)
  object space 44032K, 27% used [0x00000000c0000000,0x00000000c0bea118,0x00000000c2b00000)
 Metaspace       used 6341K, capacity 7156K, committed 7296K, reserved 1056768K
  class space    used 606K, capacity 620K, committed 640K, reserved 1048576K
Event: 16.389 GC heap after
Heap after GC invocations=5 (full 0):
 PSYoungGen      total 68096K, used 2528K [0x00000000eab00000, 0x00000000f4800000, 0x0000000100000000)
  eden space 65536K, 0% used [0x00000000eab00000,0x00000000eab00000,0x00000000eeb00000)
  from space 2560K, 98% used [0x00000000eeb00000,0x00000000eed78078,0x00000000eed80000)
  to   space 14848K, 0% used [0x00000000f3980000,0x00000000f3980000,0x00000000f4800000)
 ParOldGen       total 44032K, used 22885K [0x00000000c0000000, 0x00000000c2b00000, 0x00000000eab00000)
  object space 44032K, 51% used [0x00000000c0000000,0x00000000c16596e8,0x00000000c2b00000)
 Metaspace       used 6341K, capacity 7156K, committed 7296K, reserved 1056768K
  class space    used 606K, capacity 620K, committed 640K, reserved 1048576K
}
Event: 20.658 GC heap before
{Heap before GC invocations=6 (full 0):
 PSYoungGen      total 68096K, used 68064K [0x00000000eab00000, 0x00000000f4800000, 0x0000000100000000)
  eden space 65536K, 100% used [0x00000000eab00000,0x00000000eeb00000,0x00000000eeb00000)
  from space 2560K, 98% used [0x00000000eeb00000,0x00000000eed78078,0x00000000eed80000)
  to   space 14848K, 0% used [0x00000000f3980000,0x00000000f3980000,0x00000000f4800000)
 ParOldGen       total 44032K, used 22885K [0x00000000c0000000, 0x00000000c2b00000, 0x00000000eab00000)
  object space 44032K, 51% used [0x00000000c0000000,0x00000000c16596e8,0x00000000c2b00000)
 Metaspace       used 6428K, capacity 7220K, committed 7296K, reserved 1056768K
  class space    used 606K, capacity 620K, committed 640K, reserved 1048576K
Event: 20.698 GC heap after
Heap after GC invocations=6 (full 0):
 PSYoungGen      total 143360K, used 13585K [0x00000000eab00000, 0x00000000f4d00000, 0x0000000100000000)
  eden space 128512K, 0% used [0x00000000eab00000,0x00000000eab00000,0x00000000f2880000)
  from space 14848K, 91% used [0x00000000f3980000,0x00000000f46c4468,0x00000000f4800000)
  to   space 17408K, 0% used [0x00000000f2880000,0x00000000f2880000,0x00000000f3980000)
 ParOldGen       total 44032K, used 22893K [0x00000000c0000000, 0x00000000c2b00000, 0x00000000eab00000)
  object space 44032K, 51% used [0x00000000c0000000,0x00000000c165b6e8,0x00000000c2b00000)
 Metaspace       used 6428K, capacity 7220K, committed 7296K, reserved 1056768K
  class space    used 606K, capacity 620K, committed 640K, reserved 1048576K
}
Event: 29.583 GC heap before
{Heap before GC invocations=7 (full 0):
 PSYoungGen      total 143360K, used 142097K [0x00000000eab00000, 0x00000000f4d00000, 0x0000000100000000)
  eden space 128512K, 100% used [0x00000000eab00000,0x00000000f2880000,0x00000000f2880000)
  from space 14848K, 91% used [0x00000000f3980000,0x00000000f46c4468,0x00000000f4800000)
  to   space 17408K, 0% used [0x00000000f2880000,0x00000000f2880000,0x00000000f3980000)
 ParOldGen       total 44032K, used 22893K [0x00000000c0000000, 0x00000000c2b00000, 0x00000000eab00000)
  object space 44032K, 51% used [0x00000000c0000000,0x00000000c165b6e8,0x00000000c2b00000)
 Metaspace       used 6579K, capacity 7256K, committed 7424K, reserved 1056768K
  class space    used 626K, capacity 656K, committed 768K, reserved 1048576K
Event: 29.750 GC heap after
Heap after GC invocations=7 (full 0):
 PSYoungGen      total 145920K, used 17379K [0x00000000eab00000, 0x00000000f4d00000, 0x0000000100000000)
  eden space 128512K, 0% used [0x00000000eab00000,0x00000000eab00000,0x00000000f2880000)
  from space 17408K, 99% used [0x00000000f2880000,0x00000000f3978e50,0x00000000f3980000)
  to   space 14848K, 0% used [0x00000000f3980000,0x00000000f3980000,0x00000000f4800000)
 ParOldGen       total 44032K, used 38676K [0x00000000c0000000, 0x00000000c2b00000, 0x00000000eab00000)
  object space 44032K, 87% used [0x00000000c0000000,0x00000000c25c53e8,0x00000000c2b00000)
 Metaspace       used 6579K, capacity 7256K, committed 7424K, reserved 1056768K
  class space    used 626K, capacity 656K, committed 768K, reserved 1048576K
}
Event: 29.750 GC heap before
{Heap before GC invocations=8 (full 1):
 PSYoungGen      total 145920K, used 17379K [0x00000000eab00000, 0x00000000f4d00000, 0x0000000100000000)
  eden space 128512K, 0% used [0x00000000eab00000,0x00000000eab00000,0x00000000f2880000)
  from space 17408K, 99% used [0x00000000f2880000,0x00000000f3978e50,0x00000000f3980000)
  to   space 14848K, 0% used [0x00000000f3980000,0x00000000f3980000,0x00000000f4800000)
 ParOldGen       total 44032K, used 38676K [0x00000000c0000000, 0x00000000c2b00000, 0x00000000eab00000)
  object space 44032K, 87% used [0x00000000c0000000,0x00000000c25c53e8,0x00000000c2b00000)
 Metaspace       used 6579K, capacity 7256K, committed 7424K, reserved 1056768K
  class space    used 626K, capacity 656K, committed 768K, reserved 1048576K
Event: 30.741 GC heap after
Heap after GC invocations=8 (full 1):
 PSYoungGen      total 145920K, used 9668K [0x00000000eab00000, 0x00000000f4d00000, 0x0000000100000000)
  eden space 128512K, 0% used [0x00000000eab00000,0x00000000eab00000,0x00000000f2880000)
  from space 17408K, 55% used [0x00000000f2880000,0x00000000f31f10d8,0x00000000f3980000)
  to   space 14848K, 0% used [0x00000000f3980000,0x00000000f3980000,0x00000000f4800000)
 ParOldGen       total 81920K, used 43591K [0x00000000c0000000, 0x00000000c5000000, 0x00000000eab00000)
  object space 81920K, 53% used [0x00000000c0000000,0x00000000c2a91fc0,0x00000000c5000000)
 Metaspace       used 6579K, capacity 7256K, committed 7424K, reserved 1056768K
  class space    used 626K, capacity 656K, committed 768K, reserved 1048576K
}
Event: 34.480 GC heap before
{Heap before GC invocations=9 (full 1):
 PSYoungGen      total 145920K, used 138180K [0x00000000eab00000, 0x00000000f4d00000, 0x0000000100000000)
  eden space 128512K, 100% used [0x00000000eab00000,0x00000000f2880000,0x00000000f2880000)
  from space 17408K, 55% used [0x00000000f2880000,0x00000000f31f10d8,0x00000000f3980000)
  to   space 14848K, 0% used [0x00000000f3980000,0x00000000f3980000,0x00000000f4800000)
 ParOldGen       total 81920K, used 43591K [0x00000000c0000000, 0x00000000c5000000, 0x00000000eab00000)
  object space 81920K, 53% used [0x00000000c0000000,0x00000000c2a91fc0,0x00000000c5000000)
 Metaspace       used 6594K, capacity 7256K, committed 7424K, reserved 1056768K
  class space    used 626K, capacity 656K, committed 768K, reserved 1048576K
Event: 34.576 GC heap after
Heap after GC invocations=9 (full 1):
 PSYoungGen      total 125952K, used 14833K [0x00000000eab00000, 0x00000000fbe00000, 0x0000000100000000)
  eden space 111104K, 0% used [0x00000000eab00000,0x00000000eab00000,0x00000000f1780000)
  from space 14848K, 99% used [0x00000000f3980000,0x00000000f47fc580,0x00000000f4800000)
  to   space 34816K, 0% used [0x00000000f1780000,0x00000000f1780000,0x00000000f3980000)
 ParOldGen       total 81920K, used 58807K [0x00000000c0000000, 0x00000000c5000000, 0x00000000eab00000)
  object space 81920K, 71% used [0x00000000c0000000,0x00000000c396ddf8,0x00000000c5000000)
 Metaspace       used 6594K, capacity 7256K, committed 7424K, reserved 1056768K
  class space    used 626K, capacity 656K, committed 768K, reserved 1048576K
}

Deoptimization events (10 events):
Event: 34.930 Thread 0x000000005673c000 Uncommon trap: reason=unstable_if action=reinterpret pc=0x0000000002f300f0 method=java.util.TreeMap.put(Ljava/lang/Object;Ljava/lang/Object;)Ljava/lang/Object; @ 163
Event: 35.409 Thread 0x000000005673c000 Uncommon trap: reason=unstable_if action=reinterpret pc=0x0000000002fd7690 method=java.util.ArrayList.<init>(I)V @ 5
Event: 35.497 Thread 0x000000005673c000 Uncommon trap: reason=unstable_if action=reinterpret pc=0x0000000002afab7c method=java.lang.Long.numberOfTrailingZeros(J)I @ 3
Event: 35.808 Thread 0x000000005673c000 Uncommon trap: reason=unstable_if action=reinterpret pc=0x0000000002ae61e8 method=java.util.Arrays.copyOf([Ljava/lang/Object;ILjava/lang/Class;)[Ljava/lang/Object; @ 3
Event: 35.809 Thread 0x000000005673c000 Uncommon trap: reason=speculate_class_check action=maybe_recompile pc=0x0000000002ac19a0 method=java.util.HashMap.putVal(ILjava/lang/Object;Ljava/lang/Object;ZZ)Ljava/lang/Object; @ 56
Event: 35.810 Thread 0x000000005673c000 Uncommon trap: reason=speculate_class_check action=maybe_recompile pc=0x0000000002ac19d8 method=java.util.HashMap.putVal(ILjava/lang/Object;Ljava/lang/Object;ZZ)Ljava/lang/Object; @ 152
Event: 35.810 Thread 0x000000005673c000 Uncommon trap: reason=speculate_class_check action=maybe_recompile pc=0x0000000002ac19a0 method=java.util.HashMap.putVal(ILjava/lang/Object;Ljava/lang/Object;ZZ)Ljava/lang/Object; @ 56
Event: 35.810 Thread 0x000000005673c000 Uncommon trap: reason=speculate_class_check action=maybe_recompile pc=0x0000000002ac19a0 method=java.util.HashMap.putVal(ILjava/lang/Object;Ljava/lang/Object;ZZ)Ljava/lang/Object; @ 56
Event: 35.810 Thread 0x000000005673c000 Uncommon trap: reason=class_check action=maybe_recompile pc=0x0000000002a6ae5c method=java.util.HashMap.putVal(ILjava/lang/Object;Ljava/lang/Object;ZZ)Ljava/lang/Object; @ 56
Event: 35.810 Thread 0x000000005673c000 Uncommon trap: reason=class_check action=maybe_recompile pc=0x0000000002a6ae5c method=java.util.HashMap.putVal(ILjava/lang/Object;Ljava/lang/Object;ZZ)Ljava/lang/Object; @ 56

Internal exceptions (9 events):
Event: 0.053 Thread 0x00000000001cd800 Exception <a 'java/lang/NoSuchMethodError': Method sun.misc.Unsafe.defineClass(Ljava/lang/String;[BII)Ljava/lang/Class; name or signature does not match> (0x00000000eab07cc0) thrown at [D:\re\workspace\8-2-build-windows-amd64-cygwin\jdk8u92\6642\hotspot\srTL×çk«?
Event: 0.054 Thread 0x00000000001cd800 Exception <a 'java/lang/NoSuchMethodError': Method sun.misc.Unsafe.prefetchRead(Ljava/lang/Object;J)V name or signature does not match> (0x00000000eab07fa8) thrown at [D:\re\workspace\8-2-build-windows-amd64-cygwin\jdk8u92\6642\hotspot\src\share\vm\prims\jfM7	~£@
Event: 3.455 Thread 0x0000000056742800 Implicit null exception at 0x0000000002ac4192 to 0x0000000002ac4291
Event: 8.198 Thread 0x000000005673c000 Implicit null exception at 0x0000000002f45008 to 0x0000000002f49a41
Event: 20.593 Thread 0x0000000056741800 Implicit null exception at 0x0000000002d1c0a0 to 0x0000000002d1dad1
Event: 21.514 Thread 0x000000005673c000 Exception <a 'java/lang/ArrayIndexOutOfBoundsException': 18> (0x00000000ed6cee10) thrown at [D:\re\workspace\8-2-build-windows-amd64-cygwin\jdk8u92\6642\hotspot\src\share\vm\interpreter\interpreterRuntime.cpp, line 366]
Event: 21.514 Thread 0x000000005673c000 Exception <a 'java/lang/ArrayIndexOutOfBoundsException': 145> (0x00000000ed6d0990) thrown at [D:\re\workspace\8-2-build-windows-amd64-cygwin\jdk8u92\6642\hotspot\src\share\vm\interpreter\interpreterRuntime.cpp, line 366]
Event: 21.515 Thread 0x000000005673c000 Exception <a 'java/lang/ArrayIndexOutOfBoundsException': 40> (0x00000000ed6d1c78) thrown at [D:\re\workspace\8-2-build-windows-amd64-cygwin\jdk8u92\6642\hotspot\src\share\vm\interpreter\interpreterRuntime.cpp, line 366]
Event: 35.850 Thread 0x00000000001cd800 Exception <a 'java/lang/OutOfMemoryError'> (0x00000000eab0fee8) thrown at [D:\re\workspace\8-2-build-windows-amd64-cygwin\jdk8u92\6642\hotspot\src\share\vm\prims\jni.cpp, line 735]

Events (10 events):
Event: 35.850 loading class java/lang/Throwable$WrappedPrintStream done
Event: 35.850 loading class java/util/IdentityHashMap
Event: 35.851 loading class java/util/IdentityHashMap done
Event: 35.851 loading class java/util/IdentityHashMap$KeySet
Event: 35.851 loading class java/util/IdentityHashMap$KeySet done
Event: 35.852 loading class java/lang/Shutdown
Event: 35.852 loading class java/lang/Shutdown done
Event: 35.852 loading class java/lang/Shutdown$Lock
Event: 35.852 loading class java/lang/Shutdown$Lock done
Event: 35.852 Thread 0x0000000055187800 Thread exited: 0x0000000055187800


Dynamic libraries:
0x000000013f4d0000 - 0x000000013f507000 	C:\Program Files\Java\jdk1.8.0_92\bin\java.exe
0x0000000076eb0000 - 0x000000007705a000 	C:\windows\SYSTEM32\ntdll.dll
0x0000000076b50000 - 0x0000000076c6f000 	C:\windows\system32\kernel32.dll
0x000007fefcc50000 - 0x000007fefccbb000 	C:\windows\system32\KERNELBASE.dll
0x000007fefe090000 - 0x000007fefe16b000 	C:\windows\system32\ADVAPI32.dll
0x000007fefd030000 - 0x000007fefd0cf000 	C:\windows\system32\msvcrt.dll
0x000007fefdb90000 - 0x000007fefdbaf000 	C:\windows\SYSTEM32\sechost.dll
0x000007fefd260000 - 0x000007fefd38d000 	C:\windows\system32\RPCRT4.dll
0x0000000076c70000 - 0x0000000076d6a000 	C:\windows\system32\USER32.dll
0x000007fefd4a0000 - 0x000007fefd507000 	C:\windows\system32\GDI32.dll
0x000007fefdb80000 - 0x000007fefdb8e000 	C:\windows\system32\LPK.dll
0x000007fefdcb0000 - 0x000007fefdd7a000 	C:\windows\system32\USP10.dll
0x000007fefb550000 - 0x000007fefb744000 	C:\windows\WinSxS\amd64_microsoft.windows.common-controls_6595b64144ccf1df_6.0.7601.18837_none_fa3b1e3d17594757\COMCTL32.dll
0x000007fefdb00000 - 0x000007fefdb71000 	C:\windows\system32\SHLWAPI.dll
0x000007fefe320000 - 0x000007fefe34e000 	C:\windows\system32\IMM32.DLL
0x000007fefd390000 - 0x000007fefd499000 	C:\windows\system32\MSCTF.dll
0x0000000073e40000 - 0x0000000073f12000 	C:\Program Files\Java\jdk1.8.0_92\jre\bin\msvcr100.dll
0x0000000071260000 - 0x0000000071af6000 	C:\Program Files\Java\jdk1.8.0_92\jre\bin\server\jvm.dll
0x000007fef5b10000 - 0x000007fef5b19000 	C:\windows\system32\WSOCK32.dll
0x000007fefdab0000 - 0x000007fefdafd000 	C:\windows\system32\WS2_32.dll
0x000007fefde40000 - 0x000007fefde48000 	C:\windows\system32\NSI.dll
0x000007fefcf80000 - 0x000007fefcfbb000 	C:\windows\system32\WINMM.dll
0x000007fefbce0000 - 0x000007fefbcec000 	C:\windows\system32\VERSION.dll
0x0000000077080000 - 0x0000000077087000 	C:\windows\system32\PSAPI.DLL
0x00000000743c0000 - 0x00000000743cf000 	C:\Program Files\Java\jdk1.8.0_92\jre\bin\verify.dll
0x0000000074390000 - 0x00000000743b9000 	C:\Program Files\Java\jdk1.8.0_92\jre\bin\java.dll
0x0000000074260000 - 0x0000000074276000 	C:\Program Files\Java\jdk1.8.0_92\jre\bin\zip.dll
0x000007fefe430000 - 0x000007feff1b9000 	C:\windows\system32\SHELL32.dll
0x000007fefd640000 - 0x000007fefd843000 	C:\windows\system32\ole32.dll
0x000007fefcb80000 - 0x000007fefcb8f000 	C:\windows\system32\profapi.dll

VM Arguments:
jvm_args: -Djava.awt.headless=true -Xmx1024M -Dfile.encoding=GBK -Duser.country=CN -Duser.language=zh -Duser.variant 
java_command: com.android.dx.command.Main --dex --force-jumbo --num-threads=4 --multi-dex --output D:\HouseKeeperApplication\common_dialog\build\intermediates\transforms\dex\debug\folders\1000\10\com.android.support-support-v4-23.4.0_acb2d6e046c555bffef3af3dcf2d2bae26730ccb D:\HouseKeeperApplication\common_dialog\build\intermediates\exploded-aar\com.android.support\support-v4\23.4.0\jars\classes.jar
java_class_path (initial): D:\sdk\build-tools\24.0.1\lib\dx.jar
Launcher Type: SUN_STANDARD

Environment Variables:
PATH=C:\Program Files\Java\jdk1.8.0_92\bin;
USERNAME=Administrator
OS=Windows_NT
PROCESSOR_IDENTIFIER=Intel64 Family 6 Model 42 Stepping 7, GenuineIntel



---------------  S Y S T E M  ---------------

OS: Windows 7 , 64 bit Build 7601 (6.1.7601.19135)

CPU:total 4 (2 cores per cpu, 2 threads per core) family 6 model 42 stepping 7, cmov, cx8, fxsr, mmx, sse, sse2, sse3, ssse3, sse4.1, sse4.2, popcnt, avx, clmul, ht, tsc, tscinvbit

Memory: 4k page, physical 4133888k(338884k free), swap 5180628k(6036k free)

vm_info: Java HotSpot(TM) 64-Bit Server VM (25.92-b14) for windows-amd64 JRE (1.8.0_92-b14), built on Mar 31 2016 21:03:04 by "java_re" with MS VC++ 10.0 (VS2010)

time: Mon Aug 22 12:22:02 2016
elapsed time: 35 seconds (0d 0h 0m 35s)

