#
# There is insufficient memory for the Java Runtime Environment to continue.
# Native memory allocation (malloc) failed to allocate 377680 bytes for Chunk::new
# Possible reasons:
#   The system is out of physical RAM or swap space
#   In 32 bit mode, the process size limit was hit
# Possible solutions:
#   Reduce memory load on the system
#   Increase physical memory or swap space
#   Check if swap backing store is full
#   Use 64 bit Java on a 64 bit OS
#   Decrease Java heap size (-Xmx/-Xms)
#   Decrease number of Java threads
#   Decrease Java thread stack sizes (-Xss)
#   Set larger code cache with -XX:ReservedCodeCacheSize=
# This output file may be truncated or incomplete.
#
#  Out of Memory Error (allocation.cpp:390), pid=5240, tid=0x0000000000000348
#
# JRE version: Java(TM) SE Runtime Environment (8.0_92-b14) (build 1.8.0_92-b14)
# Java VM: Java HotSpot(TM) 64-Bit Server VM (25.92-b14 mixed mode windows-amd64 compressed oops)
# Failed to write core dump. Minidumps are not enabled by default on client versions of Windows
#

---------------  T H R E A D  ---------------

Current thread (0x00000000550bf800):  JavaThread "C2 CompilerThread1" daemon [_thread_in_native, id=840, stack(0x0000000056f00000,0x0000000057000000)]

Stack: [0x0000000056f00000,0x0000000057000000]
[error occurred during error reporting (printing stack bounds), id 0xc0000005]

Native frames: (J=compiled Java code, j=interpreted, Vv=VM code, C=native code)


Current CompileTask:
C2:   2648 1108       4       com.android.dx.ssa.SCCP::simulateBranch (666 bytes)


---------------  P R O C E S S  ---------------

Java Threads: ( => current thread )
  0x00000000567ab000 JavaThread "pool-3-thread-1" [_thread_blocked, id=5624, stack(0x00000000560c0000,0x00000000561c0000)]
  0x0000000056601000 JavaThread "Service Thread" daemon [_thread_blocked, id=5836, stack(0x0000000057210000,0x0000000057310000)]
  0x00000000565f4800 JavaThread "C1 CompilerThread2" daemon [_thread_blocked, id=5664, stack(0x0000000057020000,0x0000000057120000)]
=>0x00000000550bf800 JavaThread "C2 CompilerThread1" daemon [_thread_in_native, id=840, stack(0x0000000056f00000,0x0000000057000000)]
  0x00000000550bb800 JavaThread "C2 CompilerThread0" daemon [_thread_in_native, id=5172, stack(0x0000000056db0000,0x0000000056eb0000)]
  0x00000000550b8000 JavaThread "Attach Listener" daemon [_thread_blocked, id=3240, stack(0x0000000056be0000,0x0000000056ce0000)]
  0x00000000550b7800 JavaThread "Signal Dispatcher" daemon [_thread_blocked, id=6112, stack(0x0000000056a20000,0x0000000056b20000)]
  0x0000000055099000 JavaThread "Finalizer" daemon [_thread_blocked, id=5912, stack(0x00000000564e0000,0x00000000565e0000)]
  0x0000000055052000 JavaThread "Reference Handler" daemon [_thread_blocked, id=3296, stack(0x00000000563a0000,0x00000000564a0000)]
  0x0000000001d0d800 JavaThread "main" [_thread_blocked, id=1700, stack(0x0000000002550000,0x0000000002650000)]

Other Threads:
  0x000000005504a000 VMThread [stack: 0x0000000056210000,0x0000000056310000] [id=5552]
  0x0000000056684000 WatcherThread [stack: 0x00000000573c0000,0x00000000574c0000] [id=5432]

VM state:not at safepoint (normal execution)

VM Mutex/Monitor currently owned by a thread: None

Heap:
 PSYoungGen      total 35328K, used 29412K [0x00000000eab00000, 0x00000000ed000000, 0x0000000100000000)
  eden space 32768K, 82% used [0x00000000eab00000,0x00000000ec540580,0x00000000ecb00000)
  from space 2560K, 98% used [0x00000000ecd80000,0x00000000ecff8ac8,0x00000000ed000000)
  to   space 2560K, 0% used [0x00000000ecb00000,0x00000000ecb00000,0x00000000ecd80000)
 ParOldGen       total 44032K, used 4513K [0x00000000c0000000, 0x00000000c2b00000, 0x00000000eab00000)
  object space 44032K, 10% used [0x00000000c0000000,0x00000000c0468708,0x00000000c2b00000)
 Metaspace       used 6030K, capacity 6902K, committed 7040K, reserved 1056768K
  class space    used 603K, capacity 622K, committed 640K, reserved 1048576K

Card table byte_map: [0x0000000011ad0000,0x0000000011ce0000] byte_map_base: 0x00000000114d0000

Marking Bits: (ParMarkBitMap*) 0x0000000071a764f0
 Begin Bits: [0x00000000124c0000, 0x00000000134c0000)
 End Bits:   [0x00000000134c0000, 0x00000000144c0000)

Polling page: 0x0000000000460000

CodeCache: size=245760Kb used=4717Kb max_used=4737Kb free=241042Kb
 bounds [0x0000000002710000, 0x0000000002bc0000, 0x0000000011710000]
 total_blobs=1506 nmethods=1237 adapters=182
 compilation: enabled

Compilation events (10 events):
Event: 2.570 Thread 0x00000000565f4800 1273       2       com.android.dx.ssa.back.FirstFitLocalCombiningAllocator::handleNormalUnassociated (99 bytes)
Event: 2.571 Thread 0x00000000565f4800 nmethod 1273 0x0000000002ba7b90 code [0x0000000002ba7dc0, 0x0000000002ba8378]
Event: 2.571 Thread 0x00000000565f4800 1274       2       com.android.dx.util.IntList::shrink (42 bytes)
Event: 2.572 Thread 0x00000000565f4800 nmethod 1274 0x0000000002ba8a90 code [0x0000000002ba8c20, 0x0000000002ba8fa8]
Event: 2.572 Thread 0x00000000565f4800 1275       2       com.android.dx.rop.type.Prototype::compareTo (120 bytes)
Event: 2.573 Thread 0x00000000565f4800 nmethod 1275 0x0000000002ba9190 code [0x0000000002ba9340, 0x0000000002ba9718]
Event: 2.579 Thread 0x00000000565f4800 1276       2       java.util.concurrent.locks.AbstractOwnableSynchronizer::setExclusiveOwnerThread (6 bytes)
Event: 2.579 Thread 0x00000000565f4800 nmethod 1276 0x0000000002bab150 code [0x0000000002bab2a0, 0x0000000002bab410]
Event: 2.593 Thread 0x00000000550bb800 nmethod 1143 0x0000000002baec50 code [0x0000000002baeec0, 0x0000000002bb0f08]
Event: 2.593 Thread 0x00000000550bb800 1235       4       com.android.dx.ssa.SCCP::simulatePhi (169 bytes)

GC Heap History (4 events):
Event: 1.853 GC heap before
{Heap before GC invocations=1 (full 0):
 PSYoungGen      total 18944K, used 16384K [0x00000000eab00000, 0x00000000ec000000, 0x0000000100000000)
  eden space 16384K, 100% used [0x00000000eab00000,0x00000000ebb00000,0x00000000ebb00000)
  from space 2560K, 0% used [0x00000000ebd80000,0x00000000ebd80000,0x00000000ec000000)
  to   space 2560K, 0% used [0x00000000ebb00000,0x00000000ebb00000,0x00000000ebd80000)
 ParOldGen       total 44032K, used 0K [0x00000000c0000000, 0x00000000c2b00000, 0x00000000eab00000)
  object space 44032K, 0% used [0x00000000c0000000,0x00000000c0000000,0x00000000c2b00000)
 Metaspace       used 5804K, capacity 6708K, committed 6784K, reserved 1056768K
  class space    used 598K, capacity 620K, committed 640K, reserved 1048576K
Event: 1.883 GC heap after
Heap after GC invocations=1 (full 0):
 PSYoungGen      total 18944K, used 2546K [0x00000000eab00000, 0x00000000ed000000, 0x0000000100000000)
  eden space 16384K, 0% used [0x00000000eab00000,0x00000000eab00000,0x00000000ebb00000)
  from space 2560K, 99% used [0x00000000ebb00000,0x00000000ebd7cac8,0x00000000ebd80000)
  to   space 2560K, 0% used [0x00000000ecd80000,0x00000000ecd80000,0x00000000ed000000)
 ParOldGen       total 44032K, used 1977K [0x00000000c0000000, 0x00000000c2b00000, 0x00000000eab00000)
  object space 44032K, 4% used [0x00000000c0000000,0x00000000c01ee5b0,0x00000000c2b00000)
 Metaspace       used 5804K, capacity 6708K, committed 6784K, reserved 1056768K
  class space    used 598K, capacity 620K, committed 640K, reserved 1048576K
}
Event: 2.128 GC heap before
{Heap before GC invocations=2 (full 0):
 PSYoungGen      total 18944K, used 18930K [0x00000000eab00000, 0x00000000ed000000, 0x0000000100000000)
  eden space 16384K, 100% used [0x00000000eab00000,0x00000000ebb00000,0x00000000ebb00000)
  from space 2560K, 99% used [0x00000000ebb00000,0x00000000ebd7cac8,0x00000000ebd80000)
  to   space 2560K, 0% used [0x00000000ecd80000,0x00000000ecd80000,0x00000000ed000000)
 ParOldGen       total 44032K, used 1977K [0x00000000c0000000, 0x00000000c2b00000, 0x00000000eab00000)
  object space 44032K, 4% used [0x00000000c0000000,0x00000000c01ee5b0,0x00000000c2b00000)
 Metaspace       used 5871K, capacity 6772K, committed 7040K, reserved 1056768K
  class space    used 599K, capacity 620K, committed 640K, reserved 1048576K
Event: 2.137 GC heap after
Heap after GC invocations=2 (full 0):
 PSYoungGen      total 35328K, used 2530K [0x00000000eab00000, 0x00000000ed000000, 0x0000000100000000)
  eden space 32768K, 0% used [0x00000000eab00000,0x00000000eab00000,0x00000000ecb00000)
  from space 2560K, 98% used [0x00000000ecd80000,0x00000000ecff8ac8,0x00000000ed000000)
  to   space 2560K, 0% used [0x00000000ecb00000,0x00000000ecb00000,0x00000000ecd80000)
 ParOldGen       total 44032K, used 4513K [0x00000000c0000000, 0x00000000c2b00000, 0x00000000eab00000)
  object space 44032K, 10% used [0x00000000c0000000,0x00000000c0468708,0x00000000c2b00000)
 Metaspace       used 5871K, capacity 6772K, committed 7040K, reserved 1056768K
  class space    used 599K, capacity 620K, committed 640K, reserved 1048576K
}

Deoptimization events (10 events):
Event: 2.047 Thread 0x0000000001d0d800 Uncommon trap: reason=null_check action=make_not_entrant pc=0x0000000002a7e970 method=com.android.dx.ssa.SsaRenamer.getLocalForNewReg(I)Lcom/android/dx/rop/code/LocalItem; @ 19
Event: 2.050 Thread 0x00000000567ac800 Uncommon trap: reason=unstable_if action=reinterpret pc=0x00000000029831dc method=com.android.dx.rop.code.RegisterSpecSet.put(Lcom/android/dx/rop/code/RegisterSpec;)V @ 77
Event: 2.050 Thread 0x00000000567ac800 Uncommon trap: reason=unstable_if action=reinterpret pc=0x00000000029ce854 method=com.android.dx.rop.code.RegisterSpecSet.put(Lcom/android/dx/rop/code/RegisterSpec;)V @ 77
Event: 2.057 Thread 0x00000000567ac800 Uncommon trap: reason=bimorphic action=maybe_recompile pc=0x00000000029cd3b4 method=java.util.HashMap.getNode(ILjava/lang/Object;)Ljava/util/HashMap$Node; @ 126
Event: 2.063 Thread 0x0000000001d0d800 Uncommon trap: reason=null_check action=make_not_entrant pc=0x0000000002a6e580 method=com.android.dx.ssa.SsaRenamer.getLocalForNewReg(I)Lcom/android/dx/rop/code/LocalItem; @ 19
Event: 2.160 Thread 0x00000000567ab800 Uncommon trap: reason=bimorphic action=maybe_recompile pc=0x0000000002a91a90 method=com.android.dx.ssa.SCCP.simulatePhi(Lcom/android/dx/ssa/PhiInsn;)V @ 124
Event: 2.481 Thread 0x00000000567ac800 Uncommon trap: reason=bimorphic action=maybe_recompile pc=0x0000000002a91a90 method=com.android.dx.ssa.SCCP.simulatePhi(Lcom/android/dx/ssa/PhiInsn;)V @ 124
Event: 2.481 Thread 0x00000000567ac800 Uncommon trap: reason=bimorphic action=maybe_recompile pc=0x0000000002a91b94 method=com.android.dx.ssa.SCCP.setLatticeValueTo(IILcom/android/dx/rop/cst/Constant;)Z @ 43
Event: 2.481 Thread 0x00000000567ac800 Uncommon trap: reason=bimorphic action=maybe_recompile pc=0x0000000002a91a90 method=com.android.dx.ssa.SCCP.simulatePhi(Lcom/android/dx/ssa/PhiInsn;)V @ 124
Event: 2.481 Thread 0x00000000567ac800 Uncommon trap: reason=bimorphic action=maybe_recompile pc=0x0000000002a91a90 method=com.android.dx.ssa.SCCP.simulatePhi(Lcom/android/dx/ssa/PhiInsn;)V @ 124

Internal exceptions (4 events):
Event: 0.600 Thread 0x0000000001d0d800 Exception <a 'java/lang/NoSuchMethodError': Method sun.misc.Unsafe.defineClass(Ljava/lang/String;[BII)Ljava/lang/Class; name or signature does not match> (0x00000000eab07cc0) thrown at [D:\re\workspace\8-2-build-windows-amd64-cygwin\jdk8u92\6642\hotspot\sr" f(7ã?
Event: 0.600 Thread 0x0000000001d0d800 Exception <a 'java/lang/NoSuchMethodError': Method sun.misc.Unsafe.prefetchRead(Ljava/lang/Object;J)V name or signature does not match> (0x00000000eab07fa8) thrown at [D:\re\workspace\8-2-build-windows-amd64-cygwin\jdk8u92\6642\hotspot\src\share\vm\prims\jÂ‹F`
Event: 2.047 Thread 0x0000000001d0d800 Implicit null exception at 0x0000000002a7cb1b to 0x0000000002a7e935
Event: 2.063 Thread 0x0000000001d0d800 Implicit null exception at 0x0000000002a6c51a to 0x0000000002a6e559

Events (10 events):
Event: 2.481 Thread 0x00000000567ac800 DEOPT PACKING pc=0x0000000002a91b94 sp=0x0000000057a9e7e0
Event: 2.481 Thread 0x00000000567ac800 DEOPT UNPACKING pc=0x000000000275582a sp=0x0000000057a9e728 mode 2
Event: 2.481 Thread 0x00000000567ac800 Uncommon trap: trap_request=0xffffffc6 fr.pc=0x0000000002a91a90
Event: 2.481 Thread 0x00000000567ac800 DEOPT PACKING pc=0x0000000002a91a90 sp=0x0000000057a9e7e0
Event: 2.481 Thread 0x00000000567ac800 DEOPT UNPACKING pc=0x000000000275582a sp=0x0000000057a9e798 mode 2
Event: 2.481 Thread 0x00000000567ac800 Uncommon trap: trap_request=0xffffffc6 fr.pc=0x0000000002a91a90
Event: 2.481 Thread 0x00000000567ac800 DEOPT PACKING pc=0x0000000002a91a90 sp=0x0000000057a9e7e0
Event: 2.481 Thread 0x00000000567ac800 DEOPT UNPACKING pc=0x000000000275582a sp=0x0000000057a9e798 mode 2
Event: 2.500 Thread 0x00000000567ac800 Thread exited: 0x00000000567ac800
Event: 2.572 Thread 0x0000000056795000 Thread exited: 0x0000000056795000


Dynamic libraries:
0x000000013f4d0000 - 0x000000013f507000 	C:\Program Files\Java\jdk1.8.0_92\bin\java.exe
0x0000000076eb0000 - 0x000000007705a000 	C:\windows\SYSTEM32\ntdll.dll
0x0000000076b50000 - 0x0000000076c6f000 	C:\windows\system32\kernel32.dll
0x000007fefcc50000 - 0x000007fefccbb000 	C:\windows\system32\KERNELBASE.dll
0x000007fefe090000 - 0x000007fefe16b000 	C:\windows\system32\ADVAPI32.dll
0x000007fefd030000 - 0x000007fefd0cf000 	C:\windows\system32\msvcrt.dll
0x000007fefdb90000 - 0x000007fefdbaf000 	C:\windows\SYSTEM32\sechost.dll
0x000007fefd260000 - 0x000007fefd38d000 	C:\windows\system32\RPCRT4.dll
0x0000000076c70000 - 0x0000000076d6a000 	C:\windows\system32\USER32.dll
0x000007fefd4a0000 - 0x000007fefd507000 	C:\windows\system32\GDI32.dll
0x000007fefdb80000 - 0x000007fefdb8e000 	C:\windows\system32\LPK.dll
0x000007fefdcb0000 - 0x000007fefdd7a000 	C:\windows\system32\USP10.dll
0x000007fefb550000 - 0x000007fefb744000 	C:\windows\WinSxS\amd64_microsoft.windows.common-controls_6595b64144ccf1df_6.0.7601.18837_none_fa3b1e3d17594757\COMCTL32.dll
0x000007fefdb00000 - 0x000007fefdb71000 	C:\windows\system32\SHLWAPI.dll
0x000007fefe320000 - 0x000007fefe34e000 	C:\windows\system32\IMM32.DLL
0x000007fefd390000 - 0x000007fefd499000 	C:\windows\system32\MSCTF.dll
0x0000000073e40000 - 0x0000000073f12000 	C:\Program Files\Java\jdk1.8.0_92\jre\bin\msvcr100.dll
0x0000000071260000 - 0x0000000071af6000 	C:\Program Files\Java\jdk1.8.0_92\jre\bin\server\jvm.dll
0x000007fef5b10000 - 0x000007fef5b19000 	C:\windows\system32\WSOCK32.dll
0x000007fefdab0000 - 0x000007fefdafd000 	C:\windows\system32\WS2_32.dll
0x000007fefde40000 - 0x000007fefde48000 	C:\windows\system32\NSI.dll
0x000007fefcf80000 - 0x000007fefcfbb000 	C:\windows\system32\WINMM.dll
0x000007fefbce0000 - 0x000007fefbcec000 	C:\windows\system32\VERSION.dll
0x0000000077080000 - 0x0000000077087000 	C:\windows\system32\PSAPI.DLL
0x00000000743c0000 - 0x00000000743cf000 	C:\Program Files\Java\jdk1.8.0_92\jre\bin\verify.dll
0x0000000074390000 - 0x00000000743b9000 	C:\Program Files\Java\jdk1.8.0_92\jre\bin\java.dll
0x0000000074260000 - 0x0000000074276000 	C:\Program Files\Java\jdk1.8.0_92\jre\bin\zip.dll
0x000007fefe430000 - 0x000007feff1b9000 	C:\windows\system32\SHELL32.dll
0x000007fefd640000 - 0x000007fefd843000 	C:\windows\system32\ole32.dll
0x000007fefcb80000 - 0x000007fefcb8f000 	C:\windows\system32\profapi.dll

VM Arguments:
jvm_args: -Djava.awt.headless=true -Xmx1024M -Dfile.encoding=GBK -Duser.country=CN -Duser.language=zh -Duser.variant 
java_command: com.android.dx.command.Main --dex --force-jumbo --num-threads=4 --multi-dex --output D:\HouseKeeperApplication\common_dialog\build\intermediates\transforms\dex\debug\folders\1000\10\instant-run_79763aa9e9cb3084f2034b52aa9d3444e6daae8b D:\HouseKeeperApplication\common_dialog\build\intermediates\incremental-runtime-classes\debug\instant-run.jar
java_class_path (initial): D:\sdk\build-tools\24.0.1\lib\dx.jar
Launcher Type: SUN_STANDARD

Environment Variables:
PATH=C:\Program Files\Java\jdk1.8.0_92\bin;
USERNAME=Administrator
OS=Windows_NT
PROCESSOR_IDENTIFIER=Intel64 Family 6 Model 42 Stepping 7, GenuineIntel



---------------  S Y S T E M  ---------------

OS: Windows 7 , 64 bit Build 7601 (6.1.7601.19135)

CPU:total 4 (2 cores per cpu, 2 threads per core) family 6 model 42 stepping 7, cmov, cx8, fxsr, mmx, sse, sse2, sse3, ssse3, sse4.1, sse4.2, popcnt, avx, clmul, ht, tsc, tscinvbit

Memory: 4k page, physical 4133888k(300952k free), swap 5180628k(5252k free)

vm_info: Java HotSpot(TM) 64-Bit Server VM (25.92-b14) for windows-amd64 JRE (1.8.0_92-b14), built on Mar 31 2016 21:03:04 by "java_re" with MS VC++ 10.0 (VS2010)

time: Mon Aug 22 12:20:24 2016
elapsed time: 2 seconds (0d 0h 0m 2s)

