#
# There is insufficient memory for the Java Runtime Environment to continue.
# Native memory allocation (malloc) failed to allocate 131088 bytes for Chunk::new
# Possible reasons:
#   The system is out of physical RAM or swap space
#   In 32 bit mode, the process size limit was hit
# Possible solutions:
#   Reduce memory load on the system
#   Increase physical memory or swap space
#   Check if swap backing store is full
#   Use 64 bit Java on a 64 bit OS
#   Decrease Java heap size (-Xmx/-Xms)
#   Decrease number of Java threads
#   Decrease Java thread stack sizes (-Xss)
#   Set larger code cache with -XX:ReservedCodeCacheSize=
# This output file may be truncated or incomplete.
#
#  Out of Memory Error (allocation.cpp:390), pid=5728, tid=0x000000000000178c
#
# JRE version: Java(TM) SE Runtime Environment (8.0_92-b14) (build 1.8.0_92-b14)
# Java VM: Java HotSpot(TM) 64-Bit Server VM (25.92-b14 mixed mode windows-amd64 compressed oops)
# Failed to write core dump. Minidumps are not enabled by default on client versions of Windows
#

---------------  T H R E A D  ---------------

Current thread (0x0000000056557000):  JavaThread "C2 CompilerThread1" daemon [_thread_in_native, id=6028, stack(0x0000000056da0000,0x0000000056ea0000)]

Stack: [0x0000000056da0000,0x0000000056ea0000]
[error occurred during error reporting (printing stack bounds), id 0xc0000005]

Native frames: (J=compiled Java code, j=interpreted, Vv=VM code, C=native code)


Current CompileTask:
C2:  26624 2576       4       com.android.dx.dex.code.OutputFinisher::addConstants (93 bytes)


---------------  P R O C E S S  ---------------

Java Threads: ( => current thread )
  0x0000000056853000 JavaThread "pool-1-thread-1" [_thread_in_Java, id=5700, stack(0x0000000057220000,0x0000000057320000)]
  0x00000000565b3800 JavaThread "Service Thread" daemon [_thread_blocked, id=6040, stack(0x00000000570a0000,0x00000000571a0000)]
  0x00000000565b0800 JavaThread "C1 CompilerThread2" daemon [_thread_blocked, id=6036, stack(0x0000000056eb0000,0x0000000056fb0000)]
=>0x0000000056557000 JavaThread "C2 CompilerThread1" daemon [_thread_in_native, id=6028, stack(0x0000000056da0000,0x0000000056ea0000)]
  0x000000005523b000 JavaThread "C2 CompilerThread0" daemon [_thread_in_native, id=6020, stack(0x0000000056c80000,0x0000000056d80000)]
  0x000000005523a000 JavaThread "Attach Listener" daemon [_thread_blocked, id=6016, stack(0x0000000056ab0000,0x0000000056bb0000)]
  0x0000000055237800 JavaThread "Signal Dispatcher" daemon [_thread_blocked, id=6012, stack(0x0000000056970000,0x0000000056a70000)]
  0x0000000055218800 JavaThread "Finalizer" daemon [_thread_blocked, id=5920, stack(0x0000000056320000,0x0000000056420000)]
  0x00000000551d1800 JavaThread "Reference Handler" daemon [_thread_blocked, id=5916, stack(0x0000000056440000,0x0000000056540000)]
  0x000000000251d800 JavaThread "main" [_thread_blocked, id=5796, stack(0x0000000002860000,0x0000000002960000)]

Other Threads:
  0x00000000551ca000 VMThread [stack: 0x00000000561d0000,0x00000000562d0000] [id=5892]
  0x0000000056618800 WatcherThread [stack: 0x0000000057370000,0x0000000057470000] [id=6044]

VM state:not at safepoint (normal execution)

VM Mutex/Monitor currently owned by a thread: None

Heap:
 PSYoungGen      total 201216K, used 45616K [0x00000000eab00000, 0x00000000fde00000, 0x0000000100000000)
  eden space 172544K, 9% used [0x00000000eab00000,0x00000000ebb8d048,0x00000000f5380000)
  from space 28672K, 99% used [0x00000000fc200000,0x00000000fddff1a8,0x00000000fde00000)
  to   space 34304K, 0% used [0x00000000f9b00000,0x00000000f9b00000,0x00000000fbc80000)
 ParOldGen       total 87040K, used 44604K [0x00000000c0000000, 0x00000000c5500000, 0x00000000eab00000)
  object space 87040K, 51% used [0x00000000c0000000,0x00000000c2b8f158,0x00000000c5500000)
 Metaspace       used 6676K, capacity 7320K, committed 7680K, reserved 1056768K
  class space    used 632K, capacity 656K, committed 768K, reserved 1048576K

Card table byte_map: [0x0000000011d20000,0x0000000011f30000] byte_map_base: 0x0000000011720000

Marking Bits: (ParMarkBitMap*) 0x0000000071a764f0
 Begin Bits: [0x0000000012640000, 0x0000000013640000)
 End Bits:   [0x0000000013640000, 0x0000000014640000)

Polling page: 0x0000000000160000

CodeCache: size=245760Kb used=13116Kb max_used=13132Kb free=232643Kb
 bounds [0x0000000002960000, 0x0000000003650000, 0x0000000011960000]
 total_blobs=2690 nmethods=2420 adapters=182
 compilation: enabled

Compilation events (10 events):
Event: 26.497 Thread 0x000000005523b000 nmethod 2574 0x0000000002a70750 code [0x0000000002a70900, 0x0000000002a710f0]
Event: 26.497 Thread 0x000000005523b000 2587 %     4       com.android.dx.dex.code.OutputFinisher::getAllConstants @ 18 (47 bytes)
Event: 26.499 Thread 0x00000000565b0800 2588       3       java.util.HashSet::<init> (17 bytes)
Event: 26.500 Thread 0x00000000565b0800 nmethod 2588 0x0000000002a7a150 code [0x0000000002a7a300, 0x0000000002a7a688]
Event: 26.503 Thread 0x00000000565b0800 2590       3       com.android.dx.dex.code.StdCatchBuilder::getCatchTypes (97 bytes)
Event: 26.504 Thread 0x00000000565b0800 nmethod 2590 0x0000000002aa5b90 code [0x0000000002aa5e20, 0x0000000002aa70c8]
Event: 26.513 Thread 0x00000000565b0800 2591       3       com.android.dx.rop.code.SwitchInsn::getCatches (4 bytes)
Event: 26.513 Thread 0x00000000565b0800 nmethod 2591 0x0000000002aa57d0 code [0x0000000002aa5920, 0x0000000002aa5a70]
Event: 26.518 Thread 0x0000000056557000 nmethod 2553 0x0000000003640550 code [0x0000000003640780, 0x0000000003641b28]
Event: 26.518 Thread 0x0000000056557000 2576       4       com.android.dx.dex.code.OutputFinisher::addConstants (93 bytes)

GC Heap History (10 events):
Event: 12.866 GC heap before
{Heap before GC invocations=5 (full 0):
 PSYoungGen      total 68096K, used 68084K [0x00000000eab00000, 0x00000000ef000000, 0x0000000100000000)
  eden space 65536K, 100% used [0x00000000eab00000,0x00000000eeb00000,0x00000000eeb00000)
  from space 2560K, 99% used [0x00000000eed80000,0x00000000eeffd358,0x00000000ef000000)
  to   space 2560K, 0% used [0x00000000eeb00000,0x00000000eeb00000,0x00000000eed80000)
 ParOldGen       total 44032K, used 11416K [0x00000000c0000000, 0x00000000c2b00000, 0x00000000eab00000)
  object space 44032K, 25% used [0x00000000c0000000,0x00000000c0b261c8,0x00000000c2b00000)
 Metaspace       used 6337K, capacity 7156K, committed 7296K, reserved 1056768K
  class space    used 605K, capacity 620K, committed 640K, reserved 1048576K
Event: 13.084 GC heap after
Heap after GC invocations=5 (full 0):
 PSYoungGen      total 68096K, used 2553K [0x00000000eab00000, 0x00000000f4800000, 0x0000000100000000)
  eden space 65536K, 0% used [0x00000000eab00000,0x00000000eab00000,0x00000000eeb00000)
  from space 2560K, 99% used [0x00000000eeb00000,0x00000000eed7e5d0,0x00000000eed80000)
  to   space 14848K, 0% used [0x00000000f3980000,0x00000000f3980000,0x00000000f4800000)
 ParOldGen       total 44032K, used 22707K [0x00000000c0000000, 0x00000000c2b00000, 0x00000000eab00000)
  object space 44032K, 51% used [0x00000000c0000000,0x00000000c162ceb8,0x00000000c2b00000)
 Metaspace       used 6337K, capacity 7156K, committed 7296K, reserved 1056768K
  class space    used 605K, capacity 620K, committed 640K, reserved 1048576K
}
Event: 15.318 GC heap before
{Heap before GC invocations=6 (full 0):
 PSYoungGen      total 68096K, used 68089K [0x00000000eab00000, 0x00000000f4800000, 0x0000000100000000)
  eden space 65536K, 100% used [0x00000000eab00000,0x00000000eeb00000,0x00000000eeb00000)
  from space 2560K, 99% used [0x00000000eeb00000,0x00000000eed7e5d0,0x00000000eed80000)
  to   space 14848K, 0% used [0x00000000f3980000,0x00000000f3980000,0x00000000f4800000)
 ParOldGen       total 44032K, used 22707K [0x00000000c0000000, 0x00000000c2b00000, 0x00000000eab00000)
  object space 44032K, 51% used [0x00000000c0000000,0x00000000c162ceb8,0x00000000c2b00000)
 Metaspace       used 6454K, capacity 7220K, committed 7296K, reserved 1056768K
  class space    used 605K, capacity 620K, committed 640K, reserved 1048576K
Event: 15.347 GC heap after
Heap after GC invocations=6 (full 0):
 PSYoungGen      total 143360K, used 13674K [0x00000000eab00000, 0x00000000f4d00000, 0x0000000100000000)
  eden space 128512K, 0% used [0x00000000eab00000,0x00000000eab00000,0x00000000f2880000)
  from space 14848K, 92% used [0x00000000f3980000,0x00000000f46da9d0,0x00000000f4800000)
  to   space 17408K, 0% used [0x00000000f2880000,0x00000000f2880000,0x00000000f3980000)
 ParOldGen       total 44032K, used 22707K [0x00000000c0000000, 0x00000000c2b00000, 0x00000000eab00000)
  object space 44032K, 51% used [0x00000000c0000000,0x00000000c162ceb8,0x00000000c2b00000)
 Metaspace       used 6454K, capacity 7220K, committed 7296K, reserved 1056768K
  class space    used 605K, capacity 620K, committed 640K, reserved 1048576K
}
Event: 18.339 GC heap before
{Heap before GC invocations=7 (full 0):
 PSYoungGen      total 143360K, used 142186K [0x00000000eab00000, 0x00000000f4d00000, 0x0000000100000000)
  eden space 128512K, 100% used [0x00000000eab00000,0x00000000f2880000,0x00000000f2880000)
  from space 14848K, 92% used [0x00000000f3980000,0x00000000f46da9d0,0x00000000f4800000)
  to   space 17408K, 0% used [0x00000000f2880000,0x00000000f2880000,0x00000000f3980000)
 ParOldGen       total 44032K, used 22707K [0x00000000c0000000, 0x00000000c2b00000, 0x00000000eab00000)
  object space 44032K, 51% used [0x00000000c0000000,0x00000000c162ceb8,0x00000000c2b00000)
 Metaspace       used 6569K, capacity 7256K, committed 7424K, reserved 1056768K
  class space    used 625K, capacity 656K, committed 768K, reserved 1048576K
Event: 18.481 GC heap after
Heap after GC invocations=7 (full 0):
 PSYoungGen      total 145920K, used 17382K [0x00000000eab00000, 0x00000000fde00000, 0x0000000100000000)
  eden space 128512K, 0% used [0x00000000eab00000,0x00000000eab00000,0x00000000f2880000)
  from space 17408K, 99% used [0x00000000f2880000,0x00000000f39798f0,0x00000000f3980000)
  to   space 28672K, 0% used [0x00000000fc200000,0x00000000fc200000,0x00000000fde00000)
 ParOldGen       total 44032K, used 38290K [0x00000000c0000000, 0x00000000c2b00000, 0x00000000eab00000)
  object space 44032K, 86% used [0x00000000c0000000,0x00000000c25648f0,0x00000000c2b00000)
 Metaspace       used 6569K, capacity 7256K, committed 7424K, reserved 1056768K
  class space    used 625K, capacity 656K, committed 768K, reserved 1048576K
}
Event: 18.481 GC heap before
{Heap before GC invocations=8 (full 1):
 PSYoungGen      total 145920K, used 17382K [0x00000000eab00000, 0x00000000fde00000, 0x0000000100000000)
  eden space 128512K, 0% used [0x00000000eab00000,0x00000000eab00000,0x00000000f2880000)
  from space 17408K, 99% used [0x00000000f2880000,0x00000000f39798f0,0x00000000f3980000)
  to   space 28672K, 0% used [0x00000000fc200000,0x00000000fc200000,0x00000000fde00000)
 ParOldGen       total 44032K, used 38290K [0x00000000c0000000, 0x00000000c2b00000, 0x00000000eab00000)
  object space 44032K, 86% used [0x00000000c0000000,0x00000000c25648f0,0x00000000c2b00000)
 Metaspace       used 6569K, capacity 7256K, committed 7424K, reserved 1056768K
  class space    used 625K, capacity 656K, committed 768K, reserved 1048576K
Event: 20.386 GC heap after
Heap after GC invocations=8 (full 1):
 PSYoungGen      total 145920K, used 9173K [0x00000000eab00000, 0x00000000fde00000, 0x0000000100000000)
  eden space 128512K, 0% used [0x00000000eab00000,0x00000000eab00000,0x00000000f2880000)
  from space 17408K, 52% used [0x00000000f2880000,0x00000000f31755d0,0x00000000f3980000)
  to   space 28672K, 0% used [0x00000000fc200000,0x00000000fc200000,0x00000000fde00000)
 ParOldGen       total 87040K, used 43930K [0x00000000c0000000, 0x00000000c5500000, 0x00000000eab00000)
  object space 87040K, 50% used [0x00000000c0000000,0x00000000c2ae6960,0x00000000c5500000)
 Metaspace       used 6569K, capacity 7256K, committed 7424K, reserved 1056768K
  class space    used 625K, capacity 656K, committed 768K, reserved 1048576K
}
Event: 25.994 GC heap before
{Heap before GC invocations=9 (full 1):
 PSYoungGen      total 145920K, used 137685K [0x00000000eab00000, 0x00000000fde00000, 0x0000000100000000)
  eden space 128512K, 100% used [0x00000000eab00000,0x00000000f2880000,0x00000000f2880000)
  from space 17408K, 52% used [0x00000000f2880000,0x00000000f31755d0,0x00000000f3980000)
  to   space 28672K, 0% used [0x00000000fc200000,0x00000000fc200000,0x00000000fde00000)
 ParOldGen       total 87040K, used 43930K [0x00000000c0000000, 0x00000000c5500000, 0x00000000eab00000)
  object space 87040K, 50% used [0x00000000c0000000,0x00000000c2ae6960,0x00000000c5500000)
 Metaspace       used 6583K, capacity 7256K, committed 7424K, reserved 1056768K
  class space    used 626K, capacity 656K, committed 768K, reserved 1048576K
Event: 26.211 GC heap after
Heap after GC invocations=9 (full 1):
 PSYoungGen      total 201216K, used 28668K [0x00000000eab00000, 0x00000000fde00000, 0x0000000100000000)
  eden space 172544K, 0% used [0x00000000eab00000,0x00000000eab00000,0x00000000f5380000)
  from space 28672K, 99% used [0x00000000fc200000,0x00000000fddff1a8,0x00000000fde00000)
  to   space 34304K, 0% used [0x00000000f9b00000,0x00000000f9b00000,0x00000000fbc80000)
 ParOldGen       total 87040K, used 44604K [0x00000000c0000000, 0x00000000c5500000, 0x00000000eab00000)
  object space 87040K, 51% used [0x00000000c0000000,0x00000000c2b8f158,0x00000000c5500000)
 Metaspace       used 6583K, capacity 7256K, committed 7424K, reserved 1056768K
  class space    used 626K, capacity 656K, committed 768K, reserved 1048576K
}

Deoptimization events (10 events):
Event: 23.963 Thread 0x000000005690c800 Uncommon trap: reason=bimorphic action=maybe_recompile pc=0x00000000035670ec method=com.android.dx.cf.code.BytecodeArray.parseInstruction(ILcom/android/dx/cf/code/BytecodeArray$Visitor;)I @ 1051
Event: 23.963 Thread 0x000000005690c800 Uncommon trap: reason=bimorphic action=maybe_recompile pc=0x000000000356706c method=com.android.dx.cf.code.BytecodeArray.parseInstruction(ILcom/android/dx/cf/code/BytecodeArray$Visitor;)I @ 1035
Event: 24.855 Thread 0x000000000251d800 Uncommon trap: reason=unstable_if action=reinterpret pc=0x000000000347a66c method=com.android.dx.cf.direct.StdAttributeFactory.parse0(Lcom/android/dx/cf/direct/DirectClassFile;ILjava/lang/String;IILcom/android/dx/cf/iface/ParseObserver;)Lcom/android/dx/cf/∆‰Í 
Event: 25.656 Thread 0x00000000574f0800 Uncommon trap: reason=unstable_if action=reinterpret pc=0x0000000002fc1f88 method=java.util.HashMap.resize()[Ljava/util/HashMap$Node; @ 206
Event: 26.235 Thread 0x00000000574f0800 Uncommon trap: reason=class_check action=maybe_recompile pc=0x0000000003155f24 method=com.android.dx.ssa.SCCP.replaceConstants()V @ 127
Event: 26.240 Thread 0x00000000574f0800 Uncommon trap: reason=class_check action=maybe_recompile pc=0x0000000003155f24 method=com.android.dx.ssa.SCCP.replaceConstants()V @ 127
Event: 26.345 Thread 0x0000000056853000 Uncommon trap: reason=class_check action=maybe_recompile pc=0x0000000002e565f8 method=java.util.Arrays.hashCode([Ljava/lang/Object;)I @ 43
Event: 26.345 Thread 0x0000000056853000 Uncommon trap: reason=class_check action=maybe_recompile pc=0x0000000002e565f8 method=java.util.Arrays.hashCode([Ljava/lang/Object;)I @ 43
Event: 26.345 Thread 0x0000000056853000 Uncommon trap: reason=class_check action=maybe_recompile pc=0x0000000002e565f8 method=java.util.Arrays.hashCode([Ljava/lang/Object;)I @ 43
Event: 26.345 Thread 0x0000000056853000 Uncommon trap: reason=class_check action=maybe_recompile pc=0x0000000002e565f8 method=java.util.Arrays.hashCode([Ljava/lang/Object;)I @ 43

Internal exceptions (7 events):
Event: 0.056 Thread 0x000000000251d800 Exception <a 'java/lang/NoSuchMethodError': Method sun.misc.Unsafe.defineClass(Ljava/lang/String;[BII)Ljava/lang/Class; name or signature does not match> (0x00000000eab07cc0) thrown at [D:\re\workspace\8-2-build-windows-amd64-cygwin\jdk8u92\6642\hotspot\sr€$/á¨?
Event: 0.056 Thread 0x000000000251d800 Exception <a 'java/lang/NoSuchMethodError': Method sun.misc.Unsafe.prefetchRead(Ljava/lang/Object;J)V name or signature does not match> (0x00000000eab07fa8) thrown at [D:\re\workspace\8-2-build-windows-amd64-cygwin\jdk8u92\6642\hotspot\src\share\vm\prims\jö– d@
Event: 3.549 Thread 0x000000005690c800 Implicit null exception at 0x0000000002c4a3d2 to 0x0000000002c4a4d1
Event: 15.284 Thread 0x000000005690c800 Implicit null exception at 0x0000000002f427da to 0x0000000002f44335
Event: 15.979 Thread 0x000000005693c000 Exception <a 'java/lang/ArrayIndexOutOfBoundsException': 18> (0x00000000ed5cc240) thrown at [D:\re\workspace\8-2-build-windows-amd64-cygwin\jdk8u92\6642\hotspot\src\share\vm\interpreter\interpreterRuntime.cpp, line 366]
Event: 15.979 Thread 0x000000005693c000 Exception <a 'java/lang/ArrayIndexOutOfBoundsException': 145> (0x00000000ed5cddc0) thrown at [D:\re\workspace\8-2-build-windows-amd64-cygwin\jdk8u92\6642\hotspot\src\share\vm\interpreter\interpreterRuntime.cpp, line 366]
Event: 15.980 Thread 0x000000005693c000 Exception <a 'java/lang/ArrayIndexOutOfBoundsException'> (0x00000000ed5cf0a8) thrown at [D:\re\workspace\8-2-build-windows-amd64-cygwin\jdk8u92\6642\hotspot\src\share\vm\runtime\sharedRuntime.cpp, line 605]

Events (10 events):
Event: 26.345 Thread 0x0000000056853000 Uncommon trap: trap_request=0xffffffde fr.pc=0x0000000002e565f8
Event: 26.345 Thread 0x0000000056853000 DEOPT PACKING pc=0x0000000002e565f8 sp=0x000000005731e8e0
Event: 26.345 Thread 0x0000000056853000 DEOPT UNPACKING pc=0x00000000029a582a sp=0x000000005731e810 mode 2
Event: 26.345 Thread 0x0000000056853000 Uncommon trap: trap_request=0xffffffde fr.pc=0x0000000002e565f8
Event: 26.345 Thread 0x0000000056853000 DEOPT PACKING pc=0x0000000002e565f8 sp=0x000000005731e880
Event: 26.345 Thread 0x0000000056853000 DEOPT UNPACKING pc=0x00000000029a582a sp=0x000000005731e7b0 mode 2
Event: 26.346 loading class com/android/dx/rop/cst/Zeroes
Event: 26.346 loading class com/android/dx/rop/cst/Zeroes done
Event: 26.440 loading class com/android/dx/dex/file/CatchStructs
Event: 26.440 loading class com/android/dx/dex/file/CatchStructs done


Dynamic libraries:
0x000000013f4d0000 - 0x000000013f507000 	C:\Program Files\Java\jdk1.8.0_92\bin\java.exe
0x0000000076eb0000 - 0x000000007705a000 	C:\windows\SYSTEM32\ntdll.dll
0x0000000076b50000 - 0x0000000076c6f000 	C:\windows\system32\kernel32.dll
0x000007fefcc50000 - 0x000007fefccbb000 	C:\windows\system32\KERNELBASE.dll
0x000007fefe090000 - 0x000007fefe16b000 	C:\windows\system32\ADVAPI32.dll
0x000007fefd030000 - 0x000007fefd0cf000 	C:\windows\system32\msvcrt.dll
0x000007fefdb90000 - 0x000007fefdbaf000 	C:\windows\SYSTEM32\sechost.dll
0x000007fefd260000 - 0x000007fefd38d000 	C:\windows\system32\RPCRT4.dll
0x0000000076c70000 - 0x0000000076d6a000 	C:\windows\system32\USER32.dll
0x000007fefd4a0000 - 0x000007fefd507000 	C:\windows\system32\GDI32.dll
0x000007fefdb80000 - 0x000007fefdb8e000 	C:\windows\system32\LPK.dll
0x000007fefdcb0000 - 0x000007fefdd7a000 	C:\windows\system32\USP10.dll
0x000007fefb550000 - 0x000007fefb744000 	C:\windows\WinSxS\amd64_microsoft.windows.common-controls_6595b64144ccf1df_6.0.7601.18837_none_fa3b1e3d17594757\COMCTL32.dll
0x000007fefdb00000 - 0x000007fefdb71000 	C:\windows\system32\SHLWAPI.dll
0x000007fefe320000 - 0x000007fefe34e000 	C:\windows\system32\IMM32.DLL
0x000007fefd390000 - 0x000007fefd499000 	C:\windows\system32\MSCTF.dll
0x0000000073e40000 - 0x0000000073f12000 	C:\Program Files\Java\jdk1.8.0_92\jre\bin\msvcr100.dll
0x0000000071260000 - 0x0000000071af6000 	C:\Program Files\Java\jdk1.8.0_92\jre\bin\server\jvm.dll
0x000007fef5b10000 - 0x000007fef5b19000 	C:\windows\system32\WSOCK32.dll
0x000007fefdab0000 - 0x000007fefdafd000 	C:\windows\system32\WS2_32.dll
0x000007fefde40000 - 0x000007fefde48000 	C:\windows\system32\NSI.dll
0x000007fefcf80000 - 0x000007fefcfbb000 	C:\windows\system32\WINMM.dll
0x000007fefbce0000 - 0x000007fefbcec000 	C:\windows\system32\VERSION.dll
0x0000000077080000 - 0x0000000077087000 	C:\windows\system32\PSAPI.DLL
0x00000000743c0000 - 0x00000000743cf000 	C:\Program Files\Java\jdk1.8.0_92\jre\bin\verify.dll
0x0000000074390000 - 0x00000000743b9000 	C:\Program Files\Java\jdk1.8.0_92\jre\bin\java.dll
0x0000000074260000 - 0x0000000074276000 	C:\Program Files\Java\jdk1.8.0_92\jre\bin\zip.dll
0x000007fefe430000 - 0x000007feff1b9000 	C:\windows\system32\SHELL32.dll
0x000007fefd640000 - 0x000007fefd843000 	C:\windows\system32\ole32.dll
0x000007fefcb80000 - 0x000007fefcb8f000 	C:\windows\system32\profapi.dll

VM Arguments:
jvm_args: -Djava.awt.headless=true -Xmx1024M -Dfile.encoding=GBK -Duser.country=CN -Duser.language=zh -Duser.variant 
java_command: com.android.dx.command.Main --dex --force-jumbo --num-threads=4 --multi-dex --output D:\HouseKeeperApplication\common_dialog\build\intermediates\transforms\dex\debug\folders\1000\10\com.android.support-support-v4-23.4.0_acb2d6e046c555bffef3af3dcf2d2bae26730ccb D:\HouseKeeperApplication\common_dialog\build\intermediates\exploded-aar\com.android.support\support-v4\23.4.0\jars\classes.jar
java_class_path (initial): D:\sdk\build-tools\24.0.1\lib\dx.jar
Launcher Type: SUN_STANDARD

Environment Variables:
PATH=C:\Program Files\Java\jdk1.8.0_92\bin;
USERNAME=Administrator
OS=Windows_NT
PROCESSOR_IDENTIFIER=Intel64 Family 6 Model 42 Stepping 7, GenuineIntel



---------------  S Y S T E M  ---------------

OS: Windows 7 , 64 bit Build 7601 (6.1.7601.19135)

CPU:total 4 (2 cores per cpu, 2 threads per core) family 6 model 42 stepping 7, cmov, cx8, fxsr, mmx, sse, sse2, sse3, ssse3, sse4.1, sse4.2, popcnt, avx, clmul, ht, tsc, tscinvbit

Memory: 4k page, physical 4133888k(292768k free), swap 5180628k(5164k free)

vm_info: Java HotSpot(TM) 64-Bit Server VM (25.92-b14) for windows-amd64 JRE (1.8.0_92-b14), built on Mar 31 2016 21:03:04 by "java_re" with MS VC++ 10.0 (VS2010)

time: Mon Aug 22 11:58:33 2016
elapsed time: 26 seconds (0d 0h 0m 26s)

