#
# There is insufficient memory for the Java Runtime Environment to continue.
# Native memory allocation (malloc) failed to allocate 32744 bytes for ChunkPool::allocate
# Possible reasons:
#   The system is out of physical RAM or swap space
#   In 32 bit mode, the process size limit was hit
# Possible solutions:
#   Reduce memory load on the system
#   Increase physical memory or swap space
#   Check if swap backing store is full
#   Use 64 bit Java on a 64 bit OS
#   Decrease Java heap size (-Xmx/-Xms)
#   Decrease number of Java threads
#   Decrease Java thread stack sizes (-Xss)
#   Set larger code cache with -XX:ReservedCodeCacheSize=
# This output file may be truncated or incomplete.
#
#  Out of Memory Error (allocation.cpp:273), pid=5460, tid=0x0000000000000eb4
#
# JRE version: Java(TM) SE Runtime Environment (8.0_92-b14) (build 1.8.0_92-b14)
# Java VM: Java HotSpot(TM) 64-Bit Server VM (25.92-b14 mixed mode windows-amd64 compressed oops)
# Failed to write core dump. Minidumps are not enabled by default on client versions of Windows
#

---------------  T H R E A D  ---------------

Current thread (0x0000000056644000):  JavaThread "C2 CompilerThread1" daemon [_thread_in_native, id=3764, stack(0x0000000056ca0000,0x0000000056da0000)]

Stack: [0x0000000056ca0000,0x0000000056da0000]
[error occurred during error reporting (printing stack bounds), id 0xc0000005]

Native frames: (J=compiled Java code, j=interpreted, Vv=VM code, C=native code)


Current CompileTask:
C2:  11051 2140   !   4       com.android.dx.cf.code.BytecodeArray::parseInstruction (2764 bytes)


---------------  P R O C E S S  ---------------

Java Threads: ( => current thread )
  0x00000000569ae000 JavaThread "pool-2-thread-4" [_thread_blocked, id=3948, stack(0x00000000581f0000,0x00000000582f0000)]
  0x00000000569a8800 JavaThread "pool-2-thread-3" [_thread_blocked, id=5440, stack(0x0000000057c30000,0x0000000057d30000)]
  0x00000000569a6000 JavaThread "pool-2-thread-2" [_thread_blocked, id=3728, stack(0x0000000057f40000,0x0000000058040000)]
  0x00000000569a2800 JavaThread "pool-3-thread-1" [_thread_blocked, id=3500, stack(0x00000000571b0000,0x00000000572b0000)]
  0x00000000569a2000 JavaThread "pool-2-thread-1" [_thread_blocked, id=3024, stack(0x0000000057d30000,0x0000000057e30000)]
  0x0000000056651000 JavaThread "Service Thread" daemon [_thread_blocked, id=5368, stack(0x00000000570a0000,0x00000000571a0000)]
  0x0000000056645000 JavaThread "C1 CompilerThread2" daemon [_thread_in_vm, id=3604, stack(0x0000000056f00000,0x0000000057000000)]
=>0x0000000056644000 JavaThread "C2 CompilerThread1" daemon [_thread_in_native, id=3764, stack(0x0000000056ca0000,0x0000000056da0000)]
  0x000000005540b800 JavaThread "C2 CompilerThread0" daemon [_thread_in_native, id=5412, stack(0x0000000056dc0000,0x0000000056ec0000)]
  0x0000000055408000 JavaThread "Attach Listener" daemon [_thread_blocked, id=5416, stack(0x0000000056a30000,0x0000000056b30000)]
  0x0000000055407800 JavaThread "Signal Dispatcher" daemon [_thread_blocked, id=4276, stack(0x0000000056b40000,0x0000000056c40000)]
  0x00000000553e9000 JavaThread "Finalizer" daemon [_thread_blocked, id=5144, stack(0x0000000056360000,0x0000000056460000)]
  0x00000000553a2000 JavaThread "Reference Handler" daemon [_thread_blocked, id=5276, stack(0x0000000056530000,0x0000000056630000)]
  0x000000000268e000 JavaThread "main" [_thread_in_native, id=6120, stack(0x0000000002990000,0x0000000002a90000)]

Other Threads:
  0x000000005539a000 VMThread [stack: 0x0000000056260000,0x0000000056360000] [id=5688]
  0x00000000566ea000 WatcherThread [stack: 0x0000000057320000,0x0000000057420000] [id=5316]

VM state:not at safepoint (normal execution)

VM Mutex/Monitor currently owned by a thread: None

Heap:
 PSYoungGen      total 68096K, used 24828K [0x00000000eab00000, 0x00000000f4900000, 0x0000000100000000)
  eden space 65536K, 33% used [0x00000000eab00000,0x00000000ec0c0230,0x00000000eeb00000)
  from space 2560K, 99% used [0x00000000eeb00000,0x00000000eed7eec8,0x00000000eed80000)
  to   space 15360K, 0% used [0x00000000f3a00000,0x00000000f3a00000,0x00000000f4900000)
 ParOldGen       total 44032K, used 22865K [0x00000000c0000000, 0x00000000c2b00000, 0x00000000eab00000)
  object space 44032K, 51% used [0x00000000c0000000,0x00000000c16547f8,0x00000000c2b00000)
 Metaspace       used 6414K, capacity 7156K, committed 7296K, reserved 1056768K
  class space    used 600K, capacity 620K, committed 640K, reserved 1048576K

Card table byte_map: [0x0000000011e50000,0x0000000012060000] byte_map_base: 0x0000000011850000

Marking Bits: (ParMarkBitMap*) 0x0000000071a764f0
 Begin Bits: [0x0000000012810000, 0x0000000013810000)
 End Bits:   [0x0000000013810000, 0x0000000014810000)

Polling page: 0x0000000000160000

CodeCache: size=245760Kb used=10720Kb max_used=10732Kb free=235039Kb
 bounds [0x0000000002a90000, 0x0000000003520000, 0x0000000011a90000]
 total_blobs=2371 nmethods=2101 adapters=182
 compilation: enabled

Compilation events (10 events):
Event: 10.795 Thread 0x0000000056645000 nmethod 2144 0x00000000034f2dd0 code [0x00000000034f2f60, 0x00000000034f3338]
Event: 10.795 Thread 0x0000000056645000 2145       3       com.android.dx.cf.cst.ConstantPoolParser::<init> (41 bytes)
Event: 10.796 Thread 0x0000000056645000 nmethod 2145 0x0000000003502b50 code [0x0000000003502d00, 0x0000000003503298]
Event: 10.796 Thread 0x0000000056645000 2146       3       com.android.dx.rop.type.Type::getClassName (94 bytes)
Event: 10.797 Thread 0x0000000056645000 nmethod 2146 0x0000000003506290 code [0x00000000035064c0, 0x0000000003507238]
Event: 10.797 Thread 0x0000000056645000 2147   !   3       com.android.dx.command.dexer.Main$DirectClassFileConsumer::call (352 bytes)
Event: 10.801 Thread 0x0000000056645000 nmethod 2147 0x0000000003507750 code [0x0000000003507c80, 0x000000000350b488]
Event: 10.849 Thread 0x0000000056645000 2148   !   3       com.android.dx.command.dexer.Main$ClassDefItemConsumer::call (177 bytes)
Event: 10.850 Thread 0x0000000056645000 nmethod 2148 0x000000000350e190 code [0x000000000350e460, 0x000000000350fbb8]
Event: 10.978 Thread 0x0000000056645000 2149   !   3       com.android.dx.dex.cf.CfTranslator::translate (44 bytes)

GC Heap History (10 events):
Event: 0.335 GC heap before
{Heap before GC invocations=1 (full 0):
 PSYoungGen      total 18944K, used 16384K [0x00000000eab00000, 0x00000000ec000000, 0x0000000100000000)
  eden space 16384K, 100% used [0x00000000eab00000,0x00000000ebb00000,0x00000000ebb00000)
  from space 2560K, 0% used [0x00000000ebd80000,0x00000000ebd80000,0x00000000ec000000)
  to   space 2560K, 0% used [0x00000000ebb00000,0x00000000ebb00000,0x00000000ebd80000)
 ParOldGen       total 44032K, used 0K [0x00000000c0000000, 0x00000000c2b00000, 0x00000000eab00000)
  object space 44032K, 0% used [0x00000000c0000000,0x00000000c0000000,0x00000000c2b00000)
 Metaspace       used 3459K, capacity 4720K, committed 4864K, reserved 1056768K
  class space    used 375K, capacity 424K, committed 512K, reserved 1048576K
Event: 0.352 GC heap after
Heap after GC invocations=1 (full 0):
 PSYoungGen      total 18944K, used 1109K [0x00000000eab00000, 0x00000000ed000000, 0x0000000100000000)
  eden space 16384K, 0% used [0x00000000eab00000,0x00000000eab00000,0x00000000ebb00000)
  from space 2560K, 43% used [0x00000000ebb00000,0x00000000ebc15600,0x00000000ebd80000)
  to   space 2560K, 0% used [0x00000000ecd80000,0x00000000ecd80000,0x00000000ed000000)
 ParOldGen       total 44032K, used 8K [0x00000000c0000000, 0x00000000c2b00000, 0x00000000eab00000)
  object space 44032K, 0% used [0x00000000c0000000,0x00000000c0002000,0x00000000c2b00000)
 Metaspace       used 3459K, capacity 4720K, committed 4864K, reserved 1056768K
  class space    used 375K, capacity 424K, committed 512K, reserved 1048576K
}
Event: 0.968 GC heap before
{Heap before GC invocations=2 (full 0):
 PSYoungGen      total 18944K, used 17493K [0x00000000eab00000, 0x00000000ed000000, 0x0000000100000000)
  eden space 16384K, 100% used [0x00000000eab00000,0x00000000ebb00000,0x00000000ebb00000)
  from space 2560K, 43% used [0x00000000ebb00000,0x00000000ebc15600,0x00000000ebd80000)
  to   space 2560K, 0% used [0x00000000ecd80000,0x00000000ecd80000,0x00000000ed000000)
 ParOldGen       total 44032K, used 8K [0x00000000c0000000, 0x00000000c2b00000, 0x00000000eab00000)
  object space 44032K, 0% used [0x00000000c0000000,0x00000000c0002000,0x00000000c2b00000)
 Metaspace       used 5864K, capacity 6772K, committed 7040K, reserved 1056768K
  class space    used 598K, capacity 620K, committed 640K, reserved 1048576K
Event: 0.995 GC heap after
Heap after GC invocations=2 (full 0):
 PSYoungGen      total 35328K, used 2543K [0x00000000eab00000, 0x00000000ed000000, 0x0000000100000000)
  eden space 32768K, 0% used [0x00000000eab00000,0x00000000eab00000,0x00000000ecb00000)
  from space 2560K, 99% used [0x00000000ecd80000,0x00000000ecffbc70,0x00000000ed000000)
  to   space 2560K, 0% used [0x00000000ecb00000,0x00000000ecb00000,0x00000000ecd80000)
 ParOldGen       total 44032K, used 2193K [0x00000000c0000000, 0x00000000c2b00000, 0x00000000eab00000)
  object space 44032K, 4% used [0x00000000c0000000,0x00000000c0224720,0x00000000c2b00000)
 Metaspace       used 5864K, capacity 6772K, committed 7040K, reserved 1056768K
  class space    used 598K, capacity 620K, committed 640K, reserved 1048576K
}
Event: 2.159 GC heap before
{Heap before GC invocations=3 (full 0):
 PSYoungGen      total 35328K, used 35311K [0x00000000eab00000, 0x00000000ed000000, 0x0000000100000000)
  eden space 32768K, 100% used [0x00000000eab00000,0x00000000ecb00000,0x00000000ecb00000)
  from space 2560K, 99% used [0x00000000ecd80000,0x00000000ecffbc70,0x00000000ed000000)
  to   space 2560K, 0% used [0x00000000ecb00000,0x00000000ecb00000,0x00000000ecd80000)
 ParOldGen       total 44032K, used 2193K [0x00000000c0000000, 0x00000000c2b00000, 0x00000000eab00000)
  object space 44032K, 4% used [0x00000000c0000000,0x00000000c0224720,0x00000000c2b00000)
 Metaspace       used 6202K, capacity 7028K, committed 7296K, reserved 1056768K
  class space    used 600K, capacity 620K, committed 640K, reserved 1048576K
Event: 2.192 GC heap after
Heap after GC invocations=3 (full 0):
 PSYoungGen      total 35328K, used 2536K [0x00000000eab00000, 0x00000000ef000000, 0x0000000100000000)
  eden space 32768K, 0% used [0x00000000eab00000,0x00000000eab00000,0x00000000ecb00000)
  from space 2560K, 99% used [0x00000000ecb00000,0x00000000ecd7a020,0x00000000ecd80000)
  to   space 2560K, 0% used [0x00000000eed80000,0x00000000eed80000,0x00000000ef000000)
 ParOldGen       total 44032K, used 7266K [0x00000000c0000000, 0x00000000c2b00000, 0x00000000eab00000)
  object space 44032K, 16% used [0x00000000c0000000,0x00000000c07189b8,0x00000000c2b00000)
 Metaspace       used 6202K, capacity 7028K, committed 7296K, reserved 1056768K
  class space    used 600K, capacity 620K, committed 640K, reserved 1048576K
}
Event: 3.132 GC heap before
{Heap before GC invocations=4 (full 0):
 PSYoungGen      total 35328K, used 35304K [0x00000000eab00000, 0x00000000ef000000, 0x0000000100000000)
  eden space 32768K, 100% used [0x00000000eab00000,0x00000000ecb00000,0x00000000ecb00000)
  from space 2560K, 99% used [0x00000000ecb00000,0x00000000ecd7a020,0x00000000ecd80000)
  to   space 2560K, 0% used [0x00000000eed80000,0x00000000eed80000,0x00000000ef000000)
 ParOldGen       total 44032K, used 7266K [0x00000000c0000000, 0x00000000c2b00000, 0x00000000eab00000)
  object space 44032K, 16% used [0x00000000c0000000,0x00000000c07189b8,0x00000000c2b00000)
 Metaspace       used 6301K, capacity 7092K, committed 7296K, reserved 1056768K
  class space    used 600K, capacity 620K, committed 640K, reserved 1048576K
Event: 3.170 GC heap after
Heap after GC invocations=4 (full 0):
 PSYoungGen      total 68096K, used 2539K [0x00000000eab00000, 0x00000000ef000000, 0x0000000100000000)
  eden space 65536K, 0% used [0x00000000eab00000,0x00000000eab00000,0x00000000eeb00000)
  from space 2560K, 99% used [0x00000000eed80000,0x00000000eeffaeb8,0x00000000ef000000)
  to   space 2560K, 0% used [0x00000000eeb00000,0x00000000eeb00000,0x00000000eed80000)
 ParOldGen       total 44032K, used 12754K [0x00000000c0000000, 0x00000000c2b00000, 0x00000000eab00000)
  object space 44032K, 28% used [0x00000000c0000000,0x00000000c0c74a58,0x00000000c2b00000)
 Metaspace       used 6301K, capacity 7092K, committed 7296K, reserved 1056768K
  class space    used 600K, capacity 620K, committed 640K, reserved 1048576K
}
Event: 8.236 GC heap before
{Heap before GC invocations=5 (full 0):
 PSYoungGen      total 68096K, used 68075K [0x00000000eab00000, 0x00000000ef000000, 0x0000000100000000)
  eden space 65536K, 100% used [0x00000000eab00000,0x00000000eeb00000,0x00000000eeb00000)
  from space 2560K, 99% used [0x00000000eed80000,0x00000000eeffaeb8,0x00000000ef000000)
  to   space 2560K, 0% used [0x00000000eeb00000,0x00000000eeb00000,0x00000000eed80000)
 ParOldGen       total 44032K, used 12754K [0x00000000c0000000, 0x00000000c2b00000, 0x00000000eab00000)
  object space 44032K, 28% used [0x00000000c0000000,0x00000000c0c74a58,0x00000000c2b00000)
 Metaspace       used 6390K, capacity 7156K, committed 7296K, reserved 1056768K
  class space    used 600K, capacity 620K, committed 640K, reserved 1048576K
Event: 8.314 GC heap after
Heap after GC invocations=5 (full 0):
 PSYoungGen      total 68096K, used 2555K [0x00000000eab00000, 0x00000000f4900000, 0x0000000100000000)
  eden space 65536K, 0% used [0x00000000eab00000,0x00000000eab00000,0x00000000eeb00000)
  from space 2560K, 99% used [0x00000000eeb00000,0x00000000eed7eec8,0x00000000eed80000)
  to   space 15360K, 0% used [0x00000000f3a00000,0x00000000f3a00000,0x00000000f4900000)
 ParOldGen       total 44032K, used 22865K [0x00000000c0000000, 0x00000000c2b00000, 0x00000000eab00000)
  object space 44032K, 51% used [0x00000000c0000000,0x00000000c16547f8,0x00000000c2b00000)
 Metaspace       used 6390K, capacity 7156K, committed 7296K, reserved 1056768K
  class space    used 600K, capacity 620K, committed 640K, reserved 1048576K
}

Deoptimization events (10 events):
Event: 8.072 Thread 0x00000000569ae000 Uncommon trap: reason=unstable_if action=reinterpret pc=0x00000000032726ac method=com.android.dx.util.BitIntSet.has(I)Z @ 8
Event: 8.072 Thread 0x00000000569ae000 Uncommon trap: reason=unstable_if action=reinterpret pc=0x00000000030e7028 method=com.android.dx.util.BitIntSet.has(I)Z @ 8
Event: 8.328 Thread 0x00000000569ae000 Uncommon trap: reason=unstable_if action=reinterpret pc=0x0000000003276f04 method=com.android.dx.util.BitIntSet.has(I)Z @ 8
Event: 8.725 Thread 0x00000000569ae000 Uncommon trap: reason=unstable_if action=reinterpret pc=0x000000000316ab60 method=com.android.dx.ssa.SCCP.simulateStmt(Lcom/android/dx/ssa/SsaInsn;)V @ 53
Event: 8.918 Thread 0x00000000569ae000 Uncommon trap: reason=uninitialized action=reinterpret pc=0x000000000332a188 method=com.android.dx.cf.code.BytecodeArray.parseInstruction(ILcom/android/dx/cf/code/BytecodeArray$Visitor;)I @ 1031
Event: 8.919 Thread 0x00000000569ae000 Uncommon trap: reason=class_check action=maybe_recompile pc=0x00000000033c6284 method=com.android.dx.rop.cst.CstLiteral32.equals(Ljava/lang/Object;)Z @ 20
Event: 8.920 Thread 0x00000000569ae000 Uncommon trap: reason=class_check action=maybe_recompile pc=0x00000000033c6284 method=com.android.dx.rop.cst.CstLiteral32.equals(Ljava/lang/Object;)Z @ 20
Event: 8.920 Thread 0x00000000569ae000 Uncommon trap: reason=class_check action=maybe_recompile pc=0x00000000033c6284 method=com.android.dx.rop.cst.CstLiteral32.equals(Ljava/lang/Object;)Z @ 20
Event: 8.920 Thread 0x00000000569ae000 Uncommon trap: reason=class_check action=maybe_recompile pc=0x00000000033c6284 method=com.android.dx.rop.cst.CstLiteral32.equals(Ljava/lang/Object;)Z @ 20
Event: 8.921 Thread 0x00000000569ae000 Uncommon trap: reason=class_check action=maybe_recompile pc=0x00000000030174d8 method=java.util.HashMap.putVal(ILjava/lang/Object;Ljava/lang/Object;ZZ)Ljava/lang/Object; @ 203

Internal exceptions (3 events):
Event: 0.064 Thread 0x000000000268e000 Exception <a 'java/lang/NoSuchMethodError': Method sun.misc.Unsafe.defineClass(Ljava/lang/String;[BII)Ljava/lang/Class; name or signature does not match> (0x00000000eab07cc0) thrown at [D:\re\workspace\8-2-build-windows-amd64-cygwin\jdk8u92\6642\hotspot\sr¿nõ,ûa°?
Event: 0.064 Thread 0x000000000268e000 Exception <a 'java/lang/NoSuchMethodError': Method sun.misc.Unsafe.prefetchRead(Ljava/lang/Object;J)V name or signature does not match> (0x00000000eab07fa8) thrown at [D:\re\workspace\8-2-build-windows-amd64-cygwin\jdk8u92\6642\hotspot\src\share\vm\prims\jÒô˜û@
Event: 2.498 Thread 0x00000000569a8800 Implicit null exception at 0x0000000002d80592 to 0x0000000002d80682

Events (10 events):
Event: 8.920 Thread 0x00000000569ae000 Uncommon trap: trap_request=0xffffffde fr.pc=0x00000000033c6284
Event: 8.920 Thread 0x00000000569ae000 DEOPT PACKING pc=0x00000000033c6284 sp=0x00000000582ee580
Event: 8.920 Thread 0x00000000569ae000 DEOPT UNPACKING pc=0x0000000002ad582a sp=0x00000000582ee510 mode 2
Event: 8.921 Thread 0x00000000569ae000 Uncommon trap: trap_request=0xffffffde fr.pc=0x00000000030174d8
Event: 8.921 Thread 0x00000000569ae000 DEOPT PACKING pc=0x00000000030174d8 sp=0x00000000582ee3e0
Event: 8.921 Thread 0x00000000569ae000 DEOPT UNPACKING pc=0x0000000002ad582a sp=0x00000000582ee2f0 mode 2
Event: 8.946 Thread 0x00000000569ae000 DEOPT PACKING pc=0x0000000002ef29a5 sp=0x00000000582ee660
Event: 8.946 Thread 0x00000000569ae000 DEOPT UNPACKING pc=0x0000000002ad787f sp=0x00000000582ee3c0 mode 0
Event: 9.332 Thread 0x00000000569a6000 DEOPT PACKING pc=0x0000000002f90b0f sp=0x000000005803eee0
Event: 9.332 Thread 0x00000000569a6000 DEOPT UNPACKING pc=0x0000000002ad787f sp=0x000000005803ec38 mode 0


Dynamic libraries:
0x000000013f4d0000 - 0x000000013f507000 	C:\Program Files\Java\jdk1.8.0_92\bin\java.exe
0x0000000076eb0000 - 0x000000007705a000 	C:\windows\SYSTEM32\ntdll.dll
0x0000000076b50000 - 0x0000000076c6f000 	C:\windows\system32\kernel32.dll
0x000007fefcc50000 - 0x000007fefccbb000 	C:\windows\system32\KERNELBASE.dll
0x000007fefe090000 - 0x000007fefe16b000 	C:\windows\system32\ADVAPI32.dll
0x000007fefd030000 - 0x000007fefd0cf000 	C:\windows\system32\msvcrt.dll
0x000007fefdb90000 - 0x000007fefdbaf000 	C:\windows\SYSTEM32\sechost.dll
0x000007fefd260000 - 0x000007fefd38d000 	C:\windows\system32\RPCRT4.dll
0x0000000076c70000 - 0x0000000076d6a000 	C:\windows\system32\USER32.dll
0x000007fefd4a0000 - 0x000007fefd507000 	C:\windows\system32\GDI32.dll
0x000007fefdb80000 - 0x000007fefdb8e000 	C:\windows\system32\LPK.dll
0x000007fefdcb0000 - 0x000007fefdd7a000 	C:\windows\system32\USP10.dll
0x000007fefb550000 - 0x000007fefb744000 	C:\windows\WinSxS\amd64_microsoft.windows.common-controls_6595b64144ccf1df_6.0.7601.18837_none_fa3b1e3d17594757\COMCTL32.dll
0x000007fefdb00000 - 0x000007fefdb71000 	C:\windows\system32\SHLWAPI.dll
0x000007fefe320000 - 0x000007fefe34e000 	C:\windows\system32\IMM32.DLL
0x000007fefd390000 - 0x000007fefd499000 	C:\windows\system32\MSCTF.dll
0x0000000073e40000 - 0x0000000073f12000 	C:\Program Files\Java\jdk1.8.0_92\jre\bin\msvcr100.dll
0x0000000071260000 - 0x0000000071af6000 	C:\Program Files\Java\jdk1.8.0_92\jre\bin\server\jvm.dll
0x000007fef5b10000 - 0x000007fef5b19000 	C:\windows\system32\WSOCK32.dll
0x000007fefdab0000 - 0x000007fefdafd000 	C:\windows\system32\WS2_32.dll
0x000007fefde40000 - 0x000007fefde48000 	C:\windows\system32\NSI.dll
0x000007fefcf80000 - 0x000007fefcfbb000 	C:\windows\system32\WINMM.dll
0x000007fefbce0000 - 0x000007fefbcec000 	C:\windows\system32\VERSION.dll
0x0000000077080000 - 0x0000000077087000 	C:\windows\system32\PSAPI.DLL
0x00000000743c0000 - 0x00000000743cf000 	C:\Program Files\Java\jdk1.8.0_92\jre\bin\verify.dll
0x0000000074390000 - 0x00000000743b9000 	C:\Program Files\Java\jdk1.8.0_92\jre\bin\java.dll
0x0000000074260000 - 0x0000000074276000 	C:\Program Files\Java\jdk1.8.0_92\jre\bin\zip.dll
0x000007fefe430000 - 0x000007feff1b9000 	C:\windows\system32\SHELL32.dll
0x000007fefd640000 - 0x000007fefd843000 	C:\windows\system32\ole32.dll
0x000007fefcb80000 - 0x000007fefcb8f000 	C:\windows\system32\profapi.dll

VM Arguments:
jvm_args: -Djava.awt.headless=true -Xmx1024M -Dfile.encoding=GBK -Duser.country=CN -Duser.language=zh -Duser.variant 
java_command: com.android.dx.command.Main --dex --force-jumbo --num-threads=4 --multi-dex --output D:\HouseKeeperApplication\common_dialog\build\intermediates\transforms\dex\debug\folders\1000\10\com.google.android.gms-play-services-basement-8.1.0_7ac5ef5700c70684f07cf7440140f84c0af3a18c D:\HouseKeeperApplication\common_dialog\build\intermediates\exploded-aar\com.google.android.gms\play-services-basement\8.1.0\jars\classes.jar
java_class_path (initial): D:\sdk\build-tools\24.0.1\lib\dx.jar
Launcher Type: SUN_STANDARD

Environment Variables:
PATH=C:\Program Files\Java\jdk1.8.0_92\bin;
USERNAME=Administrator
OS=Windows_NT
PROCESSOR_IDENTIFIER=Intel64 Family 6 Model 42 Stepping 7, GenuineIntel



---------------  S Y S T E M  ---------------

OS: Windows 7 , 64 bit Build 7601 (6.1.7601.19135)

CPU:total 4 (2 cores per cpu, 2 threads per core) family 6 model 42 stepping 7, cmov, cx8, fxsr, mmx, sse, sse2, sse3, ssse3, sse4.1, sse4.2, popcnt, avx, clmul, ht, tsc, tscinvbit

Memory: 4k page, physical 4133888k(292768k free), swap 5180628k(5168k free)

vm_info: Java HotSpot(TM) 64-Bit Server VM (25.92-b14) for windows-amd64 JRE (1.8.0_92-b14), built on Mar 31 2016 21:03:04 by "java_re" with MS VC++ 10.0 (VS2010)

time: Mon Aug 22 11:58:33 2016
elapsed time: 11 seconds (0d 0h 0m 11s)

