#
# There is insufficient memory for the Java Runtime Environment to continue.
# Native memory allocation (malloc) failed to allocate 8192 bytes for AllocateHeap
# Possible reasons:
#   The system is out of physical RAM or swap space
#   In 32 bit mode, the process size limit was hit
# Possible solutions:
#   Reduce memory load on the system
#   Increase physical memory or swap space
#   Check if swap backing store is full
#   Use 64 bit Java on a 64 bit OS
#   Decrease Java heap size (-Xmx/-Xms)
#   Decrease number of Java threads
#   Decrease Java thread stack sizes (-Xss)
#   Set larger code cache with -XX:ReservedCodeCacheSize=
# This output file may be truncated or incomplete.
#
#  Out of Memory Error (memory/allocation.inline.hpp:61), pid=4780, tid=0x0000000000001338
#
# JRE version:  (8.0_92-b14) (build )
# Java VM: Java HotSpot(TM) 64-Bit Server VM (25.92-b14 mixed mode windows-amd64 compressed oops)
# Failed to write core dump. Minidumps are not enabled by default on client versions of Windows
#

---------------  T H R E A D  ---------------

Current thread (0x000000000019d800):  JavaThread "Unknown thread" [_thread_in_vm, id=4920, stack(0x00000000026e0000,0x00000000027e0000)]

Stack: [0x00000000026e0000,0x00000000027e0000]
[error occurred during error reporting (printing stack bounds), id 0xc0000005]

Native frames: (J=compiled Java code, j=interpreted, Vv=VM code, C=native code)

Java frames: (J=compiled Java code, j=interpreted, Vv=VM code)
j  java.lang.Thread.<clinit>()V+10
v  ~StubRoutines::call_stub

---------------  P R O C E S S  ---------------

Java Threads: ( => current thread )
=>0x000000000019d800 JavaThread "Unknown thread" [_thread_in_vm, id=4920, stack(0x00000000026e0000,0x00000000027e0000)]

Other Threads:
  0x0000000054f9a000 VMThread [stack: 0x0000000055ef0000,0x0000000055ff0000] [id=4948]

VM state:not at safepoint (normal execution)

VM Mutex/Monitor currently owned by a thread:  ([mutex/lock_event])
[0x000000000019ba50] SymbolTable_lock - owner thread: 0x000000000019d800

Heap:
 PSYoungGen      total 18944K, used 327K [0x00000000eab00000, 0x00000000ec000000, 0x0000000100000000)
  eden space 16384K, 2% used [0x00000000eab00000,0x00000000eab51ec8,0x00000000ebb00000)
  from space 2560K, 0% used [0x00000000ebd80000,0x00000000ebd80000,0x00000000ec000000)
  to   space 2560K, 0% used [0x00000000ebb00000,0x00000000ebb00000,0x00000000ebd80000)
 ParOldGen       total 44032K, used 0K [0x00000000c0000000, 0x00000000c2b00000, 0x00000000eab00000)
  object space 44032K, 0% used [0x00000000c0000000,0x00000000c0000000,0x00000000c2b00000)
 Metaspace       used 807K, capacity 4480K, committed 4480K, reserved 1056768K
  class space    used 79K, capacity 384K, committed 384K, reserved 1048576K

Card table byte_map: [0x0000000011ba0000,0x0000000011db0000] byte_map_base: 0x00000000115a0000

Marking Bits: (ParMarkBitMap*) 0x0000000073af64f0
 Begin Bits: [0x0000000012410000, 0x0000000013410000)
 End Bits:   [0x0000000013410000, 0x0000000014410000)

Polling page: 0x0000000000160000

CodeCache: size=245760Kb used=390Kb max_used=390Kb free=245369Kb
 bounds [0x00000000027e0000, 0x0000000002a50000, 0x00000000117e0000]
 total_blobs=77 nmethods=0 adapters=51
 compilation: enabled

Compilation events (0 events):
No events

GC Heap History (0 events):
No events

Deoptimization events (0 events):
No events

Internal exceptions (0 events):
No events

Events (10 events):
Event: 0.038 Thread 0x000000000019d800 Thread added: 0x000000000019d800
Event: 0.053 loading class java/io/ObjectStreamField
Event: 0.053 loading class java/io/ObjectStreamField done
Event: 0.053 loading class java/lang/String$CaseInsensitiveComparator
Event: 0.053 loading class java/util/Comparator
Event: 0.053 loading class java/util/Comparator done
Event: 0.053 loading class java/lang/String$CaseInsensitiveComparator done
Event: 0.054 loading class java/lang/RuntimePermission
Event: 0.054 loading class java/security/BasicPermission
Event: 0.054 loading class java/security/Permission


Dynamic libraries:
0x000000013fa20000 - 0x000000013fa57000 	C:\Program Files\Java\jdk1.8.0_92\bin\java.exe
0x0000000076ee0000 - 0x000000007708a000 	C:\windows\SYSTEM32\ntdll.dll
0x0000000076b80000 - 0x0000000076c9f000 	C:\windows\system32\kernel32.dll
0x000007fefcf20000 - 0x000007fefcf8b000 	C:\windows\system32\KERNELBASE.dll
0x000007fefd1e0000 - 0x000007fefd2bb000 	C:\windows\system32\ADVAPI32.dll
0x000007fefd060000 - 0x000007fefd0ff000 	C:\windows\system32\msvcrt.dll
0x000007fefe3e0000 - 0x000007fefe3ff000 	C:\windows\SYSTEM32\sechost.dll
0x000007fefeb20000 - 0x000007fefec4d000 	C:\windows\system32\RPCRT4.dll
0x0000000076ca0000 - 0x0000000076d9a000 	C:\windows\system32\USER32.dll
0x000007feff180000 - 0x000007feff1e7000 	C:\windows\system32\GDI32.dll
0x000007fefe1c0000 - 0x000007fefe1ce000 	C:\windows\system32\LPK.dll
0x000007fefd2c0000 - 0x000007fefd38a000 	C:\windows\system32\USP10.dll
0x000007fefb420000 - 0x000007fefb614000 	C:\windows\WinSxS\amd64_microsoft.windows.common-controls_6595b64144ccf1df_6.0.7601.18837_none_fa3b1e3d17594757\COMCTL32.dll
0x000007fefe1d0000 - 0x000007fefe241000 	C:\windows\system32\SHLWAPI.dll
0x000007fefe400000 - 0x000007fefe42e000 	C:\windows\system32\IMM32.DLL
0x000007fefe490000 - 0x000007fefe599000 	C:\windows\system32\MSCTF.dll
0x0000000073cb0000 - 0x0000000073d82000 	C:\Program Files\Java\jdk1.8.0_92\jre\bin\msvcr100.dll
0x00000000732e0000 - 0x0000000073b76000 	C:\Program Files\Java\jdk1.8.0_92\jre\bin\server\jvm.dll
0x000007fef3790000 - 0x000007fef3799000 	C:\windows\system32\WSOCK32.dll
0x000007fefef60000 - 0x000007fefefad000 	C:\windows\system32\WS2_32.dll
0x000007fefe8b0000 - 0x000007fefe8b8000 	C:\windows\system32\NSI.dll
0x000007fefcec0000 - 0x000007fefcefb000 	C:\windows\system32\WINMM.dll
0x000007fefbd10000 - 0x000007fefbd1c000 	C:\windows\system32\VERSION.dll
0x00000000770a0000 - 0x00000000770a7000 	C:\windows\system32\PSAPI.DLL
0x0000000074280000 - 0x000000007428f000 	C:\Program Files\Java\jdk1.8.0_92\jre\bin\verify.dll
0x0000000074250000 - 0x0000000074279000 	C:\Program Files\Java\jdk1.8.0_92\jre\bin\java.dll
0x0000000074230000 - 0x0000000074246000 	C:\Program Files\Java\jdk1.8.0_92\jre\bin\zip.dll

VM Arguments:
jvm_args: -Djava.awt.headless=true -Xmx1024M -Dfile.encoding=GBK -Duser.country=CN -Duser.language=zh -Duser.variant 
java_command: com.android.dx.command.Main --dex --force-jumbo --num-threads=4 --output D:\HouseKeeperApplication\app\build\intermediates\pre-dexed\debug\instant-run_e7251338a1e846e2ddcd897c180bf4f35cd90d95.jar D:\HouseKeeperApplication\app\build\intermediates\incremental-runtime-classes\debug\instant-run.jar
java_class_path (initial): D:\sdk\build-tools\24.0.1\lib\dx.jar
Launcher Type: SUN_STANDARD

Environment Variables:
PATH=C:\Program Files\Java\jdk1.8.0_92\bin;
USERNAME=Administrator
OS=Windows_NT
PROCESSOR_IDENTIFIER=Intel64 Family 6 Model 42 Stepping 7, GenuineIntel



---------------  S Y S T E M  ---------------

OS: Windows 7 , 64 bit Build 7601 (6.1.7601.19135)

CPU:total 4 (2 cores per cpu, 2 threads per core) family 6 model 42 stepping 7, cmov, cx8, fxsr, mmx, sse, sse2, sse3, ssse3, sse4.1, sse4.2, popcnt, avx, clmul, ht, tsc, tscinvbit

Memory: 4k page, physical 4133888k(208432k free), swap 5180628k(5076k free)

vm_info: Java HotSpot(TM) 64-Bit Server VM (25.92-b14) for windows-amd64 JRE (1.8.0_92-b14), built on Mar 31 2016 21:03:04 by "java_re" with MS VC++ 10.0 (VS2010)

time: Tue Aug 23 16:40:39 2016
elapsed time: 0 seconds (0d 0h 0m 0s)

