#
# There is insufficient memory for the Java Runtime Environment to continue.
# Native memory allocation (malloc) failed to allocate 731376 bytes for Chunk::new
# Possible reasons:
#   The system is out of physical RAM or swap space
#   In 32 bit mode, the process size limit was hit
# Possible solutions:
#   Reduce memory load on the system
#   Increase physical memory or swap space
#   Check if swap backing store is full
#   Use 64 bit Java on a 64 bit OS
#   Decrease Java heap size (-Xmx/-Xms)
#   Decrease number of Java threads
#   Decrease Java thread stack sizes (-Xss)
#   Set larger code cache with -XX:ReservedCodeCacheSize=
# This output file may be truncated or incomplete.
#
#  Out of Memory Error (allocation.cpp:390), pid=17632, tid=0x00000000000049f8
#
# JRE version: Java(TM) SE Runtime Environment (8.0_92-b14) (build 1.8.0_92-b14)
# Java VM: Java HotSpot(TM) 64-Bit Server VM (25.92-b14 mixed mode windows-amd64 compressed oops)
# Failed to write core dump. Minidumps are not enabled by default on client versions of Windows
#

---------------  T H R E A D  ---------------

Current thread (0x000000005503b800):  JavaThread "C2 CompilerThread0" daemon [_thread_in_native, id=18936, stack(0x00000000561c0000,0x00000000562c0000)]

Stack: [0x00000000561c0000,0x00000000562c0000]
[error occurred during error reporting (printing stack bounds), id 0xc0000005]

Native frames: (J=compiled Java code, j=interpreted, Vv=VM code, C=native code)


Current CompileTask:
C2:  22713 2702       4       com.android.dx.dex.code.OutputFinisher::addConstants (93 bytes)


---------------  P R O C E S S  ---------------

Java Threads: ( => current thread )
  0x000000005693d000 JavaThread "pool-1-thread-1" [_thread_in_Java, id=19068, stack(0x0000000057cd0000,0x0000000057dd0000)]
  0x00000000566de800 JavaThread "Service Thread" daemon [_thread_blocked, id=19308, stack(0x0000000057200000,0x0000000057300000)]
  0x00000000566c4800 JavaThread "C1 CompilerThread2" daemon [_thread_blocked, id=19020, stack(0x0000000057010000,0x0000000057110000)]
  0x0000000056674000 JavaThread "C2 CompilerThread1" daemon [_thread_in_native, id=18992, stack(0x0000000056e50000,0x0000000056f50000)]
=>0x000000005503b800 JavaThread "C2 CompilerThread0" daemon [_thread_in_native, id=18936, stack(0x00000000561c0000,0x00000000562c0000)]
  0x0000000055038000 JavaThread "Attach Listener" daemon [_thread_blocked, id=18912, stack(0x0000000056c60000,0x0000000056d60000)]
  0x0000000055037800 JavaThread "Signal Dispatcher" daemon [_thread_blocked, id=18860, stack(0x0000000056b20000,0x0000000056c20000)]
  0x0000000055013800 JavaThread "Finalizer" daemon [_thread_blocked, id=18864, stack(0x0000000056560000,0x0000000056660000)]
  0x0000000054fd2000 JavaThread "Reference Handler" daemon [_thread_blocked, id=18848, stack(0x00000000562c0000,0x00000000563c0000)]
  0x00000000002cd800 JavaThread "main" [_thread_blocked, id=10580, stack(0x0000000002780000,0x0000000002880000)]

Other Threads:
  0x0000000054fca000 VMThread [stack: 0x00000000560b0000,0x00000000561b0000] [id=18800]
  0x00000000566e3800 WatcherThread [stack: 0x0000000057300000,0x0000000057400000] [id=19312]

VM state:not at safepoint (normal execution)

VM Mutex/Monitor currently owned by a thread: None

Heap:
 PSYoungGen      total 145408K, used 55783K [0x00000000eab00000, 0x00000000fdd00000, 0x0000000100000000)
  eden space 128512K, 43% used [0x00000000eab00000,0x00000000ee179ca8,0x00000000f2880000)
  from space 16896K, 0% used [0x00000000f2880000,0x00000000f2880000,0x00000000f3900000)
  to   space 28160K, 0% used [0x00000000fc180000,0x00000000fc180000,0x00000000fdd00000)
 ParOldGen       total 44032K, used 44018K [0x00000000c0000000, 0x00000000c2b00000, 0x00000000eab00000)
  object space 44032K, 99% used [0x00000000c0000000,0x00000000c2afca50,0x00000000c2b00000)
 Metaspace       used 6895K, capacity 7544K, committed 7680K, reserved 1056768K
  class space    used 644K, capacity 688K, committed 768K, reserved 1048576K

Card table byte_map: [0x0000000011c40000,0x0000000011e50000] byte_map_base: 0x0000000011640000

Marking Bits: (ParMarkBitMap*) 0x000000006f2364f0
 Begin Bits: [0x0000000012440000, 0x0000000013440000)
 End Bits:   [0x0000000013440000, 0x0000000014440000)

Polling page: 0x0000000000260000

CodeCache: size=245760Kb used=10712Kb max_used=10712Kb free=235047Kb
 bounds [0x0000000002880000, 0x0000000003310000, 0x0000000011880000]
 total_blobs=2632 nmethods=2362 adapters=182
 compilation: enabled

Compilation events (10 events):
Event: 22.655 Thread 0x00000000566c4800 2931       1       com.android.dx.rop.cst.CstKnownNull::fitsInInt (2 bytes)
Event: 22.655 Thread 0x00000000566c4800 nmethod 2931 0x00000000032c0b50 code [0x00000000032c0ca0, 0x00000000032c0db0]
Event: 22.655 Thread 0x00000000566c4800 2932       1       com.android.dx.rop.cst.CstKnownNull::getIntBits (2 bytes)
Event: 22.655 Thread 0x00000000566c4800 nmethod 2932 0x00000000032c0e10 code [0x00000000032c0f60, 0x00000000032c1070]
Event: 22.658 Thread 0x00000000566c4800 2933       2       com.android.dx.dex.code.CatchHandlerList$Entry::<init> (43 bytes)
Event: 22.659 Thread 0x00000000566c4800 nmethod 2933 0x00000000032c10d0 code [0x00000000032c1260, 0x00000000032c1518]
Event: 22.659 Thread 0x00000000566c4800 2934       2       com.android.dx.dex.code.CatchHandlerList$Entry::compareTo (38 bytes)
Event: 22.659 Thread 0x00000000566c4800 nmethod 2934 0x00000000032c1650 code [0x00000000032c17e0, 0x00000000032c1ad8]
Event: 22.659 Thread 0x00000000566c4800 2935       2       com.android.dx.dex.code.CatchHandlerList$Entry::equals (26 bytes)
Event: 22.659 Thread 0x00000000566c4800 nmethod 2935 0x00000000032c1e50 code [0x00000000032c1fc0, 0x00000000032c21c8]

GC Heap History (10 events):
Event: 4.092 GC heap before
{Heap before GC invocations=5 (full 0):
 PSYoungGen      total 68096K, used 68089K [0x00000000eab00000, 0x00000000ef000000, 0x0000000100000000)
  eden space 65536K, 100% used [0x00000000eab00000,0x00000000eeb00000,0x00000000eeb00000)
  from space 2560K, 99% used [0x00000000eed80000,0x00000000eeffe5e8,0x00000000ef000000)
  to   space 2560K, 0% used [0x00000000eeb00000,0x00000000eeb00000,0x00000000eed80000)
 ParOldGen       total 44032K, used 11811K [0x00000000c0000000, 0x00000000c2b00000, 0x00000000eab00000)
  object space 44032K, 26% used [0x00000000c0000000,0x00000000c0b88c90,0x00000000c2b00000)
 Metaspace       used 6320K, capacity 7156K, committed 7296K, reserved 1056768K
  class space    used 605K, capacity 620K, committed 640K, reserved 1048576K
Event: 4.140 GC heap after
Heap after GC invocations=5 (full 0):
 PSYoungGen      total 68096K, used 2529K [0x00000000eab00000, 0x00000000f4700000, 0x0000000100000000)
  eden space 65536K, 0% used [0x00000000eab00000,0x00000000eab00000,0x00000000eeb00000)
  from space 2560K, 98% used [0x00000000eeb00000,0x00000000eed785d8,0x00000000eed80000)
  to   space 14336K, 0% used [0x00000000f3900000,0x00000000f3900000,0x00000000f4700000)
 ParOldGen       total 44032K, used 22205K [0x00000000c0000000, 0x00000000c2b00000, 0x00000000eab00000)
  object space 44032K, 50% used [0x00000000c0000000,0x00000000c15af520,0x00000000c2b00000)
 Metaspace       used 6320K, capacity 7156K, committed 7296K, reserved 1056768K
  class space    used 605K, capacity 620K, committed 640K, reserved 1048576K
}
Event: 7.405 GC heap before
{Heap before GC invocations=6 (full 0):
 PSYoungGen      total 68096K, used 68065K [0x00000000eab00000, 0x00000000f4700000, 0x0000000100000000)
  eden space 65536K, 100% used [0x00000000eab00000,0x00000000eeb00000,0x00000000eeb00000)
  from space 2560K, 98% used [0x00000000eeb00000,0x00000000eed785d8,0x00000000eed80000)
  to   space 14336K, 0% used [0x00000000f3900000,0x00000000f3900000,0x00000000f4700000)
 ParOldGen       total 44032K, used 22205K [0x00000000c0000000, 0x00000000c2b00000, 0x00000000eab00000)
  object space 44032K, 50% used [0x00000000c0000000,0x00000000c15af520,0x00000000c2b00000)
 Metaspace       used 6420K, capacity 7156K, committed 7296K, reserved 1056768K
  class space    used 606K, capacity 620K, committed 640K, reserved 1048576K
Event: 7.861 GC heap after
Heap after GC invocations=6 (full 0):
 PSYoungGen      total 142848K, used 13249K [0x00000000eab00000, 0x00000000f4c00000, 0x0000000100000000)
  eden space 128512K, 0% used [0x00000000eab00000,0x00000000eab00000,0x00000000f2880000)
  from space 14336K, 92% used [0x00000000f3900000,0x00000000f45f07d8,0x00000000f4700000)
  to   space 16896K, 0% used [0x00000000f2880000,0x00000000f2880000,0x00000000f3900000)
 ParOldGen       total 44032K, used 22205K [0x00000000c0000000, 0x00000000c2b00000, 0x00000000eab00000)
  object space 44032K, 50% used [0x00000000c0000000,0x00000000c15af520,0x00000000c2b00000)
 Metaspace       used 6420K, capacity 7156K, committed 7296K, reserved 1056768K
  class space    used 606K, capacity 620K, committed 640K, reserved 1048576K
}
Event: 19.049 GC heap before
{Heap before GC invocations=7 (full 0):
 PSYoungGen      total 142848K, used 141761K [0x00000000eab00000, 0x00000000f4c00000, 0x0000000100000000)
  eden space 128512K, 100% used [0x00000000eab00000,0x00000000f2880000,0x00000000f2880000)
  from space 14336K, 92% used [0x00000000f3900000,0x00000000f45f07d8,0x00000000f4700000)
  to   space 16896K, 0% used [0x00000000f2880000,0x00000000f2880000,0x00000000f3900000)
 ParOldGen       total 44032K, used 22205K [0x00000000c0000000, 0x00000000c2b00000, 0x00000000eab00000)
  object space 44032K, 50% used [0x00000000c0000000,0x00000000c15af520,0x00000000c2b00000)
 Metaspace       used 6575K, capacity 7256K, committed 7424K, reserved 1056768K
  class space    used 626K, capacity 656K, committed 768K, reserved 1048576K
Event: 19.365 GC heap after
Heap after GC invocations=7 (full 0):
 PSYoungGen      total 145408K, used 16867K [0x00000000eab00000, 0x00000000fdd00000, 0x0000000100000000)
  eden space 128512K, 0% used [0x00000000eab00000,0x00000000eab00000,0x00000000f2880000)
  from space 16896K, 99% used [0x00000000f2880000,0x00000000f38f8c98,0x00000000f3900000)
  to   space 28160K, 0% used [0x00000000fc180000,0x00000000fc180000,0x00000000fdd00000)
 ParOldGen       total 44032K, used 38187K [0x00000000c0000000, 0x00000000c2b00000, 0x00000000eab00000)
  object space 44032K, 86% used [0x00000000c0000000,0x00000000c254ac40,0x00000000c2b00000)
 Metaspace       used 6575K, capacity 7256K, committed 7424K, reserved 1056768K
  class space    used 626K, capacity 656K, committed 768K, reserved 1048576K
}
Event: 19.365 GC heap before
{Heap before GC invocations=8 (full 1):
 PSYoungGen      total 145408K, used 16867K [0x00000000eab00000, 0x00000000fdd00000, 0x0000000100000000)
  eden space 128512K, 0% used [0x00000000eab00000,0x00000000eab00000,0x00000000f2880000)
  from space 16896K, 99% used [0x00000000f2880000,0x00000000f38f8c98,0x00000000f3900000)
  to   space 28160K, 0% used [0x00000000fc180000,0x00000000fc180000,0x00000000fdd00000)
 ParOldGen       total 44032K, used 38187K [0x00000000c0000000, 0x00000000c2b00000, 0x00000000eab00000)
  object space 44032K, 86% used [0x00000000c0000000,0x00000000c254ac40,0x00000000c2b00000)
 Metaspace       used 6575K, capacity 7256K, committed 7424K, reserved 1056768K
  class space    used 626K, capacity 656K, committed 768K, reserved 1048576K
Event: 20.250 GC heap after
Heap after GC invocations=8 (full 1):
 PSYoungGen      total 145408K, used 9634K [0x00000000eab00000, 0x00000000fdd00000, 0x0000000100000000)
  eden space 128512K, 0% used [0x00000000eab00000,0x00000000eab00000,0x00000000f2880000)
  from space 16896K, 57% used [0x00000000f2880000,0x00000000f31e8b48,0x00000000f3900000)
  to   space 28160K, 0% used [0x00000000fc180000,0x00000000fc180000,0x00000000fdd00000)
 ParOldGen       total 44032K, used 43880K [0x00000000c0000000, 0x00000000c2b00000, 0x00000000eab00000)
  object space 44032K, 99% used [0x00000000c0000000,0x00000000c2ada3d8,0x00000000c2b00000)
 Metaspace       used 6575K, capacity 7256K, committed 7424K, reserved 1056768K
  class space    used 626K, capacity 656K, committed 768K, reserved 1048576K
}
Event: 21.592 GC heap before
{Heap before GC invocations=9 (full 2):
 PSYoungGen      total 145408K, used 138146K [0x00000000eab00000, 0x00000000fdd00000, 0x0000000100000000)
  eden space 128512K, 100% used [0x00000000eab00000,0x00000000f2880000,0x00000000f2880000)
  from space 16896K, 57% used [0x00000000f2880000,0x00000000f31e8b48,0x00000000f3900000)
  to   space 28160K, 0% used [0x00000000fc180000,0x00000000fc180000,0x00000000fdd00000)
 ParOldGen       total 44032K, used 43880K [0x00000000c0000000, 0x00000000c2b00000, 0x00000000eab00000)
  object space 44032K, 99% used [0x00000000c0000000,0x00000000c2ada3d8,0x00000000c2b00000)
 Metaspace       used 6599K, capacity 7256K, committed 7424K, reserved 1056768K
  class space    used 627K, capacity 656K, committed 768K, reserved 1048576K
Event: 21.963 GC heap after
Heap after GC invocations=9 (full 2):
 PSYoungGen      total 145408K, used 26305K [0x00000000eab00000, 0x00000000fdd00000, 0x0000000100000000)
  eden space 128512K, 20% used [0x00000000eab00000,0x00000000ec4b0468,0x00000000f2880000)
  from space 16896K, 0% used [0x00000000f2880000,0x00000000f2880000,0x00000000f3900000)
  to   space 28160K, 0% used [0x00000000fc180000,0x00000000fc180000,0x00000000fdd00000)
 ParOldGen       total 44032K, used 44018K [0x00000000c0000000, 0x00000000c2b00000, 0x00000000eab00000)
  object space 44032K, 99% used [0x00000000c0000000,0x00000000c2afca50,0x00000000c2b00000)
 Metaspace       used 6599K, capacity 7256K, committed 7424K, reserved 1056768K
  class space    used 627K, capacity 656K, committed 768K, reserved 1048576K
}

Deoptimization events (10 events):
Event: 22.189 Thread 0x000000005693d000 Uncommon trap: reason=class_check action=maybe_recompile pc=0x0000000002e2cdb8 method=java.util.Arrays.hashCode([Ljava/lang/Object;)I @ 43
Event: 22.189 Thread 0x000000005693d000 Uncommon trap: reason=class_check action=maybe_recompile pc=0x0000000002e2cdb8 method=java.util.Arrays.hashCode([Ljava/lang/Object;)I @ 43
Event: 22.189 Thread 0x000000005693d000 Uncommon trap: reason=class_check action=maybe_recompile pc=0x0000000002e2cdb8 method=java.util.Arrays.hashCode([Ljava/lang/Object;)I @ 43
Event: 22.189 Thread 0x000000005693d000 Uncommon trap: reason=class_check action=maybe_recompile pc=0x0000000002dd4028 method=java.util.Arrays.hashCode([Ljava/lang/Object;)I @ 43
Event: 22.514 Thread 0x000000005693d000 Uncommon trap: reason=unstable_if action=reinterpret pc=0x0000000002b7e734 method=java.util.TimSort.sort([Ljava/lang/Object;IILjava/util/Comparator;[Ljava/lang/Object;II)V @ 53
Event: 22.548 Thread 0x000000005693d000 Uncommon trap: reason=speculate_class_check action=maybe_recompile pc=0x0000000002b9accc method=com.android.dx.util.FixedSizeList.equals(Ljava/lang/Object;)Z @ 25
Event: 22.548 Thread 0x000000005693d000 Uncommon trap: reason=speculate_class_check action=maybe_recompile pc=0x0000000002b9accc method=com.android.dx.util.FixedSizeList.equals(Ljava/lang/Object;)Z @ 25
Event: 22.548 Thread 0x000000005693d000 Uncommon trap: reason=speculate_class_check action=maybe_recompile pc=0x0000000002b9accc method=com.android.dx.util.FixedSizeList.equals(Ljava/lang/Object;)Z @ 25
Event: 22.548 Thread 0x000000005693d000 Uncommon trap: reason=speculate_class_check action=maybe_recompile pc=0x0000000002b9accc method=com.android.dx.util.FixedSizeList.equals(Ljava/lang/Object;)Z @ 25
Event: 22.549 Thread 0x000000005693d000 Uncommon trap: reason=unstable_if action=reinterpret pc=0x000000000313b790 method=java.util.TreeMap.put(Ljava/lang/Object;Ljava/lang/Object;)Ljava/lang/Object; @ 163

Internal exceptions (7 events):
Event: 0.118 Thread 0x00000000002cd800 Exception <a 'java/lang/NoSuchMethodError': Method sun.misc.Unsafe.defineClass(Ljava/lang/String;[BII)Ljava/lang/Class; name or signature does not match> (0x00000000eab07cc0) thrown at [D:\re\workspace\8-2-build-windows-amd64-cygwin\jdk8u92\6642\hotspot\srayÅﬂl1æ?
Event: 0.118 Thread 0x00000000002cd800 Exception <a 'java/lang/NoSuchMethodError': Method sun.misc.Unsafe.prefetchRead(Ljava/lang/Object;J)V name or signature does not match> (0x00000000eab07fa8) thrown at [D:\re\workspace\8-2-build-windows-amd64-cygwin\jdk8u92\6642\hotspot\src\share\vm\prims\j«í?Á°l@
Event: 6.856 Thread 0x0000000057419000 Implicit null exception at 0x0000000002de5d2b to 0x0000000002de75c1
Event: 14.075 Thread 0x000000005693b000 Exception <a 'java/lang/ArrayIndexOutOfBoundsException': 18> (0x00000000edec3508) thrown at [D:\re\workspace\8-2-build-windows-amd64-cygwin\jdk8u92\6642\hotspot\src\share\vm\interpreter\interpreterRuntime.cpp, line 366]
Event: 14.075 Thread 0x000000005693b000 Exception <a 'java/lang/ArrayIndexOutOfBoundsException'> (0x00000000edec5088) thrown at [D:\re\workspace\8-2-build-windows-amd64-cygwin\jdk8u92\6642\hotspot\src\share\vm\runtime\sharedRuntime.cpp, line 605]
Event: 14.076 Thread 0x000000005693b000 Exception <a 'java/lang/ArrayIndexOutOfBoundsException'> (0x00000000edec6370) thrown at [D:\re\workspace\8-2-build-windows-amd64-cygwin\jdk8u92\6642\hotspot\src\share\vm\runtime\sharedRuntime.cpp, line 605]
Event: 21.455 Thread 0x000000005693b000 Implicit null exception at 0x0000000002fb8708 to 0x0000000002fbe9a9

Events (10 events):
Event: 22.615 Thread 0x000000005693d000 DEOPT PACKING pc=0x0000000003015671 sp=0x0000000057dce960
Event: 22.615 Thread 0x000000005693d000 DEOPT UNPACKING pc=0x00000000028c787f sp=0x0000000057dce6e8 mode 0
Event: 22.626 Thread 0x000000005693d000 DEOPT PACKING pc=0x0000000002cd0188 sp=0x0000000057dce930
Event: 22.626 Thread 0x000000005693d000 DEOPT UNPACKING pc=0x00000000028c787f sp=0x0000000057dce690 mode 0
Event: 22.626 Thread 0x000000005693d000 DEOPT PACKING pc=0x0000000002b32c6d sp=0x0000000057dce920
Event: 22.626 Thread 0x000000005693d000 DEOPT UNPACKING pc=0x00000000028c787f sp=0x0000000057dce698 mode 0
Event: 22.627 Thread 0x000000005693d000 DEOPT PACKING pc=0x0000000002f9c2b4 sp=0x0000000057dce830
Event: 22.627 Thread 0x000000005693d000 DEOPT UNPACKING pc=0x00000000028c787f sp=0x0000000057dce678 mode 0
Event: 22.629 Thread 0x000000005693d000 DEOPT PACKING pc=0x0000000002b3203c sp=0x0000000057dce870
Event: 22.629 Thread 0x000000005693d000 DEOPT UNPACKING pc=0x00000000028c787f sp=0x0000000057dce5c8 mode 0


Dynamic libraries:
0x000000013f4b0000 - 0x000000013f4e7000 	C:\Program Files\Java\jdk1.8.0_92\bin\java.exe
0x00000000775e0000 - 0x000000007778a000 	C:\windows\SYSTEM32\ntdll.dll
0x0000000077280000 - 0x000000007739f000 	C:\windows\system32\kernel32.dll
0x000007fefd5f0000 - 0x000007fefd65b000 	C:\windows\system32\KERNELBASE.dll
0x000007fefe5e0000 - 0x000007fefe6bb000 	C:\windows\system32\ADVAPI32.dll
0x000007fefe070000 - 0x000007fefe10f000 	C:\windows\system32\msvcrt.dll
0x000007fefd760000 - 0x000007fefd77f000 	C:\windows\SYSTEM32\sechost.dll
0x000007fefdd10000 - 0x000007fefde3d000 	C:\windows\system32\RPCRT4.dll
0x00000000774e0000 - 0x00000000775da000 	C:\windows\system32\USER32.dll
0x000007fefd9f0000 - 0x000007fefda57000 	C:\windows\system32\GDI32.dll
0x000007fefd8b0000 - 0x000007fefd8be000 	C:\windows\system32\LPK.dll
0x000007fefd8c0000 - 0x000007fefd98a000 	C:\windows\system32\USP10.dll
0x000007fefbcb0000 - 0x000007fefbea4000 	C:\windows\WinSxS\amd64_microsoft.windows.common-controls_6595b64144ccf1df_6.0.7601.18837_none_fa3b1e3d17594757\COMCTL32.dll
0x000007fefe6f0000 - 0x000007fefe761000 	C:\windows\system32\SHLWAPI.dll
0x000007fefe6c0000 - 0x000007fefe6ee000 	C:\windows\system32\IMM32.DLL
0x000007fefe110000 - 0x000007fefe219000 	C:\windows\system32\MSCTF.dll
0x0000000070b80000 - 0x0000000070c52000 	C:\Program Files\Java\jdk1.8.0_92\jre\bin\msvcr100.dll
0x000000006ea20000 - 0x000000006f2b6000 	C:\Program Files\Java\jdk1.8.0_92\jre\bin\server\jvm.dll
0x000007fef4c20000 - 0x000007fef4c29000 	C:\windows\system32\WSOCK32.dll
0x000007fefe590000 - 0x000007fefe5dd000 	C:\windows\system32\WS2_32.dll
0x000007fefe220000 - 0x000007fefe228000 	C:\windows\system32\NSI.dll
0x000007fefd5b0000 - 0x000007fefd5eb000 	C:\windows\system32\WINMM.dll
0x000007fefc410000 - 0x000007fefc41c000 	C:\windows\system32\VERSION.dll
0x00000000777a0000 - 0x00000000777a7000 	C:\windows\system32\PSAPI.DLL
0x0000000073970000 - 0x000000007397f000 	C:\Program Files\Java\jdk1.8.0_92\jre\bin\verify.dll
0x0000000073940000 - 0x0000000073969000 	C:\Program Files\Java\jdk1.8.0_92\jre\bin\java.dll
0x0000000073920000 - 0x0000000073936000 	C:\Program Files\Java\jdk1.8.0_92\jre\bin\zip.dll
0x000007fefe9d0000 - 0x000007feff759000 	C:\windows\system32\SHELL32.dll
0x000007fefdb00000 - 0x000007fefdd03000 	C:\windows\system32\ole32.dll
0x000007fefd2b0000 - 0x000007fefd2bf000 	C:\windows\system32\profapi.dll

VM Arguments:
jvm_args: -Djava.awt.headless=true -Xmx1024M -Dfile.encoding=GBK -Duser.country=CN -Duser.language=zh -Duser.variant 
java_command: com.android.dx.command.Main --dex --force-jumbo --num-threads=4 --multi-dex --output D:\HouseKeeperApplication\app\build\intermediates\transforms\dex\debug\folders\1000\10\com.android.support-support-v4-23.4.0_974c89e634adf2620179d31ea435b6f77689390a D:\HouseKeeperApplication\app\build\intermediates\exploded-aar\com.android.support\support-v4\23.4.0\jars\classes.jar
java_class_path (initial): D:\sdk\build-tools\24.0.1\lib\dx.jar
Launcher Type: SUN_STANDARD

Environment Variables:
PATH=C:\Program Files\Java\jdk1.8.0_92\bin;
USERNAME=Administrator
OS=Windows_NT
PROCESSOR_IDENTIFIER=Intel64 Family 6 Model 42 Stepping 7, GenuineIntel



---------------  S Y S T E M  ---------------

OS: Windows 7 , 64 bit Build 7601 (6.1.7601.19135)

CPU:total 4 (2 cores per cpu, 2 threads per core) family 6 model 42 stepping 7, cmov, cx8, fxsr, mmx, sse, sse2, sse3, ssse3, sse4.1, sse4.2, popcnt, avx, clmul, ht, tsc, tscinvbit

Memory: 4k page, physical 4133888k(116448k free), swap 5180628k(5084k free)

vm_info: Java HotSpot(TM) 64-Bit Server VM (25.92-b14) for windows-amd64 JRE (1.8.0_92-b14), built on Mar 31 2016 21:03:04 by "java_re" with MS VC++ 10.0 (VS2010)

time: Fri Aug 26 16:35:40 2016
elapsed time: 23 seconds (0d 0h 0m 23s)

