#
# There is insufficient memory for the Java Runtime Environment to continue.
# Native memory allocation (malloc) failed to allocate 229136 bytes for Chunk::new
# Possible reasons:
#   The system is out of physical RAM or swap space
#   In 32 bit mode, the process size limit was hit
# Possible solutions:
#   Reduce memory load on the system
#   Increase physical memory or swap space
#   Check if swap backing store is full
#   Use 64 bit Java on a 64 bit OS
#   Decrease Java heap size (-Xmx/-Xms)
#   Decrease number of Java threads
#   Decrease Java thread stack sizes (-Xss)
#   Set larger code cache with -XX:ReservedCodeCacheSize=
# This output file may be truncated or incomplete.
#
#  Out of Memory Error (allocation.cpp:390), pid=10864, tid=0x0000000000002b24
#
# JRE version: Java(TM) SE Runtime Environment (8.0_92-b14) (build 1.8.0_92-b14)
# Java VM: Java HotSpot(TM) 64-Bit Server VM (25.92-b14 mixed mode windows-amd64 compressed oops)
# Failed to write core dump. Minidumps are not enabled by default on client versions of Windows
#

---------------  T H R E A D  ---------------

Current thread (0x000000005530b800):  JavaThread "C2 CompilerThread0" daemon [_thread_in_native, id=11044, stack(0x0000000056d30000,0x0000000056e30000)]

Stack: [0x0000000056d30000,0x0000000056e30000]
[error occurred during error reporting (printing stack bounds), id 0xc0000005]

Native frames: (J=compiled Java code, j=interpreted, Vv=VM code, C=native code)


Current CompileTask:
C2:   4795 1493       4       com.android.dx.ssa.SsaRenamer$BlockRenamer::process (191 bytes)


---------------  P R O C E S S  ---------------

Java Threads: ( => current thread )
  0x000000005692b000 JavaThread "pool-1-thread-4" [_thread_blocked, id=11192, stack(0x0000000058170000,0x0000000058270000)]
  0x0000000056928800 JavaThread "pool-1-thread-3" [_thread_blocked, id=11188, stack(0x0000000057220000,0x0000000057320000)]
  0x000000005746e800 JavaThread "pool-1-thread-2" [_thread_blocked, id=11184, stack(0x0000000057f80000,0x0000000058080000)]
  0x0000000056997000 JavaThread "pool-2-thread-1" [_thread_blocked, id=11152, stack(0x0000000057e60000,0x0000000057f60000)]
  0x00000000569dc000 JavaThread "pool-1-thread-1" [_thread_blocked, id=11140, stack(0x0000000057cf0000,0x0000000057df0000)]
  0x0000000056601000 JavaThread "Service Thread" daemon [_thread_blocked, id=11056, stack(0x00000000570b0000,0x00000000571b0000)]
  0x00000000565f4800 JavaThread "C1 CompilerThread2" daemon [_thread_blocked, id=11052, stack(0x00000000563c0000,0x00000000564c0000)]
  0x000000005530f800 JavaThread "C2 CompilerThread1" daemon [_thread_in_native, id=11048, stack(0x0000000056f00000,0x0000000057000000)]
=>0x000000005530b800 JavaThread "C2 CompilerThread0" daemon [_thread_in_native, id=11044, stack(0x0000000056d30000,0x0000000056e30000)]
  0x0000000055308000 JavaThread "Attach Listener" daemon [_thread_blocked, id=11040, stack(0x0000000056be0000,0x0000000056ce0000)]
  0x0000000055307800 JavaThread "Signal Dispatcher" daemon [_thread_blocked, id=11036, stack(0x0000000056ad0000,0x0000000056bd0000)]
  0x00000000552e9000 JavaThread "Finalizer" daemon [_thread_blocked, id=11000, stack(0x00000000564e0000,0x00000000565e0000)]
  0x00000000552a2000 JavaThread "Reference Handler" daemon [_thread_blocked, id=10996, stack(0x00000000560f0000,0x00000000561f0000)]
  0x00000000026ed800 JavaThread "main" [_thread_blocked, id=10916, stack(0x0000000002990000,0x0000000002a90000)]

Other Threads:
  0x000000005529a000 VMThread [stack: 0x00000000562b0000,0x00000000563b0000] [id=10992]
  0x00000000566fd800 WatcherThread [stack: 0x0000000057360000,0x0000000057460000] [id=11076]

VM state:not at safepoint (normal execution)

VM Mutex/Monitor currently owned by a thread: None

Heap:
 PSYoungGen      total 35328K, used 21332K [0x00000000eab00000, 0x00000000ed000000, 0x0000000100000000)
  eden space 32768K, 57% used [0x00000000eab00000,0x00000000ebd55628,0x00000000ecb00000)
  from space 2560K, 99% used [0x00000000ecd80000,0x00000000ecfffca8,0x00000000ed000000)
  to   space 2560K, 0% used [0x00000000ecb00000,0x00000000ecb00000,0x00000000ecd80000)
 ParOldGen       total 44032K, used 2631K [0x00000000c0000000, 0x00000000c2b00000, 0x00000000eab00000)
  object space 44032K, 5% used [0x00000000c0000000,0x00000000c0291e00,0x00000000c2b00000)
 Metaspace       used 6189K, capacity 7028K, committed 7296K, reserved 1056768K
  class space    used 603K, capacity 620K, committed 640K, reserved 1048576K

Card table byte_map: [0x0000000011e50000,0x0000000012060000] byte_map_base: 0x0000000011850000

Marking Bits: (ParMarkBitMap*) 0x000000006c1e64f0
 Begin Bits: [0x0000000012710000, 0x0000000013710000)
 End Bits:   [0x0000000013710000, 0x0000000014710000)

Polling page: 0x0000000000260000

CodeCache: size=245760Kb used=6311Kb max_used=6311Kb free=239448Kb
 bounds [0x0000000002a90000, 0x00000000030c0000, 0x0000000011a90000]
 total_blobs=1783 nmethods=1513 adapters=182
 compilation: enabled

Compilation events (10 events):
Event: 4.635 Thread 0x00000000565f4800 1494       3       com.android.dx.rop.code.Rops::opGetField (97 bytes)
Event: 4.636 Thread 0x00000000565f4800 nmethod 1494 0x0000000003092710 code [0x0000000003092940, 0x0000000003093578]
Event: 4.636 Thread 0x00000000565f4800 1495       3       com.android.dx.ssa.SsaConverter::convertToSsaMethod (41 bytes)
Event: 4.637 Thread 0x00000000565f4800 nmethod 1495 0x0000000003093b10 code [0x0000000003093d60, 0x00000000030948c8]
Event: 4.637 Thread 0x00000000565f4800 1496       3       com.android.dx.ssa.SsaMethod::newFromRopMethod (18 bytes)
Event: 4.637 Thread 0x00000000565f4800 nmethod 1496 0x0000000003079350 code [0x00000000030794c0, 0x00000000030796d8]
Event: 4.637 Thread 0x00000000565f4800 1488       3       com.android.dx.cf.code.Ropper::addSynchExceptionHandlerBlock (206 bytes)
Event: 4.640 Thread 0x00000000565f4800 nmethod 1488 0x0000000003094ed0 code [0x0000000003095480, 0x00000000030990d8]
Event: 4.645 Thread 0x000000005530f800 nmethod 1477 0x000000000309ffd0 code [0x00000000030a01e0, 0x00000000030a1168]
Event: 4.645 Thread 0x000000005530f800 1491       4       com.android.dx.ssa.SsaBasicBlock::newFromRop (183 bytes)

GC Heap History (4 events):
Event: 1.057 GC heap before
{Heap before GC invocations=1 (full 0):
 PSYoungGen      total 18944K, used 16384K [0x00000000eab00000, 0x00000000ec000000, 0x0000000100000000)
  eden space 16384K, 100% used [0x00000000eab00000,0x00000000ebb00000,0x00000000ebb00000)
  from space 2560K, 0% used [0x00000000ebd80000,0x00000000ebd80000,0x00000000ec000000)
  to   space 2560K, 0% used [0x00000000ebb00000,0x00000000ebb00000,0x00000000ebd80000)
 ParOldGen       total 44032K, used 0K [0x00000000c0000000, 0x00000000c2b00000, 0x00000000eab00000)
  object space 44032K, 0% used [0x00000000c0000000,0x00000000c0000000,0x00000000c2b00000)
 Metaspace       used 5531K, capacity 6448K, committed 6528K, reserved 1056768K
  class space    used 591K, capacity 616K, committed 640K, reserved 1048576K
Event: 1.079 GC heap after
Heap after GC invocations=1 (full 0):
 PSYoungGen      total 18944K, used 2557K [0x00000000eab00000, 0x00000000ed000000, 0x0000000100000000)
  eden space 16384K, 0% used [0x00000000eab00000,0x00000000eab00000,0x00000000ebb00000)
  from space 2560K, 99% used [0x00000000ebb00000,0x00000000ebd7f640,0x00000000ebd80000)
  to   space 2560K, 0% used [0x00000000ecd80000,0x00000000ecd80000,0x00000000ed000000)
 ParOldGen       total 44032K, used 888K [0x00000000c0000000, 0x00000000c2b00000, 0x00000000eab00000)
  object space 44032K, 2% used [0x00000000c0000000,0x00000000c00de0a8,0x00000000c2b00000)
 Metaspace       used 5531K, capacity 6448K, committed 6528K, reserved 1056768K
  class space    used 591K, capacity 616K, committed 640K, reserved 1048576K
}
Event: 2.689 GC heap before
{Heap before GC invocations=2 (full 0):
 PSYoungGen      total 18944K, used 18941K [0x00000000eab00000, 0x00000000ed000000, 0x0000000100000000)
  eden space 16384K, 100% used [0x00000000eab00000,0x00000000ebb00000,0x00000000ebb00000)
  from space 2560K, 99% used [0x00000000ebb00000,0x00000000ebd7f640,0x00000000ebd80000)
  to   space 2560K, 0% used [0x00000000ecd80000,0x00000000ecd80000,0x00000000ed000000)
 ParOldGen       total 44032K, used 888K [0x00000000c0000000, 0x00000000c2b00000, 0x00000000eab00000)
  object space 44032K, 2% used [0x00000000c0000000,0x00000000c00de0a8,0x00000000c2b00000)
 Metaspace       used 6041K, capacity 6900K, committed 7040K, reserved 1056768K
  class space    used 598K, capacity 620K, committed 640K, reserved 1048576K
Event: 2.714 GC heap after
Heap after GC invocations=2 (full 0):
 PSYoungGen      total 35328K, used 2559K [0x00000000eab00000, 0x00000000ed000000, 0x0000000100000000)
  eden space 32768K, 0% used [0x00000000eab00000,0x00000000eab00000,0x00000000ecb00000)
  from space 2560K, 99% used [0x00000000ecd80000,0x00000000ecfffca8,0x00000000ed000000)
  to   space 2560K, 0% used [0x00000000ecb00000,0x00000000ecb00000,0x00000000ecd80000)
 ParOldGen       total 44032K, used 2631K [0x00000000c0000000, 0x00000000c2b00000, 0x00000000eab00000)
  object space 44032K, 5% used [0x00000000c0000000,0x00000000c0291e00,0x00000000c2b00000)
 Metaspace       used 6041K, capacity 6900K, committed 7040K, reserved 1056768K
  class space    used 598K, capacity 620K, committed 640K, reserved 1048576K
}

Deoptimization events (10 events):
Event: 1.179 Thread 0x00000000569dc000 Uncommon trap: reason=class_check action=maybe_recompile pc=0x0000000002cbf060 method=com.android.dx.ssa.NormalSsaInsn.accept(Lcom/android/dx/ssa/SsaInsn$Visitor;)V @ 9
Event: 1.791 Thread 0x000000005746e800 Uncommon trap: reason=class_check action=maybe_recompile pc=0x0000000002cc0e40 method=com.android.dx.rop.type.Type.equals(Ljava/lang/Object;)Z @ 8
Event: 1.792 Thread 0x000000005746e800 Uncommon trap: reason=class_check action=maybe_recompile pc=0x0000000002cc0e40 method=com.android.dx.rop.type.Type.equals(Ljava/lang/Object;)Z @ 8
Event: 1.793 Thread 0x000000005746e800 Uncommon trap: reason=class_check action=maybe_recompile pc=0x0000000002cc0e40 method=com.android.dx.rop.type.Type.equals(Ljava/lang/Object;)Z @ 8
Event: 1.793 Thread 0x000000005746e800 Uncommon trap: reason=class_check action=maybe_recompile pc=0x0000000002cc0e40 method=com.android.dx.rop.type.Type.equals(Ljava/lang/Object;)Z @ 8
Event: 1.799 Thread 0x000000005746e800 Uncommon trap: reason=unstable_if action=reinterpret pc=0x0000000002dec0c4 method=com.android.dx.rop.cst.Constant.compareTo(Lcom/android/dx/rop/cst/Constant;)I @ 12
Event: 1.817 Thread 0x000000005746e800 Uncommon trap: reason=unstable_if action=reinterpret pc=0x0000000002e496e8 method=com.android.dx.rop.code.LocalItem.hashCode()I @ 25
Event: 3.070 Thread 0x00000000569dc000 Uncommon trap: reason=null_check action=make_not_entrant pc=0x0000000002d4b198 method=com.android.dx.ssa.SsaRenamer.getLocalForNewReg(I)Lcom/android/dx/rop/code/LocalItem; @ 19
Event: 3.085 Thread 0x00000000569dc000 Uncommon trap: reason=class_check action=maybe_recompile pc=0x0000000002cbf060 method=com.android.dx.ssa.NormalSsaInsn.accept(Lcom/android/dx/ssa/SsaInsn$Visitor;)V @ 9
Event: 3.085 Thread 0x00000000569dc000 Uncommon trap: reason=class_check action=maybe_recompile pc=0x0000000002cbf060 method=com.android.dx.ssa.NormalSsaInsn.accept(Lcom/android/dx/ssa/SsaInsn$Visitor;)V @ 9

Internal exceptions (3 events):
Event: 0.076 Thread 0x00000000026ed800 Exception <a 'java/lang/NoSuchMethodError': Method sun.misc.Unsafe.defineClass(Ljava/lang/String;[BII)Ljava/lang/Class; name or signature does not match> (0x00000000eab07cc0) thrown at [D:\re\workspace\8-2-build-windows-amd64-cygwin\jdk8u92\6642\hotspot\srª*—X\≥?
Event: 0.076 Thread 0x00000000026ed800 Exception <a 'java/lang/NoSuchMethodError': Method sun.misc.Unsafe.prefetchRead(Ljava/lang/Object;J)V name or signature does not match> (0x00000000eab07fa8) thrown at [D:\re\workspace\8-2-build-windows-amd64-cygwin\jdk8u92\6642\hotspot\src\share\vm\prims\jPvåwÙè@
Event: 3.070 Thread 0x00000000569dc000 Implicit null exception at 0x0000000002d49a17 to 0x0000000002d4b14d

Events (10 events):
Event: 4.249 loading class com/android/dx/dex/file/AnnotationSetRefItem
Event: 4.249 loading class com/android/dx/dex/file/AnnotationSetRefItem done
Event: 4.254 loading class com/android/dx/cf/attrib/AttExceptions
Event: 4.254 loading class com/android/dx/cf/attrib/AttExceptions done
Event: 4.294 Executing VM operation: EnableBiasedLocking
Event: 4.295 Executing VM operation: EnableBiasedLocking done
Event: 4.607 loading class com/android/dx/cf/attrib/AttRuntimeInvisibleAnnotations
Event: 4.607 loading class com/android/dx/cf/attrib/AttRuntimeInvisibleAnnotations done
Event: 4.608 loading class com/android/dx/cf/attrib/BaseAnnotations
Event: 4.608 loading class com/android/dx/cf/attrib/BaseAnnotations done


Dynamic libraries:
0x000000013f470000 - 0x000000013f4a7000 	C:\Program Files\Java\jdk1.8.0_92\bin\java.exe
0x0000000076eb0000 - 0x000000007705a000 	C:\windows\SYSTEM32\ntdll.dll
0x0000000076b50000 - 0x0000000076c6f000 	C:\windows\system32\kernel32.dll
0x000007fefcc50000 - 0x000007fefccbb000 	C:\windows\system32\KERNELBASE.dll
0x000007fefe090000 - 0x000007fefe16b000 	C:\windows\system32\ADVAPI32.dll
0x000007fefd030000 - 0x000007fefd0cf000 	C:\windows\system32\msvcrt.dll
0x000007fefdb90000 - 0x000007fefdbaf000 	C:\windows\SYSTEM32\sechost.dll
0x000007fefd260000 - 0x000007fefd38d000 	C:\windows\system32\RPCRT4.dll
0x0000000076c70000 - 0x0000000076d6a000 	C:\windows\system32\USER32.dll
0x000007fefd4a0000 - 0x000007fefd507000 	C:\windows\system32\GDI32.dll
0x000007fefdb80000 - 0x000007fefdb8e000 	C:\windows\system32\LPK.dll
0x000007fefdcb0000 - 0x000007fefdd7a000 	C:\windows\system32\USP10.dll
0x000007fefb550000 - 0x000007fefb744000 	C:\windows\WinSxS\amd64_microsoft.windows.common-controls_6595b64144ccf1df_6.0.7601.18837_none_fa3b1e3d17594757\COMCTL32.dll
0x000007fefdb00000 - 0x000007fefdb71000 	C:\windows\system32\SHLWAPI.dll
0x000007fefe320000 - 0x000007fefe34e000 	C:\windows\system32\IMM32.DLL
0x000007fefd390000 - 0x000007fefd499000 	C:\windows\system32\MSCTF.dll
0x0000000073e70000 - 0x0000000073f42000 	C:\Program Files\Java\jdk1.8.0_92\jre\bin\msvcr100.dll
0x000000006b9d0000 - 0x000000006c266000 	C:\Program Files\Java\jdk1.8.0_92\jre\bin\server\jvm.dll
0x000007fefb9d0000 - 0x000007fefb9d9000 	C:\windows\system32\WSOCK32.dll
0x000007fefdab0000 - 0x000007fefdafd000 	C:\windows\system32\WS2_32.dll
0x000007fefde40000 - 0x000007fefde48000 	C:\windows\system32\NSI.dll
0x000007fefcf80000 - 0x000007fefcfbb000 	C:\windows\system32\WINMM.dll
0x000007fefbce0000 - 0x000007fefbcec000 	C:\windows\system32\VERSION.dll
0x0000000077080000 - 0x0000000077087000 	C:\windows\system32\PSAPI.DLL
0x00000000744f0000 - 0x00000000744ff000 	C:\Program Files\Java\jdk1.8.0_92\jre\bin\verify.dll
0x0000000074490000 - 0x00000000744b9000 	C:\Program Files\Java\jdk1.8.0_92\jre\bin\java.dll
0x0000000074470000 - 0x0000000074486000 	C:\Program Files\Java\jdk1.8.0_92\jre\bin\zip.dll
0x000007fefe430000 - 0x000007feff1b9000 	C:\windows\system32\SHELL32.dll
0x000007fefd640000 - 0x000007fefd843000 	C:\windows\system32\ole32.dll
0x000007fefcb80000 - 0x000007fefcb8f000 	C:\windows\system32\profapi.dll

VM Arguments:
jvm_args: -Djava.awt.headless=true -Xmx1024M -Dfile.encoding=GBK -Duser.country=CN -Duser.language=zh -Duser.variant 
java_command: com.android.dx.command.Main --dex --num-threads=4 --output D:\HouseKeeperApplication\app\build\intermediates\pre-dexed\debug\internal_impl-23.4.0_130861b60a258654d801d2418d66fbe42c496806.jar D:\HouseKeeperApplication\app\build\intermediates\exploded-aar\com.android.support\support-v4\23.4.0\jars\libs\internal_impl-23.4.0.jar
java_class_path (initial): D:\sdk\build-tools\24.0.1\lib\dx.jar
Launcher Type: SUN_STANDARD

Environment Variables:
PATH=C:\Program Files\Java\jdk1.8.0_92\bin;
USERNAME=Administrator
OS=Windows_NT
PROCESSOR_IDENTIFIER=Intel64 Family 6 Model 42 Stepping 7, GenuineIntel



---------------  S Y S T E M  ---------------

OS: Windows 7 , 64 bit Build 7601 (6.1.7601.19135)

CPU:total 4 (2 cores per cpu, 2 threads per core) family 6 model 42 stepping 7, cmov, cx8, fxsr, mmx, sse, sse2, sse3, ssse3, sse4.1, sse4.2, popcnt, avx, clmul, ht, tsc, tscinvbit

Memory: 4k page, physical 4133888k(243800k free), swap 5180628k(4480k free)

vm_info: Java HotSpot(TM) 64-Bit Server VM (25.92-b14) for windows-amd64 JRE (1.8.0_92-b14), built on Mar 31 2016 21:03:04 by "java_re" with MS VC++ 10.0 (VS2010)

time: Mon Aug 22 15:37:58 2016
elapsed time: 5 seconds (0d 0h 0m 5s)

