#
# There is insufficient memory for the Java Runtime Environment to continue.
# Native memory allocation (malloc) failed to allocate 32744 bytes for ChunkPool::allocate
# Possible reasons:
#   The system is out of physical RAM or swap space
#   In 32 bit mode, the process size limit was hit
# Possible solutions:
#   Reduce memory load on the system
#   Increase physical memory or swap space
#   Check if swap backing store is full
#   Use 64 bit Java on a 64 bit OS
#   Decrease Java heap size (-Xmx/-Xms)
#   Decrease number of Java threads
#   Decrease Java thread stack sizes (-Xss)
#   Set larger code cache with -XX:ReservedCodeCacheSize=
# This output file may be truncated or incomplete.
#
#  Out of Memory Error (allocation.cpp:273), pid=14360, tid=0x0000000000003900
#
# JRE version: Java(TM) SE Runtime Environment (8.0_92-b14) (build 1.8.0_92-b14)
# Java VM: Java HotSpot(TM) 64-Bit Server VM (25.92-b14 mixed mode windows-amd64 compressed oops)
# Failed to write core dump. Minidumps are not enabled by default on client versions of Windows
#

---------------  T H R E A D  ---------------

Current thread (0x0000000056756800):  JavaThread "C1 CompilerThread2" daemon [_thread_in_native, id=14592, stack(0x0000000057110000,0x0000000057210000)]

Stack: [0x0000000057110000,0x0000000057210000]
[error occurred during error reporting (printing stack bounds), id 0xc0000005]

Native frames: (J=compiled Java code, j=interpreted, Vv=VM code, C=native code)


Current CompileTask:
C1:   4439 1296   !   2       com.android.dx.cf.code.RopperMachine::run (1550 bytes)


---------------  P R O C E S S  ---------------

Java Threads: ( => current thread )
  0x0000000057970000 JavaThread "pool-2-thread-4" [_thread_in_Java, id=14728, stack(0x00000000581f0000,0x00000000582f0000)]
  0x0000000056a5a800 JavaThread "pool-2-thread-3" [_thread_in_Java, id=14724, stack(0x0000000058000000,0x0000000058100000)]
  0x0000000056a1f800 JavaThread "pool-2-thread-2" [_thread_in_Java, id=14700, stack(0x0000000057660000,0x0000000057760000)]
  0x00000000568dd000 JavaThread "pool-3-thread-1" [_thread_blocked, id=14664, stack(0x0000000057520000,0x0000000057620000)]
  0x00000000568dc000 JavaThread "pool-2-thread-1" [_thread_blocked, id=14660, stack(0x0000000057210000,0x0000000057310000)]
  0x0000000056796800 JavaThread "Service Thread" daemon [_thread_blocked, id=14596, stack(0x00000000563f0000,0x00000000564f0000)]
=>0x0000000056756800 JavaThread "C1 CompilerThread2" daemon [_thread_in_native, id=14592, stack(0x0000000057110000,0x0000000057210000)]
  0x000000005528f800 JavaThread "C2 CompilerThread1" daemon [_thread_in_native, id=14580, stack(0x0000000056ff0000,0x00000000570f0000)]
  0x000000005528d800 JavaThread "C2 CompilerThread0" daemon [_thread_in_native, id=14576, stack(0x00000000561c0000,0x00000000562c0000)]
  0x000000005528a000 JavaThread "Attach Listener" daemon [_thread_blocked, id=14572, stack(0x0000000056d60000,0x0000000056e60000)]
  0x0000000055289800 JavaThread "Signal Dispatcher" daemon [_thread_blocked, id=14568, stack(0x0000000056b70000,0x0000000056c70000)]
  0x0000000055263000 JavaThread "Finalizer" daemon [_thread_blocked, id=14532, stack(0x0000000056640000,0x0000000056740000)]
  0x0000000055222000 JavaThread "Reference Handler" daemon [_thread_blocked, id=14528, stack(0x00000000564f0000,0x00000000565f0000)]
  0x000000000271d800 JavaThread "main" [_thread_in_native, id=14492, stack(0x00000000027c0000,0x00000000028c0000)]

Other Threads:
  0x000000005521a000 VMThread [stack: 0x00000000562c0000,0x00000000563c0000] [id=14520]
  0x00000000567d9000 WatcherThread [stack: 0x0000000057340000,0x0000000057440000] [id=14600]

VM state:not at safepoint (normal execution)

VM Mutex/Monitor currently owned by a thread: None

Heap:
 PSYoungGen      total 68096K, used 21784K [0x00000000eab00000, 0x00000000ef000000, 0x0000000100000000)
  eden space 65536K, 33% used [0x00000000eab00000,0x00000000ec046148,0x00000000eeb00000)
  from space 2560K, 0% used [0x00000000eed80000,0x00000000eed80000,0x00000000ef000000)
  to   space 2560K, 0% used [0x00000000eeb00000,0x00000000eeb00000,0x00000000eed80000)
 ParOldGen       total 44032K, used 23667K [0x00000000c0000000, 0x00000000c2b00000, 0x00000000eab00000)
  object space 44032K, 53% used [0x00000000c0000000,0x00000000c171cf60,0x00000000c2b00000)
 Metaspace       used 5851K, capacity 6896K, committed 7040K, reserved 1056768K
  class space    used 593K, capacity 616K, committed 640K, reserved 1048576K

Card table byte_map: [0x0000000011c80000,0x0000000011e90000] byte_map_base: 0x0000000011680000

Marking Bits: (ParMarkBitMap*) 0x0000000074cc64f0
 Begin Bits: [0x0000000012690000, 0x0000000013690000)
 End Bits:   [0x0000000013690000, 0x0000000014690000)

Polling page: 0x0000000000360000

CodeCache: size=245760Kb used=5166Kb max_used=5166Kb free=240593Kb
 bounds [0x00000000028c0000, 0x0000000002dd0000, 0x00000000118c0000]
 total_blobs=1487 nmethods=1223 adapters=177
 compilation: enabled

Compilation events (10 events):
Event: 3.887 Thread 0x0000000056756800 nmethod 1291 0x0000000002dcce10 code [0x0000000002dccf80, 0x0000000002dcd178]
Event: 3.888 Thread 0x0000000056756800 1292       2       com.android.dx.ssa.SsaMethod::buildUseList (112 bytes)
Event: 3.889 Thread 0x0000000056756800 nmethod 1292 0x0000000002dcd290 code [0x0000000002dcd480, 0x0000000002dcddd8]
Event: 3.889 Thread 0x0000000056756800 1293       1       java.util.TreeMap$Entry::getValue (5 bytes)
Event: 3.889 Thread 0x0000000056756800 nmethod 1293 0x0000000002dce450 code [0x0000000002dce5a0, 0x0000000002dce6b0]
Event: 3.890 Thread 0x0000000056756800 1294       1       com.android.dx.ssa.BasicRegisterMapper::getNewRegisterCount (5 bytes)
Event: 3.890 Thread 0x0000000056756800 nmethod 1294 0x0000000002dce710 code [0x0000000002dce860, 0x0000000002dce970]
Event: 3.891 Thread 0x0000000056756800 1295       2       com.android.dx.rop.code.PlainInsn::<init> (13 bytes)
Event: 3.892 Thread 0x0000000056756800 nmethod 1295 0x0000000002dce9d0 code [0x0000000002dceb80, 0x0000000002dceff8]
Event: 3.892 Thread 0x0000000056756800 1296   !   2       com.android.dx.cf.code.RopperMachine::run (1550 bytes)

GC Heap History (10 events):
Event: 1.662 GC heap after
Heap after GC invocations=1 (full 0):
 PSYoungGen      total 18944K, used 2553K [0x00000000eab00000, 0x00000000ed000000, 0x0000000100000000)
  eden space 16384K, 0% used [0x00000000eab00000,0x00000000eab00000,0x00000000ebb00000)
  from space 2560K, 99% used [0x00000000ebb00000,0x00000000ebd7e410,0x00000000ebd80000)
  to   space 2560K, 0% used [0x00000000ecd80000,0x00000000ecd80000,0x00000000ed000000)
 ParOldGen       total 44032K, used 2774K [0x00000000c0000000, 0x00000000c2b00000, 0x00000000eab00000)
  object space 44032K, 6% used [0x00000000c0000000,0x00000000c02b59c8,0x00000000c2b00000)
 Metaspace       used 5591K, capacity 6704K, committed 6784K, reserved 1056768K
  class space    used 584K, capacity 616K, committed 640K, reserved 1048576K
}
Event: 1.970 GC heap before
{Heap before GC invocations=2 (full 0):
 PSYoungGen      total 18944K, used 18937K [0x00000000eab00000, 0x00000000ed000000, 0x0000000100000000)
  eden space 16384K, 100% used [0x00000000eab00000,0x00000000ebb00000,0x00000000ebb00000)
  from space 2560K, 99% used [0x00000000ebb00000,0x00000000ebd7e410,0x00000000ebd80000)
  to   space 2560K, 0% used [0x00000000ecd80000,0x00000000ecd80000,0x00000000ed000000)
 ParOldGen       total 44032K, used 2774K [0x00000000c0000000, 0x00000000c2b00000, 0x00000000eab00000)
  object space 44032K, 6% used [0x00000000c0000000,0x00000000c02b59c8,0x00000000c2b00000)
 Metaspace       used 5744K, capacity 6832K, committed 7040K, reserved 1056768K
  class space    used 589K, capacity 616K, committed 640K, reserved 1048576K
Event: 2.278 GC heap after
Heap after GC invocations=2 (full 0):
 PSYoungGen      total 35328K, used 2533K [0x00000000eab00000, 0x00000000ed000000, 0x0000000100000000)
  eden space 32768K, 0% used [0x00000000eab00000,0x00000000eab00000,0x00000000ecb00000)
  from space 2560K, 98% used [0x00000000ecd80000,0x00000000ecff94c0,0x00000000ed000000)
  to   space 2560K, 0% used [0x00000000ecb00000,0x00000000ecb00000,0x00000000ecd80000)
 ParOldGen       total 44032K, used 10949K [0x00000000c0000000, 0x00000000c2b00000, 0x00000000eab00000)
  object space 44032K, 24% used [0x00000000c0000000,0x00000000c0ab16c8,0x00000000c2b00000)
 Metaspace       used 5744K, capacity 6832K, committed 7040K, reserved 1056768K
  class space    used 589K, capacity 616K, committed 640K, reserved 1048576K
}
Event: 2.739 GC heap before
{Heap before GC invocations=3 (full 0):
 PSYoungGen      total 35328K, used 35301K [0x00000000eab00000, 0x00000000ed000000, 0x0000000100000000)
  eden space 32768K, 100% used [0x00000000eab00000,0x00000000ecb00000,0x00000000ecb00000)
  from space 2560K, 98% used [0x00000000ecd80000,0x00000000ecff94c0,0x00000000ed000000)
  to   space 2560K, 0% used [0x00000000ecb00000,0x00000000ecb00000,0x00000000ecd80000)
 ParOldGen       total 44032K, used 10949K [0x00000000c0000000, 0x00000000c2b00000, 0x00000000eab00000)
  object space 44032K, 24% used [0x00000000c0000000,0x00000000c0ab16c8,0x00000000c2b00000)
 Metaspace       used 5763K, capacity 6832K, committed 7040K, reserved 1056768K
  class space    used 590K, capacity 616K, committed 640K, reserved 1048576K
Event: 2.989 GC heap after
Heap after GC invocations=3 (full 0):
 PSYoungGen      total 35328K, used 2555K [0x00000000eab00000, 0x00000000ef000000, 0x0000000100000000)
  eden space 32768K, 0% used [0x00000000eab00000,0x00000000eab00000,0x00000000ecb00000)
  from space 2560K, 99% used [0x00000000ecb00000,0x00000000ecd7ed18,0x00000000ecd80000)
  to   space 2560K, 0% used [0x00000000eed80000,0x00000000eed80000,0x00000000ef000000)
 ParOldGen       total 44032K, used 26132K [0x00000000c0000000, 0x00000000c2b00000, 0x00000000eab00000)
  object space 44032K, 59% used [0x00000000c0000000,0x00000000c1985170,0x00000000c2b00000)
 Metaspace       used 5763K, capacity 6832K, committed 7040K, reserved 1056768K
  class space    used 590K, capacity 616K, committed 640K, reserved 1048576K
}
Event: 3.199 GC heap before
{Heap before GC invocations=4 (full 0):
 PSYoungGen      total 35328K, used 35323K [0x00000000eab00000, 0x00000000ef000000, 0x0000000100000000)
  eden space 32768K, 100% used [0x00000000eab00000,0x00000000ecb00000,0x00000000ecb00000)
  from space 2560K, 99% used [0x00000000ecb00000,0x00000000ecd7ed18,0x00000000ecd80000)
  to   space 2560K, 0% used [0x00000000eed80000,0x00000000eed80000,0x00000000ef000000)
 ParOldGen       total 44032K, used 26132K [0x00000000c0000000, 0x00000000c2b00000, 0x00000000eab00000)
  object space 44032K, 59% used [0x00000000c0000000,0x00000000c1985170,0x00000000c2b00000)
 Metaspace       used 5816K, capacity 6896K, committed 7040K, reserved 1056768K
  class space    used 590K, capacity 616K, committed 640K, reserved 1048576K
Event: 3.427 GC heap after
Heap after GC invocations=4 (full 0):
 PSYoungGen      total 68096K, used 2541K [0x00000000eab00000, 0x00000000ef000000, 0x0000000100000000)
  eden space 65536K, 0% used [0x00000000eab00000,0x00000000eab00000,0x00000000eeb00000)
  from space 2560K, 99% used [0x00000000eed80000,0x00000000eeffb658,0x00000000ef000000)
  to   space 2560K, 0% used [0x00000000eeb00000,0x00000000eeb00000,0x00000000eed80000)
 ParOldGen       total 44032K, used 39908K [0x00000000c0000000, 0x00000000c2b00000, 0x00000000eab00000)
  object space 44032K, 90% used [0x00000000c0000000,0x00000000c26f9368,0x00000000c2b00000)
 Metaspace       used 5816K, capacity 6896K, committed 7040K, reserved 1056768K
  class space    used 590K, capacity 616K, committed 640K, reserved 1048576K
}
Event: 3.427 GC heap before
{Heap before GC invocations=5 (full 1):
 PSYoungGen      total 68096K, used 2541K [0x00000000eab00000, 0x00000000ef000000, 0x0000000100000000)
  eden space 65536K, 0% used [0x00000000eab00000,0x00000000eab00000,0x00000000eeb00000)
  from space 2560K, 99% used [0x00000000eed80000,0x00000000eeffb658,0x00000000ef000000)
  to   space 2560K, 0% used [0x00000000eeb00000,0x00000000eeb00000,0x00000000eed80000)
 ParOldGen       total 44032K, used 39908K [0x00000000c0000000, 0x00000000c2b00000, 0x00000000eab00000)
  object space 44032K, 90% used [0x00000000c0000000,0x00000000c26f9368,0x00000000c2b00000)
 Metaspace       used 5816K, capacity 6896K, committed 7040K, reserved 1056768K
  class space    used 590K, capacity 616K, committed 640K, reserved 1048576K
Event: 3.606 GC heap after
Heap after GC invocations=5 (full 1):
 PSYoungGen      total 68096K, used 0K [0x00000000eab00000, 0x00000000ef000000, 0x0000000100000000)
  eden space 65536K, 0% used [0x00000000eab00000,0x00000000eab00000,0x00000000eeb00000)
  from space 2560K, 0% used [0x00000000eed80000,0x00000000eed80000,0x00000000ef000000)
  to   space 2560K, 0% used [0x00000000eeb00000,0x00000000eeb00000,0x00000000eed80000)
 ParOldGen       total 44032K, used 27984K [0x00000000c0000000, 0x00000000c2b00000, 0x00000000eab00000)
  object space 44032K, 63% used [0x00000000c0000000,0x00000000c1b542e0,0x00000000c2b00000)
 Metaspace       used 5816K, capacity 6896K, committed 7040K, reserved 1056768K
  class space    used 590K, capacity 616K, committed 640K, reserved 1048576K
}
Event: 3.997 GC heap before
{Heap before GC invocations=6 (full 2):
 PSYoungGen      total 68096K, used 65536K [0x00000000eab00000, 0x00000000ef000000, 0x0000000100000000)
  eden space 65536K, 100% used [0x00000000eab00000,0x00000000eeb00000,0x00000000eeb00000)
  from space 2560K, 0% used [0x00000000eed80000,0x00000000eed80000,0x00000000ef000000)
  to   space 2560K, 0% used [0x00000000eeb00000,0x00000000eeb00000,0x00000000eed80000)
 ParOldGen       total 44032K, used 27984K [0x00000000c0000000, 0x00000000c2b00000, 0x00000000eab00000)
  object space 44032K, 63% used [0x00000000c0000000,0x00000000c1b542e0,0x00000000c2b00000)
 Metaspace       used 5851K, capacity 6896K, committed 7040K, reserved 1056768K
  class space    used 593K, capacity 616K, committed 640K, reserved 1048576K

Deoptimization events (10 events):
Event: 3.138 Thread 0x0000000056a1f800 Uncommon trap: reason=unstable_if action=reinterpret pc=0x0000000002c7f7c4 method=com.android.dx.util.IntList.binarysearch(I)I @ 26
Event: 3.761 Thread 0x0000000057970000 Uncommon trap: reason=unstable_if action=reinterpret pc=0x0000000002c9cf8c method=com.android.dx.cf.code.ByteCatchList.listFor(I)Lcom/android/dx/cf/code/ByteCatchList; @ 19
Event: 3.762 Thread 0x0000000057970000 Uncommon trap: reason=bimorphic action=maybe_recompile pc=0x0000000002cbc5f4 method=com.android.dx.cf.code.BaseMachine.getLocalTarget(Z)Lcom/android/dx/rop/code/RegisterSpec; @ 70
Event: 3.762 Thread 0x0000000057970000 Uncommon trap: reason=bimorphic action=maybe_recompile pc=0x0000000002d527f0 method=com.android.dx.cf.code.BaseMachine.getLocalTarget(Z)Lcom/android/dx/rop/code/RegisterSpec; @ 70
Event: 3.763 Thread 0x0000000057970000 Uncommon trap: reason=unstable_if action=reinterpret pc=0x0000000002c1a168 method=com.android.dx.cf.code.Ropper.labelToResultIndex(I)I @ 34
Event: 3.765 Thread 0x0000000057970000 Uncommon trap: reason=unstable_if action=reinterpret pc=0x0000000002c8b724 method=com.android.dx.util.LabeledList.set(ILcom/android/dx/util/LabeledItem;)V @ 16
Event: 3.881 Thread 0x0000000056a5a800 Uncommon trap: reason=bimorphic action=maybe_recompile pc=0x0000000002cbc5f4 method=com.android.dx.cf.code.BaseMachine.getLocalTarget(Z)Lcom/android/dx/rop/code/RegisterSpec; @ 70
Event: 3.881 Thread 0x0000000056a5a800 Uncommon trap: reason=bimorphic action=maybe_recompile pc=0x0000000002d527f0 method=com.android.dx.cf.code.BaseMachine.getLocalTarget(Z)Lcom/android/dx/rop/code/RegisterSpec; @ 70
Event: 3.884 Thread 0x0000000056a5a800 Uncommon trap: reason=unstable_if action=reinterpret pc=0x0000000002a7e950 method=java.util.HashMap.getNode(ILjava/lang/Object;)Ljava/util/HashMap$Node; @ 62
Event: 3.893 Thread 0x0000000056a5a800 Uncommon trap: reason=bimorphic action=maybe_recompile pc=0x0000000002cbc5f4 method=com.android.dx.cf.code.BaseMachine.getLocalTarget(Z)Lcom/android/dx/rop/code/RegisterSpec; @ 70

Internal exceptions (4 events):
Event: 0.042 Thread 0x000000000271d800 Exception <a 'java/lang/NoSuchMethodError': Method sun.misc.Unsafe.defineClass(Ljava/lang/String;[BII)Ljava/lang/Class; name or signature does not match> (0x00000000eab07cc0) thrown at [D:\re\workspace\8-2-build-windows-amd64-cygwin\jdk8u92\6642\hotspot\srí¶)ÄLm¥?
Event: 0.042 Thread 0x000000000271d800 Exception <a 'java/lang/NoSuchMethodError': Method sun.misc.Unsafe.prefetchRead(Ljava/lang/Object;J)V name or signature does not match> (0x00000000eab07fa8) thrown at [D:\re\workspace\8-2-build-windows-amd64-cygwin\jdk8u92\6642\hotspot\src\share\vm\prims\j›„ó`)Ë@
Event: 3.099 Thread 0x0000000056a1f800 Implicit null exception at 0x0000000002d200c8 to 0x0000000002d20ca9
Event: 3.099 Thread 0x0000000056a1f800 Implicit null exception at 0x0000000002d340b1 to 0x0000000002d34ae5

Events (10 events):
Event: 3.961 Thread 0x0000000056a1f800 DEOPT UNPACKING pc=0x000000000290787f sp=0x000000005775eaf0 mode 0
Event: 3.967 Thread 0x0000000056a1f800 DEOPT PACKING pc=0x0000000002aea1e1 sp=0x000000005775ed90
Event: 3.967 Thread 0x0000000056a1f800 DEOPT UNPACKING pc=0x000000000290787f sp=0x000000005775eac0 mode 0
Event: 3.972 Thread 0x000000000271d800 DEOPT PACKING pc=0x0000000002aea1e1 sp=0x00000000028bddb0
Event: 3.972 Thread 0x000000000271d800 DEOPT UNPACKING pc=0x000000000290787f sp=0x00000000028bdae0 mode 0
Event: 3.987 Thread 0x0000000057970000 DEOPT PACKING pc=0x0000000002d439cb sp=0x00000000582ef0b0
Event: 3.987 Thread 0x0000000057970000 DEOPT UNPACKING pc=0x000000000290787f sp=0x00000000582eedd0 mode 0
Event: 3.989 Thread 0x0000000057970000 DEOPT PACKING pc=0x0000000002aea1e1 sp=0x00000000582ef010
Event: 3.989 Thread 0x0000000057970000 DEOPT UNPACKING pc=0x000000000290787f sp=0x00000000582eed40 mode 0
Event: 3.994 Executing VM operation: ParallelGCFailedAllocation


Dynamic libraries:
0x000000013ff10000 - 0x000000013ff47000 	C:\Program Files\Java\jdk1.8.0_92\bin\java.exe
0x00000000777f0000 - 0x000000007799a000 	C:\windows\SYSTEM32\ntdll.dll
0x00000000776d0000 - 0x00000000777ef000 	C:\windows\system32\kernel32.dll
0x000007fefd570000 - 0x000007fefd5db000 	C:\windows\system32\KERNELBASE.dll
0x000007fefe130000 - 0x000007fefe20b000 	C:\windows\system32\ADVAPI32.dll
0x000007fefe6f0000 - 0x000007fefe78f000 	C:\windows\system32\msvcrt.dll
0x000007feff9d0000 - 0x000007feff9ef000 	C:\windows\SYSTEM32\sechost.dll
0x000007fefe000000 - 0x000007fefe12d000 	C:\windows\system32\RPCRT4.dll
0x00000000775d0000 - 0x00000000776ca000 	C:\windows\system32\USER32.dll
0x000007fefe960000 - 0x000007fefe9c7000 	C:\windows\system32\GDI32.dll
0x000007fefdf40000 - 0x000007fefdf4e000 	C:\windows\system32\LPK.dll
0x000007fefe890000 - 0x000007fefe95a000 	C:\windows\system32\USP10.dll
0x000007fefbd50000 - 0x000007fefbf44000 	C:\windows\WinSxS\amd64_microsoft.windows.common-controls_6595b64144ccf1df_6.0.7601.18837_none_fa3b1e3d17594757\COMCTL32.dll
0x000007feff770000 - 0x000007feff7e1000 	C:\windows\system32\SHLWAPI.dll
0x000007fefdfd0000 - 0x000007fefdffe000 	C:\windows\system32\IMM32.DLL
0x000007feff9f0000 - 0x000007feffaf9000 	C:\windows\system32\MSCTF.dll
0x00000000708d0000 - 0x00000000709a2000 	C:\Program Files\Java\jdk1.8.0_92\jre\bin\msvcr100.dll
0x00000000744b0000 - 0x0000000074d46000 	C:\Program Files\Java\jdk1.8.0_92\jre\bin\server\jvm.dll
0x000007fef43e0000 - 0x000007fef43e9000 	C:\windows\system32\WSOCK32.dll
0x000007fefe470000 - 0x000007fefe4bd000 	C:\windows\system32\WS2_32.dll
0x000007fefe9d0000 - 0x000007fefe9d8000 	C:\windows\system32\NSI.dll
0x000007fefd650000 - 0x000007fefd68b000 	C:\windows\system32\WINMM.dll
0x000007fefc620000 - 0x000007fefc62c000 	C:\windows\system32\VERSION.dll
0x00000000779c0000 - 0x00000000779c7000 	C:\windows\system32\PSAPI.DLL
0x00000000743c0000 - 0x00000000743cf000 	C:\Program Files\Java\jdk1.8.0_92\jre\bin\verify.dll
0x0000000074390000 - 0x00000000743b9000 	C:\Program Files\Java\jdk1.8.0_92\jre\bin\java.dll
0x0000000074370000 - 0x0000000074386000 	C:\Program Files\Java\jdk1.8.0_92\jre\bin\zip.dll
0x000007fefe9e0000 - 0x000007feff769000 	C:\windows\system32\SHELL32.dll
0x000007fefdd30000 - 0x000007fefdf33000 	C:\windows\system32\ole32.dll
0x000007fefd4c0000 - 0x000007fefd4cf000 	C:\windows\system32\profapi.dll

VM Arguments:
jvm_args: -Djava.awt.headless=true -Xmx1024M -Dfile.encoding=GBK -Duser.country=CN -Duser.language=zh -Duser.variant 
java_command: com.android.dx.command.Main --dex --force-jumbo --num-threads=4 --multi-dex --output D:\HouseKeeperApplication\app\build\intermediates\transforms\dex\debug\folders\1000\5\slice_0 D:\HouseKeeperApplication\app\build\intermediates\transforms\instantRunSlicer\debug\folders\1\5\slice_0
java_class_path (initial): D:\sdk\build-tools\24.0.1\lib\dx.jar
Launcher Type: SUN_STANDARD

Environment Variables:
PATH=C:\Program Files\Java\jdk1.8.0_92\bin;
USERNAME=Administrator
OS=Windows_NT
PROCESSOR_IDENTIFIER=Intel64 Family 6 Model 42 Stepping 7, GenuineIntel



---------------  S Y S T E M  ---------------

OS: Windows 7 , 64 bit Build 7601 (6.1.7601.19135)

CPU:total 4 (2 cores per cpu, 2 threads per core) family 6 model 42 stepping 7, cmov, cx8, fxsr, mmx, sse, sse2, sse3, ssse3, sse4.1, sse4.2, popcnt, avx, clmul, ht, tsc, tscinvbit

Memory: 4k page, physical 4133888k(419308k free), swap 5180628k(443408k free)

vm_info: Java HotSpot(TM) 64-Bit Server VM (25.92-b14) for windows-amd64 JRE (1.8.0_92-b14), built on Mar 31 2016 21:03:04 by "java_re" with MS VC++ 10.0 (VS2010)

time: Mon Aug 29 16:57:51 2016
elapsed time: 5 seconds (0d 0h 0m 5s)

