#
# There is insufficient memory for the Java Runtime Environment to continue.
# Native memory allocation (malloc) failed to allocate 1048576 bytes for AllocateHeap
# Possible reasons:
#   The system is out of physical RAM or swap space
#   In 32 bit mode, the process size limit was hit
# Possible solutions:
#   Reduce memory load on the system
#   Increase physical memory or swap space
#   Check if swap backing store is full
#   Use 64 bit Java on a 64 bit OS
#   Decrease Java heap size (-Xmx/-Xms)
#   Decrease number of Java threads
#   Decrease Java thread stack sizes (-Xss)
#   Set larger code cache with -XX:ReservedCodeCacheSize=
# This output file may be truncated or incomplete.
#
#  Out of Memory Error (memory/allocation.inline.hpp:61), pid=9576, tid=0x00000000000027a8
#
# JRE version:  (8.0_92-b14) (build )
# Java VM: Java HotSpot(TM) 64-Bit Server VM (25.92-b14 mixed mode windows-amd64 compressed oops)
# Failed to write core dump. Minidumps are not enabled by default on client versions of Windows
#

---------------  T H R E A D  ---------------

Current thread (0x000000000265d800):  JavaThread "Unknown thread" [_thread_in_vm, id=10152, stack(0x00000000027f0000,0x00000000028f0000)]

Stack: [0x00000000027f0000,0x00000000028f0000]
[error occurred during error reporting (printing stack bounds), id 0xc0000005]

Native frames: (J=compiled Java code, j=interpreted, Vv=VM code, C=native code)


---------------  P R O C E S S  ---------------

Java Threads: ( => current thread )

Other Threads:

=>0x000000000265d800 (exited) JavaThread "Unknown thread" [_thread_in_vm, id=10152, stack(0x00000000027f0000,0x00000000028f0000)]

VM state:not at safepoint (normal execution)

VM Mutex/Monitor currently owned by a thread: None

Heap:
 PSYoungGen      total 18944K, used 327K [0x00000000eab00000, 0x00000000ec000000, 0x0000000100000000)
  eden space 16384K, 2% used [0x00000000eab00000,0x00000000eab51ec8,0x00000000ebb00000)
  from space 2560K, 0% used [0x00000000ebd80000,0x00000000ebd80000,0x00000000ec000000)
  to   space 2560K, 0% used [0x00000000ebb00000,0x00000000ebb00000,0x00000000ebd80000)
 ParOldGen       total 44032K, used 0K [0x00000000c0000000, 0x00000000c2b00000, 0x00000000eab00000)
  object space 44032K, 0% used [0x00000000c0000000,0x00000000c0000000,0x00000000c2b00000)
 Metaspace       used 769K, capacity 4480K, committed 4480K, reserved 1056768K
  class space    used 75K, capacity 384K, committed 384K, reserved 1048576K

Card table byte_map: [0x0000000011cb0000,0x0000000011ec0000] byte_map_base: 0x00000000116b0000

Marking Bits: (ParMarkBitMap*) 0x0000000070c664f0
 Begin Bits: [0x0000000012690000, 0x0000000013690000)
 End Bits:   [0x0000000013690000, 0x0000000014690000)

Polling page: 0x0000000000260000

CodeCache: size=245760Kb used=328Kb max_used=328Kb free=245431Kb
 bounds [0x00000000028f0000, 0x0000000002b60000, 0x00000000118f0000]
 total_blobs=58 nmethods=0 adapters=38
 compilation: enabled

Compilation events (0 events):
No events

GC Heap History (0 events):
No events

Deoptimization events (0 events):
No events

Internal exceptions (0 events):
No events

Events (10 events):
Event: 0.062 loading class java/lang/Short
Event: 0.064 loading class java/lang/Short done
Event: 0.064 loading class java/lang/Integer
Event: 0.064 loading class java/lang/Integer done
Event: 0.064 loading class java/lang/Long
Event: 0.064 loading class java/lang/Long done
Event: 0.065 loading class java/lang/NullPointerException
Event: 0.065 loading class java/lang/NullPointerException done
Event: 0.065 loading class java/lang/ArithmeticException
Event: 0.065 loading class java/lang/ArithmeticException done


Dynamic libraries:
0x000000013f6b0000 - 0x000000013f6e7000 	C:\Program Files\Java\jdk1.8.0_92\bin\java.exe
0x00000000775e0000 - 0x000000007778a000 	C:\windows\SYSTEM32\ntdll.dll
0x0000000077280000 - 0x000000007739f000 	C:\windows\system32\kernel32.dll
0x000007fefd5f0000 - 0x000007fefd65b000 	C:\windows\system32\KERNELBASE.dll
0x000007fefe5e0000 - 0x000007fefe6bb000 	C:\windows\system32\ADVAPI32.dll
0x000007fefe070000 - 0x000007fefe10f000 	C:\windows\system32\msvcrt.dll
0x000007fefd760000 - 0x000007fefd77f000 	C:\windows\SYSTEM32\sechost.dll
0x000007fefdd10000 - 0x000007fefde3d000 	C:\windows\system32\RPCRT4.dll
0x00000000774e0000 - 0x00000000775da000 	C:\windows\system32\USER32.dll
0x000007fefd9f0000 - 0x000007fefda57000 	C:\windows\system32\GDI32.dll
0x000007fefd8b0000 - 0x000007fefd8be000 	C:\windows\system32\LPK.dll
0x000007fefd8c0000 - 0x000007fefd98a000 	C:\windows\system32\USP10.dll
0x000007fefbcb0000 - 0x000007fefbea4000 	C:\windows\WinSxS\amd64_microsoft.windows.common-controls_6595b64144ccf1df_6.0.7601.18837_none_fa3b1e3d17594757\COMCTL32.dll
0x000007fefe6f0000 - 0x000007fefe761000 	C:\windows\system32\SHLWAPI.dll
0x000007fefe6c0000 - 0x000007fefe6ee000 	C:\windows\system32\IMM32.DLL
0x000007fefe110000 - 0x000007fefe219000 	C:\windows\system32\MSCTF.dll
0x000000006fde0000 - 0x000000006feb2000 	C:\Program Files\Java\jdk1.8.0_92\jre\bin\msvcr100.dll
0x0000000070450000 - 0x0000000070ce6000 	C:\Program Files\Java\jdk1.8.0_92\jre\bin\server\jvm.dll
0x000007fef4c20000 - 0x000007fef4c29000 	C:\windows\system32\WSOCK32.dll
0x000007fefe590000 - 0x000007fefe5dd000 	C:\windows\system32\WS2_32.dll
0x000007fefe220000 - 0x000007fefe228000 	C:\windows\system32\NSI.dll
0x000007fefd5b0000 - 0x000007fefd5eb000 	C:\windows\system32\WINMM.dll
0x000007fefc410000 - 0x000007fefc41c000 	C:\windows\system32\VERSION.dll
0x00000000777a0000 - 0x00000000777a7000 	C:\windows\system32\PSAPI.DLL
0x0000000073980000 - 0x000000007398f000 	C:\Program Files\Java\jdk1.8.0_92\jre\bin\verify.dll
0x0000000073950000 - 0x0000000073979000 	C:\Program Files\Java\jdk1.8.0_92\jre\bin\java.dll
0x0000000073930000 - 0x0000000073946000 	C:\Program Files\Java\jdk1.8.0_92\jre\bin\zip.dll

VM Arguments:
jvm_args: -Djava.awt.headless=true -Xmx1024M -Dfile.encoding=GBK -Duser.country=CN -Duser.language=zh -Duser.variant 
java_command: com.android.dx.command.Main --dex --force-jumbo --num-threads=4 --multi-dex --output D:\HouseKeeperApplication\app\build\intermediates\transforms\dex\debug\folders\1000\5\slice_4 D:\HouseKeeperApplication\app\build\intermediates\transforms\instantRunSlicer\debug\folders\1\5\slice_4
java_class_path (initial): D:\sdk\build-tools\24.0.1\lib\dx.jar
Launcher Type: SUN_STANDARD

Environment Variables:
PATH=C:\Program Files\Java\jdk1.8.0_92\bin;
USERNAME=Administrator
OS=Windows_NT
PROCESSOR_IDENTIFIER=Intel64 Family 6 Model 42 Stepping 7, GenuineIntel



---------------  S Y S T E M  ---------------

OS: Windows 7 , 64 bit Build 7601 (6.1.7601.19135)

CPU:total 4 (2 cores per cpu, 2 threads per core) family 6 model 42 stepping 7, cmov, cx8, fxsr, mmx, sse, sse2, sse3, ssse3, sse4.1, sse4.2, popcnt, avx, clmul, ht, tsc, tscinvbit

Memory: 4k page, physical 4133888k(314740k free), swap 4940164k(20480k free)

vm_info: Java HotSpot(TM) 64-Bit Server VM (25.92-b14) for windows-amd64 JRE (1.8.0_92-b14), built on Mar 31 2016 21:03:04 by "java_re" with MS VC++ 10.0 (VS2010)

time: Fri Aug 26 14:06:40 2016
elapsed time: 0 seconds (0d 0h 0m 0s)

