#
# There is insufficient memory for the Java Runtime Environment to continue.
# Native memory allocation (malloc) failed to allocate 252896 bytes for Chunk::new
# Possible reasons:
#   The system is out of physical RAM or swap space
#   In 32 bit mode, the process size limit was hit
# Possible solutions:
#   Reduce memory load on the system
#   Increase physical memory or swap space
#   Check if swap backing store is full
#   Use 64 bit Java on a 64 bit OS
#   Decrease Java heap size (-Xmx/-Xms)
#   Decrease number of Java threads
#   Decrease Java thread stack sizes (-Xss)
#   Set larger code cache with -XX:ReservedCodeCacheSize=
# This output file may be truncated or incomplete.
#
#  Out of Memory Error (allocation.cpp:390), pid=10376, tid=0x00000000000029d4
#
# JRE version: Java(TM) SE Runtime Environment (8.0_92-b14) (build 1.8.0_92-b14)
# Java VM: Java HotSpot(TM) 64-Bit Server VM (25.92-b14 mixed mode windows-amd64 compressed oops)
# Failed to write core dump. Minidumps are not enabled by default on client versions of Windows
#

---------------  T H R E A D  ---------------

Current thread (0x000000005525b000):  JavaThread "C2 CompilerThread0" daemon [_thread_in_native, id=10708, stack(0x0000000056d00000,0x0000000056e00000)]

Stack: [0x0000000056d00000,0x0000000056e00000]
[error occurred during error reporting (printing stack bounds), id 0xc0000005]

Native frames: (J=compiled Java code, j=interpreted, Vv=VM code, C=native code)


Current CompileTask:
C2:   8288 1419       4       com.android.dx.ssa.SCCP::simulateBranch (666 bytes)


---------------  P R O C E S S  ---------------

Java Threads: ( => current thread )
  0x00000000568d2800 JavaThread "pool-1-thread-4" [_thread_blocked, id=10788, stack(0x0000000056e80000,0x0000000056f80000)]
  0x000000005680a000 JavaThread "pool-1-thread-3" [_thread_blocked, id=10784, stack(0x0000000057850000,0x0000000057950000)]
  0x00000000567ff000 JavaThread "pool-1-thread-2" [_thread_blocked, id=10776, stack(0x00000000576a0000,0x00000000577a0000)]
  0x00000000567f8800 JavaThread "pool-2-thread-1" [_thread_blocked, id=10752, stack(0x00000000574c0000,0x00000000575c0000)]
  0x00000000567f6800 JavaThread "pool-1-thread-1" [_thread_blocked, id=10748, stack(0x0000000057290000,0x0000000057390000)]
  0x00000000566c8800 JavaThread "Service Thread" daemon [_thread_blocked, id=10720, stack(0x0000000057120000,0x0000000057220000)]
  0x0000000056664800 JavaThread "C1 CompilerThread2" daemon [_thread_blocked, id=10716, stack(0x0000000056fa0000,0x00000000570a0000)]
  0x000000005525f800 JavaThread "C2 CompilerThread1" daemon [_thread_in_native, id=10712, stack(0x0000000056a50000,0x0000000056b50000)]
=>0x000000005525b000 JavaThread "C2 CompilerThread0" daemon [_thread_in_native, id=10708, stack(0x0000000056d00000,0x0000000056e00000)]
  0x0000000055258000 JavaThread "Attach Listener" daemon [_thread_blocked, id=10704, stack(0x0000000056b50000,0x0000000056c50000)]
  0x0000000055257800 JavaThread "Signal Dispatcher" daemon [_thread_blocked, id=10700, stack(0x0000000056400000,0x0000000056500000)]
  0x0000000055239000 JavaThread "Finalizer" daemon [_thread_blocked, id=10612, stack(0x0000000056550000,0x0000000056650000)]
  0x00000000551f1800 JavaThread "Reference Handler" daemon [_thread_blocked, id=10600, stack(0x0000000056300000,0x0000000056400000)]
  0x000000000056d800 JavaThread "main" [_thread_blocked, id=10516, stack(0x0000000002650000,0x0000000002750000)]

Other Threads:
  0x00000000551ea000 VMThread [stack: 0x0000000056150000,0x0000000056250000] [id=10576]
  0x00000000566f6800 WatcherThread [stack: 0x0000000056030000,0x0000000056130000] [id=10724]

VM state:not at safepoint (normal execution)

VM Mutex/Monitor currently owned by a thread: None

Heap:
 PSYoungGen      total 18944K, used 9111K [0x00000000eab00000, 0x00000000ed000000, 0x0000000100000000)
  eden space 16384K, 40% used [0x00000000eab00000,0x00000000eb167398,0x00000000ebb00000)
  from space 2560K, 99% used [0x00000000ebd80000,0x00000000ebffec40,0x00000000ec000000)
  to   space 2560K, 0% used [0x00000000ebb00000,0x00000000ebb00000,0x00000000ebd80000)
 ParOldGen       total 44032K, used 4557K [0x00000000c0000000, 0x00000000c2b00000, 0x00000000eab00000)
  object space 44032K, 10% used [0x00000000c0000000,0x00000000c0473758,0x00000000c2b00000)
 Metaspace       used 5989K, capacity 7024K, committed 7296K, reserved 1056768K
  class space    used 591K, capacity 616K, committed 640K, reserved 1048576K

Card table byte_map: [0x0000000011bb0000,0x0000000011dc0000] byte_map_base: 0x00000000115b0000

Marking Bits: (ParMarkBitMap*) 0x000000006c1e64f0
 Begin Bits: [0x0000000012660000, 0x0000000013660000)
 End Bits:   [0x0000000013660000, 0x0000000014660000)

Polling page: 0x0000000000460000

CodeCache: size=245760Kb used=5857Kb max_used=5857Kb free=239902Kb
 bounds [0x00000000027f0000, 0x0000000002db0000, 0x00000000117f0000]
 total_blobs=1689 nmethods=1425 adapters=177
 compilation: enabled

Compilation events (10 events):
Event: 7.767 Thread 0x0000000056664800 nmethod 1413 0x0000000002d8b210 code [0x0000000002d8b3c0, 0x0000000002d8b938]
Event: 7.846 Thread 0x000000005525b000 nmethod 1412 0x0000000002da7dd0 code [0x0000000002da8320, 0x0000000002dab2b0]
Event: 7.909 Thread 0x0000000056664800 1414       3       com.android.dx.cf.code.OneLocalsArray::getMaxLocals (6 bytes)
Event: 7.909 Thread 0x0000000056664800 nmethod 1414 0x0000000002d89d50 code [0x0000000002d89ea0, 0x0000000002d89ff0]
Event: 7.937 Thread 0x0000000056664800 1415       3       java.util.concurrent.locks.LockSupport::setBlocker (12 bytes)
Event: 7.937 Thread 0x0000000056664800 nmethod 1415 0x0000000002d899d0 code [0x0000000002d89b20, 0x0000000002d89c70]
Event: 7.938 Thread 0x000000005525f800 1417   !   4       com.android.dx.cf.code.BytecodeArray::parseInstruction (2764 bytes)
Event: 7.939 Thread 0x000000005525b000 1418       4       com.android.dx.ssa.SCCP::addBlockToWorklist (47 bytes)
Event: 7.951 Thread 0x000000005525b000 nmethod 1418 0x0000000002d99690 code [0x0000000002d99820, 0x0000000002d9a048]
Event: 7.951 Thread 0x000000005525b000 1419       4       com.android.dx.ssa.SCCP::simulateBranch (666 bytes)

GC Heap History (4 events):
Event: 3.715 GC heap before
{Heap before GC invocations=1 (full 0):
 PSYoungGen      total 18944K, used 16384K [0x00000000eab00000, 0x00000000ec000000, 0x0000000100000000)
  eden space 16384K, 100% used [0x00000000eab00000,0x00000000ebb00000,0x00000000ebb00000)
  from space 2560K, 0% used [0x00000000ebd80000,0x00000000ebd80000,0x00000000ec000000)
  to   space 2560K, 0% used [0x00000000ebb00000,0x00000000ebb00000,0x00000000ebd80000)
 ParOldGen       total 44032K, used 0K [0x00000000c0000000, 0x00000000c2b00000, 0x00000000eab00000)
  object space 44032K, 0% used [0x00000000c0000000,0x00000000c0000000,0x00000000c2b00000)
 Metaspace       used 5719K, capacity 6768K, committed 7040K, reserved 1056768K
  class space    used 589K, capacity 616K, committed 640K, reserved 1048576K
Event: 3.746 GC heap after
Heap after GC invocations=1 (full 0):
 PSYoungGen      total 18944K, used 2534K [0x00000000eab00000, 0x00000000ec000000, 0x0000000100000000)
  eden space 16384K, 0% used [0x00000000eab00000,0x00000000eab00000,0x00000000ebb00000)
  from space 2560K, 99% used [0x00000000ebb00000,0x00000000ebd79ab0,0x00000000ebd80000)
  to   space 2560K, 0% used [0x00000000ebd80000,0x00000000ebd80000,0x00000000ec000000)
 ParOldGen       total 44032K, used 2187K [0x00000000c0000000, 0x00000000c2b00000, 0x00000000eab00000)
  object space 44032K, 4% used [0x00000000c0000000,0x00000000c0222cb8,0x00000000c2b00000)
 Metaspace       used 5719K, capacity 6768K, committed 7040K, reserved 1056768K
  class space    used 589K, capacity 616K, committed 640K, reserved 1048576K
}
Event: 5.865 GC heap before
{Heap before GC invocations=2 (full 0):
 PSYoungGen      total 18944K, used 18918K [0x00000000eab00000, 0x00000000ec000000, 0x0000000100000000)
  eden space 16384K, 100% used [0x00000000eab00000,0x00000000ebb00000,0x00000000ebb00000)
  from space 2560K, 99% used [0x00000000ebb00000,0x00000000ebd79ab0,0x00000000ebd80000)
  to   space 2560K, 0% used [0x00000000ebd80000,0x00000000ebd80000,0x00000000ec000000)
 ParOldGen       total 44032K, used 2187K [0x00000000c0000000, 0x00000000c2b00000, 0x00000000eab00000)
  object space 44032K, 4% used [0x00000000c0000000,0x00000000c0222cb8,0x00000000c2b00000)
 Metaspace       used 5953K, capacity 6960K, committed 7040K, reserved 1056768K
  class space    used 590K, capacity 616K, committed 640K, reserved 1048576K
Event: 5.986 GC heap after
Heap after GC invocations=2 (full 0):
 PSYoungGen      total 18944K, used 2555K [0x00000000eab00000, 0x00000000ed000000, 0x0000000100000000)
  eden space 16384K, 0% used [0x00000000eab00000,0x00000000eab00000,0x00000000ebb00000)
  from space 2560K, 99% used [0x00000000ebd80000,0x00000000ebffec40,0x00000000ec000000)
  to   space 2560K, 0% used [0x00000000ebb00000,0x00000000ebb00000,0x00000000ebd80000)
 ParOldGen       total 44032K, used 4557K [0x00000000c0000000, 0x00000000c2b00000, 0x00000000eab00000)
  object space 44032K, 10% used [0x00000000c0000000,0x00000000c0473758,0x00000000c2b00000)
 Metaspace       used 5953K, capacity 6960K, committed 7040K, reserved 1056768K
  class space    used 590K, capacity 616K, committed 640K, reserved 1048576K
}

Deoptimization events (10 events):
Event: 3.711 Thread 0x00000000567ff000 Uncommon trap: reason=class_check action=maybe_recompile pc=0x0000000002b3f4a0 method=com.android.dx.rop.type.Type.equals(Ljava/lang/Object;)Z @ 8
Event: 4.258 Thread 0x00000000568d2800 Uncommon trap: reason=class_check action=maybe_recompile pc=0x0000000002b3f4a0 method=com.android.dx.rop.type.Type.equals(Ljava/lang/Object;)Z @ 8
Event: 4.263 Thread 0x00000000568d2800 Uncommon trap: reason=class_check action=maybe_recompile pc=0x0000000002b3f4a0 method=com.android.dx.rop.type.Type.equals(Ljava/lang/Object;)Z @ 8
Event: 4.992 Thread 0x000000005680a000 Uncommon trap: reason=unstable_if action=reinterpret pc=0x0000000002bce404 method=com.android.dx.ssa.SsaRenamer$BlockRenamer.addMapping(ILcom/android/dx/rop/code/RegisterSpec;)V @ 120
Event: 5.724 Thread 0x000000000056d800 Uncommon trap: reason=unstable_if action=reinterpret pc=0x0000000002a848e8 method=com.android.dx.rop.cst.StdConstantPool.set(ILcom/android/dx/rop/cst/Constant;)V @ 12
Event: 5.826 Thread 0x00000000567ff000 Uncommon trap: reason=unstable_if action=reinterpret pc=0x0000000002d03f38 method=com.android.dx.ssa.SCCP.simulateStmt(Lcom/android/dx/ssa/SsaInsn;)V @ 53
Event: 5.832 Thread 0x00000000567ff000 Uncommon trap: reason=bimorphic action=maybe_recompile pc=0x0000000002c53acc method=com.android.dx.cf.code.BytecodeArray.parseInstruction(ILcom/android/dx/cf/code/BytecodeArray$Visitor;)I @ 1357
Event: 5.833 Thread 0x00000000567ff000 Uncommon trap: reason=bimorphic action=maybe_recompile pc=0x0000000002c53acc method=com.android.dx.cf.code.BytecodeArray.parseInstruction(ILcom/android/dx/cf/code/BytecodeArray$Visitor;)I @ 1357
Event: 5.843 Thread 0x00000000567ff000 Uncommon trap: reason=bimorphic action=maybe_recompile pc=0x0000000002c53acc method=com.android.dx.cf.code.BytecodeArray.parseInstruction(ILcom/android/dx/cf/code/BytecodeArray$Visitor;)I @ 1357
Event: 5.844 Thread 0x00000000567ff000 Uncommon trap: reason=bimorphic action=maybe_recompile pc=0x0000000002c53acc method=com.android.dx.cf.code.BytecodeArray.parseInstruction(ILcom/android/dx/cf/code/BytecodeArray$Visitor;)I @ 1357

Internal exceptions (2 events):
Event: 0.065 Thread 0x000000000056d800 Exception <a 'java/lang/NoSuchMethodError': Method sun.misc.Unsafe.defineClass(Ljava/lang/String;[BII)Ljava/lang/Class; name or signature does not match> (0x00000000eab07cc0) thrown at [D:\re\workspace\8-2-build-windows-amd64-cygwin\jdk8u92\6642\hotspot\srÁÙ.gç∞?
Event: 0.065 Thread 0x000000000056d800 Exception <a 'java/lang/NoSuchMethodError': Method sun.misc.Unsafe.prefetchRead(Ljava/lang/Object;J)V name or signature does not match> (0x00000000eab07fa8) thrown at [D:\re\workspace\8-2-build-windows-amd64-cygwin\jdk8u92\6642\hotspot\src\share\vm\prims\j

Events (10 events):
Event: 5.843 Thread 0x00000000567ff000 Uncommon trap: trap_request=0xffffffc6 fr.pc=0x0000000002c53acc
Event: 5.843 Thread 0x00000000567ff000 DEOPT PACKING pc=0x0000000002c53acc sp=0x000000005779eb30
Event: 5.843 Thread 0x00000000567ff000 DEOPT UNPACKING pc=0x000000000283582a sp=0x000000005779eaa0 mode 2
Event: 5.844 Thread 0x00000000567ff000 Uncommon trap: trap_request=0xffffffc6 fr.pc=0x0000000002c53acc
Event: 5.844 Thread 0x00000000567ff000 DEOPT PACKING pc=0x0000000002c53acc sp=0x000000005779e8f0
Event: 5.844 Thread 0x00000000567ff000 DEOPT UNPACKING pc=0x000000000283582a sp=0x000000005779e860 mode 2
Event: 5.864 Executing VM operation: ParallelGCFailedAllocation
Event: 5.986 Executing VM operation: ParallelGCFailedAllocation done
Event: 6.208 loading class com/android/dx/cf/code/SwitchList
Event: 6.208 loading class com/android/dx/cf/code/SwitchList done


Dynamic libraries:
0x000000013f470000 - 0x000000013f4a7000 	C:\Program Files\Java\jdk1.8.0_92\bin\java.exe
0x0000000076eb0000 - 0x000000007705a000 	C:\windows\SYSTEM32\ntdll.dll
0x0000000076b50000 - 0x0000000076c6f000 	C:\windows\system32\kernel32.dll
0x000007fefcc50000 - 0x000007fefccbb000 	C:\windows\system32\KERNELBASE.dll
0x000007fefe090000 - 0x000007fefe16b000 	C:\windows\system32\ADVAPI32.dll
0x000007fefd030000 - 0x000007fefd0cf000 	C:\windows\system32\msvcrt.dll
0x000007fefdb90000 - 0x000007fefdbaf000 	C:\windows\SYSTEM32\sechost.dll
0x000007fefd260000 - 0x000007fefd38d000 	C:\windows\system32\RPCRT4.dll
0x0000000076c70000 - 0x0000000076d6a000 	C:\windows\system32\USER32.dll
0x000007fefd4a0000 - 0x000007fefd507000 	C:\windows\system32\GDI32.dll
0x000007fefdb80000 - 0x000007fefdb8e000 	C:\windows\system32\LPK.dll
0x000007fefdcb0000 - 0x000007fefdd7a000 	C:\windows\system32\USP10.dll
0x000007fefb550000 - 0x000007fefb744000 	C:\windows\WinSxS\amd64_microsoft.windows.common-controls_6595b64144ccf1df_6.0.7601.18837_none_fa3b1e3d17594757\COMCTL32.dll
0x000007fefdb00000 - 0x000007fefdb71000 	C:\windows\system32\SHLWAPI.dll
0x000007fefe320000 - 0x000007fefe34e000 	C:\windows\system32\IMM32.DLL
0x000007fefd390000 - 0x000007fefd499000 	C:\windows\system32\MSCTF.dll
0x0000000073e70000 - 0x0000000073f42000 	C:\Program Files\Java\jdk1.8.0_92\jre\bin\msvcr100.dll
0x000000006b9d0000 - 0x000000006c266000 	C:\Program Files\Java\jdk1.8.0_92\jre\bin\server\jvm.dll
0x000007fefb9d0000 - 0x000007fefb9d9000 	C:\windows\system32\WSOCK32.dll
0x000007fefdab0000 - 0x000007fefdafd000 	C:\windows\system32\WS2_32.dll
0x000007fefde40000 - 0x000007fefde48000 	C:\windows\system32\NSI.dll
0x000007fefcf80000 - 0x000007fefcfbb000 	C:\windows\system32\WINMM.dll
0x000007fefbce0000 - 0x000007fefbcec000 	C:\windows\system32\VERSION.dll
0x0000000077080000 - 0x0000000077087000 	C:\windows\system32\PSAPI.DLL
0x00000000744f0000 - 0x00000000744ff000 	C:\Program Files\Java\jdk1.8.0_92\jre\bin\verify.dll
0x0000000074490000 - 0x00000000744b9000 	C:\Program Files\Java\jdk1.8.0_92\jre\bin\java.dll
0x0000000074470000 - 0x0000000074486000 	C:\Program Files\Java\jdk1.8.0_92\jre\bin\zip.dll
0x000007fefe430000 - 0x000007feff1b9000 	C:\windows\system32\SHELL32.dll
0x000007fefd640000 - 0x000007fefd843000 	C:\windows\system32\ole32.dll
0x000007fefcb80000 - 0x000007fefcb8f000 	C:\windows\system32\profapi.dll

VM Arguments:
jvm_args: -Djava.awt.headless=true -Xmx1024M -Dfile.encoding=GBK -Duser.country=CN -Duser.language=zh -Duser.variant 
java_command: com.android.dx.command.Main --dex --num-threads=4 --output D:\HouseKeeperApplication\app\build\intermediates\pre-dexed\debug\debug_a9285f9d1d62320975dfd154aca5c2ee5fedcfb6.jar D:\HouseKeeperApplication\app\build\intermediates\classes\debug
java_class_path (initial): D:\sdk\build-tools\24.0.1\lib\dx.jar
Launcher Type: SUN_STANDARD

Environment Variables:
PATH=C:\Program Files\Java\jdk1.8.0_92\bin;
USERNAME=Administrator
OS=Windows_NT
PROCESSOR_IDENTIFIER=Intel64 Family 6 Model 42 Stepping 7, GenuineIntel



---------------  S Y S T E M  ---------------

OS: Windows 7 , 64 bit Build 7601 (6.1.7601.19135)

CPU:total 4 (2 cores per cpu, 2 threads per core) family 6 model 42 stepping 7, cmov, cx8, fxsr, mmx, sse, sse2, sse3, ssse3, sse4.1, sse4.2, popcnt, avx, clmul, ht, tsc, tscinvbit

Memory: 4k page, physical 4133888k(243796k free), swap 5180628k(4464k free)

vm_info: Java HotSpot(TM) 64-Bit Server VM (25.92-b14) for windows-amd64 JRE (1.8.0_92-b14), built on Mar 31 2016 21:03:04 by "java_re" with MS VC++ 10.0 (VS2010)

time: Mon Aug 22 15:37:58 2016
elapsed time: 8 seconds (0d 0h 0m 8s)

