#
# There is insufficient memory for the Java Runtime Environment to continue.
# Native memory allocation (malloc) failed to allocate 32744 bytes for ChunkPool::allocate
# Possible reasons:
#   The system is out of physical RAM or swap space
#   In 32 bit mode, the process size limit was hit
# Possible solutions:
#   Reduce memory load on the system
#   Increase physical memory or swap space
#   Check if swap backing store is full
#   Use 64 bit Java on a 64 bit OS
#   Decrease Java heap size (-Xmx/-Xms)
#   Decrease number of Java threads
#   Decrease Java thread stack sizes (-Xss)
#   Set larger code cache with -XX:ReservedCodeCacheSize=
# This output file may be truncated or incomplete.
#
#  Out of Memory Error (allocation.cpp:273), pid=18676, tid=0x00000000000048ac
#
# JRE version: Java(TM) SE Runtime Environment (8.0_92-b14) (build 1.8.0_92-b14)
# Java VM: Java HotSpot(TM) 64-Bit Server VM (25.92-b14 mixed mode windows-amd64 compressed oops)
# Failed to write core dump. Minidumps are not enabled by default on client versions of Windows
#

---------------  T H R E A D  ---------------

Current thread (0x000000005514b800):  JavaThread "C2 CompilerThread0" daemon [_thread_in_native, id=18604, stack(0x0000000056d30000,0x0000000056e30000)]

Stack: [0x0000000056d30000,0x0000000056e30000]
[error occurred during error reporting (printing stack bounds), id 0xc0000005]

Native frames: (J=compiled Java code, j=interpreted, Vv=VM code, C=native code)


Current CompileTask:
C2:   2481 1267   !   4       com.android.dx.cf.code.BytecodeArray::parseInstruction (2764 bytes)


---------------  P R O C E S S  ---------------

Java Threads: ( => current thread )
  0x0000000056af3000 JavaThread "pool-2-thread-4" [_thread_blocked, id=18204, stack(0x00000000578b0000,0x00000000579b0000)]
  0x0000000056af0000 JavaThread "pool-2-thread-3" [_thread_blocked, id=17000, stack(0x0000000057260000,0x0000000057360000)]
  0x0000000056aef800 JavaThread "pool-2-thread-2" [_thread_blocked, id=16756, stack(0x00000000576b0000,0x00000000577b0000)]
  0x0000000056aee800 JavaThread "pool-3-thread-1" [_thread_blocked, id=18656, stack(0x00000000574e0000,0x00000000575e0000)]
  0x0000000056aee000 JavaThread "pool-2-thread-1" [_thread_blocked, id=18924, stack(0x00000000573b0000,0x00000000574b0000)]
  0x0000000056803800 JavaThread "Service Thread" daemon [_thread_blocked, id=19388, stack(0x0000000057160000,0x0000000057260000)]
  0x00000000567e5000 JavaThread "C1 CompilerThread2" daemon [_thread_blocked, id=17884, stack(0x0000000056ff0000,0x00000000570f0000)]
  0x00000000567a7000 JavaThread "C2 CompilerThread1" daemon [_thread_blocked, id=15568, stack(0x0000000056170000,0x0000000056270000)]
=>0x000000005514b800 JavaThread "C2 CompilerThread0" daemon [_thread_in_native, id=18604, stack(0x0000000056d30000,0x0000000056e30000)]
  0x0000000055148000 JavaThread "Attach Listener" daemon [_thread_blocked, id=18596, stack(0x0000000056c00000,0x0000000056d00000)]
  0x0000000055147800 JavaThread "Signal Dispatcher" daemon [_thread_blocked, id=19416, stack(0x00000000563d0000,0x00000000564d0000)]
  0x0000000055129000 JavaThread "Finalizer" daemon [_thread_blocked, id=18236, stack(0x0000000056690000,0x0000000056790000)]
  0x00000000550e2000 JavaThread "Reference Handler" daemon [_thread_blocked, id=16992, stack(0x0000000056520000,0x0000000056620000)]
  0x000000000252d800 JavaThread "main" [_thread_blocked, id=18752, stack(0x00000000026d0000,0x00000000027d0000)]

Other Threads:
  0x00000000550da000 VMThread [stack: 0x00000000562b0000,0x00000000563b0000] [id=19196]
  0x000000005682c000 WatcherThread [stack: 0x0000000056e40000,0x0000000056f40000] [id=15504]

VM state:not at safepoint (normal execution)

VM Mutex/Monitor currently owned by a thread: None

Heap:
 PSYoungGen      total 18944K, used 17660K [0x00000000eab00000, 0x00000000ed000000, 0x0000000100000000)
  eden space 16384K, 92% used [0x00000000eab00000,0x00000000eb9c3db8,0x00000000ebb00000)
  from space 2560K, 99% used [0x00000000ebb00000,0x00000000ebd7b258,0x00000000ebd80000)
  to   space 2560K, 0% used [0x00000000ecd80000,0x00000000ecd80000,0x00000000ed000000)
 ParOldGen       total 44032K, used 1046K [0x00000000c0000000, 0x00000000c2b00000, 0x00000000eab00000)
  object space 44032K, 2% used [0x00000000c0000000,0x00000000c0105870,0x00000000c2b00000)
 Metaspace       used 6110K, capacity 6964K, committed 7040K, reserved 1056768K
  class space    used 604K, capacity 620K, committed 640K, reserved 1048576K

Card table byte_map: [0x0000000011b90000,0x0000000011da0000] byte_map_base: 0x0000000011590000

Marking Bits: (ParMarkBitMap*) 0x000000006f2364f0
 Begin Bits: [0x0000000012550000, 0x0000000013550000)
 End Bits:   [0x0000000013550000, 0x0000000014550000)

Polling page: 0x0000000000170000

CodeCache: size=245760Kb used=5283Kb max_used=5294Kb free=240476Kb
 bounds [0x00000000027d0000, 0x0000000002d10000, 0x00000000117d0000]
 total_blobs=1561 nmethods=1292 adapters=182
 compilation: enabled

Compilation events (10 events):
Event: 2.337 Thread 0x00000000567e5000 1289       3       com.android.dx.cf.code.Ropper::isSynchronized (21 bytes)
Event: 2.337 Thread 0x00000000567e5000 nmethod 1289 0x0000000002cfc610 code [0x0000000002cfc780, 0x0000000002cfcac8]
Event: 2.337 Thread 0x00000000567e5000 1290       3       com.android.dx.cf.code.ConcreteMethod::getAccessFlags (10 bytes)
Event: 2.337 Thread 0x00000000567e5000 nmethod 1290 0x0000000002cfc1d0 code [0x0000000002cfc340, 0x0000000002cfc568]
Event: 2.338 Thread 0x00000000567e5000 1291       3       java.util.HashMap$HashIterator::nextNode (100 bytes)
Event: 2.339 Thread 0x00000000567e5000 nmethod 1291 0x0000000002cfb910 code [0x0000000002cfbac0, 0x0000000002cfbf98]
Event: 2.341 Thread 0x00000000567a7000 1292       4       java.util.Collections$UnmodifiableCollection::iterator (9 bytes)
Event: 2.342 Thread 0x00000000567e5000 1293       1       com.android.dx.ssa.PhiInsn::getOpcode (2 bytes)
Event: 2.342 Thread 0x00000000567e5000 nmethod 1293 0x0000000002cf52d0 code [0x0000000002cf5420, 0x0000000002cf5530]
Event: 2.345 Thread 0x00000000567a7000 nmethod 1292 0x0000000002cfb210 code [0x0000000002cfb380, 0x0000000002cfb638]

GC Heap History (2 events):
Event: 1.184 GC heap before
{Heap before GC invocations=1 (full 0):
 PSYoungGen      total 18944K, used 16384K [0x00000000eab00000, 0x00000000ec000000, 0x0000000100000000)
  eden space 16384K, 100% used [0x00000000eab00000,0x00000000ebb00000,0x00000000ebb00000)
  from space 2560K, 0% used [0x00000000ebd80000,0x00000000ebd80000,0x00000000ec000000)
  to   space 2560K, 0% used [0x00000000ebb00000,0x00000000ebb00000,0x00000000ebd80000)
 ParOldGen       total 44032K, used 0K [0x00000000c0000000, 0x00000000c2b00000, 0x00000000eab00000)
  object space 44032K, 0% used [0x00000000c0000000,0x00000000c0000000,0x00000000c2b00000)
 Metaspace       used 5586K, capacity 6512K, committed 6784K, reserved 1056768K
  class space    used 599K, capacity 616K, committed 640K, reserved 1048576K
Event: 1.263 GC heap after
Heap after GC invocations=1 (full 0):
 PSYoungGen      total 18944K, used 2540K [0x00000000eab00000, 0x00000000ed000000, 0x0000000100000000)
  eden space 16384K, 0% used [0x00000000eab00000,0x00000000eab00000,0x00000000ebb00000)
  from space 2560K, 99% used [0x00000000ebb00000,0x00000000ebd7b258,0x00000000ebd80000)
  to   space 2560K, 0% used [0x00000000ecd80000,0x00000000ecd80000,0x00000000ed000000)
 ParOldGen       total 44032K, used 1046K [0x00000000c0000000, 0x00000000c2b00000, 0x00000000eab00000)
  object space 44032K, 2% used [0x00000000c0000000,0x00000000c0105870,0x00000000c2b00000)
 Metaspace       used 5586K, capacity 6512K, committed 6784K, reserved 1056768K
  class space    used 599K, capacity 616K, committed 640K, reserved 1048576K
}

Deoptimization events (5 events):
Event: 0.785 Thread 0x000000000252d800 Uncommon trap: reason=unstable_if action=reinterpret pc=0x00000000029186c4 method=java.lang.String.compareTo(Ljava/lang/String;)I @ 38
Event: 1.144 Thread 0x000000000252d800 Uncommon trap: reason=unstable_if action=reinterpret pc=0x00000000029fb8b0 method=java.util.HashMap.getNode(ILjava/lang/Object;)Ljava/util/HashMap$Node; @ 62
Event: 1.788 Thread 0x0000000056af0000 Uncommon trap: reason=unstable_if action=reinterpret pc=0x0000000002b5da90 method=com.android.dx.rop.code.RegisterSpec.equals(ILcom/android/dx/rop/type/TypeBearer;Lcom/android/dx/rop/code/LocalItem;)Z @ 42
Event: 2.279 Thread 0x0000000056af3000 Uncommon trap: reason=unstable_if action=reinterpret pc=0x0000000002becc5c method=com.android.dx.rop.code.RegisterSpecSet.put(Lcom/android/dx/rop/code/RegisterSpec;)V @ 77
Event: 2.279 Thread 0x0000000056af3000 Uncommon trap: reason=unstable_if action=reinterpret pc=0x0000000002c04bd4 method=com.android.dx.rop.code.RegisterSpecSet.put(Lcom/android/dx/rop/code/RegisterSpec;)V @ 77

Internal exceptions (2 events):
Event: 0.337 Thread 0x000000000252d800 Exception <a 'java/lang/NoSuchMethodError': Method sun.misc.Unsafe.defineClass(Ljava/lang/String;[BII)Ljava/lang/Class; name or signature does not match> (0x00000000eab07cc0) thrown at [D:\re\workspace\8-2-build-windows-amd64-cygwin\jdk8u92\6642\hotspot\sråÛ…Áfã’?
Event: 0.337 Thread 0x000000000252d800 Exception <a 'java/lang/NoSuchMethodError': Method sun.misc.Unsafe.prefetchRead(Ljava/lang/Object;J)V name or signature does not match> (0x00000000eab07fa8) thrown at [D:\re\workspace\8-2-build-windows-amd64-cygwin\jdk8u92\6642\hotspot\src\share\vm\prims\j

Events (10 events):
Event: 1.788 Thread 0x0000000056af0000 DEOPT PACKING pc=0x0000000002b5da90 sp=0x000000005735e9a0
Event: 1.788 Thread 0x0000000056af0000 DEOPT UNPACKING pc=0x000000000281582a sp=0x000000005735e928 mode 2
Event: 2.279 Thread 0x0000000056af3000 Uncommon trap: trap_request=0xffffff65 fr.pc=0x0000000002becc5c
Event: 2.279 Thread 0x0000000056af3000 DEOPT PACKING pc=0x0000000002becc5c sp=0x00000000579ae630
Event: 2.279 Thread 0x0000000056af3000 DEOPT UNPACKING pc=0x000000000281582a sp=0x00000000579ae5b8 mode 2
Event: 2.279 Thread 0x0000000056af3000 Uncommon trap: trap_request=0xffffff65 fr.pc=0x0000000002c04bd4
Event: 2.279 Thread 0x0000000056af3000 DEOPT PACKING pc=0x0000000002c04bd4 sp=0x00000000579ae620
Event: 2.280 Thread 0x0000000056af3000 DEOPT UNPACKING pc=0x000000000281582a sp=0x00000000579ae540 mode 2
Event: 2.284 loading class com/android/dx/dex/file/FieldAnnotationStruct
Event: 2.284 loading class com/android/dx/dex/file/FieldAnnotationStruct done


Dynamic libraries:
0x000000013f4b0000 - 0x000000013f4e7000 	C:\Program Files\Java\jdk1.8.0_92\bin\java.exe
0x00000000775e0000 - 0x000000007778a000 	C:\windows\SYSTEM32\ntdll.dll
0x0000000077280000 - 0x000000007739f000 	C:\windows\system32\kernel32.dll
0x000007fefd5f0000 - 0x000007fefd65b000 	C:\windows\system32\KERNELBASE.dll
0x000007fefe5e0000 - 0x000007fefe6bb000 	C:\windows\system32\ADVAPI32.dll
0x000007fefe070000 - 0x000007fefe10f000 	C:\windows\system32\msvcrt.dll
0x000007fefd760000 - 0x000007fefd77f000 	C:\windows\SYSTEM32\sechost.dll
0x000007fefdd10000 - 0x000007fefde3d000 	C:\windows\system32\RPCRT4.dll
0x00000000774e0000 - 0x00000000775da000 	C:\windows\system32\USER32.dll
0x000007fefd9f0000 - 0x000007fefda57000 	C:\windows\system32\GDI32.dll
0x000007fefd8b0000 - 0x000007fefd8be000 	C:\windows\system32\LPK.dll
0x000007fefd8c0000 - 0x000007fefd98a000 	C:\windows\system32\USP10.dll
0x000007fefbcb0000 - 0x000007fefbea4000 	C:\windows\WinSxS\amd64_microsoft.windows.common-controls_6595b64144ccf1df_6.0.7601.18837_none_fa3b1e3d17594757\COMCTL32.dll
0x000007fefe6f0000 - 0x000007fefe761000 	C:\windows\system32\SHLWAPI.dll
0x000007fefe6c0000 - 0x000007fefe6ee000 	C:\windows\system32\IMM32.DLL
0x000007fefe110000 - 0x000007fefe219000 	C:\windows\system32\MSCTF.dll
0x0000000070b80000 - 0x0000000070c52000 	C:\Program Files\Java\jdk1.8.0_92\jre\bin\msvcr100.dll
0x000000006ea20000 - 0x000000006f2b6000 	C:\Program Files\Java\jdk1.8.0_92\jre\bin\server\jvm.dll
0x000007fef4c20000 - 0x000007fef4c29000 	C:\windows\system32\WSOCK32.dll
0x000007fefe590000 - 0x000007fefe5dd000 	C:\windows\system32\WS2_32.dll
0x000007fefe220000 - 0x000007fefe228000 	C:\windows\system32\NSI.dll
0x000007fefd5b0000 - 0x000007fefd5eb000 	C:\windows\system32\WINMM.dll
0x000007fefc410000 - 0x000007fefc41c000 	C:\windows\system32\VERSION.dll
0x00000000777a0000 - 0x00000000777a7000 	C:\windows\system32\PSAPI.DLL
0x0000000073970000 - 0x000000007397f000 	C:\Program Files\Java\jdk1.8.0_92\jre\bin\verify.dll
0x0000000073940000 - 0x0000000073969000 	C:\Program Files\Java\jdk1.8.0_92\jre\bin\java.dll
0x0000000073920000 - 0x0000000073936000 	C:\Program Files\Java\jdk1.8.0_92\jre\bin\zip.dll
0x000007fefe9d0000 - 0x000007feff759000 	C:\windows\system32\SHELL32.dll
0x000007fefdb00000 - 0x000007fefdd03000 	C:\windows\system32\ole32.dll
0x000007fefd2b0000 - 0x000007fefd2bf000 	C:\windows\system32\profapi.dll

VM Arguments:
jvm_args: -Djava.awt.headless=true -Xmx1024M -Dfile.encoding=GBK -Duser.country=CN -Duser.language=zh -Duser.variant 
java_command: com.android.dx.command.Main --dex --force-jumbo --num-threads=4 --multi-dex --output D:\HouseKeeperApplication\app\build\intermediates\transforms\dex\debug\folders\1000\10\com.android.support-appcompat-v7-23.4.0_7e1c2788e77531882c1707071ed3b954589fba90 D:\HouseKeeperApplication\app\build\intermediates\exploded-aar\com.android.support\appcompat-v7\23.4.0\jars\classes.jar
java_class_path (initial): D:\sdk\build-tools\24.0.1\lib\dx.jar
Launcher Type: SUN_STANDARD

Environment Variables:
PATH=C:\Program Files\Java\jdk1.8.0_92\bin;
USERNAME=Administrator
OS=Windows_NT
PROCESSOR_IDENTIFIER=Intel64 Family 6 Model 42 Stepping 7, GenuineIntel



---------------  S Y S T E M  ---------------

OS: Windows 7 , 64 bit Build 7601 (6.1.7601.19135)

CPU:total 4 (2 cores per cpu, 2 threads per core) family 6 model 42 stepping 7, cmov, cx8, fxsr, mmx, sse, sse2, sse3, ssse3, sse4.1, sse4.2, popcnt, avx, clmul, ht, tsc, tscinvbit

Memory: 4k page, physical 4133888k(238416k free), swap 5180628k(5100k free)

vm_info: Java HotSpot(TM) 64-Bit Server VM (25.92-b14) for windows-amd64 JRE (1.8.0_92-b14), built on Mar 31 2016 21:03:04 by "java_re" with MS VC++ 10.0 (VS2010)

time: Fri Aug 26 16:36:44 2016
elapsed time: 2 seconds (0d 0h 0m 2s)

