#
# There is insufficient memory for the Java Runtime Environment to continue.
# Native memory allocation (malloc) failed to allocate 708656 bytes for Chunk::new
# Possible reasons:
#   The system is out of physical RAM or swap space
#   In 32 bit mode, the process size limit was hit
# Possible solutions:
#   Reduce memory load on the system
#   Increase physical memory or swap space
#   Check if swap backing store is full
#   Use 64 bit Java on a 64 bit OS
#   Decrease Java heap size (-Xmx/-Xms)
#   Decrease number of Java threads
#   Decrease Java thread stack sizes (-Xss)
#   Set larger code cache with -XX:ReservedCodeCacheSize=
# This output file may be truncated or incomplete.
#
#  Out of Memory Error (allocation.cpp:390), pid=4472, tid=0x0000000000001228
#
# JRE version: Java(TM) SE Runtime Environment (8.0_92-b14) (build 1.8.0_92-b14)
# Java VM: Java HotSpot(TM) 64-Bit Server VM (25.92-b14 mixed mode windows-amd64 compressed oops)
# Failed to write core dump. Minidumps are not enabled by default on client versions of Windows
#

---------------  T H R E A D  ---------------

Current thread (0x00000000565b7000):  JavaThread "C2 CompilerThread1" daemon [_thread_in_native, id=4648, stack(0x0000000056e50000,0x0000000056f50000)]

Stack: [0x0000000056e50000,0x0000000056f50000]
[error occurred during error reporting (printing stack bounds), id 0xc0000005]

Native frames: (J=compiled Java code, j=interpreted, Vv=VM code, C=native code)


Current CompileTask:
C2:   6146 1732       4       com.android.dx.rop.code.Rops::ropFor (771 bytes)


---------------  P R O C E S S  ---------------

Java Threads: ( => current thread )
  0x0000000056626000 JavaThread "Service Thread" daemon [_thread_blocked, id=4660, stack(0x0000000057120000,0x0000000057220000)]
  0x00000000565b8000 JavaThread "C1 CompilerThread2" daemon [_thread_blocked, id=4652, stack(0x0000000056d50000,0x0000000056e50000)]
=>0x00000000565b7000 JavaThread "C2 CompilerThread1" daemon [_thread_in_native, id=4648, stack(0x0000000056e50000,0x0000000056f50000)]
  0x0000000054f8f000 JavaThread "C2 CompilerThread0" daemon [_thread_in_native, id=4644, stack(0x0000000056c00000,0x0000000056d00000)]
  0x0000000054f88000 JavaThread "Attach Listener" daemon [_thread_blocked, id=4596, stack(0x0000000056110000,0x0000000056210000)]
  0x0000000054f87800 JavaThread "Signal Dispatcher" daemon [_thread_blocked, id=4580, stack(0x0000000056a30000,0x0000000056b30000)]
  0x0000000054f69000 JavaThread "Finalizer" daemon [_thread_blocked, id=4564, stack(0x00000000564a0000,0x00000000565a0000)]
  0x0000000054f22000 JavaThread "Reference Handler" daemon [_thread_blocked, id=4552, stack(0x00000000562a0000,0x00000000563a0000)]
  0x00000000025bd800 JavaThread "main" [_thread_in_Java, id=4508, stack(0x00000000028f0000,0x00000000029f0000)]

Other Threads:
  0x0000000054f1a000 VMThread [stack: 0x0000000056000000,0x0000000056100000] [id=4532]
  0x000000005662b000 WatcherThread [stack: 0x0000000057270000,0x0000000057370000] [id=4684]

VM state:not at safepoint (normal execution)

VM Mutex/Monitor currently owned by a thread: None

Heap:
 PSYoungGen      total 51200K, used 38272K [0x00000000eab00000, 0x00000000efa80000, 0x0000000100000000)
  eden space 43520K, 87% used [0x00000000eab00000,0x00000000ed060268,0x00000000ed580000)
  from space 7680K, 0% used [0x00000000ef280000,0x00000000ef280000,0x00000000efa00000)
  to   space 18944K, 0% used [0x00000000ed580000,0x00000000ed580000,0x00000000ee800000)
 ParOldGen       total 211456K, used 43828K [0x00000000c0000000, 0x00000000cce80000, 0x00000000eab00000)
  object space 211456K, 20% used [0x00000000c0000000,0x00000000c2acd008,0x00000000cce80000)
 Metaspace       used 6353K, capacity 7312K, committed 7680K, reserved 1056768K
  class space    used 611K, capacity 648K, committed 768K, reserved 1048576K

Card table byte_map: [0x0000000011db0000,0x0000000011fc0000] byte_map_base: 0x00000000117b0000

Marking Bits: (ParMarkBitMap*) 0x0000000073af64f0
 Begin Bits: [0x0000000012390000, 0x0000000013390000)
 End Bits:   [0x0000000013390000, 0x0000000014390000)

Polling page: 0x0000000000460000

CodeCache: size=245760Kb used=8489Kb max_used=8489Kb free=237270Kb
 bounds [0x00000000029f0000, 0x0000000003240000, 0x00000000119f0000]
 total_blobs=2256 nmethods=1990 adapters=178
 compilation: disabled (not enough contiguous free space left)

Compilation events (10 events):
Event: 5.971 Thread 0x00000000565b8000 2048       2       com.android.dx.dex.code.CstInsn::withOpcode (53 bytes)
Event: 5.971 Thread 0x00000000565b8000 nmethod 2048 0x000000000323e350 code [0x000000000323e4c0, 0x000000000323e708]
Event: 5.971 Thread 0x00000000565b8000 2049       1       com.android.dx.dex.file.Section::getFile (5 bytes)
Event: 5.971 Thread 0x00000000565b8000 nmethod 2049 0x000000000323e810 code [0x000000000323e960, 0x000000000323ea70]
Event: 5.972 Thread 0x00000000565b8000 2050       2       com.android.dx.dex.code.OutputFinisher::calculateReservedCount (122 bytes)
Event: 5.973 Thread 0x00000000565b8000 nmethod 2050 0x000000000323ead0 code [0x000000000323eca0, 0x000000000323f1b8]
Event: 5.973 Thread 0x00000000565b8000 2051       2       com.android.dx.rop.code.RegisterSpec::withOffset (17 bytes)
Event: 5.973 Thread 0x00000000565b8000 nmethod 2051 0x000000000323f890 code [0x000000000323fa00, 0x000000000323fba8]
Event: 5.973 Thread 0x00000000565b8000 2052       2       com.android.dx.dex.code.form.Form22c::isCompatible (99 bytes)
Event: 5.976 Thread 0x00000000565b8000 


GC Heap History (10 events):
Event: 4.051 GC heap before
{Heap before GC invocations=11 (full 3):
 PSYoungGen      total 51200K, used 7675K [0x00000000eab00000, 0x00000000efa80000, 0x0000000100000000)
  eden space 43520K, 0% used [0x00000000eab00000,0x00000000eab00000,0x00000000ed580000)
  from space 7680K, 99% used [0x00000000ef280000,0x00000000ef9fed78,0x00000000efa00000)
  to   space 18944K, 0% used [0x00000000ed580000,0x00000000ed580000,0x00000000ee800000)
 ParOldGen       total 44032K, used 31575K [0x00000000c0000000, 0x00000000c2b00000, 0x00000000eab00000)
  object space 44032K, 71% used [0x00000000c0000000,0x00000000c1ed5f78,0x00000000c2b00000)
 Metaspace       used 6081K, capacity 7088K, committed 7296K, reserved 1056768K
  class space    used 592K, capacity 616K, committed 640K, reserved 1048576K
Event: 4.208 GC heap after
Heap after GC invocations=11 (full 3):
 PSYoungGen      total 51200K, used 0K [0x00000000eab00000, 0x00000000efa80000, 0x0000000100000000)
  eden space 43520K, 0% used [0x00000000eab00000,0x00000000eab00000,0x00000000ed580000)
  from space 7680K, 0% used [0x00000000ef280000,0x00000000ef280000,0x00000000efa00000)
  to   space 18944K, 0% used [0x00000000ed580000,0x00000000ed580000,0x00000000ee800000)
 ParOldGen       total 44032K, used 36419K [0x00000000c0000000, 0x00000000c2b00000, 0x00000000eab00000)
  object space 44032K, 82% used [0x00000000c0000000,0x00000000c2390c60,0x00000000c2b00000)
 Metaspace       used 6081K, capacity 7088K, committed 7296K, reserved 1056768K
  class space    used 592K, capacity 616K, committed 640K, reserved 1048576K
}
Event: 4.395 GC heap before
{Heap before GC invocations=12 (full 4):
 PSYoungGen      total 51200K, used 43520K [0x00000000eab00000, 0x00000000efa80000, 0x0000000100000000)
  eden space 43520K, 100% used [0x00000000eab00000,0x00000000ed580000,0x00000000ed580000)
  from space 7680K, 0% used [0x00000000ef280000,0x00000000ef280000,0x00000000efa00000)
  to   space 18944K, 0% used [0x00000000ed580000,0x00000000ed580000,0x00000000ee800000)
 ParOldGen       total 44032K, used 36419K [0x00000000c0000000, 0x00000000c2b00000, 0x00000000eab00000)
  object space 44032K, 82% used [0x00000000c0000000,0x00000000c2390c60,0x00000000c2b00000)
 Metaspace       used 6086K, capacity 7088K, committed 7296K, reserved 1056768K
  class space    used 592K, capacity 616K, committed 640K, reserved 1048576K
Event: 4.487 GC heap after
Heap after GC invocations=12 (full 4):
 PSYoungGen      total 51200K, used 0K [0x00000000eab00000, 0x00000000efa80000, 0x0000000100000000)
  eden space 43520K, 0% used [0x00000000eab00000,0x00000000eab00000,0x00000000ed580000)
  from space 7680K, 0% used [0x00000000ef280000,0x00000000ef280000,0x00000000efa00000)
  to   space 18944K, 0% used [0x00000000ed580000,0x00000000ed580000,0x00000000ee800000)
 ParOldGen       total 44032K, used 36979K [0x00000000c0000000, 0x00000000c2b00000, 0x00000000eab00000)
  object space 44032K, 83% used [0x00000000c0000000,0x00000000c241cfd8,0x00000000c2b00000)
 Metaspace       used 6086K, capacity 7088K, committed 7296K, reserved 1056768K
  class space    used 592K, capacity 616K, committed 640K, reserved 1048576K
}
Event: 4.657 GC heap before
{Heap before GC invocations=13 (full 5):
 PSYoungGen      total 51200K, used 43520K [0x00000000eab00000, 0x00000000efa80000, 0x0000000100000000)
  eden space 43520K, 100% used [0x00000000eab00000,0x00000000ed580000,0x00000000ed580000)
  from space 7680K, 0% used [0x00000000ef280000,0x00000000ef280000,0x00000000efa00000)
  to   space 18944K, 0% used [0x00000000ed580000,0x00000000ed580000,0x00000000ee800000)
 ParOldGen       total 44032K, used 36979K [0x00000000c0000000, 0x00000000c2b00000, 0x00000000eab00000)
  object space 44032K, 83% used [0x00000000c0000000,0x00000000c241cfd8,0x00000000c2b00000)
 Metaspace       used 6088K, capacity 7088K, committed 7296K, reserved 1056768K
  class space    used 592K, capacity 616K, committed 640K, reserved 1048576K
Event: 4.869 GC heap after
Heap after GC invocations=13 (full 5):
 PSYoungGen      total 51200K, used 1601K [0x00000000eab00000, 0x00000000efa80000, 0x0000000100000000)
  eden space 43520K, 3% used [0x00000000eab00000,0x00000000eac905b8,0x00000000ed580000)
  from space 7680K, 0% used [0x00000000ef280000,0x00000000ef280000,0x00000000efa00000)
  to   space 18944K, 0% used [0x00000000ed580000,0x00000000ed580000,0x00000000ee800000)
 ParOldGen       total 44032K, used 43976K [0x00000000c0000000, 0x00000000c2b00000, 0x00000000eab00000)
  object space 44032K, 99% used [0x00000000c0000000,0x00000000c2af2068,0x00000000c2b00000)
 Metaspace       used 6088K, capacity 7088K, committed 7296K, reserved 1056768K
  class space    used 592K, capacity 616K, committed 640K, reserved 1048576K
}
Event: 5.013 GC heap before
{Heap before GC invocations=14 (full 6):
 PSYoungGen      total 51200K, used 43520K [0x00000000eab00000, 0x00000000efa80000, 0x0000000100000000)
  eden space 43520K, 100% used [0x00000000eab00000,0x00000000ed580000,0x00000000ed580000)
  from space 7680K, 0% used [0x00000000ef280000,0x00000000ef280000,0x00000000efa00000)
  to   space 18944K, 0% used [0x00000000ed580000,0x00000000ed580000,0x00000000ee800000)
 ParOldGen       total 44032K, used 43976K [0x00000000c0000000, 0x00000000c2b00000, 0x00000000eab00000)
  object space 44032K, 99% used [0x00000000c0000000,0x00000000c2af2068,0x00000000c2b00000)
 Metaspace       used 6095K, capacity 7088K, committed 7296K, reserved 1056768K
  class space    used 592K, capacity 616K, committed 640K, reserved 1048576K
Event: 5.191 GC heap after
Heap after GC invocations=14 (full 6):
 PSYoungGen      total 51200K, used 5534K [0x00000000eab00000, 0x00000000efa80000, 0x0000000100000000)
  eden space 43520K, 12% used [0x00000000eab00000,0x00000000eb067858,0x00000000ed580000)
  from space 7680K, 0% used [0x00000000ef280000,0x00000000ef280000,0x00000000efa00000)
  to   space 18944K, 0% used [0x00000000ed580000,0x00000000ed580000,0x00000000ee800000)
 ParOldGen       total 44032K, used 43809K [0x00000000c0000000, 0x00000000c2b00000, 0x00000000eab00000)
  object space 44032K, 99% used [0x00000000c0000000,0x00000000c2ac8638,0x00000000c2b00000)
 Metaspace       used 6095K, capacity 7088K, committed 7296K, reserved 1056768K
  class space    used 592K, capacity 616K, committed 640K, reserved 1048576K
}
Event: 5.417 GC heap before
{Heap before GC invocations=15 (full 7):
 PSYoungGen      total 51200K, used 43520K [0x00000000eab00000, 0x00000000efa80000, 0x0000000100000000)
  eden space 43520K, 100% used [0x00000000eab00000,0x00000000ed580000,0x00000000ed580000)
  from space 7680K, 0% used [0x00000000ef280000,0x00000000ef280000,0x00000000efa00000)
  to   space 18944K, 0% used [0x00000000ed580000,0x00000000ed580000,0x00000000ee800000)
 ParOldGen       total 44032K, used 43809K [0x00000000c0000000, 0x00000000c2b00000, 0x00000000eab00000)
  object space 44032K, 99% used [0x00000000c0000000,0x00000000c2ac8638,0x00000000c2b00000)
 Metaspace       used 6128K, capacity 7152K, committed 7296K, reserved 1056768K
  class space    used 594K, capacity 616K, committed 640K, reserved 1048576K
Event: 5.626 GC heap after
Heap after GC invocations=15 (full 7):
 PSYoungGen      total 51200K, used 2331K [0x00000000eab00000, 0x00000000efa80000, 0x0000000100000000)
  eden space 43520K, 5% used [0x00000000eab00000,0x00000000ead46ec0,0x00000000ed580000)
  from space 7680K, 0% used [0x00000000ef280000,0x00000000ef280000,0x00000000efa00000)
  to   space 18944K, 0% used [0x00000000ed580000,0x00000000ed580000,0x00000000ee800000)
 ParOldGen       total 211456K, used 43828K [0x00000000c0000000, 0x00000000cce80000, 0x00000000eab00000)
  object space 211456K, 20% used [0x00000000c0000000,0x00000000c2acd008,0x00000000cce80000)
 Metaspace       used 6128K, capacity 7152K, committed 7296K, reserved 1056768K
  class space    used 594K, capacity 616K, committed 640K, reserved 1048576K
}

Deoptimization events (10 events):
Event: 5.816 Thread 0x00000000025bd800 Uncommon trap: reason=bimorphic action=maybe_recompile pc=0x0000000002df1764 method=java.util.HashMap.putVal(ILjava/lang/Object;Ljava/lang/Object;ZZ)Ljava/lang/Object; @ 91
Event: 5.816 Thread 0x00000000025bd800 Uncommon trap: reason=bimorphic action=maybe_recompile pc=0x0000000002df1764 method=java.util.HashMap.putVal(ILjava/lang/Object;Ljava/lang/Object;ZZ)Ljava/lang/Object; @ 91
Event: 5.816 Thread 0x00000000025bd800 Uncommon trap: reason=bimorphic action=maybe_recompile pc=0x0000000002e72cb4 method=java.util.HashMap.getNode(ILjava/lang/Object;)Ljava/util/HashMap$Node; @ 126
Event: 5.816 Thread 0x00000000025bd800 Uncommon trap: reason=bimorphic action=maybe_recompile pc=0x0000000002e72cb4 method=java.util.HashMap.getNode(ILjava/lang/Object;)Ljava/util/HashMap$Node; @ 126
Event: 5.816 Thread 0x00000000025bd800 Uncommon trap: reason=bimorphic action=maybe_recompile pc=0x0000000002e72cb4 method=java.util.HashMap.getNode(ILjava/lang/Object;)Ljava/util/HashMap$Node; @ 126
Event: 5.816 Thread 0x00000000025bd800 Uncommon trap: reason=bimorphic action=maybe_recompile pc=0x0000000002e71a8c method=java.util.HashMap.getNode(ILjava/lang/Object;)Ljava/util/HashMap$Node; @ 126
Event: 5.980 Thread 0x00000000025bd800 Uncommon trap: reason=speculate_class_check action=maybe_recompile pc=0x0000000002cbda24 method=com.android.dx.util.FixedSizeList.equals(Ljava/lang/Object;)Z @ 25
Event: 5.980 Thread 0x00000000025bd800 Uncommon trap: reason=speculate_class_check action=maybe_recompile pc=0x0000000002cbda24 method=com.android.dx.util.FixedSizeList.equals(Ljava/lang/Object;)Z @ 25
Event: 5.980 Thread 0x00000000025bd800 Uncommon trap: reason=speculate_class_check action=maybe_recompile pc=0x0000000002cbda24 method=com.android.dx.util.FixedSizeList.equals(Ljava/lang/Object;)Z @ 25
Event: 5.980 Thread 0x00000000025bd800 Uncommon trap: reason=speculate_class_check action=maybe_recompile pc=0x0000000002cbda24 method=com.android.dx.util.FixedSizeList.equals(Ljava/lang/Object;)Z @ 25

Internal exceptions (3 events):
Event: 0.073 Thread 0x00000000025bd800 Exception <a 'java/lang/NoSuchMethodError': Method sun.misc.Unsafe.defineClass(Ljava/lang/String;[BII)Ljava/lang/Class; name or signature does not match> (0x00000000eab07cc0) thrown at [D:\re\workspace\8-2-build-windows-amd64-cygwin\jdk8u92\6642\hotspot\sr‡5§²?
Event: 0.073 Thread 0x00000000025bd800 Exception <a 'java/lang/NoSuchMethodError': Method sun.misc.Unsafe.prefetchRead(Ljava/lang/Object;J)V name or signature does not match> (0x00000000eab07fa8) thrown at [D:\re\workspace\8-2-build-windows-amd64-cygwin\jdk8u92\6642\hotspot\src\share\vm\prims\j7»á‚©2@
Event: 2.525 Thread 0x0000000056860800 Implicit null exception at 0x0000000002e89241 to 0x0000000002e8b349

Events (10 events):
Event: 5.980 Thread 0x00000000025bd800 Uncommon trap: trap_request=0xffffff76 fr.pc=0x0000000002cbda24
Event: 5.980 Thread 0x00000000025bd800 DEOPT PACKING pc=0x0000000002cbda24 sp=0x00000000029eee90
Event: 5.980 Thread 0x00000000025bd800 DEOPT UNPACKING pc=0x0000000002a3582a sp=0x00000000029eee40 mode 2
Event: 5.980 Thread 0x00000000025bd800 Uncommon trap: trap_request=0xffffff76 fr.pc=0x0000000002cbda24
Event: 5.980 Thread 0x00000000025bd800 DEOPT PACKING pc=0x0000000002cbda24 sp=0x00000000029eee90
Event: 5.981 Thread 0x00000000025bd800 DEOPT UNPACKING pc=0x0000000002a3582a sp=0x00000000029eee40 mode 2
Event: 5.981 loading class com/android/dx/dex/code/CatchTable$Entry
Event: 5.981 loading class com/android/dx/dex/code/CatchTable$Entry done
Event: 5.981 loading class com/android/dx/util/ByteArrayAnnotatedOutput
Event: 5.981 loading class com/android/dx/util/ByteArrayAnnotatedOutput done


Dynamic libraries:
0x000000013fa20000 - 0x000000013fa57000 	C:\Program Files\Java\jdk1.8.0_92\bin\java.exe
0x0000000076ee0000 - 0x000000007708a000 	C:\windows\SYSTEM32\ntdll.dll
0x0000000076b80000 - 0x0000000076c9f000 	C:\windows\system32\kernel32.dll
0x000007fefcf20000 - 0x000007fefcf8b000 	C:\windows\system32\KERNELBASE.dll
0x000007fefd1e0000 - 0x000007fefd2bb000 	C:\windows\system32\ADVAPI32.dll
0x000007fefd060000 - 0x000007fefd0ff000 	C:\windows\system32\msvcrt.dll
0x000007fefe3e0000 - 0x000007fefe3ff000 	C:\windows\SYSTEM32\sechost.dll
0x000007fefeb20000 - 0x000007fefec4d000 	C:\windows\system32\RPCRT4.dll
0x0000000076ca0000 - 0x0000000076d9a000 	C:\windows\system32\USER32.dll
0x000007feff180000 - 0x000007feff1e7000 	C:\windows\system32\GDI32.dll
0x000007fefe1c0000 - 0x000007fefe1ce000 	C:\windows\system32\LPK.dll
0x000007fefd2c0000 - 0x000007fefd38a000 	C:\windows\system32\USP10.dll
0x000007fefb420000 - 0x000007fefb614000 	C:\windows\WinSxS\amd64_microsoft.windows.common-controls_6595b64144ccf1df_6.0.7601.18837_none_fa3b1e3d17594757\COMCTL32.dll
0x000007fefe1d0000 - 0x000007fefe241000 	C:\windows\system32\SHLWAPI.dll
0x000007fefe400000 - 0x000007fefe42e000 	C:\windows\system32\IMM32.DLL
0x000007fefe490000 - 0x000007fefe599000 	C:\windows\system32\MSCTF.dll
0x0000000073cb0000 - 0x0000000073d82000 	C:\Program Files\Java\jdk1.8.0_92\jre\bin\msvcr100.dll
0x00000000732e0000 - 0x0000000073b76000 	C:\Program Files\Java\jdk1.8.0_92\jre\bin\server\jvm.dll
0x000007fef3790000 - 0x000007fef3799000 	C:\windows\system32\WSOCK32.dll
0x000007fefef60000 - 0x000007fefefad000 	C:\windows\system32\WS2_32.dll
0x000007fefe8b0000 - 0x000007fefe8b8000 	C:\windows\system32\NSI.dll
0x000007fefcec0000 - 0x000007fefcefb000 	C:\windows\system32\WINMM.dll
0x000007fefbd10000 - 0x000007fefbd1c000 	C:\windows\system32\VERSION.dll
0x00000000770a0000 - 0x00000000770a7000 	C:\windows\system32\PSAPI.DLL
0x0000000074280000 - 0x000000007428f000 	C:\Program Files\Java\jdk1.8.0_92\jre\bin\verify.dll
0x0000000074250000 - 0x0000000074279000 	C:\Program Files\Java\jdk1.8.0_92\jre\bin\java.dll
0x0000000074230000 - 0x0000000074246000 	C:\Program Files\Java\jdk1.8.0_92\jre\bin\zip.dll
0x000007fefd3b0000 - 0x000007fefe139000 	C:\windows\system32\SHELL32.dll
0x000007fefed50000 - 0x000007fefef53000 	C:\windows\system32\ole32.dll
0x000007fefcbb0000 - 0x000007fefcbbf000 	C:\windows\system32\profapi.dll

VM Arguments:
jvm_args: -Djava.awt.headless=true -Xmx1024M -Dfile.encoding=GBK -Duser.country=CN -Duser.language=zh -Duser.variant 
java_command: com.android.dx.command.Main --dex --force-jumbo --num-threads=4 --output D:\HouseKeeperApplication\app\build\intermediates\pre-dexed\debug\main_9ac988ed629202b760b3733f6bfc1577f5710e9d.jar D:\HouseKeeperApplication\app\build\intermediates\transforms\instantRun\debug\folders\1\5\main
java_class_path (initial): D:\sdk\build-tools\24.0.1\lib\dx.jar
Launcher Type: SUN_STANDARD

Environment Variables:
PATH=C:\Program Files\Java\jdk1.8.0_92\bin;
USERNAME=Administrator
OS=Windows_NT
PROCESSOR_IDENTIFIER=Intel64 Family 6 Model 42 Stepping 7, GenuineIntel



---------------  S Y S T E M  ---------------

OS: Windows 7 , 64 bit Build 7601 (6.1.7601.19135)

CPU:total 4 (2 cores per cpu, 2 threads per core) family 6 model 42 stepping 7, cmov, cx8, fxsr, mmx, sse, sse2, sse3, ssse3, sse4.1, sse4.2, popcnt, avx, clmul, ht, tsc, tscinvbit

Memory: 4k page, physical 4133888k(208432k free), swap 5180628k(5060k free)

vm_info: Java HotSpot(TM) 64-Bit Server VM (25.92-b14) for windows-amd64 JRE (1.8.0_92-b14), built on Mar 31 2016 21:03:04 by "java_re" with MS VC++ 10.0 (VS2010)

time: Tue Aug 23 16:40:39 2016
elapsed time: 6 seconds (0d 0h 0m 6s)

