#
# There is insufficient memory for the Java Runtime Environment to continue.
# Native memory allocation (malloc) failed to allocate 46896 bytes for Chunk::new
# Possible reasons:
#   The system is out of physical RAM or swap space
#   In 32 bit mode, the process size limit was hit
# Possible solutions:
#   Reduce memory load on the system
#   Increase physical memory or swap space
#   Check if swap backing store is full
#   Use 64 bit Java on a 64 bit OS
#   Decrease Java heap size (-Xmx/-Xms)
#   Decrease number of Java threads
#   Decrease Java thread stack sizes (-Xss)
#   Set larger code cache with -XX:ReservedCodeCacheSize=
# This output file may be truncated or incomplete.
#
#  Out of Memory Error (allocation.cpp:390), pid=19012, tid=0x00000000000041a4
#
# JRE version: Java(TM) SE Runtime Environment (8.0_92-b14) (build 1.8.0_92-b14)
# Java VM: Java HotSpot(TM) 64-Bit Server VM (25.92-b14 mixed mode windows-amd64 compressed oops)
# Failed to write core dump. Minidumps are not enabled by default on client versions of Windows
#

---------------  T H R E A D  ---------------

Current thread (0x0000000054fed800):  JavaThread "C2 CompilerThread0" daemon [_thread_in_native, id=16804, stack(0x0000000057130000,0x0000000057230000)]

Stack: [0x0000000057130000,0x0000000057230000]
[error occurred during error reporting (printing stack bounds), id 0xc0000005]

Native frames: (J=compiled Java code, j=interpreted, Vv=VM code, C=native code)


Current CompileTask:
C2:   1110  137 %     4       java.lang.String::replace @ 20 (127 bytes)


---------------  P R O C E S S  ---------------

Java Threads: ( => current thread )
  0x0000000056585800 JavaThread "Service Thread" daemon [_thread_new, id=19332, stack(0x0000000000000000,0x0000000000000000)]
  0x0000000056582800 JavaThread "C1 CompilerThread2" daemon [_thread_in_native, id=19116, stack(0x00000000575b0000,0x00000000576b0000)]
  0x0000000054fef800 JavaThread "C2 CompilerThread1" daemon [_thread_blocked, id=15380, stack(0x00000000573e0000,0x00000000574e0000)]
=>0x0000000054fed800 JavaThread "C2 CompilerThread0" daemon [_thread_in_native, id=16804, stack(0x0000000057130000,0x0000000057230000)]
  0x0000000054fea000 JavaThread "Attach Listener" daemon [_thread_blocked, id=19172, stack(0x0000000056f10000,0x0000000057010000)]
  0x0000000054fe9800 JavaThread "Signal Dispatcher" daemon [_thread_blocked, id=17916, stack(0x0000000056d30000,0x0000000056e30000)]
  0x0000000054f85800 JavaThread "Finalizer" daemon [_thread_blocked, id=13856, stack(0x0000000056410000,0x0000000056510000)]
  0x0000000054f82000 JavaThread "Reference Handler" daemon [_thread_blocked, id=18972, stack(0x00000000562a0000,0x00000000563a0000)]
  0x0000000001c3d800 JavaThread "main" [_thread_in_vm, id=3268, stack(0x00000000026c0000,0x00000000027c0000)]

Other Threads:
  0x0000000054f7a000 VMThread [stack: 0x0000000056060000,0x0000000056160000] [id=16980]
  0x00000000565e9000 WatcherThread [stack: 0x00000000572d0000,0x00000000573d0000] [id=17856]

VM state:not at safepoint (normal execution)

VM Mutex/Monitor currently owned by a thread: None

Heap:
 PSYoungGen      total 18944K, used 2965K [0x00000000eab00000, 0x00000000ec000000, 0x0000000100000000)
  eden space 16384K, 18% used [0x00000000eab00000,0x00000000eade5508,0x00000000ebb00000)
  from space 2560K, 0% used [0x00000000ebd80000,0x00000000ebd80000,0x00000000ec000000)
  to   space 2560K, 0% used [0x00000000ebb00000,0x00000000ebb00000,0x00000000ebd80000)
 ParOldGen       total 44032K, used 0K [0x00000000c0000000, 0x00000000c2b00000, 0x00000000eab00000)
  object space 44032K, 0% used [0x00000000c0000000,0x00000000c0000000,0x00000000c2b00000)
 Metaspace       used 3451K, capacity 4720K, committed 4864K, reserved 1056768K
  class space    used 375K, capacity 424K, committed 512K, reserved 1048576K

Card table byte_map: [0x0000000011b80000,0x0000000011d90000] byte_map_base: 0x0000000011580000

Marking Bits: (ParMarkBitMap*) 0x000000006f2364f0
 Begin Bits: [0x00000000123f0000, 0x00000000133f0000)
 End Bits:   [0x00000000133f0000, 0x00000000143f0000)

Polling page: 0x0000000000370000

CodeCache: size=245760Kb used=1351Kb max_used=1351Kb free=244408Kb
 bounds [0x00000000027c0000, 0x0000000002a30000, 0x00000000117c0000]
 total_blobs=383 nmethods=138 adapters=158
 compilation: enabled

Compilation events (10 events):
Event: 1.108 Thread 0x0000000054fed800 nmethod 131 0x000000000290aed0 code [0x000000000290b020, 0x000000000290b138]
Event: 1.108 Thread 0x0000000056582800 nmethod 133 0x0000000002911bd0 code [0x0000000002911d40, 0x0000000002912048]
Event: 1.108 Thread 0x0000000056582800  134       3       com.android.dx.cf.direct.ClassPathOpener::access$000 (6 bytes)
Event: 1.108 Thread 0x0000000056582800 nmethod 134 0x0000000002911850 code [0x00000000029119c0, 0x0000000002911b28]
Event: 1.108 Thread 0x0000000056582800  135       3       java.util.regex.Matcher::<init> (84 bytes)
Event: 1.108 Thread 0x0000000054fed800  137 %     4       java.lang.String::replace @ 20 (127 bytes)
Event: 1.108 Thread 0x0000000056582800 nmethod 135 0x0000000002911090 code [0x0000000002911220, 0x00000000029116c8]
Event: 1.108 Thread 0x0000000056582800  136       3       java.util.regex.Matcher::find (69 bytes)
Event: 1.108 Thread 0x0000000056582800 nmethod 136 0x0000000002910a90 code [0x0000000002910c00, 0x0000000002910fa8]
Event: 1.109 Thread 0x0000000056582800  138   !   3       java.util.regex.Pattern::matcher (44 bytes)

GC Heap History (0 events):
No events

Deoptimization events (0 events):
No events

Internal exceptions (2 events):
Event: 0.188 Thread 0x0000000001c3d800 Exception <a 'java/lang/NoSuchMethodError': Method sun.misc.Unsafe.defineClass(Ljava/lang/String;[BII)Ljava/lang/Class; name or signature does not match> (0x00000000eab07cc0) thrown at [D:\re\workspace\8-2-build-windows-amd64-cygwin\jdk8u92\6642\hotspot\sry„³¯ÐÈ?
Event: 0.188 Thread 0x0000000001c3d800 Exception <a 'java/lang/NoSuchMethodError': Method sun.misc.Unsafe.prefetchRead(Ljava/lang/Object;J)V name or signature does not match> (0x00000000eab07fa8) thrown at [D:\re\workspace\8-2-build-windows-amd64-cygwin\jdk8u92\6642\hotspot\src\share\vm\prims\j

Events (10 events):
Event: 1.095 loading class java/util/regex/Pattern$SliceNode done
Event: 1.095 loading class java/util/regex/Pattern$Slice done
Event: 1.095 loading class java/util/regex/Pattern$BnM
Event: 1.095 loading class java/util/regex/Pattern$BnM done
Event: 1.095 loading class java/util/regex/Pattern$SliceS
Event: 1.095 loading class java/util/regex/Pattern$SliceS done
Event: 1.095 loading class java/util/regex/Matcher
Event: 1.095 loading class java/util/regex/MatchResult
Event: 1.095 loading class java/util/regex/MatchResult done
Event: 1.095 loading class java/util/regex/Matcher done


Dynamic libraries:
0x000000013f4b0000 - 0x000000013f4e7000 	C:\Program Files\Java\jdk1.8.0_92\bin\java.exe
0x00000000775e0000 - 0x000000007778a000 	C:\windows\SYSTEM32\ntdll.dll
0x0000000077280000 - 0x000000007739f000 	C:\windows\system32\kernel32.dll
0x000007fefd5f0000 - 0x000007fefd65b000 	C:\windows\system32\KERNELBASE.dll
0x000007fefe5e0000 - 0x000007fefe6bb000 	C:\windows\system32\ADVAPI32.dll
0x000007fefe070000 - 0x000007fefe10f000 	C:\windows\system32\msvcrt.dll
0x000007fefd760000 - 0x000007fefd77f000 	C:\windows\SYSTEM32\sechost.dll
0x000007fefdd10000 - 0x000007fefde3d000 	C:\windows\system32\RPCRT4.dll
0x00000000774e0000 - 0x00000000775da000 	C:\windows\system32\USER32.dll
0x000007fefd9f0000 - 0x000007fefda57000 	C:\windows\system32\GDI32.dll
0x000007fefd8b0000 - 0x000007fefd8be000 	C:\windows\system32\LPK.dll
0x000007fefd8c0000 - 0x000007fefd98a000 	C:\windows\system32\USP10.dll
0x000007fefbcb0000 - 0x000007fefbea4000 	C:\windows\WinSxS\amd64_microsoft.windows.common-controls_6595b64144ccf1df_6.0.7601.18837_none_fa3b1e3d17594757\COMCTL32.dll
0x000007fefe6f0000 - 0x000007fefe761000 	C:\windows\system32\SHLWAPI.dll
0x000007fefe6c0000 - 0x000007fefe6ee000 	C:\windows\system32\IMM32.DLL
0x000007fefe110000 - 0x000007fefe219000 	C:\windows\system32\MSCTF.dll
0x0000000070b80000 - 0x0000000070c52000 	C:\Program Files\Java\jdk1.8.0_92\jre\bin\msvcr100.dll
0x000000006ea20000 - 0x000000006f2b6000 	C:\Program Files\Java\jdk1.8.0_92\jre\bin\server\jvm.dll
0x000007fef4c20000 - 0x000007fef4c29000 	C:\windows\system32\WSOCK32.dll
0x000007fefe590000 - 0x000007fefe5dd000 	C:\windows\system32\WS2_32.dll
0x000007fefe220000 - 0x000007fefe228000 	C:\windows\system32\NSI.dll
0x000007fefd5b0000 - 0x000007fefd5eb000 	C:\windows\system32\WINMM.dll
0x000007fefc410000 - 0x000007fefc41c000 	C:\windows\system32\VERSION.dll
0x00000000777a0000 - 0x00000000777a7000 	C:\windows\system32\PSAPI.DLL
0x0000000073970000 - 0x000000007397f000 	C:\Program Files\Java\jdk1.8.0_92\jre\bin\verify.dll
0x0000000073940000 - 0x0000000073969000 	C:\Program Files\Java\jdk1.8.0_92\jre\bin\java.dll
0x0000000073920000 - 0x0000000073936000 	C:\Program Files\Java\jdk1.8.0_92\jre\bin\zip.dll
0x000007fefe9d0000 - 0x000007feff759000 	C:\windows\system32\SHELL32.dll
0x000007fefdb00000 - 0x000007fefdd03000 	C:\windows\system32\ole32.dll
0x000007fefd2b0000 - 0x000007fefd2bf000 	C:\windows\system32\profapi.dll

VM Arguments:
jvm_args: -Djava.awt.headless=true -Xmx1024M -Dfile.encoding=GBK -Duser.country=CN -Duser.language=zh -Duser.variant 
java_command: com.android.dx.command.Main --dex --force-jumbo --num-threads=4 --multi-dex --output D:\HouseKeeperApplication\app\build\intermediates\transforms\dex\debug\folders\1000\10\internal_impl-23.4.0_130861b60a258654d801d2418d66fbe42c496806 D:\HouseKeeperApplication\app\build\intermediates\exploded-aar\com.android.support\support-v4\23.4.0\jars\libs\internal_impl-23.4.0.jar
java_class_path (initial): D:\sdk\build-tools\24.0.1\lib\dx.jar
Launcher Type: SUN_STANDARD

Environment Variables:
PATH=C:\Program Files\Java\jdk1.8.0_92\bin;
USERNAME=Administrator
OS=Windows_NT
PROCESSOR_IDENTIFIER=Intel64 Family 6 Model 42 Stepping 7, GenuineIntel



---------------  S Y S T E M  ---------------

OS: Windows 7 , 64 bit Build 7601 (6.1.7601.19135)

CPU:total 4 (2 cores per cpu, 2 threads per core) family 6 model 42 stepping 7, cmov, cx8, fxsr, mmx, sse, sse2, sse3, ssse3, sse4.1, sse4.2, popcnt, avx, clmul, ht, tsc, tscinvbit

Memory: 4k page, physical 4133888k(238380k free), swap 5180628k(5056k free)

vm_info: Java HotSpot(TM) 64-Bit Server VM (25.92-b14) for windows-amd64 JRE (1.8.0_92-b14), built on Mar 31 2016 21:03:04 by "java_re" with MS VC++ 10.0 (VS2010)

time: Fri Aug 26 16:36:44 2016
elapsed time: 1 seconds (0d 0h 0m 1s)

