#
# There is insufficient memory for the Java Runtime Environment to continue.
# Native memory allocation (malloc) failed to allocate 501440 bytes for Chunk::new
# Possible reasons:
#   The system is out of physical RAM or swap space
#   In 32 bit mode, the process size limit was hit
# Possible solutions:
#   Reduce memory load on the system
#   Increase physical memory or swap space
#   Check if swap backing store is full
#   Use 64 bit Java on a 64 bit OS
#   Decrease Java heap size (-Xmx/-Xms)
#   Decrease number of Java threads
#   Decrease Java thread stack sizes (-Xss)
#   Set larger code cache with -XX:ReservedCodeCacheSize=
# This output file may be truncated or incomplete.
#
#  Out of Memory Error (allocation.cpp:390), pid=10820, tid=0x0000000000002b04
#
# JRE version: Java(TM) SE Runtime Environment (8.0_92-b14) (build 1.8.0_92-b14)
# Java VM: Java HotSpot(TM) 64-Bit Server VM (25.92-b14 mixed mode windows-amd64 compressed oops)
# Failed to write core dump. Minidumps are not enabled by default on client versions of Windows
#

---------------  T H R E A D  ---------------

Current thread (0x00000000567f1000):  JavaThread "C2 CompilerThread0" daemon [_thread_in_native, id=11012, stack(0x0000000056fc0000,0x00000000570c0000)]

Stack: [0x0000000056fc0000,0x00000000570c0000]
[error occurred during error reporting (printing stack bounds), id 0xc0000005]

Native frames: (J=compiled Java code, j=interpreted, Vv=VM code, C=native code)


Current CompileTask:
C2:   4886 1343       4       com.android.dx.ssa.SsaRenamer$BlockRenamer::process (191 bytes)


---------------  P R O C E S S  ---------------

Java Threads: ( => current thread )
  0x0000000056b45000 JavaThread "pool-1-thread-4" [_thread_blocked, id=11196, stack(0x0000000057fc0000,0x00000000580c0000)]
  0x0000000056ae5800 JavaThread "pool-1-thread-3" [_thread_in_vm, id=11180, stack(0x0000000058270000,0x0000000058370000)]
  0x0000000056abf800 JavaThread "pool-1-thread-2" [_thread_blocked, id=11176, stack(0x0000000058130000,0x0000000058230000)]
  0x0000000056acd000 JavaThread "pool-2-thread-1" [_thread_blocked, id=11148, stack(0x0000000057e80000,0x0000000057f80000)]
  0x0000000056acc000 JavaThread "pool-1-thread-1" [_thread_blocked, id=11144, stack(0x0000000057230000,0x0000000057330000)]
  0x000000005686e000 JavaThread "Service Thread" daemon [_thread_blocked, id=11024, stack(0x0000000057330000,0x0000000057430000)]
  0x00000000567fa800 JavaThread "C1 CompilerThread2" daemon [_thread_in_vm, id=11020, stack(0x00000000563b0000,0x00000000564b0000)]
  0x00000000567f9000 JavaThread "C2 CompilerThread1" daemon [_thread_in_native, id=11016, stack(0x00000000570c0000,0x00000000571c0000)]
=>0x00000000567f1000 JavaThread "C2 CompilerThread0" daemon [_thread_in_native, id=11012, stack(0x0000000056fc0000,0x00000000570c0000)]
  0x00000000567ee000 JavaThread "Attach Listener" daemon [_thread_blocked, id=11008, stack(0x0000000056dc0000,0x0000000056ec0000)]
  0x000000005531f800 JavaThread "Signal Dispatcher" daemon [_thread_blocked, id=11004, stack(0x0000000056be0000,0x0000000056ce0000)]
  0x00000000552f3000 JavaThread "Finalizer" daemon [_thread_blocked, id=10972, stack(0x00000000566e0000,0x00000000567e0000)]
  0x00000000552b2000 JavaThread "Reference Handler" daemon [_thread_blocked, id=10968, stack(0x0000000056510000,0x0000000056610000)]
  0x000000000253d800 JavaThread "main" [_thread_blocked, id=10900, stack(0x0000000002670000,0x0000000002770000)]

Other Threads:
  0x00000000552aa000 VMThread [stack: 0x0000000056280000,0x0000000056380000] [id=10948]
  0x000000005688e000 WatcherThread [stack: 0x00000000574a0000,0x00000000575a0000] [id=11028]

VM state:not at safepoint (normal execution)

VM Mutex/Monitor currently owned by a thread:  ([mutex/lock_event])
[0x000000000253c630] CompiledIC_lock - owner thread: 0x0000000056ae5800

Heap:
 PSYoungGen      total 35328K, used 12799K [0x00000000eab00000, 0x00000000ed000000, 0x0000000100000000)
  eden space 32768K, 31% used [0x00000000eab00000,0x00000000eb501cf0,0x00000000ecb00000)
  from space 2560K, 99% used [0x00000000ecd80000,0x00000000ecffe178,0x00000000ed000000)
  to   space 2560K, 0% used [0x00000000ecb00000,0x00000000ecb00000,0x00000000ecd80000)
 ParOldGen       total 44032K, used 8242K [0x00000000c0000000, 0x00000000c2b00000, 0x00000000eab00000)
  object space 44032K, 18% used [0x00000000c0000000,0x00000000c080cb68,0x00000000c2b00000)
 Metaspace       used 6220K, capacity 7092K, committed 7296K, reserved 1056768K
  class space    used 605K, capacity 620K, committed 640K, reserved 1048576K

Card table byte_map: [0x0000000011c40000,0x0000000011e50000] byte_map_base: 0x0000000011640000

Marking Bits: (ParMarkBitMap*) 0x000000006c1e64f0
 Begin Bits: [0x0000000012720000, 0x0000000013720000)
 End Bits:   [0x0000000013720000, 0x0000000014720000)

Polling page: 0x0000000000260000

CodeCache: size=245760Kb used=6575Kb max_used=6575Kb free=239184Kb
 bounds [0x0000000002880000, 0x0000000002ef0000, 0x0000000011880000]
 total_blobs=1856 nmethods=1586 adapters=182
 compilation: disabled (not enough contiguous free space left)

Compilation events (10 events):
Event: 4.591 Thread 0x00000000567fa800 1424       3       com.android.dx.cf.direct.MemberListParser::parseIfNecessary (12 bytes)
Event: 4.591 Thread 0x00000000567fa800 nmethod 1424 0x0000000002e26a90 code [0x0000000002e26c00, 0x0000000002e26dc8]
Event: 4.594 Thread 0x00000000567fa800 1425       3       com.android.dx.cf.direct.DirectClassFile::getThisClass (9 bytes)
Event: 4.594 Thread 0x00000000567fa800 nmethod 1425 0x0000000002e28350 code [0x0000000002e284c0, 0x0000000002e28708]
Event: 4.594 Thread 0x00000000567fa800 1426       3       com.android.dx.cf.code.Merger::mergeLocals (122 bytes)
Event: 4.595 Thread 0x00000000567fa800 nmethod 1426 0x0000000002e287d0 code [0x0000000002e28a40, 0x0000000002e29b08]
Event: 4.597 Thread 0x00000000567fa800 1427       3       com.android.dx.rop.type.Type::getInitializedType (42 bytes)
Event: 4.598 Thread 0x00000000567fa800 nmethod 1427 0x0000000002e31690 code [0x0000000002e31860, 0x0000000002e32058]
Event: 4.600 Thread 0x00000000567fa800 1428       3       java.util.concurrent.ThreadPoolExecutor::workerCountOf (5 bytes)
Event: 4.600 Thread 0x00000000567fa800 nmethod 1428 0x0000000002e323d0 code [0x0000000002e32520, 0x0000000002e32650]

GC Heap History (6 events):
Event: 1.602 GC heap before
{Heap before GC invocations=1 (full 0):
 PSYoungGen      total 18944K, used 16384K [0x00000000eab00000, 0x00000000ec000000, 0x0000000100000000)
  eden space 16384K, 100% used [0x00000000eab00000,0x00000000ebb00000,0x00000000ebb00000)
  from space 2560K, 0% used [0x00000000ebd80000,0x00000000ebd80000,0x00000000ec000000)
  to   space 2560K, 0% used [0x00000000ebb00000,0x00000000ebb00000,0x00000000ebd80000)
 ParOldGen       total 44032K, used 0K [0x00000000c0000000, 0x00000000c2b00000, 0x00000000eab00000)
  object space 44032K, 0% used [0x00000000c0000000,0x00000000c0000000,0x00000000c2b00000)
 Metaspace       used 5549K, capacity 6512K, committed 6784K, reserved 1056768K
  class space    used 599K, capacity 616K, committed 640K, reserved 1048576K
Event: 1.608 GC heap after
Heap after GC invocations=1 (full 0):
 PSYoungGen      total 18944K, used 2553K [0x00000000eab00000, 0x00000000ec000000, 0x0000000100000000)
  eden space 16384K, 0% used [0x00000000eab00000,0x00000000eab00000,0x00000000ebb00000)
  from space 2560K, 99% used [0x00000000ebb00000,0x00000000ebd7e460,0x00000000ebd80000)
  to   space 2560K, 0% used [0x00000000ebd80000,0x00000000ebd80000,0x00000000ec000000)
 ParOldGen       total 44032K, used 1039K [0x00000000c0000000, 0x00000000c2b00000, 0x00000000eab00000)
  object space 44032K, 2% used [0x00000000c0000000,0x00000000c0103fa0,0x00000000c2b00000)
 Metaspace       used 5549K, capacity 6512K, committed 6784K, reserved 1056768K
  class space    used 599K, capacity 616K, committed 640K, reserved 1048576K
}
Event: 3.149 GC heap before
{Heap before GC invocations=2 (full 0):
 PSYoungGen      total 18944K, used 18937K [0x00000000eab00000, 0x00000000ec000000, 0x0000000100000000)
  eden space 16384K, 100% used [0x00000000eab00000,0x00000000ebb00000,0x00000000ebb00000)
  from space 2560K, 99% used [0x00000000ebb00000,0x00000000ebd7e460,0x00000000ebd80000)
  to   space 2560K, 0% used [0x00000000ebd80000,0x00000000ebd80000,0x00000000ec000000)
 ParOldGen       total 44032K, used 1039K [0x00000000c0000000, 0x00000000c2b00000, 0x00000000eab00000)
  object space 44032K, 2% used [0x00000000c0000000,0x00000000c0103fa0,0x00000000c2b00000)
 Metaspace       used 6032K, capacity 6900K, committed 7040K, reserved 1056768K
  class space    used 605K, capacity 620K, committed 640K, reserved 1048576K
Event: 3.215 GC heap after
Heap after GC invocations=2 (full 0):
 PSYoungGen      total 18944K, used 2532K [0x00000000eab00000, 0x00000000ed000000, 0x0000000100000000)
  eden space 16384K, 0% used [0x00000000eab00000,0x00000000eab00000,0x00000000ebb00000)
  from space 2560K, 98% used [0x00000000ebd80000,0x00000000ebff9118,0x00000000ec000000)
  to   space 2560K, 0% used [0x00000000ebb00000,0x00000000ebb00000,0x00000000ebd80000)
 ParOldGen       total 44032K, used 3014K [0x00000000c0000000, 0x00000000c2b00000, 0x00000000eab00000)
  object space 44032K, 6% used [0x00000000c0000000,0x00000000c02f1a60,0x00000000c2b00000)
 Metaspace       used 6032K, capacity 6900K, committed 7040K, reserved 1056768K
  class space    used 605K, capacity 620K, committed 640K, reserved 1048576K
}
Event: 4.259 GC heap before
{Heap before GC invocations=3 (full 0):
 PSYoungGen      total 18944K, used 18916K [0x00000000eab00000, 0x00000000ed000000, 0x0000000100000000)
  eden space 16384K, 100% used [0x00000000eab00000,0x00000000ebb00000,0x00000000ebb00000)
  from space 2560K, 98% used [0x00000000ebd80000,0x00000000ebff9118,0x00000000ec000000)
  to   space 2560K, 0% used [0x00000000ebb00000,0x00000000ebb00000,0x00000000ebd80000)
 ParOldGen       total 44032K, used 3014K [0x00000000c0000000, 0x00000000c2b00000, 0x00000000eab00000)
  object space 44032K, 6% used [0x00000000c0000000,0x00000000c02f1a60,0x00000000c2b00000)
 Metaspace       used 6113K, capacity 6964K, committed 7040K, reserved 1056768K
  class space    used 605K, capacity 620K, committed 640K, reserved 1048576K
Event: 4.370 GC heap after
Heap after GC invocations=3 (full 0):
 PSYoungGen      total 18944K, used 2552K [0x00000000eab00000, 0x00000000ed000000, 0x0000000100000000)
  eden space 16384K, 0% used [0x00000000eab00000,0x00000000eab00000,0x00000000ebb00000)
  from space 2560K, 99% used [0x00000000ebb00000,0x00000000ebd7e190,0x00000000ebd80000)
  to   space 2560K, 0% used [0x00000000ecd80000,0x00000000ecd80000,0x00000000ed000000)
 ParOldGen       total 44032K, used 5504K [0x00000000c0000000, 0x00000000c2b00000, 0x00000000eab00000)
  object space 44032K, 12% used [0x00000000c0000000,0x00000000c05601e8,0x00000000c2b00000)
 Metaspace       used 6113K, capacity 6964K, committed 7040K, reserved 1056768K
  class space    used 605K, capacity 620K, committed 640K, reserved 1048576K
}

Deoptimization events (10 events):
Event: 0.606 Thread 0x000000000253d800 Uncommon trap: reason=unstable_if action=reinterpret pc=0x00000000029cf304 method=java.lang.String.compareTo(Ljava/lang/String;)I @ 38
Event: 1.668 Thread 0x0000000056b45000 Uncommon trap: reason=unstable_if action=reinterpret pc=0x0000000002a7238c method=java.util.HashMap.getNode(ILjava/lang/Object;)Ljava/util/HashMap$Node; @ 129
Event: 1.668 Thread 0x0000000056b45000 Uncommon trap: reason=bimorphic action=maybe_recompile pc=0x0000000002ab5a54 method=java.util.HashMap.getNode(ILjava/lang/Object;)Ljava/util/HashMap$Node; @ 126
Event: 2.075 Thread 0x0000000056b45000 Uncommon trap: reason=unstable_if action=reinterpret pc=0x0000000002b77550 method=com.android.dx.rop.code.RegisterSpec.equals(ILcom/android/dx/rop/type/TypeBearer;Lcom/android/dx/rop/code/LocalItem;)Z @ 42
Event: 2.100 Thread 0x0000000056b45000 Uncommon trap: reason=bimorphic action=maybe_recompile pc=0x0000000002ab5a54 method=java.util.HashMap.getNode(ILjava/lang/Object;)Ljava/util/HashMap$Node; @ 126
Event: 2.554 Thread 0x0000000056acc000 Uncommon trap: reason=unstable_if action=reinterpret pc=0x0000000002be055c method=com.android.dx.rop.code.RegisterSpecSet.put(Lcom/android/dx/rop/code/RegisterSpec;)V @ 77
Event: 2.554 Thread 0x0000000056acc000 Uncommon trap: reason=unstable_if action=reinterpret pc=0x0000000002c21d94 method=com.android.dx.rop.code.RegisterSpecSet.put(Lcom/android/dx/rop/code/RegisterSpec;)V @ 77
Event: 3.593 Thread 0x0000000056abf800 Uncommon trap: reason=bimorphic action=maybe_recompile pc=0x0000000002d3f4b4 method=com.android.dx.cf.code.BytecodeArray.parseInstruction(ILcom/android/dx/cf/code/BytecodeArray$Visitor;)I @ 2484
Event: 3.593 Thread 0x0000000056abf800 Uncommon trap: reason=bimorphic action=maybe_recompile pc=0x0000000002d3f4b4 method=com.android.dx.cf.code.BytecodeArray.parseInstruction(ILcom/android/dx/cf/code/BytecodeArray$Visitor;)I @ 2484
Event: 4.209 Thread 0x0000000056acc000 Uncommon trap: reason=unstable_if action=reinterpret pc=0x0000000002c21304 method=com.android.dx.rop.cst.Constant.compareTo(Lcom/android/dx/rop/cst/Constant;)I @ 12

Internal exceptions (2 events):
Event: 0.079 Thread 0x000000000253d800 Exception <a 'java/lang/NoSuchMethodError': Method sun.misc.Unsafe.defineClass(Ljava/lang/String;[BII)Ljava/lang/Class; name or signature does not match> (0x00000000eab07cc0) thrown at [D:\re\workspace\8-2-build-windows-amd64-cygwin\jdk8u92\6642\hotspot\srjò±EÒ6´?
Event: 0.079 Thread 0x000000000253d800 Exception <a 'java/lang/NoSuchMethodError': Method sun.misc.Unsafe.prefetchRead(Ljava/lang/Object;J)V name or signature does not match> (0x00000000eab07fa8) thrown at [D:\re\workspace\8-2-build-windows-amd64-cygwin\jdk8u92\6642\hotspot\src\share\vm\prims\j

Events (10 events):
Event: 3.593 Thread 0x0000000056abf800 DEOPT PACKING pc=0x0000000002d3f4b4 sp=0x000000005822ea10
Event: 3.593 Thread 0x0000000056abf800 DEOPT UNPACKING pc=0x00000000028c582a sp=0x000000005822e998 mode 2
Event: 3.593 Thread 0x0000000056abf800 Uncommon trap: trap_request=0xffffffc6 fr.pc=0x0000000002d3f4b4
Event: 3.593 Thread 0x0000000056abf800 DEOPT PACKING pc=0x0000000002d3f4b4 sp=0x000000005822e7d0
Event: 3.593 Thread 0x0000000056abf800 DEOPT UNPACKING pc=0x00000000028c582a sp=0x000000005822e758 mode 2
Event: 4.209 Thread 0x0000000056acc000 Uncommon trap: trap_request=0xffffff65 fr.pc=0x0000000002c21304
Event: 4.209 Thread 0x0000000056acc000 DEOPT PACKING pc=0x0000000002c21304 sp=0x000000005732e650
Event: 4.209 Thread 0x0000000056acc000 DEOPT UNPACKING pc=0x00000000028c582a sp=0x000000005732e5f0 mode 2
Event: 4.259 Executing VM operation: ParallelGCFailedAllocation
Event: 4.371 Executing VM operation: ParallelGCFailedAllocation done


Dynamic libraries:
0x000000013f470000 - 0x000000013f4a7000 	C:\Program Files\Java\jdk1.8.0_92\bin\java.exe
0x0000000076eb0000 - 0x000000007705a000 	C:\windows\SYSTEM32\ntdll.dll
0x0000000076b50000 - 0x0000000076c6f000 	C:\windows\system32\kernel32.dll
0x000007fefcc50000 - 0x000007fefccbb000 	C:\windows\system32\KERNELBASE.dll
0x000007fefe090000 - 0x000007fefe16b000 	C:\windows\system32\ADVAPI32.dll
0x000007fefd030000 - 0x000007fefd0cf000 	C:\windows\system32\msvcrt.dll
0x000007fefdb90000 - 0x000007fefdbaf000 	C:\windows\SYSTEM32\sechost.dll
0x000007fefd260000 - 0x000007fefd38d000 	C:\windows\system32\RPCRT4.dll
0x0000000076c70000 - 0x0000000076d6a000 	C:\windows\system32\USER32.dll
0x000007fefd4a0000 - 0x000007fefd507000 	C:\windows\system32\GDI32.dll
0x000007fefdb80000 - 0x000007fefdb8e000 	C:\windows\system32\LPK.dll
0x000007fefdcb0000 - 0x000007fefdd7a000 	C:\windows\system32\USP10.dll
0x000007fefb550000 - 0x000007fefb744000 	C:\windows\WinSxS\amd64_microsoft.windows.common-controls_6595b64144ccf1df_6.0.7601.18837_none_fa3b1e3d17594757\COMCTL32.dll
0x000007fefdb00000 - 0x000007fefdb71000 	C:\windows\system32\SHLWAPI.dll
0x000007fefe320000 - 0x000007fefe34e000 	C:\windows\system32\IMM32.DLL
0x000007fefd390000 - 0x000007fefd499000 	C:\windows\system32\MSCTF.dll
0x0000000073e70000 - 0x0000000073f42000 	C:\Program Files\Java\jdk1.8.0_92\jre\bin\msvcr100.dll
0x000000006b9d0000 - 0x000000006c266000 	C:\Program Files\Java\jdk1.8.0_92\jre\bin\server\jvm.dll
0x000007fefb9d0000 - 0x000007fefb9d9000 	C:\windows\system32\WSOCK32.dll
0x000007fefdab0000 - 0x000007fefdafd000 	C:\windows\system32\WS2_32.dll
0x000007fefde40000 - 0x000007fefde48000 	C:\windows\system32\NSI.dll
0x000007fefcf80000 - 0x000007fefcfbb000 	C:\windows\system32\WINMM.dll
0x000007fefbce0000 - 0x000007fefbcec000 	C:\windows\system32\VERSION.dll
0x0000000077080000 - 0x0000000077087000 	C:\windows\system32\PSAPI.DLL
0x00000000744f0000 - 0x00000000744ff000 	C:\Program Files\Java\jdk1.8.0_92\jre\bin\verify.dll
0x0000000074490000 - 0x00000000744b9000 	C:\Program Files\Java\jdk1.8.0_92\jre\bin\java.dll
0x0000000074470000 - 0x0000000074486000 	C:\Program Files\Java\jdk1.8.0_92\jre\bin\zip.dll
0x000007fefe430000 - 0x000007feff1b9000 	C:\windows\system32\SHELL32.dll
0x000007fefd640000 - 0x000007fefd843000 	C:\windows\system32\ole32.dll
0x000007fefcb80000 - 0x000007fefcb8f000 	C:\windows\system32\profapi.dll

VM Arguments:
jvm_args: -Djava.awt.headless=true -Xmx1024M -Dfile.encoding=GBK -Duser.country=CN -Duser.language=zh -Duser.variant 
java_command: com.android.dx.command.Main --dex --num-threads=4 --output D:\HouseKeeperApplication\app\build\intermediates\pre-dexed\debug\com.android.support-appcompat-v7-23.4.0_7e1c2788e77531882c1707071ed3b954589fba90.jar D:\HouseKeeperApplication\app\build\intermediates\exploded-aar\com.android.support\appcompat-v7\23.4.0\jars\classes.jar
java_class_path (initial): D:\sdk\build-tools\24.0.1\lib\dx.jar
Launcher Type: SUN_STANDARD

Environment Variables:
PATH=C:\Program Files\Java\jdk1.8.0_92\bin;
USERNAME=Administrator
OS=Windows_NT
PROCESSOR_IDENTIFIER=Intel64 Family 6 Model 42 Stepping 7, GenuineIntel



---------------  S Y S T E M  ---------------

OS: Windows 7 , 64 bit Build 7601 (6.1.7601.19135)

CPU:total 4 (2 cores per cpu, 2 threads per core) family 6 model 42 stepping 7, cmov, cx8, fxsr, mmx, sse, sse2, sse3, ssse3, sse4.1, sse4.2, popcnt, avx, clmul, ht, tsc, tscinvbit

Memory: 4k page, physical 4133888k(243820k free), swap 5180628k(4480k free)

vm_info: Java HotSpot(TM) 64-Bit Server VM (25.92-b14) for windows-amd64 JRE (1.8.0_92-b14), built on Mar 31 2016 21:03:04 by "java_re" with MS VC++ 10.0 (VS2010)

time: Mon Aug 22 15:37:58 2016
elapsed time: 5 seconds (0d 0h 0m 5s)

