#
# There is insufficient memory for the Java Runtime Environment to continue.
# Native memory allocation (malloc) failed to allocate 829456 bytes for Chunk::new
# Possible reasons:
#   The system is out of physical RAM or swap space
#   In 32 bit mode, the process size limit was hit
# Possible solutions:
#   Reduce memory load on the system
#   Increase physical memory or swap space
#   Check if swap backing store is full
#   Use 64 bit Java on a 64 bit OS
#   Decrease Java heap size (-Xmx/-Xms)
#   Decrease number of Java threads
#   Decrease Java thread stack sizes (-Xss)
#   Set larger code cache with -XX:ReservedCodeCacheSize=
# This output file may be truncated or incomplete.
#
#  Out of Memory Error (allocation.cpp:390), pid=4868, tid=0x0000000000000e98
#
# JRE version: Java(TM) SE Runtime Environment (8.0_92-b14) (build 1.8.0_92-b14)
# Java VM: Java HotSpot(TM) 64-Bit Server VM (25.92-b14 mixed mode windows-amd64 compressed oops)
# Failed to write core dump. Minidumps are not enabled by default on client versions of Windows
#

---------------  T H R E A D  ---------------

Current thread (0x0000000056566000):  JavaThread "C2 CompilerThread1" daemon [_thread_in_native, id=3736, stack(0x0000000056f70000,0x0000000057070000)]

Stack: [0x0000000056f70000,0x0000000057070000]
[error occurred during error reporting (printing stack bounds), id 0xc0000005]

Native frames: (J=compiled Java code, j=interpreted, Vv=VM code, C=native code)


Current CompileTask:
C2:  19450 2415   !   4       com.android.dx.cf.code.BytecodeArray::parseInstruction (2764 bytes)


---------------  P R O C E S S  ---------------

Java Threads: ( => current thread )
  0x0000000057529000 JavaThread "pool-2-thread-4" [_thread_blocked, id=4120, stack(0x00000000580d0000,0x00000000581d0000)]
  0x0000000056820800 JavaThread "pool-2-thread-3" [_thread_blocked, id=4640, stack(0x0000000058230000,0x0000000058330000)]
  0x000000005681e800 JavaThread "pool-2-thread-2" [_thread_in_Java, id=5040, stack(0x0000000057fb0000,0x00000000580b0000)]
  0x000000005681c800 JavaThread "pool-3-thread-1" [_thread_blocked, id=3976, stack(0x00000000569c0000,0x0000000056ac0000)]
  0x000000005681a800 JavaThread "pool-2-thread-1" [_thread_blocked, id=4952, stack(0x0000000057df0000,0x0000000057ef0000)]
  0x0000000056573000 JavaThread "Service Thread" daemon [_thread_blocked, id=2484, stack(0x00000000572f0000,0x00000000573f0000)]
  0x0000000056567000 JavaThread "C1 CompilerThread2" daemon [_thread_blocked, id=4700, stack(0x00000000570e0000,0x00000000571e0000)]
=>0x0000000056566000 JavaThread "C2 CompilerThread1" daemon [_thread_in_native, id=3736, stack(0x0000000056f70000,0x0000000057070000)]
  0x00000000552be000 JavaThread "C2 CompilerThread0" daemon [_thread_in_native, id=2396, stack(0x0000000056e40000,0x0000000056f40000)]
  0x00000000552bb000 JavaThread "Attach Listener" daemon [_thread_blocked, id=3252, stack(0x0000000056ca0000,0x0000000056da0000)]
  0x00000000552ba800 JavaThread "Signal Dispatcher" daemon [_thread_blocked, id=3452, stack(0x0000000056b00000,0x0000000056c00000)]
  0x0000000055296800 JavaThread "Finalizer" daemon [_thread_blocked, id=3620, stack(0x00000000561d0000,0x00000000562d0000)]
  0x0000000055255800 JavaThread "Reference Handler" daemon [_thread_blocked, id=4636, stack(0x0000000056450000,0x0000000056550000)]
  0x00000000001bd800 JavaThread "main" [_thread_in_Java, id=4940, stack(0x0000000002800000,0x0000000002900000)]

Other Threads:
  0x000000005524e000 VMThread [stack: 0x00000000562e0000,0x00000000563e0000] [id=2084]
  0x00000000565ee800 WatcherThread [stack: 0x0000000057420000,0x0000000057520000] [id=1164]

VM state:not at safepoint (normal execution)

VM Mutex/Monitor currently owned by a thread: None

Heap:
 PSYoungGen      total 145408K, used 96588K [0x00000000eab00000, 0x00000000fde00000, 0x0000000100000000)
  eden space 128512K, 68% used [0x00000000eab00000,0x00000000f015faa0,0x00000000f2880000)
  from space 16896K, 48% used [0x00000000f2880000,0x00000000f3073828,0x00000000f3900000)
  to   space 28672K, 0% used [0x00000000fc200000,0x00000000fc200000,0x00000000fde00000)
 ParOldGen       total 44032K, used 43693K [0x00000000c0000000, 0x00000000c2b00000, 0x00000000eab00000)
  object space 44032K, 99% used [0x00000000c0000000,0x00000000c2aab6c0,0x00000000c2b00000)
 Metaspace       used 6581K, capacity 7256K, committed 7424K, reserved 1056768K
  class space    used 626K, capacity 656K, committed 768K, reserved 1048576K

Card table byte_map: [0x0000000011cc0000,0x0000000011ed0000] byte_map_base: 0x00000000116c0000

Marking Bits: (ParMarkBitMap*) 0x0000000074b164f0
 Begin Bits: [0x00000000126c0000, 0x00000000136c0000)
 End Bits:   [0x00000000136c0000, 0x00000000146c0000)

Polling page: 0x0000000000170000

CodeCache: size=245760Kb used=11749Kb max_used=11749Kb free=234010Kb
 bounds [0x0000000002900000, 0x0000000003490000, 0x0000000011900000]
 total_blobs=2578 nmethods=2308 adapters=182
 compilation: enabled

Compilation events (10 events):
Event: 19.414 Thread 0x0000000056567000 2438 %     3       com.android.dx.ssa.back.FirstFitLocalCombiningAllocator::getLocalItemForReg @ 15 (97 bytes)
Event: 19.415 Thread 0x0000000056567000 nmethod 2438% 0x0000000003476ad0 code [0x0000000003476d20, 0x0000000003477cb8]
Event: 19.415 Thread 0x0000000056567000 2439       3       com.android.dx.ssa.back.FirstFitLocalCombiningAllocator::getLocalItemForReg (97 bytes)
Event: 19.416 Thread 0x0000000056567000 nmethod 2439 0x0000000003478250 code [0x00000000034784a0, 0x00000000034793d8]
Event: 19.418 Thread 0x0000000056567000 2440       1       com.android.dx.ssa.LiteralOpUpgrader$1::visitPhiInsn (1 bytes)
Event: 19.418 Thread 0x0000000056567000 nmethod 2440 0x0000000003411b10 code [0x0000000003411c60, 0x0000000003411d70]
Event: 19.427 Thread 0x0000000056567000 2441       3       com.android.dx.dex.code.RopTranslator$TranslationVisitor::addOutputSuffix (9 bytes)
Event: 19.427 Thread 0x0000000056567000 nmethod 2441 0x0000000003479950 code [0x0000000003479b00, 0x000000000347a0c8]
Event: 19.427 Thread 0x0000000056567000 2442       3       com.android.dx.dex.code.OutputCollector::addSuffix (10 bytes)
Event: 19.428 Thread 0x0000000056567000 nmethod 2442 0x000000000347a410 code [0x000000000347a5c0, 0x000000000347ab68]

GC Heap History (10 events):
Event: 3.571 GC heap before
{Heap before GC invocations=4 (full 0):
 PSYoungGen      total 35328K, used 35308K [0x00000000eab00000, 0x00000000ef000000, 0x0000000100000000)
  eden space 32768K, 100% used [0x00000000eab00000,0x00000000ecb00000,0x00000000ecb00000)
  from space 2560K, 99% used [0x00000000ecb00000,0x00000000ecd7b310,0x00000000ecd80000)
  to   space 2560K, 0% used [0x00000000eed80000,0x00000000eed80000,0x00000000ef000000)
 ParOldGen       total 44032K, used 6987K [0x00000000c0000000, 0x00000000c2b00000, 0x00000000eab00000)
  object space 44032K, 15% used [0x00000000c0000000,0x00000000c06d2d70,0x00000000c2b00000)
 Metaspace       used 6227K, capacity 7092K, committed 7296K, reserved 1056768K
  class space    used 604K, capacity 620K, committed 640K, reserved 1048576K
Event: 3.679 GC heap after
Heap after GC invocations=4 (full 0):
 PSYoungGen      total 68096K, used 2535K [0x00000000eab00000, 0x00000000ef000000, 0x0000000100000000)
  eden space 65536K, 0% used [0x00000000eab00000,0x00000000eab00000,0x00000000eeb00000)
  from space 2560K, 99% used [0x00000000eed80000,0x00000000eeff9e18,0x00000000ef000000)
  to   space 2560K, 0% used [0x00000000eeb00000,0x00000000eeb00000,0x00000000eed80000)
 ParOldGen       total 44032K, used 11279K [0x00000000c0000000, 0x00000000c2b00000, 0x00000000eab00000)
  object space 44032K, 25% used [0x00000000c0000000,0x00000000c0b03fd0,0x00000000c2b00000)
 Metaspace       used 6227K, capacity 7092K, committed 7296K, reserved 1056768K
  class space    used 604K, capacity 620K, committed 640K, reserved 1048576K
}
Event: 6.873 GC heap before
{Heap before GC invocations=5 (full 0):
 PSYoungGen      total 68096K, used 68071K [0x00000000eab00000, 0x00000000ef000000, 0x0000000100000000)
  eden space 65536K, 100% used [0x00000000eab00000,0x00000000eeb00000,0x00000000eeb00000)
  from space 2560K, 99% used [0x00000000eed80000,0x00000000eeff9e18,0x00000000ef000000)
  to   space 2560K, 0% used [0x00000000eeb00000,0x00000000eeb00000,0x00000000eed80000)
 ParOldGen       total 44032K, used 11279K [0x00000000c0000000, 0x00000000c2b00000, 0x00000000eab00000)
  object space 44032K, 25% used [0x00000000c0000000,0x00000000c0b03fd0,0x00000000c2b00000)
 Metaspace       used 6339K, capacity 7156K, committed 7296K, reserved 1056768K
  class space    used 605K, capacity 620K, committed 640K, reserved 1048576K
Event: 7.199 GC heap after
Heap after GC invocations=5 (full 0):
 PSYoungGen      total 68096K, used 2535K [0x00000000eab00000, 0x00000000f4700000, 0x0000000100000000)
  eden space 65536K, 0% used [0x00000000eab00000,0x00000000eab00000,0x00000000eeb00000)
  from space 2560K, 99% used [0x00000000eeb00000,0x00000000eed79e18,0x00000000eed80000)
  to   space 14336K, 0% used [0x00000000f3900000,0x00000000f3900000,0x00000000f4700000)
 ParOldGen       total 44032K, used 21740K [0x00000000c0000000, 0x00000000c2b00000, 0x00000000eab00000)
  object space 44032K, 49% used [0x00000000c0000000,0x00000000c153b0a0,0x00000000c2b00000)
 Metaspace       used 6339K, capacity 7156K, committed 7296K, reserved 1056768K
  class space    used 605K, capacity 620K, committed 640K, reserved 1048576K
}
Event: 9.223 GC heap before
{Heap before GC invocations=6 (full 0):
 PSYoungGen      total 68096K, used 68071K [0x00000000eab00000, 0x00000000f4700000, 0x0000000100000000)
  eden space 65536K, 100% used [0x00000000eab00000,0x00000000eeb00000,0x00000000eeb00000)
  from space 2560K, 99% used [0x00000000eeb00000,0x00000000eed79e18,0x00000000eed80000)
  to   space 14336K, 0% used [0x00000000f3900000,0x00000000f3900000,0x00000000f4700000)
 ParOldGen       total 44032K, used 21740K [0x00000000c0000000, 0x00000000c2b00000, 0x00000000eab00000)
  object space 44032K, 49% used [0x00000000c0000000,0x00000000c153b0a0,0x00000000c2b00000)
 Metaspace       used 6464K, capacity 7220K, committed 7296K, reserved 1056768K
  class space    used 606K, capacity 620K, committed 640K, reserved 1048576K
Event: 9.361 GC heap after
Heap after GC invocations=6 (full 0):
 PSYoungGen      total 142848K, used 13753K [0x00000000eab00000, 0x00000000f4c00000, 0x0000000100000000)
  eden space 128512K, 0% used [0x00000000eab00000,0x00000000eab00000,0x00000000f2880000)
  from space 14336K, 95% used [0x00000000f3900000,0x00000000f466e7d0,0x00000000f4700000)
  to   space 16896K, 0% used [0x00000000f2880000,0x00000000f2880000,0x00000000f3900000)
 ParOldGen       total 44032K, used 21740K [0x00000000c0000000, 0x00000000c2b00000, 0x00000000eab00000)
  object space 44032K, 49% used [0x00000000c0000000,0x00000000c153b0a0,0x00000000c2b00000)
 Metaspace       used 6464K, capacity 7220K, committed 7296K, reserved 1056768K
  class space    used 606K, capacity 620K, committed 640K, reserved 1048576K
}
Event: 17.969 GC heap before
{Heap before GC invocations=7 (full 0):
 PSYoungGen      total 142848K, used 142265K [0x00000000eab00000, 0x00000000f4c00000, 0x0000000100000000)
  eden space 128512K, 100% used [0x00000000eab00000,0x00000000f2880000,0x00000000f2880000)
  from space 14336K, 95% used [0x00000000f3900000,0x00000000f466e7d0,0x00000000f4700000)
  to   space 16896K, 0% used [0x00000000f2880000,0x00000000f2880000,0x00000000f3900000)
 ParOldGen       total 44032K, used 21740K [0x00000000c0000000, 0x00000000c2b00000, 0x00000000eab00000)
  object space 44032K, 49% used [0x00000000c0000000,0x00000000c153b0a0,0x00000000c2b00000)
 Metaspace       used 6575K, capacity 7256K, committed 7424K, reserved 1056768K
  class space    used 626K, capacity 656K, committed 768K, reserved 1048576K
Event: 18.332 GC heap after
Heap after GC invocations=7 (full 0):
 PSYoungGen      total 145408K, used 16867K [0x00000000eab00000, 0x00000000fde00000, 0x0000000100000000)
  eden space 128512K, 0% used [0x00000000eab00000,0x00000000eab00000,0x00000000f2880000)
  from space 16896K, 99% used [0x00000000f2880000,0x00000000f38f8d48,0x00000000f3900000)
  to   space 28672K, 0% used [0x00000000fc200000,0x00000000fc200000,0x00000000fde00000)
 ParOldGen       total 44032K, used 37960K [0x00000000c0000000, 0x00000000c2b00000, 0x00000000eab00000)
  object space 44032K, 86% used [0x00000000c0000000,0x00000000c2512160,0x00000000c2b00000)
 Metaspace       used 6575K, capacity 7256K, committed 7424K, reserved 1056768K
  class space    used 626K, capacity 656K, committed 768K, reserved 1048576K
}
Event: 18.333 GC heap before
{Heap before GC invocations=8 (full 1):
 PSYoungGen      total 145408K, used 16867K [0x00000000eab00000, 0x00000000fde00000, 0x0000000100000000)
  eden space 128512K, 0% used [0x00000000eab00000,0x00000000eab00000,0x00000000f2880000)
  from space 16896K, 99% used [0x00000000f2880000,0x00000000f38f8d48,0x00000000f3900000)
  to   space 28672K, 0% used [0x00000000fc200000,0x00000000fc200000,0x00000000fde00000)
 ParOldGen       total 44032K, used 37960K [0x00000000c0000000, 0x00000000c2b00000, 0x00000000eab00000)
  object space 44032K, 86% used [0x00000000c0000000,0x00000000c2512160,0x00000000c2b00000)
 Metaspace       used 6575K, capacity 7256K, committed 7424K, reserved 1056768K
  class space    used 626K, capacity 656K, committed 768K, reserved 1048576K
Event: 18.935 GC heap after
Heap after GC invocations=8 (full 1):
 PSYoungGen      total 145408K, used 8142K [0x00000000eab00000, 0x00000000fde00000, 0x0000000100000000)
  eden space 128512K, 0% used [0x00000000eab00000,0x00000000eab00000,0x00000000f2880000)
  from space 16896K, 48% used [0x00000000f2880000,0x00000000f3073828,0x00000000f3900000)
  to   space 28672K, 0% used [0x00000000fc200000,0x00000000fc200000,0x00000000fde00000)
 ParOldGen       total 44032K, used 43693K [0x00000000c0000000, 0x00000000c2b00000, 0x00000000eab00000)
  object space 44032K, 99% used [0x00000000c0000000,0x00000000c2aab6c0,0x00000000c2b00000)
 Metaspace       used 6575K, capacity 7256K, committed 7424K, reserved 1056768K
  class space    used 626K, capacity 656K, committed 768K, reserved 1048576K
}

Deoptimization events (10 events):
Event: 13.945 Thread 0x0000000056820800 Uncommon trap: reason=unstable_if action=reinterpret pc=0x0000000002f32c84 method=com.android.dx.ssa.MoveParamCombiner$1.visitNonMoveInsn(Lcom/android/dx/ssa/NormalSsaInsn;)V @ 27
Event: 14.974 Thread 0x000000005681a800 Uncommon trap: reason=bimorphic action=maybe_recompile pc=0x0000000003110d6c method=com.android.dx.ssa.LiteralOpUpgrader.tryReplacingWithConstant(Lcom/android/dx/ssa/NormalSsaInsn;)Z @ 62
Event: 14.977 Thread 0x000000005681a800 Uncommon trap: reason=bimorphic action=maybe_recompile pc=0x0000000003110d6c method=com.android.dx.ssa.LiteralOpUpgrader.tryReplacingWithConstant(Lcom/android/dx/ssa/NormalSsaInsn;)Z @ 62
Event: 15.976 Thread 0x000000005681a800 Uncommon trap: reason=unstable_if action=reinterpret pc=0x0000000003328664 method=java.util.HashMap.putVal(ILjava/lang/Object;Ljava/lang/Object;ZZ)Ljava/lang/Object; @ 109
Event: 15.979 Thread 0x000000005681a800 Uncommon trap: reason=bimorphic action=maybe_recompile pc=0x0000000003343210 method=com.android.dx.cf.code.BytecodeArray.parseInstruction(ILcom/android/dx/cf/code/BytecodeArray$Visitor;)I @ 971
Event: 15.979 Thread 0x000000005681a800 Uncommon trap: reason=bimorphic action=maybe_recompile pc=0x0000000003343210 method=com.android.dx.cf.code.BytecodeArray.parseInstruction(ILcom/android/dx/cf/code/BytecodeArray$Visitor;)I @ 971
Event: 18.995 Thread 0x0000000056820800 Uncommon trap: reason=unstable_if action=reinterpret pc=0x00000000033d67a4 method=com.android.dx.cf.code.BytecodeArray.parseInstruction(ILcom/android/dx/cf/code/BytecodeArray$Visitor;)I @ 1261
Event: 19.307 Thread 0x000000005681e800 Uncommon trap: reason=unstable_if action=reinterpret pc=0x0000000003286250 method=java.util.HashMap.putVal(ILjava/lang/Object;Ljava/lang/Object;ZZ)Ljava/lang/Object; @ 162
Event: 19.307 Thread 0x000000005681e800 Uncommon trap: reason=unstable_if action=reinterpret pc=0x0000000002cb8490 method=java.util.HashMap.putVal(ILjava/lang/Object;Ljava/lang/Object;ZZ)Ljava/lang/Object; @ 162
Event: 19.369 Thread 0x00000000001bd800 Uncommon trap: reason=unstable_if action=reinterpret pc=0x00000000032f7b0c method=com.android.dx.cf.direct.StdAttributeFactory.parse0(Lcom/android/dx/cf/direct/DirectClassFile;ILjava/lang/String;IILcom/android/dx/cf/iface/ParseObserver;)Lcom/android/dx/cf/èƒ@»◊„+@

Internal exceptions (9 events):
Event: 0.068 Thread 0x00000000001bd800 Exception <a 'java/lang/NoSuchMethodError': Method sun.misc.Unsafe.defineClass(Ljava/lang/String;[BII)Ljava/lang/Class; name or signature does not match> (0x00000000eab07cc0) thrown at [D:\re\workspace\8-2-build-windows-amd64-cygwin\jdk8u92\6642\hotspot\sryGD¶ü}±?
Event: 0.068 Thread 0x00000000001bd800 Exception <a 'java/lang/NoSuchMethodError': Method sun.misc.Unsafe.prefetchRead(Ljava/lang/Object;J)V name or signature does not match> (0x00000000eab07fa8) thrown at [D:\re\workspace\8-2-build-windows-amd64-cygwin\jdk8u92\6642\hotspot\src\share\vm\prims\jü∆eÔn€ˇ?
Event: 1.991 Thread 0x0000000056820800 Implicit null exception at 0x0000000002c656d2 to 0x0000000002c657d1
Event: 2.141 Thread 0x0000000057529000 Implicit null exception at 0x0000000002ba7dae to 0x0000000002ba9ddd
Event: 2.141 Thread 0x0000000057529000 Implicit null exception at 0x0000000002bf0f97 to 0x0000000002bf2a35
Event: 9.189 Thread 0x000000005681a800 Implicit null exception at 0x0000000002f38748 to 0x0000000002f39c31
Event: 11.914 Thread 0x0000000057529000 Exception <a 'java/lang/ArrayIndexOutOfBoundsException': 18> (0x00000000ede0ab08) thrown at [D:\re\workspace\8-2-build-windows-amd64-cygwin\jdk8u92\6642\hotspot\src\share\vm\interpreter\interpreterRuntime.cpp, line 366]
Event: 11.915 Thread 0x0000000057529000 Exception <a 'java/lang/ArrayIndexOutOfBoundsException': 145> (0x00000000ede0c688) thrown at [D:\re\workspace\8-2-build-windows-amd64-cygwin\jdk8u92\6642\hotspot\src\share\vm\interpreter\interpreterRuntime.cpp, line 366]
Event: 11.915 Thread 0x0000000057529000 Exception <a 'java/lang/ArrayIndexOutOfBoundsException'> (0x00000000ede0d970) thrown at [D:\re\workspace\8-2-build-windows-amd64-cygwin\jdk8u92\6642\hotspot\src\share\vm\runtime\sharedRuntime.cpp, line 605]

Events (10 events):
Event: 19.307 Thread 0x000000005681e800 Uncommon trap: trap_request=0xffffff65 fr.pc=0x0000000002cb8490
Event: 19.307 Thread 0x000000005681e800 DEOPT PACKING pc=0x0000000002cb8490 sp=0x00000000580ae920
Event: 19.307 Thread 0x000000005681e800 DEOPT UNPACKING pc=0x000000000294582a sp=0x00000000580ae858 mode 2
Event: 19.349 Thread 0x0000000057529000 DEOPT PACKING pc=0x0000000002dd19bc sp=0x00000000581cec50
Event: 19.349 Thread 0x0000000057529000 DEOPT UNPACKING pc=0x000000000294787f sp=0x00000000581cea10 mode 0
Event: 19.369 Thread 0x00000000001bd800 Uncommon trap: trap_request=0xffffff65 fr.pc=0x00000000032f7b0c
Event: 19.369 Thread 0x00000000001bd800 DEOPT PACKING pc=0x00000000032f7b0c sp=0x00000000028fe730
Event: 19.369 Thread 0x00000000001bd800 DEOPT UNPACKING pc=0x000000000294582a sp=0x00000000028fe728 mode 2
Event: 19.416 Thread 0x00000000001bd800 DEOPT PACKING pc=0x0000000002f12adb sp=0x00000000028fe360
Event: 19.416 Thread 0x00000000001bd800 DEOPT UNPACKING pc=0x000000000294787f sp=0x00000000028fe0e0 mode 0


Dynamic libraries:
0x000000013fde0000 - 0x000000013fe17000 	C:\Program Files\Java\jdk1.8.0_92\bin\java.exe
0x0000000077680000 - 0x000000007782a000 	C:\windows\SYSTEM32\ntdll.dll
0x0000000077460000 - 0x000000007757f000 	C:\windows\system32\kernel32.dll
0x000007fefd750000 - 0x000007fefd7bb000 	C:\windows\system32\KERNELBASE.dll
0x000007fefd800000 - 0x000007fefd8db000 	C:\windows\system32\ADVAPI32.dll
0x000007fefd960000 - 0x000007fefd9ff000 	C:\windows\system32\msvcrt.dll
0x000007feff970000 - 0x000007feff98f000 	C:\windows\SYSTEM32\sechost.dll
0x000007feff6f0000 - 0x000007feff81d000 	C:\windows\system32\RPCRT4.dll
0x0000000077580000 - 0x000000007767a000 	C:\windows\system32\USER32.dll
0x000007fefe2e0000 - 0x000007fefe347000 	C:\windows\system32\GDI32.dll
0x000007feff820000 - 0x000007feff82e000 	C:\windows\system32\LPK.dll
0x000007fefe120000 - 0x000007fefe1ea000 	C:\windows\system32\USP10.dll
0x000007fefbcf0000 - 0x000007fefbee4000 	C:\windows\WinSxS\amd64_microsoft.windows.common-controls_6595b64144ccf1df_6.0.7601.18837_none_fa3b1e3d17594757\COMCTL32.dll
0x000007fefe870000 - 0x000007fefe8e1000 	C:\windows\system32\SHLWAPI.dll
0x000007feff830000 - 0x000007feff85e000 	C:\windows\system32\IMM32.DLL
0x000007feff860000 - 0x000007feff969000 	C:\windows\system32\MSCTF.dll
0x0000000073a90000 - 0x0000000073b62000 	C:\Program Files\Java\jdk1.8.0_92\jre\bin\msvcr100.dll
0x0000000074300000 - 0x0000000074b96000 	C:\Program Files\Java\jdk1.8.0_92\jre\bin\server\jvm.dll
0x000007fef4070000 - 0x000007fef4079000 	C:\windows\system32\WSOCK32.dll
0x000007fefe290000 - 0x000007fefe2dd000 	C:\windows\system32\WS2_32.dll
0x000007fefe8f0000 - 0x000007fefe8f8000 	C:\windows\system32\NSI.dll
0x000007fefd400000 - 0x000007fefd43b000 	C:\windows\system32\WINMM.dll
0x000007fefc4b0000 - 0x000007fefc4bc000 	C:\windows\system32\VERSION.dll
0x0000000077850000 - 0x0000000077857000 	C:\windows\system32\PSAPI.DLL
0x0000000074210000 - 0x000000007421f000 	C:\Program Files\Java\jdk1.8.0_92\jre\bin\verify.dll
0x00000000741e0000 - 0x0000000074209000 	C:\Program Files\Java\jdk1.8.0_92\jre\bin\java.dll
0x00000000741c0000 - 0x00000000741d6000 	C:\Program Files\Java\jdk1.8.0_92\jre\bin\zip.dll
0x000007fefe960000 - 0x000007feff6e9000 	C:\windows\system32\SHELL32.dll
0x000007fefda00000 - 0x000007fefdc03000 	C:\windows\system32\ole32.dll
0x000007fefd350000 - 0x000007fefd35f000 	C:\windows\system32\profapi.dll

VM Arguments:
jvm_args: -Djava.awt.headless=true -Xmx1024M -Dfile.encoding=GBK -Duser.country=CN -Duser.language=zh -Duser.variant 
java_command: com.android.dx.command.Main --dex --force-jumbo --num-threads=4 --multi-dex --output D:\HouseKeeperApplication\broadcast_receiver\build\intermediates\transforms\dex\debug\folders\1000\10\com.android.support-support-v4-23.4.0_cf608c9382b335520ad51dac52e6180e48aab813 D:\HouseKeeperApplication\broadcast_receiver\build\intermediates\exploded-aar\com.android.support\support-v4\23.4.0\jars\classes.jar
java_class_path (initial): D:\sdk\build-tools\24.0.1\lib\dx.jar
Launcher Type: SUN_STANDARD

Environment Variables:
PATH=C:\Program Files\Java\jdk1.8.0_92\bin;
USERNAME=Administrator
OS=Windows_NT
PROCESSOR_IDENTIFIER=Intel64 Family 6 Model 42 Stepping 7, GenuineIntel



---------------  S Y S T E M  ---------------

OS: Windows 7 , 64 bit Build 7601 (6.1.7601.19135)

CPU:total 4 (2 cores per cpu, 2 threads per core) family 6 model 42 stepping 7, cmov, cx8, fxsr, mmx, sse, sse2, sse3, ssse3, sse4.1, sse4.2, popcnt, avx, clmul, ht, tsc, tscinvbit

Memory: 4k page, physical 4133888k(144736k free), swap 5180628k(4264k free)

vm_info: Java HotSpot(TM) 64-Bit Server VM (25.92-b14) for windows-amd64 JRE (1.8.0_92-b14), built on Mar 31 2016 21:03:04 by "java_re" with MS VC++ 10.0 (VS2010)

time: Wed Aug 24 09:01:06 2016
elapsed time: 19 seconds (0d 0h 0m 19s)

