#
# There is insufficient memory for the Java Runtime Environment to continue.
# Native memory allocation (malloc) failed to allocate 32848 bytes for Chunk::new
# Possible reasons:
#   The system is out of physical RAM or swap space
#   In 32 bit mode, the process size limit was hit
# Possible solutions:
#   Reduce memory load on the system
#   Increase physical memory or swap space
#   Check if swap backing store is full
#   Use 64 bit Java on a 64 bit OS
#   Decrease Java heap size (-Xmx/-Xms)
#   Decrease number of Java threads
#   Decrease Java thread stack sizes (-Xss)
#   Set larger code cache with -XX:ReservedCodeCacheSize=
# This output file may be truncated or incomplete.
#
#  Out of Memory Error (allocation.cpp:390), pid=5100, tid=0x00000000000010ec
#
# JRE version: Java(TM) SE Runtime Environment (8.0_92-b14) (build 1.8.0_92-b14)
# Java VM: Java HotSpot(TM) 64-Bit Server VM (25.92-b14 mixed mode windows-amd64 compressed oops)
# Failed to write core dump. Minidumps are not enabled by default on client versions of Windows
#

---------------  T H R E A D  ---------------

Current thread (0x00000000566b0000):  JavaThread "C2 CompilerThread1" daemon [_thread_in_native, id=4332, stack(0x0000000056ff0000,0x00000000570f0000)]

Stack: [0x0000000056ff0000,0x00000000570f0000]
[error occurred during error reporting (printing stack bounds), id 0xc0000005]

Native frames: (J=compiled Java code, j=interpreted, Vv=VM code, C=native code)


Current CompileTask:
C2:  22897 2284       4       com.android.dx.dex.code.OutputFinisher::addConstants (93 bytes)


---------------  P R O C E S S  ---------------

Java Threads: ( => current thread )
  0x00000000574dc800 JavaThread "pool-1-thread-1" [_thread_in_Java, id=4948, stack(0x0000000057c80000,0x0000000057d80000)]
  0x00000000566b6800 JavaThread "Service Thread" daemon [_thread_blocked, id=2188, stack(0x0000000057190000,0x0000000057290000)]
  0x00000000566b1000 JavaThread "C1 CompilerThread2" daemon [_thread_blocked, id=3740, stack(0x0000000056400000,0x0000000056500000)]
=>0x00000000566b0000 JavaThread "C2 CompilerThread1" daemon [_thread_in_native, id=4332, stack(0x0000000056ff0000,0x00000000570f0000)]
  0x000000005502b800 JavaThread "C2 CompilerThread0" daemon [_thread_in_native, id=2100, stack(0x0000000056dc0000,0x0000000056ec0000)]
  0x0000000055028000 JavaThread "Attach Listener" daemon [_thread_blocked, id=1580, stack(0x0000000056c80000,0x0000000056d80000)]
  0x000000005664a800 JavaThread "Signal Dispatcher" daemon [_thread_blocked, id=4232, stack(0x0000000056b00000,0x0000000056c00000)]
  0x0000000055009000 JavaThread "Finalizer" daemon [_thread_blocked, id=4256, stack(0x0000000056540000,0x0000000056640000)]
  0x0000000054fc2000 JavaThread "Reference Handler" daemon [_thread_blocked, id=3032, stack(0x00000000562b0000,0x00000000563b0000)]
  0x000000000242d800 JavaThread "main" [_thread_blocked, id=4528, stack(0x00000000026f0000,0x00000000027f0000)]

Other Threads:
  0x0000000054fba000 VMThread [stack: 0x00000000560d0000,0x00000000561d0000] [id=3460]
  0x0000000056704000 WatcherThread [stack: 0x0000000057370000,0x0000000057470000] [id=4300]

VM state:not at safepoint (normal execution)

VM Mutex/Monitor currently owned by a thread: None

Heap:
 PSYoungGen      total 142848K, used 101109K [0x00000000eab00000, 0x00000000f4a00000, 0x0000000100000000)
  eden space 129024K, 68% used [0x00000000eab00000,0x00000000f01618a0,0x00000000f2900000)
  from space 13824K, 91% used [0x00000000f3880000,0x00000000f44dbe30,0x00000000f4600000)
  to   space 15872K, 0% used [0x00000000f2900000,0x00000000f2900000,0x00000000f3880000)
 ParOldGen       total 44032K, used 23567K [0x00000000c0000000, 0x00000000c2b00000, 0x00000000eab00000)
  object space 44032K, 53% used [0x00000000c0000000,0x00000000c1703f98,0x00000000c2b00000)
 Metaspace       used 6607K, capacity 7256K, committed 7424K, reserved 1056768K
  class space    used 632K, capacity 656K, committed 768K, reserved 1048576K

Card table byte_map: [0x0000000011bb0000,0x0000000011dc0000] byte_map_base: 0x00000000115b0000

Marking Bits: (ParMarkBitMap*) 0x0000000074b164f0
 Begin Bits: [0x0000000012430000, 0x0000000013430000)
 End Bits:   [0x0000000013430000, 0x0000000014430000)

Polling page: 0x0000000001c90000

CodeCache: size=245760Kb used=11298Kb max_used=11298Kb free=234461Kb
 bounds [0x00000000027f0000, 0x0000000003310000, 0x00000000117f0000]
 total_blobs=2529 nmethods=2259 adapters=182
 compilation: enabled

Compilation events (10 events):
Event: 22.880 Thread 0x00000000566b1000 2286       3       com.android.dx.dex.code.StdCatchBuilder::hasAnyCatches (57 bytes)
Event: 22.881 Thread 0x00000000566b1000 nmethod 2286 0x00000000032fe390 code [0x00000000032fe580, 0x00000000032ff278]
Event: 22.882 Thread 0x00000000566b1000 2288       3       com.android.dx.dex.file.CodeItem::addContents (174 bytes)
Event: 22.884 Thread 0x00000000566b1000 nmethod 2288 0x00000000032ffb90 code [0x00000000032ffea0, 0x0000000003301808]
Event: 22.885 Thread 0x00000000566b1000 2289       3       java.util.HashMap::keySet (25 bytes)
Event: 22.885 Thread 0x00000000566b1000 nmethod 2289 0x00000000033022d0 code [0x0000000003302440, 0x00000000033027d0]
Event: 22.885 Thread 0x00000000566b1000 2290       3       java.util.HashMap$KeySet::iterator (12 bytes)
Event: 22.885 Thread 0x00000000566b1000 nmethod 2290 0x0000000003302950 code [0x0000000003302ac0, 0x0000000003302d28]
Event: 22.887 Thread 0x00000000566b1000 2292       3       com.android.dx.dex.file.DebugInfoItem::<init> (36 bytes)
Event: 22.887 Thread 0x00000000566b1000 nmethod 2292 0x0000000003302e10 code [0x0000000003302f80, 0x0000000003303278]

GC Heap History (10 events):
Event: 2.233 GC heap before
{Heap before GC invocations=2 (full 0):
 PSYoungGen      total 18944K, used 18917K [0x00000000eab00000, 0x00000000ed000000, 0x0000000100000000)
  eden space 16384K, 100% used [0x00000000eab00000,0x00000000ebb00000,0x00000000ebb00000)
  from space 2560K, 98% used [0x00000000ebb00000,0x00000000ebd79790,0x00000000ebd80000)
  to   space 2560K, 0% used [0x00000000ecd80000,0x00000000ecd80000,0x00000000ed000000)
 ParOldGen       total 44032K, used 1095K [0x00000000c0000000, 0x00000000c2b00000, 0x00000000eab00000)
  object space 44032K, 2% used [0x00000000c0000000,0x00000000c0111f58,0x00000000c2b00000)
 Metaspace       used 6032K, capacity 6900K, committed 7040K, reserved 1056768K
  class space    used 604K, capacity 620K, committed 640K, reserved 1048576K
Event: 2.327 GC heap after
Heap after GC invocations=2 (full 0):
 PSYoungGen      total 35328K, used 2528K [0x00000000eab00000, 0x00000000ed000000, 0x0000000100000000)
  eden space 32768K, 0% used [0x00000000eab00000,0x00000000eab00000,0x00000000ecb00000)
  from space 2560K, 98% used [0x00000000ecd80000,0x00000000ecff82f8,0x00000000ed000000)
  to   space 2560K, 0% used [0x00000000ecb00000,0x00000000ecb00000,0x00000000ecd80000)
 ParOldGen       total 44032K, used 3094K [0x00000000c0000000, 0x00000000c2b00000, 0x00000000eab00000)
  object space 44032K, 7% used [0x00000000c0000000,0x00000000c0305a08,0x00000000c2b00000)
 Metaspace       used 6032K, capacity 6900K, committed 7040K, reserved 1056768K
  class space    used 604K, capacity 620K, committed 640K, reserved 1048576K
}
Event: 3.568 GC heap before
{Heap before GC invocations=3 (full 0):
 PSYoungGen      total 35328K, used 35296K [0x00000000eab00000, 0x00000000ed000000, 0x0000000100000000)
  eden space 32768K, 100% used [0x00000000eab00000,0x00000000ecb00000,0x00000000ecb00000)
  from space 2560K, 98% used [0x00000000ecd80000,0x00000000ecff82f8,0x00000000ed000000)
  to   space 2560K, 0% used [0x00000000ecb00000,0x00000000ecb00000,0x00000000ecd80000)
 ParOldGen       total 44032K, used 3094K [0x00000000c0000000, 0x00000000c2b00000, 0x00000000eab00000)
  object space 44032K, 7% used [0x00000000c0000000,0x00000000c0305a08,0x00000000c2b00000)
 Metaspace       used 6214K, capacity 7092K, committed 7296K, reserved 1056768K
  class space    used 605K, capacity 620K, committed 640K, reserved 1048576K
Event: 3.646 GC heap after
Heap after GC invocations=3 (full 0):
 PSYoungGen      total 35328K, used 2552K [0x00000000eab00000, 0x00000000ef000000, 0x0000000100000000)
  eden space 32768K, 0% used [0x00000000eab00000,0x00000000eab00000,0x00000000ecb00000)
  from space 2560K, 99% used [0x00000000ecb00000,0x00000000ecd7e178,0x00000000ecd80000)
  to   space 2560K, 0% used [0x00000000eed80000,0x00000000eed80000,0x00000000ef000000)
 ParOldGen       total 44032K, used 8143K [0x00000000c0000000, 0x00000000c2b00000, 0x00000000eab00000)
  object space 44032K, 18% used [0x00000000c0000000,0x00000000c07f3ff0,0x00000000c2b00000)
 Metaspace       used 6214K, capacity 7092K, committed 7296K, reserved 1056768K
  class space    used 605K, capacity 620K, committed 640K, reserved 1048576K
}
Event: 6.939 GC heap before
{Heap before GC invocations=4 (full 0):
 PSYoungGen      total 35328K, used 35320K [0x00000000eab00000, 0x00000000ef000000, 0x0000000100000000)
  eden space 32768K, 100% used [0x00000000eab00000,0x00000000ecb00000,0x00000000ecb00000)
  from space 2560K, 99% used [0x00000000ecb00000,0x00000000ecd7e178,0x00000000ecd80000)
  to   space 2560K, 0% used [0x00000000eed80000,0x00000000eed80000,0x00000000ef000000)
 ParOldGen       total 44032K, used 8143K [0x00000000c0000000, 0x00000000c2b00000, 0x00000000eab00000)
  object space 44032K, 18% used [0x00000000c0000000,0x00000000c07f3ff0,0x00000000c2b00000)
 Metaspace       used 6256K, capacity 7092K, committed 7296K, reserved 1056768K
  class space    used 605K, capacity 620K, committed 640K, reserved 1048576K
Event: 7.139 GC heap after
Heap after GC invocations=4 (full 0):
 PSYoungGen      total 68096K, used 2550K [0x00000000eab00000, 0x00000000ef000000, 0x0000000100000000)
  eden space 65536K, 0% used [0x00000000eab00000,0x00000000eab00000,0x00000000eeb00000)
  from space 2560K, 99% used [0x00000000eed80000,0x00000000eeffda10,0x00000000ef000000)
  to   space 2560K, 0% used [0x00000000eeb00000,0x00000000eeb00000,0x00000000eed80000)
 ParOldGen       total 44032K, used 13239K [0x00000000c0000000, 0x00000000c2b00000, 0x00000000eab00000)
  object space 44032K, 30% used [0x00000000c0000000,0x00000000c0cedf78,0x00000000c2b00000)
 Metaspace       used 6256K, capacity 7092K, committed 7296K, reserved 1056768K
  class space    used 605K, capacity 620K, committed 640K, reserved 1048576K
}
Event: 12.902 GC heap before
{Heap before GC invocations=5 (full 0):
 PSYoungGen      total 68096K, used 68086K [0x00000000eab00000, 0x00000000ef000000, 0x0000000100000000)
  eden space 65536K, 100% used [0x00000000eab00000,0x00000000eeb00000,0x00000000eeb00000)
  from space 2560K, 99% used [0x00000000eed80000,0x00000000eeffda10,0x00000000ef000000)
  to   space 2560K, 0% used [0x00000000eeb00000,0x00000000eeb00000,0x00000000eed80000)
 ParOldGen       total 44032K, used 13239K [0x00000000c0000000, 0x00000000c2b00000, 0x00000000eab00000)
  object space 44032K, 30% used [0x00000000c0000000,0x00000000c0cedf78,0x00000000c2b00000)
 Metaspace       used 6321K, capacity 7156K, committed 7296K, reserved 1056768K
  class space    used 606K, capacity 620K, committed 640K, reserved 1048576K
Event: 12.983 GC heap after
Heap after GC invocations=5 (full 0):
 PSYoungGen      total 68096K, used 2546K [0x00000000eab00000, 0x00000000f4600000, 0x0000000100000000)
  eden space 65536K, 0% used [0x00000000eab00000,0x00000000eab00000,0x00000000eeb00000)
  from space 2560K, 99% used [0x00000000eeb00000,0x00000000eed7c8d0,0x00000000eed80000)
  to   space 13824K, 0% used [0x00000000f3880000,0x00000000f3880000,0x00000000f4600000)
 ParOldGen       total 44032K, used 23567K [0x00000000c0000000, 0x00000000c2b00000, 0x00000000eab00000)
  object space 44032K, 53% used [0x00000000c0000000,0x00000000c1703f98,0x00000000c2b00000)
 Metaspace       used 6321K, capacity 7156K, committed 7296K, reserved 1056768K
  class space    used 606K, capacity 620K, committed 640K, reserved 1048576K
}
Event: 17.393 GC heap before
{Heap before GC invocations=6 (full 0):
 PSYoungGen      total 68096K, used 68082K [0x00000000eab00000, 0x00000000f4600000, 0x0000000100000000)
  eden space 65536K, 100% used [0x00000000eab00000,0x00000000eeb00000,0x00000000eeb00000)
  from space 2560K, 99% used [0x00000000eeb00000,0x00000000eed7c8d0,0x00000000eed80000)
  to   space 13824K, 0% used [0x00000000f3880000,0x00000000f3880000,0x00000000f4600000)
 ParOldGen       total 44032K, used 23567K [0x00000000c0000000, 0x00000000c2b00000, 0x00000000eab00000)
  object space 44032K, 53% used [0x00000000c0000000,0x00000000c1703f98,0x00000000c2b00000)
 Metaspace       used 6439K, capacity 7192K, committed 7424K, reserved 1056768K
  class space    used 626K, capacity 656K, committed 768K, reserved 1048576K
Event: 17.803 GC heap after
Heap after GC invocations=6 (full 0):
 PSYoungGen      total 142848K, used 12655K [0x00000000eab00000, 0x00000000f4a00000, 0x0000000100000000)
  eden space 129024K, 0% used [0x00000000eab00000,0x00000000eab00000,0x00000000f2900000)
  from space 13824K, 91% used [0x00000000f3880000,0x00000000f44dbe30,0x00000000f4600000)
  to   space 15872K, 0% used [0x00000000f2900000,0x00000000f2900000,0x00000000f3880000)
 ParOldGen       total 44032K, used 23567K [0x00000000c0000000, 0x00000000c2b00000, 0x00000000eab00000)
  object space 44032K, 53% used [0x00000000c0000000,0x00000000c1703f98,0x00000000c2b00000)
 Metaspace       used 6439K, capacity 7192K, committed 7424K, reserved 1056768K
  class space    used 626K, capacity 656K, committed 768K, reserved 1048576K
}

Deoptimization events (10 events):
Event: 20.570 Thread 0x00000000574aa800 Uncommon trap: reason=unstable_if action=reinterpret pc=0x0000000002e7ab34 method=com.android.dx.ssa.SCCP.simulateBranch(Lcom/android/dx/ssa/SsaInsn;)V @ 548
Event: 20.570 Thread 0x00000000574aa800 Uncommon trap: reason=unstable_if action=reinterpret pc=0x000000000300dc80 method=com.android.dx.ssa.SCCP.replaceBranches()V @ 14
Event: 20.575 Thread 0x00000000574aa800 Uncommon trap: reason=unstable_if action=reinterpret pc=0x0000000002f9aca4 method=com.android.dx.cf.code.ByteCatchList.listFor(I)Lcom/android/dx/cf/code/ByteCatchList; @ 47
Event: 20.644 Thread 0x00000000574aa800 Uncommon trap: reason=class_check action=maybe_recompile pc=0x000000000325dedc method=com.android.dx.ssa.back.FirstFitLocalCombiningAllocator.findNextUnreservedRopReg(IILcom/android/dx/ssa/back/FirstFitLocalCombiningAllocator$Alignment;)I @ 60
Event: 20.644 Thread 0x00000000574aa800 Uncommon trap: reason=class_check action=maybe_recompile pc=0x00000000031f402c method=com.android.dx.ssa.back.FirstFitLocalCombiningAllocator.findNextUnreservedRopReg(IILcom/android/dx/ssa/back/FirstFitLocalCombiningAllocator$Alignment;)I @ 60
Event: 22.826 Thread 0x00000000574dc800 Uncommon trap: reason=class_check action=maybe_recompile pc=0x0000000002c69f38 method=java.util.Arrays.hashCode([Ljava/lang/Object;)I @ 43
Event: 22.826 Thread 0x00000000574dc800 Uncommon trap: reason=class_check action=maybe_recompile pc=0x0000000002c69f38 method=java.util.Arrays.hashCode([Ljava/lang/Object;)I @ 43
Event: 22.827 Thread 0x00000000574dc800 Uncommon trap: reason=class_check action=maybe_recompile pc=0x0000000002c69f38 method=java.util.Arrays.hashCode([Ljava/lang/Object;)I @ 43
Event: 22.827 Thread 0x00000000574dc800 Uncommon trap: reason=class_check action=maybe_recompile pc=0x0000000002c69f38 method=java.util.Arrays.hashCode([Ljava/lang/Object;)I @ 43
Event: 22.827 Thread 0x00000000574dc800 Uncommon trap: reason=class_check action=maybe_recompile pc=0x0000000002c65d28 method=java.util.Arrays.hashCode([Ljava/lang/Object;)I @ 43

Internal exceptions (7 events):
Event: 0.092 Thread 0x000000000242d800 Exception <a 'java/lang/NoSuchMethodError': Method sun.misc.Unsafe.defineClass(Ljava/lang/String;[BII)Ljava/lang/Class; name or signature does not match> (0x00000000eab07cc0) thrown at [D:\re\workspace\8-2-build-windows-amd64-cygwin\jdk8u92\6642\hotspot\sróýeÆ„·?
Event: 0.092 Thread 0x000000000242d800 Exception <a 'java/lang/NoSuchMethodError': Method sun.misc.Unsafe.prefetchRead(Ljava/lang/Object;J)V name or signature does not match> (0x00000000eab07fa8) thrown at [D:\re\workspace\8-2-build-windows-amd64-cygwin\jdk8u92\6642\hotspot\src\share\vm\prims\j¼,©=T
Event: 2.041 Thread 0x000000005748e800 Implicit null exception at 0x0000000002ab0ab3 to 0x0000000002ab2af1
Event: 2.118 Thread 0x000000005748e800 Implicit null exception at 0x0000000002a9a6d7 to 0x0000000002a9c161
Event: 13.014 Thread 0x00000000569b5000 Exception <a 'java/lang/ArrayIndexOutOfBoundsException': 18> (0x00000000eab57100) thrown at [D:\re\workspace\8-2-build-windows-amd64-cygwin\jdk8u92\6642\hotspot\src\share\vm\interpreter\interpreterRuntime.cpp, line 366]
Event: 13.015 Thread 0x00000000569b5000 Exception <a 'java/lang/ArrayIndexOutOfBoundsException': 145> (0x00000000eab58c80) thrown at [D:\re\workspace\8-2-build-windows-amd64-cygwin\jdk8u92\6642\hotspot\src\share\vm\interpreter\interpreterRuntime.cpp, line 366]
Event: 13.043 Thread 0x00000000569b5000 Exception <a 'java/lang/ArrayIndexOutOfBoundsException': 40> (0x00000000eab59f68) thrown at [D:\re\workspace\8-2-build-windows-amd64-cygwin\jdk8u92\6642\hotspot\src\share\vm\interpreter\interpreterRuntime.cpp, line 366]

Events (10 events):
Event: 22.827 Thread 0x00000000574dc800 Uncommon trap: trap_request=0xffffffde fr.pc=0x0000000002c69f38
Event: 22.827 Thread 0x00000000574dc800 DEOPT PACKING pc=0x0000000002c69f38 sp=0x0000000057d7ec50
Event: 22.827 Thread 0x00000000574dc800 DEOPT UNPACKING pc=0x000000000283582a sp=0x0000000057d7eb80 mode 2
Event: 22.827 Thread 0x00000000574dc800 Uncommon trap: trap_request=0xffffffde fr.pc=0x0000000002c65d28
Event: 22.827 Thread 0x00000000574dc800 DEOPT PACKING pc=0x0000000002c65d28 sp=0x0000000057d7ec40
Event: 22.827 Thread 0x00000000574dc800 DEOPT UNPACKING pc=0x000000000283582a sp=0x0000000057d7ebc8 mode 2
Event: 22.832 loading class com/android/dx/rop/cst/Zeroes
Event: 22.832 loading class com/android/dx/rop/cst/Zeroes done
Event: 22.867 loading class com/android/dx/dex/file/CatchStructs
Event: 22.867 loading class com/android/dx/dex/file/CatchStructs done


Dynamic libraries:
0x000000013fde0000 - 0x000000013fe17000 	C:\Program Files\Java\jdk1.8.0_92\bin\java.exe
0x0000000077680000 - 0x000000007782a000 	C:\windows\SYSTEM32\ntdll.dll
0x0000000077460000 - 0x000000007757f000 	C:\windows\system32\kernel32.dll
0x000007fefd750000 - 0x000007fefd7bb000 	C:\windows\system32\KERNELBASE.dll
0x000007fefd800000 - 0x000007fefd8db000 	C:\windows\system32\ADVAPI32.dll
0x000007fefd960000 - 0x000007fefd9ff000 	C:\windows\system32\msvcrt.dll
0x000007feff970000 - 0x000007feff98f000 	C:\windows\SYSTEM32\sechost.dll
0x000007feff6f0000 - 0x000007feff81d000 	C:\windows\system32\RPCRT4.dll
0x0000000077580000 - 0x000000007767a000 	C:\windows\system32\USER32.dll
0x000007fefe2e0000 - 0x000007fefe347000 	C:\windows\system32\GDI32.dll
0x000007feff820000 - 0x000007feff82e000 	C:\windows\system32\LPK.dll
0x000007fefe120000 - 0x000007fefe1ea000 	C:\windows\system32\USP10.dll
0x000007fefbcf0000 - 0x000007fefbee4000 	C:\windows\WinSxS\amd64_microsoft.windows.common-controls_6595b64144ccf1df_6.0.7601.18837_none_fa3b1e3d17594757\COMCTL32.dll
0x000007fefe870000 - 0x000007fefe8e1000 	C:\windows\system32\SHLWAPI.dll
0x000007feff830000 - 0x000007feff85e000 	C:\windows\system32\IMM32.DLL
0x000007feff860000 - 0x000007feff969000 	C:\windows\system32\MSCTF.dll
0x0000000073a90000 - 0x0000000073b62000 	C:\Program Files\Java\jdk1.8.0_92\jre\bin\msvcr100.dll
0x0000000074300000 - 0x0000000074b96000 	C:\Program Files\Java\jdk1.8.0_92\jre\bin\server\jvm.dll
0x000007fef4070000 - 0x000007fef4079000 	C:\windows\system32\WSOCK32.dll
0x000007fefe290000 - 0x000007fefe2dd000 	C:\windows\system32\WS2_32.dll
0x000007fefe8f0000 - 0x000007fefe8f8000 	C:\windows\system32\NSI.dll
0x000007fefd400000 - 0x000007fefd43b000 	C:\windows\system32\WINMM.dll
0x000007fefc4b0000 - 0x000007fefc4bc000 	C:\windows\system32\VERSION.dll
0x0000000077850000 - 0x0000000077857000 	C:\windows\system32\PSAPI.DLL
0x0000000074210000 - 0x000000007421f000 	C:\Program Files\Java\jdk1.8.0_92\jre\bin\verify.dll
0x00000000741e0000 - 0x0000000074209000 	C:\Program Files\Java\jdk1.8.0_92\jre\bin\java.dll
0x00000000741c0000 - 0x00000000741d6000 	C:\Program Files\Java\jdk1.8.0_92\jre\bin\zip.dll
0x000007fefe960000 - 0x000007feff6e9000 	C:\windows\system32\SHELL32.dll
0x000007fefda00000 - 0x000007fefdc03000 	C:\windows\system32\ole32.dll
0x000007fefd350000 - 0x000007fefd35f000 	C:\windows\system32\profapi.dll

VM Arguments:
jvm_args: -Djava.awt.headless=true -Xmx1024M -Dfile.encoding=GBK -Duser.country=CN -Duser.language=zh -Duser.variant 
java_command: com.android.dx.command.Main --dex --force-jumbo --num-threads=4 --multi-dex --output D:\HouseKeeperApplication\broadcast_receiver\build\intermediates\transforms\dex\debug\folders\1000\10\com.android.support-appcompat-v7-23.4.0_b56edce4e778031c87a1718ce905aaaa9bd593c6 D:\HouseKeeperApplication\broadcast_receiver\build\intermediates\exploded-aar\com.android.support\appcompat-v7\23.4.0\jars\classes.jar
java_class_path (initial): D:\sdk\build-tools\24.0.1\lib\dx.jar
Launcher Type: SUN_STANDARD

Environment Variables:
PATH=C:\Program Files\Java\jdk1.8.0_92\bin;
USERNAME=Administrator
OS=Windows_NT
PROCESSOR_IDENTIFIER=Intel64 Family 6 Model 42 Stepping 7, GenuineIntel



---------------  S Y S T E M  ---------------

OS: Windows 7 , 64 bit Build 7601 (6.1.7601.19135)

CPU:total 4 (2 cores per cpu, 2 threads per core) family 6 model 42 stepping 7, cmov, cx8, fxsr, mmx, sse, sse2, sse3, ssse3, sse4.1, sse4.2, popcnt, avx, clmul, ht, tsc, tscinvbit

Memory: 4k page, physical 4133888k(144792k free), swap 5180628k(4264k free)

vm_info: Java HotSpot(TM) 64-Bit Server VM (25.92-b14) for windows-amd64 JRE (1.8.0_92-b14), built on Mar 31 2016 21:03:04 by "java_re" with MS VC++ 10.0 (VS2010)

time: Wed Aug 24 09:01:06 2016
elapsed time: 22 seconds (0d 0h 0m 22s)

