#
# There is insufficient memory for the Java Runtime Environment to continue.
# Native memory allocation (malloc) failed to allocate 311376 bytes for Chunk::new
# Possible reasons:
#   The system is out of physical RAM or swap space
#   In 32 bit mode, the process size limit was hit
# Possible solutions:
#   Reduce memory load on the system
#   Increase physical memory or swap space
#   Check if swap backing store is full
#   Use 64 bit Java on a 64 bit OS
#   Decrease Java heap size (-Xmx/-Xms)
#   Decrease number of Java threads
#   Decrease Java thread stack sizes (-Xss)
#   Set larger code cache with -XX:ReservedCodeCacheSize=
# This output file may be truncated or incomplete.
#
#  Out of Memory Error (allocation.cpp:390), pid=1000, tid=0x00000000000005cc
#
# JRE version: Java(TM) SE Runtime Environment (8.0_92-b14) (build 1.8.0_92-b14)
# Java VM: Java HotSpot(TM) 64-Bit Server VM (25.92-b14 mixed mode windows-amd64 compressed oops)
# Failed to write core dump. Minidumps are not enabled by default on client versions of Windows
#

---------------  T H R E A D  ---------------

Current thread (0x000000005675b000):  JavaThread "C2 CompilerThread0" daemon [_thread_in_native, id=1484, stack(0x0000000012420000,0x0000000012520000)]

Stack: [0x0000000012420000,0x0000000012520000]
[error occurred during error reporting (printing stack bounds), id 0xc0000005]

Native frames: (J=compiled Java code, j=interpreted, Vv=VM code, C=native code)


Current CompileTask:
C2:   9156 1883       4       com.android.dx.ssa.SCCP::simulatePhi (169 bytes)


---------------  P R O C E S S  ---------------

Java Threads: ( => current thread )
  0x0000000056a8b000 JavaThread "pool-2-thread-4" [_thread_blocked, id=2676, stack(0x0000000058180000,0x0000000058280000)]
  0x0000000056a8a800 JavaThread "pool-2-thread-3" [_thread_blocked, id=5008, stack(0x0000000058030000,0x0000000058130000)]
  0x0000000056a89800 JavaThread "pool-2-thread-2" [_thread_blocked, id=4904, stack(0x0000000057a80000,0x0000000057b80000)]
  0x0000000056a02000 JavaThread "pool-3-thread-1" [_thread_blocked, id=4748, stack(0x0000000057de0000,0x0000000057ee0000)]
  0x0000000056a09000 JavaThread "pool-2-thread-1" [_thread_blocked, id=4656, stack(0x0000000057bd0000,0x0000000057cd0000)]
  0x000000005676f000 JavaThread "Service Thread" daemon [_thread_blocked, id=2196, stack(0x0000000056db0000,0x0000000056eb0000)]
  0x000000005540e800 JavaThread "C1 CompilerThread2" daemon [_thread_blocked, id=2748, stack(0x0000000057110000,0x0000000057210000)]
  0x000000005540d800 JavaThread "C2 CompilerThread1" daemon [_thread_in_native, id=3596, stack(0x0000000056b50000,0x0000000056c50000)]
=>0x000000005675b000 JavaThread "C2 CompilerThread0" daemon [_thread_in_native, id=1484, stack(0x0000000012420000,0x0000000012520000)]
  0x0000000056759800 JavaThread "Attach Listener" daemon [_thread_blocked, id=4344, stack(0x0000000056eb0000,0x0000000056fb0000)]
  0x0000000055407800 JavaThread "Signal Dispatcher" daemon [_thread_blocked, id=4252, stack(0x0000000056c50000,0x0000000056d50000)]
  0x00000000553e9000 JavaThread "Finalizer" daemon [_thread_blocked, id=3268, stack(0x00000000564c0000,0x00000000565c0000)]
  0x00000000553a2000 JavaThread "Reference Handler" daemon [_thread_blocked, id=4024, stack(0x0000000056650000,0x0000000056750000)]
  0x00000000026fd800 JavaThread "main" [_thread_blocked, id=1204, stack(0x0000000002960000,0x0000000002a60000)]

Other Threads:
  0x000000005539a000 VMThread [stack: 0x00000000563b0000,0x00000000564b0000] [id=3016]
  0x00000000567dc000 WatcherThread [stack: 0x0000000056fc0000,0x00000000570c0000] [id=4124]

VM state:not at safepoint (normal execution)

VM Mutex/Monitor currently owned by a thread: None

Heap:
 PSYoungGen      total 35328K, used 23791K [0x00000000eab00000, 0x00000000ef000000, 0x0000000100000000)
  eden space 32768K, 64% used [0x00000000eab00000,0x00000000ebfbdf88,0x00000000ecb00000)
  from space 2560K, 99% used [0x00000000ecb00000,0x00000000ecd7e038,0x00000000ecd80000)
  to   space 2560K, 0% used [0x00000000eed80000,0x00000000eed80000,0x00000000ef000000)
 ParOldGen       total 44032K, used 7805K [0x00000000c0000000, 0x00000000c2b00000, 0x00000000eab00000)
  object space 44032K, 17% used [0x00000000c0000000,0x00000000c079f7e0,0x00000000c2b00000)
 Metaspace       used 6312K, capacity 7092K, committed 7296K, reserved 1056768K
  class space    used 605K, capacity 620K, committed 640K, reserved 1048576K

Card table byte_map: [0x0000000011e20000,0x0000000012030000] byte_map_base: 0x0000000011820000

Marking Bits: (ParMarkBitMap*) 0x0000000074b164f0
 Begin Bits: [0x0000000012810000, 0x0000000013810000)
 End Bits:   [0x0000000013810000, 0x0000000014810000)

Polling page: 0x0000000000260000

CodeCache: size=245760Kb used=7862Kb max_used=7862Kb free=237897Kb
 bounds [0x0000000002a60000, 0x0000000003220000, 0x0000000011a60000]
 total_blobs=2145 nmethods=1875 adapters=182
 compilation: enabled

Compilation events (10 events):
Event: 8.967 Thread 0x000000005540e800 1900       3       com.android.dx.ssa.PhiTypeResolver::resolveResultType (308 bytes)
Event: 8.970 Thread 0x000000005540e800 nmethod 1900 0x00000000031f1c50 code [0x00000000031f20e0, 0x00000000031f56f8]
Event: 8.977 Thread 0x000000005540e800 1901       3       com.android.dx.dex.file.AnnotationSetItem::<init> (83 bytes)
Event: 8.978 Thread 0x000000005540e800 nmethod 1901 0x00000000031f7190 code [0x00000000031f7440, 0x00000000031f8848]
Event: 8.978 Thread 0x000000005540e800 1902   !   3       com.android.dx.dex.file.AnnotationSetItem::writeSize (20 bytes)
Event: 8.978 Thread 0x000000005540e800 nmethod 1902 0x00000000031f9450 code [0x00000000031f95c0, 0x00000000031f98e8]
Event: 9.012 Thread 0x000000005540e800 1903       3       com.android.dx.dex.code.RopTranslator::access$600 (6 bytes)
Event: 9.012 Thread 0x000000005540e800 nmethod 1903 0x00000000031f9a90 code [0x00000000031f9c00, 0x00000000031f9d68]
Event: 9.022 Thread 0x000000005540e800 1904       3       com.android.dx.ssa.SsaMethod::updateOneDefinition (70 bytes)
Event: 9.023 Thread 0x000000005540e800 nmethod 1904 0x00000000031f9e10 code [0x00000000031f9fc0, 0x00000000031fa7c8]

GC Heap History (6 events):
Event: 0.898 GC heap before
{Heap before GC invocations=1 (full 0):
 PSYoungGen      total 18944K, used 16384K [0x00000000eab00000, 0x00000000ec000000, 0x0000000100000000)
  eden space 16384K, 100% used [0x00000000eab00000,0x00000000ebb00000,0x00000000ebb00000)
  from space 2560K, 0% used [0x00000000ebd80000,0x00000000ebd80000,0x00000000ec000000)
  to   space 2560K, 0% used [0x00000000ebb00000,0x00000000ebb00000,0x00000000ebd80000)
 ParOldGen       total 44032K, used 0K [0x00000000c0000000, 0x00000000c2b00000, 0x00000000eab00000)
  object space 44032K, 0% used [0x00000000c0000000,0x00000000c0000000,0x00000000c2b00000)
 Metaspace       used 5550K, capacity 6512K, committed 6784K, reserved 1056768K
  class space    used 593K, capacity 616K, committed 640K, reserved 1048576K
Event: 1.160 GC heap after
Heap after GC invocations=1 (full 0):
 PSYoungGen      total 18944K, used 2528K [0x00000000eab00000, 0x00000000ed000000, 0x0000000100000000)
  eden space 16384K, 0% used [0x00000000eab00000,0x00000000eab00000,0x00000000ebb00000)
  from space 2560K, 98% used [0x00000000ebb00000,0x00000000ebd78088,0x00000000ebd80000)
  to   space 2560K, 0% used [0x00000000ecd80000,0x00000000ecd80000,0x00000000ed000000)
 ParOldGen       total 44032K, used 1011K [0x00000000c0000000, 0x00000000c2b00000, 0x00000000eab00000)
  object space 44032K, 2% used [0x00000000c0000000,0x00000000c00fceb8,0x00000000c2b00000)
 Metaspace       used 5550K, capacity 6512K, committed 6784K, reserved 1056768K
  class space    used 593K, capacity 616K, committed 640K, reserved 1048576K
}
Event: 1.602 GC heap before
{Heap before GC invocations=2 (full 0):
 PSYoungGen      total 18944K, used 18912K [0x00000000eab00000, 0x00000000ed000000, 0x0000000100000000)
  eden space 16384K, 100% used [0x00000000eab00000,0x00000000ebb00000,0x00000000ebb00000)
  from space 2560K, 98% used [0x00000000ebb00000,0x00000000ebd78088,0x00000000ebd80000)
  to   space 2560K, 0% used [0x00000000ecd80000,0x00000000ecd80000,0x00000000ed000000)
 ParOldGen       total 44032K, used 1011K [0x00000000c0000000, 0x00000000c2b00000, 0x00000000eab00000)
  object space 44032K, 2% used [0x00000000c0000000,0x00000000c00fceb8,0x00000000c2b00000)
 Metaspace       used 5815K, capacity 6708K, committed 6784K, reserved 1056768K
  class space    used 598K, capacity 620K, committed 640K, reserved 1048576K
Event: 1.762 GC heap after
Heap after GC invocations=2 (full 0):
 PSYoungGen      total 35328K, used 2530K [0x00000000eab00000, 0x00000000ed000000, 0x0000000100000000)
  eden space 32768K, 0% used [0x00000000eab00000,0x00000000eab00000,0x00000000ecb00000)
  from space 2560K, 98% used [0x00000000ecd80000,0x00000000ecff8ac8,0x00000000ed000000)
  to   space 2560K, 0% used [0x00000000ecb00000,0x00000000ecb00000,0x00000000ecd80000)
 ParOldGen       total 44032K, used 3068K [0x00000000c0000000, 0x00000000c2b00000, 0x00000000eab00000)
  object space 44032K, 6% used [0x00000000c0000000,0x00000000c02ff380,0x00000000c2b00000)
 Metaspace       used 5815K, capacity 6708K, committed 6784K, reserved 1056768K
  class space    used 598K, capacity 620K, committed 640K, reserved 1048576K
}
Event: 6.630 GC heap before
{Heap before GC invocations=3 (full 0):
 PSYoungGen      total 35328K, used 35298K [0x00000000eab00000, 0x00000000ed000000, 0x0000000100000000)
  eden space 32768K, 100% used [0x00000000eab00000,0x00000000ecb00000,0x00000000ecb00000)
  from space 2560K, 98% used [0x00000000ecd80000,0x00000000ecff8ac8,0x00000000ed000000)
  to   space 2560K, 0% used [0x00000000ecb00000,0x00000000ecb00000,0x00000000ecd80000)
 ParOldGen       total 44032K, used 3068K [0x00000000c0000000, 0x00000000c2b00000, 0x00000000eab00000)
  object space 44032K, 6% used [0x00000000c0000000,0x00000000c02ff380,0x00000000c2b00000)
 Metaspace       used 6248K, capacity 7092K, committed 7296K, reserved 1056768K
  class space    used 604K, capacity 620K, committed 640K, reserved 1048576K
Event: 6.790 GC heap after
Heap after GC invocations=3 (full 0):
 PSYoungGen      total 35328K, used 2552K [0x00000000eab00000, 0x00000000ef000000, 0x0000000100000000)
  eden space 32768K, 0% used [0x00000000eab00000,0x00000000eab00000,0x00000000ecb00000)
  from space 2560K, 99% used [0x00000000ecb00000,0x00000000ecd7e038,0x00000000ecd80000)
  to   space 2560K, 0% used [0x00000000eed80000,0x00000000eed80000,0x00000000ef000000)
 ParOldGen       total 44032K, used 7805K [0x00000000c0000000, 0x00000000c2b00000, 0x00000000eab00000)
  object space 44032K, 17% used [0x00000000c0000000,0x00000000c079f7e0,0x00000000c2b00000)
 Metaspace       used 6248K, capacity 7092K, committed 7296K, reserved 1056768K
  class space    used 604K, capacity 620K, committed 640K, reserved 1048576K
}

Deoptimization events (10 events):
Event: 8.812 Thread 0x0000000056a8b000 Uncommon trap: reason=unstable_if action=reinterpret pc=0x00000000030d55c4 method=com.android.dx.rop.code.RegisterSpecSet.<init>(I)V @ 2
Event: 8.812 Thread 0x0000000056a8b000 Uncommon trap: reason=unstable_if action=reinterpret pc=0x0000000002c987d0 method=com.android.dx.rop.code.RegisterSpecSet.<init>(I)V @ 2
Event: 8.875 Thread 0x0000000056a8b000 Uncommon trap: reason=bimorphic action=maybe_recompile pc=0x00000000031268bc method=com.android.dx.cf.code.RopperMachine.run(Lcom/android/dx/cf/code/Frame;II)V @ 988
Event: 8.876 Thread 0x0000000056a8b000 Uncommon trap: reason=unstable_if action=reinterpret pc=0x0000000002e1a470 method=com.android.dx.ssa.SCCP.simulateBranch(Lcom/android/dx/ssa/SsaInsn;)V @ 64
Event: 8.877 Thread 0x0000000056a8b000 Uncommon trap: reason=unstable_if action=reinterpret pc=0x000000000303afbc method=com.android.dx.ssa.LiteralOpUpgrader$1.visitNonMoveInsn(Lcom/android/dx/ssa/NormalSsaInsn;)V @ 55
Event: 8.878 Thread 0x0000000056a8b000 Uncommon trap: reason=unstable_if action=reinterpret pc=0x0000000002cb508c method=com.android.dx.ssa.SsaMethod.updateOneDefinition(Lcom/android/dx/ssa/SsaInsn;Lcom/android/dx/rop/code/RegisterSpec;)V @ 4
Event: 8.881 Thread 0x0000000056a8b000 Uncommon trap: reason=bimorphic action=maybe_recompile pc=0x0000000002efa278 method=com.android.dx.ssa.SCCP.setLatticeValueTo(IILcom/android/dx/rop/cst/Constant;)Z @ 43
Event: 8.881 Thread 0x0000000056a8b000 Uncommon trap: reason=bimorphic action=maybe_recompile pc=0x0000000002efa278 method=com.android.dx.ssa.SCCP.setLatticeValueTo(IILcom/android/dx/rop/cst/Constant;)Z @ 43
Event: 8.881 Thread 0x0000000056a8b000 Uncommon trap: reason=bimorphic action=maybe_recompile pc=0x0000000002efa278 method=com.android.dx.ssa.SCCP.setLatticeValueTo(IILcom/android/dx/rop/cst/Constant;)Z @ 43
Event: 8.881 Thread 0x0000000056a8b000 Uncommon trap: reason=bimorphic action=maybe_recompile pc=0x0000000002efa278 method=com.android.dx.ssa.SCCP.setLatticeValueTo(IILcom/android/dx/rop/cst/Constant;)Z @ 43

Internal exceptions (3 events):
Event: 0.045 Thread 0x00000000026fd800 Exception <a 'java/lang/NoSuchMethodError': Method sun.misc.Unsafe.defineClass(Ljava/lang/String;[BII)Ljava/lang/Class; name or signature does not match> (0x00000000eab07cc0) thrown at [D:\re\workspace\8-2-build-windows-amd64-cygwin\jdk8u92\6642\hotspot\srgž‘;R§?
Event: 0.046 Thread 0x00000000026fd800 Exception <a 'java/lang/NoSuchMethodError': Method sun.misc.Unsafe.prefetchRead(Ljava/lang/Object;J)V name or signature does not match> (0x00000000eab07fa8) thrown at [D:\re\workspace\8-2-build-windows-amd64-cygwin\jdk8u92\6642\hotspot\src\share\vm\prims\jÏÂV£¢@
Event: 2.829 Thread 0x0000000056a8b000 Implicit null exception at 0x0000000002eed1ae to 0x0000000002eef679

Events (10 events):
Event: 8.881 Thread 0x0000000056a8b000 DEOPT UNPACKING pc=0x0000000002aa582a sp=0x000000005827eaf8 mode 2
Event: 8.881 Thread 0x0000000056a8b000 Uncommon trap: trap_request=0xffffffc6 fr.pc=0x0000000002efa278
Event: 8.881 Thread 0x0000000056a8b000 DEOPT PACKING pc=0x0000000002efa278 sp=0x000000005827ebb0
Event: 8.881 Thread 0x0000000056a8b000 DEOPT UNPACKING pc=0x0000000002aa582a sp=0x000000005827eaf8 mode 2
Event: 8.881 Thread 0x0000000056a8b000 Uncommon trap: trap_request=0xffffffc6 fr.pc=0x0000000002efa278
Event: 8.881 Thread 0x0000000056a8b000 DEOPT PACKING pc=0x0000000002efa278 sp=0x000000005827ec00
Event: 8.881 Thread 0x0000000056a8b000 DEOPT UNPACKING pc=0x0000000002aa582a sp=0x000000005827eb48 mode 2
Event: 8.881 Thread 0x0000000056a8b000 Uncommon trap: trap_request=0xffffffc6 fr.pc=0x0000000002efa278
Event: 8.881 Thread 0x0000000056a8b000 DEOPT PACKING pc=0x0000000002efa278 sp=0x000000005827ec00
Event: 8.881 Thread 0x0000000056a8b000 DEOPT UNPACKING pc=0x0000000002aa582a sp=0x000000005827eb48 mode 2


Dynamic libraries:
0x000000013fde0000 - 0x000000013fe17000 	C:\Program Files\Java\jdk1.8.0_92\bin\java.exe
0x0000000077680000 - 0x000000007782a000 	C:\windows\SYSTEM32\ntdll.dll
0x0000000077460000 - 0x000000007757f000 	C:\windows\system32\kernel32.dll
0x000007fefd750000 - 0x000007fefd7bb000 	C:\windows\system32\KERNELBASE.dll
0x000007fefd800000 - 0x000007fefd8db000 	C:\windows\system32\ADVAPI32.dll
0x000007fefd960000 - 0x000007fefd9ff000 	C:\windows\system32\msvcrt.dll
0x000007feff970000 - 0x000007feff98f000 	C:\windows\SYSTEM32\sechost.dll
0x000007feff6f0000 - 0x000007feff81d000 	C:\windows\system32\RPCRT4.dll
0x0000000077580000 - 0x000000007767a000 	C:\windows\system32\USER32.dll
0x000007fefe2e0000 - 0x000007fefe347000 	C:\windows\system32\GDI32.dll
0x000007feff820000 - 0x000007feff82e000 	C:\windows\system32\LPK.dll
0x000007fefe120000 - 0x000007fefe1ea000 	C:\windows\system32\USP10.dll
0x000007fefbcf0000 - 0x000007fefbee4000 	C:\windows\WinSxS\amd64_microsoft.windows.common-controls_6595b64144ccf1df_6.0.7601.18837_none_fa3b1e3d17594757\COMCTL32.dll
0x000007fefe870000 - 0x000007fefe8e1000 	C:\windows\system32\SHLWAPI.dll
0x000007feff830000 - 0x000007feff85e000 	C:\windows\system32\IMM32.DLL
0x000007feff860000 - 0x000007feff969000 	C:\windows\system32\MSCTF.dll
0x0000000073a90000 - 0x0000000073b62000 	C:\Program Files\Java\jdk1.8.0_92\jre\bin\msvcr100.dll
0x0000000074300000 - 0x0000000074b96000 	C:\Program Files\Java\jdk1.8.0_92\jre\bin\server\jvm.dll
0x000007fef4070000 - 0x000007fef4079000 	C:\windows\system32\WSOCK32.dll
0x000007fefe290000 - 0x000007fefe2dd000 	C:\windows\system32\WS2_32.dll
0x000007fefe8f0000 - 0x000007fefe8f8000 	C:\windows\system32\NSI.dll
0x000007fefd400000 - 0x000007fefd43b000 	C:\windows\system32\WINMM.dll
0x000007fefc4b0000 - 0x000007fefc4bc000 	C:\windows\system32\VERSION.dll
0x0000000077850000 - 0x0000000077857000 	C:\windows\system32\PSAPI.DLL
0x0000000074210000 - 0x000000007421f000 	C:\Program Files\Java\jdk1.8.0_92\jre\bin\verify.dll
0x00000000741e0000 - 0x0000000074209000 	C:\Program Files\Java\jdk1.8.0_92\jre\bin\java.dll
0x00000000741c0000 - 0x00000000741d6000 	C:\Program Files\Java\jdk1.8.0_92\jre\bin\zip.dll
0x000007fefe960000 - 0x000007feff6e9000 	C:\windows\system32\SHELL32.dll
0x000007fefda00000 - 0x000007fefdc03000 	C:\windows\system32\ole32.dll
0x000007fefd350000 - 0x000007fefd35f000 	C:\windows\system32\profapi.dll

VM Arguments:
jvm_args: -Djava.awt.headless=true -Xmx1024M -Dfile.encoding=GBK -Duser.country=CN -Duser.language=zh -Duser.variant 
java_command: com.android.dx.command.Main --dex --force-jumbo --num-threads=4 --multi-dex --output D:\HouseKeeperApplication\broadcast_receiver\build\intermediates\transforms\dex\debug\folders\1000\10\internal_impl-23.4.0_789f47ccf46cf3c2b76425248fa4b28cf045d6b7 D:\HouseKeeperApplication\broadcast_receiver\build\intermediates\exploded-aar\com.android.support\support-v4\23.4.0\jars\libs\internal_impl-23.4.0.jar
java_class_path (initial): D:\sdk\build-tools\24.0.1\lib\dx.jar
Launcher Type: SUN_STANDARD

Environment Variables:
PATH=C:\Program Files\Java\jdk1.8.0_92\bin;
USERNAME=Administrator
OS=Windows_NT
PROCESSOR_IDENTIFIER=Intel64 Family 6 Model 42 Stepping 7, GenuineIntel



---------------  S Y S T E M  ---------------

OS: Windows 7 , 64 bit Build 7601 (6.1.7601.19135)

CPU:total 4 (2 cores per cpu, 2 threads per core) family 6 model 42 stepping 7, cmov, cx8, fxsr, mmx, sse, sse2, sse3, ssse3, sse4.1, sse4.2, popcnt, avx, clmul, ht, tsc, tscinvbit

Memory: 4k page, physical 4133888k(145672k free), swap 5180628k(4308k free)

vm_info: Java HotSpot(TM) 64-Bit Server VM (25.92-b14) for windows-amd64 JRE (1.8.0_92-b14), built on Mar 31 2016 21:03:04 by "java_re" with MS VC++ 10.0 (VS2010)

time: Wed Aug 24 09:01:06 2016
elapsed time: 9 seconds (0d 0h 0m 9s)

